{"C:\\Users\\USER\\workspace\\isdi-parttime-202303\\staff\\ivan-canuto\\fullstack\\project\\api\\logic\\logic-specs\\askForResponse.spec.js":{"path":"C:\\Users\\USER\\workspace\\isdi-parttime-202303\\staff\\ivan-canuto\\fullstack\\project\\api\\logic\\logic-specs\\askForResponse.spec.js","statementMap":{"0":{"start":{"line":1,"column":0},"end":{"line":1,"column":26}},"1":{"start":{"line":3,"column":19},"end":{"line":3,"column":34}},"2":{"start":{"line":4,"column":23},"end":{"line":4,"column":51}},"3":{"start":{"line":5,"column":40},"end":{"line":5,"column":66}},"4":{"start":{"line":6,"column":17},"end":{"line":6,"column":36}},"5":{"start":{"line":7,"column":53},"end":{"line":7,"column":67}},"6":{"start":{"line":8,"column":31},"end":{"line":8,"column":59}},"7":{"start":{"line":9,"column":46},"end":{"line":9,"column":65}},"8":{"start":{"line":11,"column":0},"end":{"line":134,"column":2}},"9":{"start":{"line":14,"column":4},"end":{"line":14,"column":71}},"10":{"start":{"line":14,"column":23},"end":{"line":14,"column":70}},"11":{"start":{"line":16,"column":4},"end":{"line":27,"column":6}},"12":{"start":{"line":17,"column":8},"end":{"line":26,"column":9}},"13":{"start":{"line":18,"column":12},"end":{"line":18,"column":27}},"14":{"start":{"line":20,"column":12},"end":{"line":20,"column":34}},"15":{"start":{"line":21,"column":12},"end":{"line":21,"column":30}},"16":{"start":{"line":23,"column":12},"end":{"line":23,"column":36}},"17":{"start":{"line":29,"column":4},"end":{"line":50,"column":6}},"18":{"start":{"line":30,"column":8},"end":{"line":49,"column":9}},"19":{"start":{"line":31,"column":26},"end":{"line":31,"column":67}},"20":{"start":{"line":32,"column":27},"end":{"line":32,"column":47}},"21":{"start":{"line":34,"column":12},"end":{"line":34,"column":113}},"22":{"start":{"line":36,"column":33},"end":{"line":36,"column":79}},"23":{"start":{"line":37,"column":35},"end":{"line":37,"column":62}},"24":{"start":{"line":39,"column":40},"end":{"line":39,"column":74}},"25":{"start":{"line":41,"column":29},"end":{"line":41,"column":94}},"26":{"start":{"line":43,"column":12},"end":{"line":43,"column":47}},"27":{"start":{"line":44,"column":12},"end":{"line":44,"column":55}},"28":{"start":{"line":45,"column":12},"end":{"line":45,"column":54}},"29":{"start":{"line":54,"column":4},"end":{"line":74,"column":6}},"30":{"start":{"line":55,"column":8},"end":{"line":73,"column":9}},"31":{"start":{"line":56,"column":26},"end":{"line":56,"column":67}},"32":{"start":{"line":57,"column":27},"end":{"line":57,"column":47}},"33":{"start":{"line":59,"column":12},"end":{"line":59,"column":113}},"34":{"start":{"line":61,"column":33},"end":{"line":61,"column":79}},"35":{"start":{"line":62,"column":35},"end":{"line":62,"column":62}},"36":{"start":{"line":64,"column":32},"end":{"line":64,"column":58}},"37":{"start":{"line":66,"column":40},"end":{"line":66,"column":88}},"38":{"start":{"line":68,"column":12},"end":{"line":68,"column":82}},"39":{"start":{"line":71,"column":12},"end":{"line":71,"column":58}},"40":{"start":{"line":72,"column":12},"end":{"line":72,"column":61}},"41":{"start":{"line":76,"column":4},"end":{"line":93,"column":6}},"42":{"start":{"line":77,"column":8},"end":{"line":92,"column":9}},"43":{"start":{"line":78,"column":26},"end":{"line":78,"column":67}},"44":{"start":{"line":79,"column":27},"end":{"line":79,"column":47}},"45":{"start":{"line":81,"column":12},"end":{"line":81,"column":113}},"46":{"start":{"line":83,"column":40},"end":{"line":83,"column":66}},"47":{"start":{"line":85,"column":40},"end":{"line":85,"column":88}},"48":{"start":{"line":87,"column":12},"end":{"line":87,"column":82}},"49":{"start":{"line":90,"column":12},"end":{"line":90,"column":58}},"50":{"start":{"line":91,"column":12},"end":{"line":91,"column":69}},"51":{"start":{"line":95,"column":4},"end":{"line":95,"column":217}},"52":{"start":{"line":95,"column":39},"end":{"line":95,"column":216}},"53":{"start":{"line":95,"column":52},"end":{"line":95,"column":148}},"54":{"start":{"line":97,"column":4},"end":{"line":106,"column":6}},"55":{"start":{"line":98,"column":35},"end":{"line":98,"column":61}},"56":{"start":{"line":99,"column":36},"end":{"line":99,"column":84}},"57":{"start":{"line":101,"column":8},"end":{"line":101,"column":135}},"58":{"start":{"line":101,"column":21},"end":{"line":101,"column":82}},"59":{"start":{"line":102,"column":8},"end":{"line":102,"column":133}},"60":{"start":{"line":102,"column":21},"end":{"line":102,"column":80}},"61":{"start":{"line":103,"column":8},"end":{"line":103,"column":133}},"62":{"start":{"line":103,"column":21},"end":{"line":103,"column":80}},"63":{"start":{"line":104,"column":8},"end":{"line":104,"column":140}},"64":{"start":{"line":104,"column":21},"end":{"line":104,"column":87}},"65":{"start":{"line":105,"column":8},"end":{"line":105,"column":132}},"66":{"start":{"line":105,"column":21},"end":{"line":105,"column":79}},"67":{"start":{"line":108,"column":4},"end":{"line":108,"column":242}},"68":{"start":{"line":108,"column":49},"end":{"line":108,"column":241}},"69":{"start":{"line":108,"column":62},"end":{"line":108,"column":182}},"70":{"start":{"line":110,"column":4},"end":{"line":110,"column":233}},"71":{"start":{"line":110,"column":47},"end":{"line":110,"column":232}},"72":{"start":{"line":110,"column":60},"end":{"line":110,"column":156}},"73":{"start":{"line":112,"column":4},"end":{"line":121,"column":6}},"74":{"start":{"line":113,"column":27},"end":{"line":113,"column":53}},"75":{"start":{"line":114,"column":36},"end":{"line":114,"column":84}},"76":{"start":{"line":116,"column":8},"end":{"line":116,"column":135}},"77":{"start":{"line":116,"column":21},"end":{"line":116,"column":74}},"78":{"start":{"line":117,"column":8},"end":{"line":117,"column":133}},"79":{"start":{"line":117,"column":21},"end":{"line":117,"column":72}},"80":{"start":{"line":118,"column":8},"end":{"line":118,"column":133}},"81":{"start":{"line":118,"column":21},"end":{"line":118,"column":72}},"82":{"start":{"line":119,"column":8},"end":{"line":119,"column":140}},"83":{"start":{"line":119,"column":21},"end":{"line":119,"column":79}},"84":{"start":{"line":120,"column":8},"end":{"line":120,"column":132}},"85":{"start":{"line":120,"column":21},"end":{"line":120,"column":71}},"86":{"start":{"line":123,"column":4},"end":{"line":123,"column":258}},"87":{"start":{"line":123,"column":57},"end":{"line":123,"column":257}},"88":{"start":{"line":123,"column":70},"end":{"line":123,"column":190}},"89":{"start":{"line":125,"column":4},"end":{"line":131,"column":6}},"90":{"start":{"line":126,"column":8},"end":{"line":126,"column":180}},"91":{"start":{"line":126,"column":21},"end":{"line":126,"column":114}},"92":{"start":{"line":127,"column":8},"end":{"line":127,"column":163}},"93":{"start":{"line":127,"column":21},"end":{"line":127,"column":97}},"94":{"start":{"line":128,"column":8},"end":{"line":128,"column":161}},"95":{"start":{"line":128,"column":21},"end":{"line":128,"column":95}},"96":{"start":{"line":129,"column":8},"end":{"line":129,"column":168}},"97":{"start":{"line":129,"column":21},"end":{"line":129,"column":102}},"98":{"start":{"line":130,"column":8},"end":{"line":130,"column":160}},"99":{"start":{"line":130,"column":21},"end":{"line":130,"column":94}},"100":{"start":{"line":133,"column":4},"end":{"line":133,"column":50}},"101":{"start":{"line":133,"column":22},"end":{"line":133,"column":49}}},"fnMap":{"0":{"name":"(anonymous_0)","decl":{"start":{"line":11,"column":27},"end":{"line":11,"column":28}},"loc":{"start":{"line":11,"column":33},"end":{"line":134,"column":1}},"line":11},"1":{"name":"(anonymous_1)","decl":{"start":{"line":14,"column":11},"end":{"line":14,"column":12}},"loc":{"start":{"line":14,"column":23},"end":{"line":14,"column":70}},"line":14},"2":{"name":"(anonymous_2)","decl":{"start":{"line":16,"column":15},"end":{"line":16,"column":16}},"loc":{"start":{"line":16,"column":27},"end":{"line":27,"column":5}},"line":16},"3":{"name":"(anonymous_3)","decl":{"start":{"line":29,"column":41},"end":{"line":29,"column":42}},"loc":{"start":{"line":29,"column":53},"end":{"line":50,"column":5}},"line":29},"4":{"name":"(anonymous_4)","decl":{"start":{"line":54,"column":37},"end":{"line":54,"column":38}},"loc":{"start":{"line":54,"column":49},"end":{"line":74,"column":5}},"line":54},"5":{"name":"(anonymous_5)","decl":{"start":{"line":76,"column":45},"end":{"line":76,"column":46}},"loc":{"start":{"line":76,"column":57},"end":{"line":93,"column":5}},"line":76},"6":{"name":"(anonymous_6)","decl":{"start":{"line":95,"column":33},"end":{"line":95,"column":34}},"loc":{"start":{"line":95,"column":39},"end":{"line":95,"column":216}},"line":95},"7":{"name":"(anonymous_7)","decl":{"start":{"line":95,"column":46},"end":{"line":95,"column":47}},"loc":{"start":{"line":95,"column":52},"end":{"line":95,"column":148}},"line":95},"8":{"name":"(anonymous_8)","decl":{"start":{"line":97,"column":40},"end":{"line":97,"column":41}},"loc":{"start":{"line":97,"column":46},"end":{"line":106,"column":5}},"line":97},"9":{"name":"(anonymous_9)","decl":{"start":{"line":101,"column":15},"end":{"line":101,"column":16}},"loc":{"start":{"line":101,"column":21},"end":{"line":101,"column":82}},"line":101},"10":{"name":"(anonymous_10)","decl":{"start":{"line":102,"column":15},"end":{"line":102,"column":16}},"loc":{"start":{"line":102,"column":21},"end":{"line":102,"column":80}},"line":102},"11":{"name":"(anonymous_11)","decl":{"start":{"line":103,"column":15},"end":{"line":103,"column":16}},"loc":{"start":{"line":103,"column":21},"end":{"line":103,"column":80}},"line":103},"12":{"name":"(anonymous_12)","decl":{"start":{"line":104,"column":15},"end":{"line":104,"column":16}},"loc":{"start":{"line":104,"column":21},"end":{"line":104,"column":87}},"line":104},"13":{"name":"(anonymous_13)","decl":{"start":{"line":105,"column":15},"end":{"line":105,"column":16}},"loc":{"start":{"line":105,"column":21},"end":{"line":105,"column":79}},"line":105},"14":{"name":"(anonymous_14)","decl":{"start":{"line":108,"column":43},"end":{"line":108,"column":44}},"loc":{"start":{"line":108,"column":49},"end":{"line":108,"column":241}},"line":108},"15":{"name":"(anonymous_15)","decl":{"start":{"line":108,"column":56},"end":{"line":108,"column":57}},"loc":{"start":{"line":108,"column":62},"end":{"line":108,"column":182}},"line":108},"16":{"name":"(anonymous_16)","decl":{"start":{"line":110,"column":41},"end":{"line":110,"column":42}},"loc":{"start":{"line":110,"column":47},"end":{"line":110,"column":232}},"line":110},"17":{"name":"(anonymous_17)","decl":{"start":{"line":110,"column":54},"end":{"line":110,"column":55}},"loc":{"start":{"line":110,"column":60},"end":{"line":110,"column":156}},"line":110},"18":{"name":"(anonymous_18)","decl":{"start":{"line":112,"column":48},"end":{"line":112,"column":49}},"loc":{"start":{"line":112,"column":54},"end":{"line":121,"column":5}},"line":112},"19":{"name":"(anonymous_19)","decl":{"start":{"line":116,"column":15},"end":{"line":116,"column":16}},"loc":{"start":{"line":116,"column":21},"end":{"line":116,"column":74}},"line":116},"20":{"name":"(anonymous_20)","decl":{"start":{"line":117,"column":15},"end":{"line":117,"column":16}},"loc":{"start":{"line":117,"column":21},"end":{"line":117,"column":72}},"line":117},"21":{"name":"(anonymous_21)","decl":{"start":{"line":118,"column":15},"end":{"line":118,"column":16}},"loc":{"start":{"line":118,"column":21},"end":{"line":118,"column":72}},"line":118},"22":{"name":"(anonymous_22)","decl":{"start":{"line":119,"column":15},"end":{"line":119,"column":16}},"loc":{"start":{"line":119,"column":21},"end":{"line":119,"column":79}},"line":119},"23":{"name":"(anonymous_23)","decl":{"start":{"line":120,"column":15},"end":{"line":120,"column":16}},"loc":{"start":{"line":120,"column":21},"end":{"line":120,"column":71}},"line":120},"24":{"name":"(anonymous_24)","decl":{"start":{"line":123,"column":51},"end":{"line":123,"column":52}},"loc":{"start":{"line":123,"column":57},"end":{"line":123,"column":257}},"line":123},"25":{"name":"(anonymous_25)","decl":{"start":{"line":123,"column":64},"end":{"line":123,"column":65}},"loc":{"start":{"line":123,"column":70},"end":{"line":123,"column":190}},"line":123},"26":{"name":"(anonymous_26)","decl":{"start":{"line":125,"column":62},"end":{"line":125,"column":63}},"loc":{"start":{"line":125,"column":68},"end":{"line":131,"column":5}},"line":125},"27":{"name":"(anonymous_27)","decl":{"start":{"line":126,"column":15},"end":{"line":126,"column":16}},"loc":{"start":{"line":126,"column":21},"end":{"line":126,"column":114}},"line":126},"28":{"name":"(anonymous_28)","decl":{"start":{"line":127,"column":15},"end":{"line":127,"column":16}},"loc":{"start":{"line":127,"column":21},"end":{"line":127,"column":97}},"line":127},"29":{"name":"(anonymous_29)","decl":{"start":{"line":128,"column":15},"end":{"line":128,"column":16}},"loc":{"start":{"line":128,"column":21},"end":{"line":128,"column":95}},"line":128},"30":{"name":"(anonymous_30)","decl":{"start":{"line":129,"column":15},"end":{"line":129,"column":16}},"loc":{"start":{"line":129,"column":21},"end":{"line":129,"column":102}},"line":129},"31":{"name":"(anonymous_31)","decl":{"start":{"line":130,"column":15},"end":{"line":130,"column":16}},"loc":{"start":{"line":130,"column":21},"end":{"line":130,"column":94}},"line":130},"32":{"name":"(anonymous_32)","decl":{"start":{"line":133,"column":10},"end":{"line":133,"column":11}},"loc":{"start":{"line":133,"column":22},"end":{"line":133,"column":49}},"line":133}},"branchMap":{},"s":{"0":1,"1":1,"2":1,"3":1,"4":1,"5":1,"6":1,"7":1,"8":1,"9":1,"10":1,"11":1,"12":10,"13":10,"14":10,"15":10,"16":10,"17":1,"18":1,"19":1,"20":1,"21":1,"22":1,"23":1,"24":1,"25":1,"26":1,"27":1,"28":1,"29":1,"30":1,"31":1,"32":1,"33":1,"34":1,"35":1,"36":1,"37":1,"38":1,"39":1,"40":1,"41":1,"42":1,"43":1,"44":1,"45":1,"46":1,"47":1,"48":1,"49":1,"50":1,"51":1,"52":1,"53":1,"54":1,"55":1,"56":1,"57":1,"58":1,"59":1,"60":1,"61":1,"62":1,"63":1,"64":1,"65":1,"66":1,"67":1,"68":1,"69":1,"70":1,"71":1,"72":1,"73":1,"74":1,"75":1,"76":1,"77":1,"78":1,"79":1,"80":1,"81":1,"82":1,"83":1,"84":1,"85":1,"86":1,"87":1,"88":1,"89":1,"90":1,"91":1,"92":1,"93":1,"94":1,"95":1,"96":1,"97":1,"98":1,"99":1,"100":1,"101":1},"f":{"0":1,"1":1,"2":10,"3":1,"4":1,"5":1,"6":1,"7":1,"8":1,"9":1,"10":1,"11":1,"12":1,"13":1,"14":1,"15":1,"16":1,"17":1,"18":1,"19":1,"20":1,"21":1,"22":1,"23":1,"24":1,"25":1,"26":1,"27":1,"28":1,"29":1,"30":1,"31":1,"32":1},"b":{},"_coverageSchema":"1a1c01bbd47fc00a2c39e90264f33305004495a9","hash":"a10adb8c8833b65f788ff60872f43ebacf0c0975","contentHash":"ae0e05443d918cb600e322494fff85bc0cdf12bf560b953eb3493f2a1b2679d9"},"C:\\Users\\USER\\workspace\\isdi-parttime-202303\\staff\\ivan-canuto\\fullstack\\project\\api\\logic\\askForResponse.js":{"path":"C:\\Users\\USER\\workspace\\isdi-parttime-202303\\staff\\ivan-canuto\\fullstack\\project\\api\\logic\\askForResponse.js","statementMap":{"0":{"start":{"line":1,"column":37},"end":{"line":1,"column":54}},"1":{"start":{"line":2,"column":31},"end":{"line":2,"column":56}},"2":{"start":{"line":3,"column":82},"end":{"line":3,"column":96}},"3":{"start":{"line":19,"column":0},"end":{"line":61,"column":1}},"4":{"start":{"line":20,"column":4},"end":{"line":20,"column":33}},"5":{"start":{"line":21,"column":4},"end":{"line":21,"column":49}},"6":{"start":{"line":22,"column":4},"end":{"line":22,"column":62}},"7":{"start":{"line":24,"column":4},"end":{"line":60,"column":8}},"8":{"start":{"line":25,"column":21},"end":{"line":25,"column":48}},"9":{"start":{"line":26,"column":8},"end":{"line":26,"column":61}},"10":{"start":{"line":26,"column":18},"end":{"line":26,"column":61}},"11":{"start":{"line":28,"column":29},"end":{"line":28,"column":72}},"12":{"start":{"line":29,"column":8},"end":{"line":29,"column":77}},"13":{"start":{"line":29,"column":26},"end":{"line":29,"column":77}},"14":{"start":{"line":31,"column":30},"end":{"line":33,"column":10}},"15":{"start":{"line":35,"column":23},"end":{"line":35,"column":51}},"16":{"start":{"line":37,"column":32},"end":{"line":37,"column":56}},"17":{"start":{"line":39,"column":28},"end":{"line":42,"column":9}},"18":{"start":{"line":44,"column":8},"end":{"line":44,"column":44}},"19":{"start":{"line":46,"column":25},"end":{"line":51,"column":10}},"20":{"start":{"line":53,"column":24},"end":{"line":53,"column":56}},"21":{"start":{"line":55,"column":8},"end":{"line":55,"column":43}},"22":{"start":{"line":57,"column":8},"end":{"line":57,"column":33}},"23":{"start":{"line":59,"column":8},"end":{"line":59,"column":22}}},"fnMap":{"0":{"name":"askForResponse","decl":{"start":{"line":19,"column":26},"end":{"line":19,"column":40}},"loc":{"start":{"line":19,"column":86},"end":{"line":61,"column":1}},"line":19},"1":{"name":"(anonymous_1)","decl":{"start":{"line":24,"column":12},"end":{"line":24,"column":13}},"loc":{"start":{"line":24,"column":24},"end":{"line":60,"column":5}},"line":24}},"branchMap":{"0":{"loc":{"start":{"line":26,"column":8},"end":{"line":26,"column":61}},"type":"if","locations":[{"start":{"line":26,"column":8},"end":{"line":26,"column":61}},{"start":{"line":26,"column":8},"end":{"line":26,"column":61}}],"line":26},"1":{"loc":{"start":{"line":29,"column":8},"end":{"line":29,"column":77}},"type":"if","locations":[{"start":{"line":29,"column":8},"end":{"line":29,"column":77}},{"start":{"line":29,"column":8},"end":{"line":29,"column":77}}],"line":29}},"s":{"0":1,"1":1,"2":1,"3":1,"4":22,"5":15,"6":8,"7":3,"8":3,"9":3,"10":1,"11":2,"12":2,"13":1,"14":1,"15":1,"16":1,"17":1,"18":1,"19":1,"20":1,"21":1,"22":1,"23":1},"f":{"0":22,"1":3},"b":{"0":[1,2],"1":[1,1]},"_coverageSchema":"1a1c01bbd47fc00a2c39e90264f33305004495a9","hash":"b338dcdfdb67b44d4c7fd9e6550b077122f5e182","contentHash":"b2bf9173b99244a857f2daf6bac209e2e05279736a17b18c08e65f1760660d24"},"C:\\Users\\USER\\workspace\\isdi-parttime-202303\\staff\\ivan-canuto\\fullstack\\project\\api\\data\\models.js":{"path":"C:\\Users\\USER\\workspace\\isdi-parttime-202303\\staff\\ivan-canuto\\fullstack\\project\\api\\data\\models.js","statementMap":{"0":{"start":{"line":1,"column":17},"end":{"line":1,"column":36}},"1":{"start":{"line":2,"column":61},"end":{"line":2,"column":69}},"2":{"start":{"line":4,"column":16},"end":{"line":13,"column":2}},"3":{"start":{"line":15,"column":21},"end":{"line":28,"column":24}},"4":{"start":{"line":30,"column":13},"end":{"line":58,"column":2}},"5":{"start":{"line":60,"column":16},"end":{"line":73,"column":2}},"6":{"start":{"line":75,"column":19},"end":{"line":109,"column":24}},"7":{"start":{"line":111,"column":13},"end":{"line":111,"column":21}},"8":{"start":{"line":113,"column":13},"end":{"line":145,"column":2}},"9":{"start":{"line":147,"column":13},"end":{"line":147,"column":32}},"10":{"start":{"line":148,"column":13},"end":{"line":148,"column":32}},"11":{"start":{"line":149,"column":16},"end":{"line":149,"column":41}},"12":{"start":{"line":150,"column":19},"end":{"line":150,"column":50}},"13":{"start":{"line":151,"column":21},"end":{"line":151,"column":56}},"14":{"start":{"line":152,"column":16},"end":{"line":152,"column":41}},"15":{"start":{"line":154,"column":0},"end":{"line":161,"column":1}}},"fnMap":{},"branchMap":{},"s":{"0":1,"1":1,"2":1,"3":1,"4":1,"5":1,"6":1,"7":1,"8":1,"9":1,"10":1,"11":1,"12":1,"13":1,"14":1,"15":1},"f":{},"b":{},"_coverageSchema":"1a1c01bbd47fc00a2c39e90264f33305004495a9","hash":"8da58e9b710f50c5bbbeb9a1176361d8870e6c5c","contentHash":"e88608bd9f4c8b5127572743c101bf5a2273b84cc97e37e7d4dbed1d73e2bc8d"},"C:\\Users\\USER\\workspace\\isdi-parttime-202303\\staff\\ivan-canuto\\fullstack\\project\\api\\logic\\helpers-test\\index.js":{"path":"C:\\Users\\USER\\workspace\\isdi-parttime-202303\\staff\\ivan-canuto\\fullstack\\project\\api\\logic\\helpers-test\\index.js","statementMap":{"0":{"start":{"line":1,"column":0},"end":{"line":5,"column":1}}},"fnMap":{},"branchMap":{},"s":{"0":1},"f":{},"b":{},"_coverageSchema":"1a1c01bbd47fc00a2c39e90264f33305004495a9","hash":"b508a6cd8dc4012a3df8e4c21b0f88bed027e326","contentHash":"45b8a418c29b6a16c72c01e3a7f22822e30136c0cc0afa554948e8417391a088"},"C:\\Users\\USER\\workspace\\isdi-parttime-202303\\staff\\ivan-canuto\\fullstack\\project\\api\\logic\\helpers-test\\cleanUp.js":{"path":"C:\\Users\\USER\\workspace\\isdi-parttime-202303\\staff\\ivan-canuto\\fullstack\\project\\api\\logic\\helpers-test\\cleanUp.js","statementMap":{"0":{"start":{"line":1,"column":49},"end":{"line":1,"column":77}},"1":{"start":{"line":3,"column":0},"end":{"line":19,"column":1}},"2":{"start":{"line":15,"column":4},"end":{"line":15,"column":27}},"3":{"start":{"line":16,"column":4},"end":{"line":16,"column":27}},"4":{"start":{"line":17,"column":4},"end":{"line":17,"column":35}},"5":{"start":{"line":18,"column":4},"end":{"line":18,"column":33}}},"fnMap":{"0":{"name":"(anonymous_0)","decl":{"start":{"line":3,"column":18},"end":{"line":3,"column":19}},"loc":{"start":{"line":3,"column":30},"end":{"line":19,"column":1}},"line":3}},"branchMap":{},"s":{"0":1,"1":1,"2":337,"3":337,"4":337,"5":337},"f":{"0":337},"b":{},"_coverageSchema":"1a1c01bbd47fc00a2c39e90264f33305004495a9","hash":"9bbe84fd3c5395ec2e1885d6ca16404b4076e92c","contentHash":"b603d3753b63ad50afae5c15029961c68fb3ca9166b91db6a87afa7b59b3aaab"},"C:\\Users\\USER\\workspace\\isdi-parttime-202303\\staff\\ivan-canuto\\fullstack\\project\\api\\logic\\helpers-test\\generate.js":{"path":"C:\\Users\\USER\\workspace\\isdi-parttime-202303\\staff\\ivan-canuto\\fullstack\\project\\api\\logic\\helpers-test\\generate.js","statementMap":{"0":{"start":{"line":1,"column":0},"end":{"line":9,"column":1}},"1":{"start":{"line":2,"column":17},"end":{"line":8,"column":5}}},"fnMap":{"0":{"name":"(anonymous_0)","decl":{"start":{"line":2,"column":10},"end":{"line":2,"column":11}},"loc":{"start":{"line":2,"column":17},"end":{"line":8,"column":5}},"line":2}},"branchMap":{},"s":{"0":1,"1":337},"f":{"0":337},"b":{},"_coverageSchema":"1a1c01bbd47fc00a2c39e90264f33305004495a9","hash":"00b0fc66d6aaab1eabefd37ae09131fcfb7af5fe","contentHash":"5e774717b80954b7f33b837b02e13903083a589118cc5b219557450d960aaca3"},"C:\\Users\\USER\\workspace\\isdi-parttime-202303\\staff\\ivan-canuto\\fullstack\\project\\api\\logic\\helpers-test\\populate.js":{"path":"C:\\Users\\USER\\workspace\\isdi-parttime-202303\\staff\\ivan-canuto\\fullstack\\project\\api\\logic\\helpers-test\\populate.js","statementMap":{"0":{"start":{"line":1,"column":17},"end":{"line":1,"column":45}},"1":{"start":{"line":3,"column":0},"end":{"line":3,"column":64}},"2":{"start":{"line":3,"column":35},"end":{"line":3,"column":64}}},"fnMap":{"0":{"name":"(anonymous_0)","decl":{"start":{"line":3,"column":17},"end":{"line":3,"column":18}},"loc":{"start":{"line":3,"column":35},"end":{"line":3,"column":64}},"line":3}},"branchMap":{},"s":{"0":1,"1":1,"2":328},"f":{"0":328},"b":{},"_coverageSchema":"1a1c01bbd47fc00a2c39e90264f33305004495a9","hash":"623155d3fc7896d1cfb18ed60bb3321d439c7a42","contentHash":"13b94c622ff389311990a50e5d0ed02fb7e57bf3c7f7661e2e690f98855ffef0"},"C:\\Users\\USER\\workspace\\isdi-parttime-202303\\staff\\ivan-canuto\\fullstack\\project\\api\\logic\\logic-specs\\authenticateUser.spec.js":{"path":"C:\\Users\\USER\\workspace\\isdi-parttime-202303\\staff\\ivan-canuto\\fullstack\\project\\api\\logic\\logic-specs\\authenticateUser.spec.js","statementMap":{"0":{"start":{"line":1,"column":0},"end":{"line":1,"column":26}},"1":{"start":{"line":3,"column":19},"end":{"line":3,"column":34}},"2":{"start":{"line":4,"column":25},"end":{"line":4,"column":55}},"3":{"start":{"line":5,"column":40},"end":{"line":5,"column":66}},"4":{"start":{"line":6,"column":17},"end":{"line":6,"column":36}},"5":{"start":{"line":7,"column":64},"end":{"line":7,"column":78}},"6":{"start":{"line":8,"column":17},"end":{"line":8,"column":45}},"7":{"start":{"line":9,"column":15},"end":{"line":9,"column":34}},"8":{"start":{"line":11,"column":0},"end":{"line":91,"column":2}},"9":{"start":{"line":14,"column":4},"end":{"line":14,"column":71}},"10":{"start":{"line":14,"column":23},"end":{"line":14,"column":70}},"11":{"start":{"line":16,"column":4},"end":{"line":30,"column":6}},"12":{"start":{"line":17,"column":8},"end":{"line":29,"column":9}},"13":{"start":{"line":18,"column":12},"end":{"line":18,"column":27}},"14":{"start":{"line":20,"column":12},"end":{"line":20,"column":34}},"15":{"start":{"line":21,"column":12},"end":{"line":21,"column":30}},"16":{"start":{"line":22,"column":12},"end":{"line":22,"column":36}},"17":{"start":{"line":24,"column":12},"end":{"line":24,"column":59}},"18":{"start":{"line":26,"column":12},"end":{"line":26,"column":36}},"19":{"start":{"line":32,"column":4},"end":{"line":44,"column":6}},"20":{"start":{"line":33,"column":8},"end":{"line":43,"column":9}},"21":{"start":{"line":34,"column":27},"end":{"line":34,"column":66}},"22":{"start":{"line":36,"column":26},"end":{"line":36,"column":53}},"23":{"start":{"line":38,"column":12},"end":{"line":38,"column":44}},"24":{"start":{"line":39,"column":12},"end":{"line":39,"column":45}},"25":{"start":{"line":48,"column":4},"end":{"line":57,"column":6}},"26":{"start":{"line":49,"column":8},"end":{"line":56,"column":9}},"27":{"start":{"line":50,"column":29},"end":{"line":50,"column":44}},"28":{"start":{"line":51,"column":12},"end":{"line":51,"column":54}},"29":{"start":{"line":54,"column":12},"end":{"line":54,"column":58}},"30":{"start":{"line":55,"column":12},"end":{"line":55,"column":61}},"31":{"start":{"line":59,"column":4},"end":{"line":68,"column":6}},"32":{"start":{"line":60,"column":8},"end":{"line":67,"column":9}},"33":{"start":{"line":61,"column":32},"end":{"line":61,"column":73}},"34":{"start":{"line":62,"column":12},"end":{"line":62,"column":54}},"35":{"start":{"line":65,"column":12},"end":{"line":65,"column":53}},"36":{"start":{"line":66,"column":12},"end":{"line":66,"column":64}},"37":{"start":{"line":70,"column":4},"end":{"line":70,"column":134}},"38":{"start":{"line":70,"column":37},"end":{"line":70,"column":133}},"39":{"start":{"line":70,"column":50},"end":{"line":70,"column":80}},"40":{"start":{"line":72,"column":4},"end":{"line":78,"column":6}},"41":{"start":{"line":73,"column":8},"end":{"line":73,"column":104}},"42":{"start":{"line":73,"column":21},"end":{"line":73,"column":53}},"43":{"start":{"line":74,"column":8},"end":{"line":74,"column":102}},"44":{"start":{"line":74,"column":21},"end":{"line":74,"column":51}},"45":{"start":{"line":75,"column":8},"end":{"line":75,"column":102}},"46":{"start":{"line":75,"column":21},"end":{"line":75,"column":51}},"47":{"start":{"line":76,"column":8},"end":{"line":76,"column":109}},"48":{"start":{"line":76,"column":21},"end":{"line":76,"column":58}},"49":{"start":{"line":77,"column":8},"end":{"line":77,"column":101}},"50":{"start":{"line":77,"column":21},"end":{"line":77,"column":50}},"51":{"start":{"line":80,"column":4},"end":{"line":80,"column":150}},"52":{"start":{"line":80,"column":40},"end":{"line":80,"column":149}},"53":{"start":{"line":80,"column":53},"end":{"line":80,"column":83}},"54":{"start":{"line":82,"column":4},"end":{"line":88,"column":6}},"55":{"start":{"line":83,"column":8},"end":{"line":83,"column":104}},"56":{"start":{"line":83,"column":21},"end":{"line":83,"column":50}},"57":{"start":{"line":84,"column":8},"end":{"line":84,"column":102}},"58":{"start":{"line":84,"column":21},"end":{"line":84,"column":48}},"59":{"start":{"line":85,"column":8},"end":{"line":85,"column":102}},"60":{"start":{"line":85,"column":21},"end":{"line":85,"column":48}},"61":{"start":{"line":86,"column":8},"end":{"line":86,"column":109}},"62":{"start":{"line":86,"column":21},"end":{"line":86,"column":55}},"63":{"start":{"line":87,"column":8},"end":{"line":87,"column":101}},"64":{"start":{"line":87,"column":21},"end":{"line":87,"column":47}},"65":{"start":{"line":90,"column":4},"end":{"line":90,"column":50}},"66":{"start":{"line":90,"column":22},"end":{"line":90,"column":49}}},"fnMap":{"0":{"name":"(anonymous_0)","decl":{"start":{"line":11,"column":29},"end":{"line":11,"column":30}},"loc":{"start":{"line":11,"column":35},"end":{"line":91,"column":1}},"line":11},"1":{"name":"(anonymous_1)","decl":{"start":{"line":14,"column":11},"end":{"line":14,"column":12}},"loc":{"start":{"line":14,"column":23},"end":{"line":14,"column":70}},"line":14},"2":{"name":"(anonymous_2)","decl":{"start":{"line":16,"column":15},"end":{"line":16,"column":16}},"loc":{"start":{"line":16,"column":27},"end":{"line":30,"column":5}},"line":16},"3":{"name":"(anonymous_3)","decl":{"start":{"line":32,"column":36},"end":{"line":32,"column":37}},"loc":{"start":{"line":32,"column":48},"end":{"line":44,"column":5}},"line":32},"4":{"name":"(anonymous_4)","decl":{"start":{"line":48,"column":37},"end":{"line":48,"column":38}},"loc":{"start":{"line":48,"column":49},"end":{"line":57,"column":5}},"line":48},"5":{"name":"(anonymous_5)","decl":{"start":{"line":59,"column":52},"end":{"line":59,"column":53}},"loc":{"start":{"line":59,"column":64},"end":{"line":68,"column":5}},"line":59},"6":{"name":"(anonymous_6)","decl":{"start":{"line":70,"column":31},"end":{"line":70,"column":32}},"loc":{"start":{"line":70,"column":37},"end":{"line":70,"column":133}},"line":70},"7":{"name":"(anonymous_7)","decl":{"start":{"line":70,"column":44},"end":{"line":70,"column":45}},"loc":{"start":{"line":70,"column":50},"end":{"line":70,"column":80}},"line":70},"8":{"name":"(anonymous_8)","decl":{"start":{"line":72,"column":38},"end":{"line":72,"column":39}},"loc":{"start":{"line":72,"column":44},"end":{"line":78,"column":5}},"line":72},"9":{"name":"(anonymous_9)","decl":{"start":{"line":73,"column":15},"end":{"line":73,"column":16}},"loc":{"start":{"line":73,"column":21},"end":{"line":73,"column":53}},"line":73},"10":{"name":"(anonymous_10)","decl":{"start":{"line":74,"column":15},"end":{"line":74,"column":16}},"loc":{"start":{"line":74,"column":21},"end":{"line":74,"column":51}},"line":74},"11":{"name":"(anonymous_11)","decl":{"start":{"line":75,"column":15},"end":{"line":75,"column":16}},"loc":{"start":{"line":75,"column":21},"end":{"line":75,"column":51}},"line":75},"12":{"name":"(anonymous_12)","decl":{"start":{"line":76,"column":15},"end":{"line":76,"column":16}},"loc":{"start":{"line":76,"column":21},"end":{"line":76,"column":58}},"line":76},"13":{"name":"(anonymous_13)","decl":{"start":{"line":77,"column":15},"end":{"line":77,"column":16}},"loc":{"start":{"line":77,"column":21},"end":{"line":77,"column":50}},"line":77},"14":{"name":"(anonymous_14)","decl":{"start":{"line":80,"column":34},"end":{"line":80,"column":35}},"loc":{"start":{"line":80,"column":40},"end":{"line":80,"column":149}},"line":80},"15":{"name":"(anonymous_15)","decl":{"start":{"line":80,"column":47},"end":{"line":80,"column":48}},"loc":{"start":{"line":80,"column":53},"end":{"line":80,"column":83}},"line":80},"16":{"name":"(anonymous_16)","decl":{"start":{"line":82,"column":41},"end":{"line":82,"column":42}},"loc":{"start":{"line":82,"column":47},"end":{"line":88,"column":5}},"line":82},"17":{"name":"(anonymous_17)","decl":{"start":{"line":83,"column":15},"end":{"line":83,"column":16}},"loc":{"start":{"line":83,"column":21},"end":{"line":83,"column":50}},"line":83},"18":{"name":"(anonymous_18)","decl":{"start":{"line":84,"column":15},"end":{"line":84,"column":16}},"loc":{"start":{"line":84,"column":21},"end":{"line":84,"column":48}},"line":84},"19":{"name":"(anonymous_19)","decl":{"start":{"line":85,"column":15},"end":{"line":85,"column":16}},"loc":{"start":{"line":85,"column":21},"end":{"line":85,"column":48}},"line":85},"20":{"name":"(anonymous_20)","decl":{"start":{"line":86,"column":15},"end":{"line":86,"column":16}},"loc":{"start":{"line":86,"column":21},"end":{"line":86,"column":55}},"line":86},"21":{"name":"(anonymous_21)","decl":{"start":{"line":87,"column":15},"end":{"line":87,"column":16}},"loc":{"start":{"line":87,"column":21},"end":{"line":87,"column":47}},"line":87},"22":{"name":"(anonymous_22)","decl":{"start":{"line":90,"column":10},"end":{"line":90,"column":11}},"loc":{"start":{"line":90,"column":22},"end":{"line":90,"column":49}},"line":90}},"branchMap":{},"s":{"0":1,"1":1,"2":1,"3":1,"4":1,"5":1,"6":1,"7":1,"8":1,"9":1,"10":1,"11":1,"12":7,"13":7,"14":7,"15":7,"16":7,"17":7,"18":7,"19":1,"20":1,"21":1,"22":1,"23":1,"24":1,"25":1,"26":1,"27":1,"28":1,"29":1,"30":1,"31":1,"32":1,"33":1,"34":1,"35":1,"36":1,"37":1,"38":1,"39":1,"40":1,"41":1,"42":1,"43":1,"44":1,"45":1,"46":1,"47":1,"48":1,"49":1,"50":1,"51":1,"52":1,"53":1,"54":1,"55":1,"56":1,"57":1,"58":1,"59":1,"60":1,"61":1,"62":1,"63":1,"64":1,"65":1,"66":1},"f":{"0":1,"1":1,"2":7,"3":1,"4":1,"5":1,"6":1,"7":1,"8":1,"9":1,"10":1,"11":1,"12":1,"13":1,"14":1,"15":1,"16":1,"17":1,"18":1,"19":1,"20":1,"21":1,"22":1},"b":{},"_coverageSchema":"1a1c01bbd47fc00a2c39e90264f33305004495a9","hash":"f8432b4d5d427e7ba7f02ef81fcea82532373024","contentHash":"648c9d7cb855d646f8fd2e247147cde0db0cebbe69a626d7fe1f785f191e6dd8"},"C:\\Users\\USER\\workspace\\isdi-parttime-202303\\staff\\ivan-canuto\\fullstack\\project\\api\\logic\\authenticateUser.js":{"path":"C:\\Users\\USER\\workspace\\isdi-parttime-202303\\staff\\ivan-canuto\\fullstack\\project\\api\\logic\\authenticateUser.js","statementMap":{"0":{"start":{"line":4,"column":4},"end":{"line":4,"column":18}},"1":{"start":{"line":5,"column":17},"end":{"line":5,"column":42}},"2":{"start":{"line":6,"column":15},"end":{"line":6,"column":34}},"3":{"start":{"line":23,"column":0},"end":{"line":37,"column":1}},"4":{"start":{"line":24,"column":2},"end":{"line":24,"column":22}},"5":{"start":{"line":25,"column":2},"end":{"line":25,"column":28}},"6":{"start":{"line":27,"column":2},"end":{"line":36,"column":6}},"7":{"start":{"line":28,"column":17},"end":{"line":28,"column":46}},"8":{"start":{"line":29,"column":4},"end":{"line":29,"column":57}},"9":{"start":{"line":29,"column":14},"end":{"line":29,"column":57}},"10":{"start":{"line":31,"column":18},"end":{"line":31,"column":63}},"11":{"start":{"line":33,"column":4},"end":{"line":33,"column":56}},"12":{"start":{"line":33,"column":15},"end":{"line":33,"column":56}},"13":{"start":{"line":35,"column":4},"end":{"line":35,"column":30}}},"fnMap":{"0":{"name":"(anonymous_0)","decl":{"start":{"line":23,"column":17},"end":{"line":23,"column":18}},"loc":{"start":{"line":23,"column":38},"end":{"line":37,"column":1}},"line":23},"1":{"name":"(anonymous_1)","decl":{"start":{"line":27,"column":10},"end":{"line":27,"column":11}},"loc":{"start":{"line":27,"column":22},"end":{"line":36,"column":3}},"line":27}},"branchMap":{"0":{"loc":{"start":{"line":29,"column":4},"end":{"line":29,"column":57}},"type":"if","locations":[{"start":{"line":29,"column":4},"end":{"line":29,"column":57}},{"start":{"line":29,"column":4},"end":{"line":29,"column":57}}],"line":29},"1":{"loc":{"start":{"line":33,"column":4},"end":{"line":33,"column":56}},"type":"if","locations":[{"start":{"line":33,"column":4},"end":{"line":33,"column":56}},{"start":{"line":33,"column":4},"end":{"line":33,"column":56}}],"line":33}},"s":{"0":1,"1":1,"2":1,"3":1,"4":15,"5":9,"6":3,"7":3,"8":3,"9":1,"10":2,"11":2,"12":1,"13":1},"f":{"0":15,"1":3},"b":{"0":[1,2],"1":[1,1]},"_coverageSchema":"1a1c01bbd47fc00a2c39e90264f33305004495a9","hash":"a5effd7f5fc4f4fc75d8987ff52a373fc5a6e952","contentHash":"ab4dc930a7e7043a3cfeb9e9586c8f74f660e2af2cb9b84e25f5bf9bd8a9823f"},"C:\\Users\\USER\\workspace\\isdi-parttime-202303\\staff\\ivan-canuto\\fullstack\\project\\api\\logic\\logic-specs\\createComment.spec.js":{"path":"C:\\Users\\USER\\workspace\\isdi-parttime-202303\\staff\\ivan-canuto\\fullstack\\project\\api\\logic\\logic-specs\\createComment.spec.js","statementMap":{"0":{"start":{"line":1,"column":0},"end":{"line":1,"column":26}},"1":{"start":{"line":3,"column":19},"end":{"line":3,"column":34}},"2":{"start":{"line":4,"column":22},"end":{"line":4,"column":49}},"3":{"start":{"line":5,"column":40},"end":{"line":5,"column":66}},"4":{"start":{"line":6,"column":17},"end":{"line":6,"column":36}},"5":{"start":{"line":7,"column":53},"end":{"line":7,"column":67}},"6":{"start":{"line":8,"column":32},"end":{"line":8,"column":60}},"7":{"start":{"line":9,"column":46},"end":{"line":9,"column":65}},"8":{"start":{"line":11,"column":0},"end":{"line":146,"column":2}},"9":{"start":{"line":14,"column":4},"end":{"line":14,"column":71}},"10":{"start":{"line":14,"column":23},"end":{"line":14,"column":70}},"11":{"start":{"line":16,"column":4},"end":{"line":28,"column":6}},"12":{"start":{"line":17,"column":8},"end":{"line":27,"column":9}},"13":{"start":{"line":18,"column":12},"end":{"line":18,"column":27}},"14":{"start":{"line":20,"column":12},"end":{"line":20,"column":34}},"15":{"start":{"line":21,"column":12},"end":{"line":21,"column":28}},"16":{"start":{"line":22,"column":12},"end":{"line":22,"column":30}},"17":{"start":{"line":24,"column":12},"end":{"line":24,"column":36}},"18":{"start":{"line":30,"column":4},"end":{"line":55,"column":6}},"19":{"start":{"line":31,"column":8},"end":{"line":54,"column":9}},"20":{"start":{"line":32,"column":26},"end":{"line":32,"column":67}},"21":{"start":{"line":33,"column":27},"end":{"line":33,"column":47}},"22":{"start":{"line":35,"column":12},"end":{"line":35,"column":209}},"23":{"start":{"line":37,"column":25},"end":{"line":37,"column":63}},"24":{"start":{"line":38,"column":27},"end":{"line":38,"column":46}},"25":{"start":{"line":40,"column":32},"end":{"line":40,"column":60}},"26":{"start":{"line":42,"column":12},"end":{"line":42,"column":60}},"27":{"start":{"line":44,"column":26},"end":{"line":44,"column":64}},"28":{"start":{"line":45,"column":28},"end":{"line":45,"column":98}},"29":{"start":{"line":45,"column":59},"end":{"line":45,"column":97}},"30":{"start":{"line":47,"column":12},"end":{"line":47,"column":46}},"31":{"start":{"line":48,"column":12},"end":{"line":48,"column":55}},"32":{"start":{"line":49,"column":12},"end":{"line":49,"column":78}},"33":{"start":{"line":50,"column":12},"end":{"line":50,"column":54}},"34":{"start":{"line":59,"column":4},"end":{"line":79,"column":6}},"35":{"start":{"line":60,"column":8},"end":{"line":78,"column":9}},"36":{"start":{"line":61,"column":26},"end":{"line":61,"column":67}},"37":{"start":{"line":62,"column":27},"end":{"line":62,"column":47}},"38":{"start":{"line":64,"column":12},"end":{"line":64,"column":209}},"39":{"start":{"line":66,"column":25},"end":{"line":66,"column":63}},"40":{"start":{"line":67,"column":27},"end":{"line":67,"column":46}},"41":{"start":{"line":69,"column":32},"end":{"line":69,"column":58}},"42":{"start":{"line":71,"column":32},"end":{"line":71,"column":60}},"43":{"start":{"line":73,"column":12},"end":{"line":73,"column":65}},"44":{"start":{"line":76,"column":12},"end":{"line":76,"column":58}},"45":{"start":{"line":77,"column":12},"end":{"line":77,"column":61}},"46":{"start":{"line":81,"column":4},"end":{"line":98,"column":6}},"47":{"start":{"line":82,"column":8},"end":{"line":97,"column":9}},"48":{"start":{"line":83,"column":26},"end":{"line":83,"column":67}},"49":{"start":{"line":84,"column":27},"end":{"line":84,"column":47}},"50":{"start":{"line":86,"column":12},"end":{"line":86,"column":209}},"51":{"start":{"line":88,"column":32},"end":{"line":88,"column":58}},"52":{"start":{"line":90,"column":32},"end":{"line":90,"column":60}},"53":{"start":{"line":92,"column":12},"end":{"line":92,"column":65}},"54":{"start":{"line":95,"column":12},"end":{"line":95,"column":58}},"55":{"start":{"line":96,"column":12},"end":{"line":96,"column":61}},"56":{"start":{"line":100,"column":4},"end":{"line":100,"column":196}},"57":{"start":{"line":100,"column":39},"end":{"line":100,"column":195}},"58":{"start":{"line":100,"column":52},"end":{"line":100,"column":127}},"59":{"start":{"line":102,"column":4},"end":{"line":111,"column":6}},"60":{"start":{"line":103,"column":27},"end":{"line":103,"column":53}},"61":{"start":{"line":104,"column":28},"end":{"line":104,"column":56}},"62":{"start":{"line":106,"column":8},"end":{"line":106,"column":118}},"63":{"start":{"line":106,"column":21},"end":{"line":106,"column":65}},"64":{"start":{"line":107,"column":8},"end":{"line":107,"column":116}},"65":{"start":{"line":107,"column":21},"end":{"line":107,"column":63}},"66":{"start":{"line":108,"column":8},"end":{"line":108,"column":116}},"67":{"start":{"line":108,"column":21},"end":{"line":108,"column":63}},"68":{"start":{"line":109,"column":8},"end":{"line":109,"column":123}},"69":{"start":{"line":109,"column":21},"end":{"line":109,"column":70}},"70":{"start":{"line":110,"column":8},"end":{"line":110,"column":115}},"71":{"start":{"line":110,"column":21},"end":{"line":110,"column":62}},"72":{"start":{"line":113,"column":4},"end":{"line":113,"column":221}},"73":{"start":{"line":113,"column":49},"end":{"line":113,"column":220}},"74":{"start":{"line":113,"column":62},"end":{"line":113,"column":161}},"75":{"start":{"line":115,"column":4},"end":{"line":115,"column":196}},"76":{"start":{"line":115,"column":39},"end":{"line":115,"column":195}},"77":{"start":{"line":115,"column":52},"end":{"line":115,"column":127}},"78":{"start":{"line":117,"column":4},"end":{"line":126,"column":6}},"79":{"start":{"line":118,"column":27},"end":{"line":118,"column":53}},"80":{"start":{"line":119,"column":28},"end":{"line":119,"column":56}},"81":{"start":{"line":121,"column":8},"end":{"line":121,"column":118}},"82":{"start":{"line":121,"column":21},"end":{"line":121,"column":65}},"83":{"start":{"line":122,"column":8},"end":{"line":122,"column":116}},"84":{"start":{"line":122,"column":21},"end":{"line":122,"column":63}},"85":{"start":{"line":123,"column":8},"end":{"line":123,"column":116}},"86":{"start":{"line":123,"column":21},"end":{"line":123,"column":63}},"87":{"start":{"line":124,"column":8},"end":{"line":124,"column":123}},"88":{"start":{"line":124,"column":21},"end":{"line":124,"column":70}},"89":{"start":{"line":125,"column":8},"end":{"line":125,"column":115}},"90":{"start":{"line":125,"column":21},"end":{"line":125,"column":62}},"91":{"start":{"line":128,"column":4},"end":{"line":128,"column":221}},"92":{"start":{"line":128,"column":49},"end":{"line":128,"column":220}},"93":{"start":{"line":128,"column":62},"end":{"line":128,"column":161}},"94":{"start":{"line":130,"column":4},"end":{"line":130,"column":191}},"95":{"start":{"line":130,"column":44},"end":{"line":130,"column":190}},"96":{"start":{"line":130,"column":57},"end":{"line":130,"column":130}},"97":{"start":{"line":132,"column":4},"end":{"line":141,"column":6}},"98":{"start":{"line":133,"column":27},"end":{"line":133,"column":53}},"99":{"start":{"line":134,"column":27},"end":{"line":134,"column":53}},"100":{"start":{"line":136,"column":8},"end":{"line":136,"column":122}},"101":{"start":{"line":136,"column":21},"end":{"line":136,"column":64}},"102":{"start":{"line":137,"column":8},"end":{"line":137,"column":120}},"103":{"start":{"line":137,"column":21},"end":{"line":137,"column":62}},"104":{"start":{"line":138,"column":8},"end":{"line":138,"column":120}},"105":{"start":{"line":138,"column":21},"end":{"line":138,"column":62}},"106":{"start":{"line":139,"column":8},"end":{"line":139,"column":127}},"107":{"start":{"line":139,"column":21},"end":{"line":139,"column":69}},"108":{"start":{"line":140,"column":8},"end":{"line":140,"column":119}},"109":{"start":{"line":140,"column":21},"end":{"line":140,"column":61}},"110":{"start":{"line":143,"column":4},"end":{"line":143,"column":394}},"111":{"start":{"line":143,"column":47},"end":{"line":143,"column":393}},"112":{"start":{"line":143,"column":60},"end":{"line":143,"column":336}},"113":{"start":{"line":145,"column":4},"end":{"line":145,"column":50}},"114":{"start":{"line":145,"column":22},"end":{"line":145,"column":49}}},"fnMap":{"0":{"name":"(anonymous_0)","decl":{"start":{"line":11,"column":26},"end":{"line":11,"column":27}},"loc":{"start":{"line":11,"column":32},"end":{"line":146,"column":1}},"line":11},"1":{"name":"(anonymous_1)","decl":{"start":{"line":14,"column":11},"end":{"line":14,"column":12}},"loc":{"start":{"line":14,"column":23},"end":{"line":14,"column":70}},"line":14},"2":{"name":"(anonymous_2)","decl":{"start":{"line":16,"column":15},"end":{"line":16,"column":16}},"loc":{"start":{"line":16,"column":27},"end":{"line":28,"column":5}},"line":16},"3":{"name":"(anonymous_3)","decl":{"start":{"line":30,"column":39},"end":{"line":30,"column":40}},"loc":{"start":{"line":30,"column":51},"end":{"line":55,"column":5}},"line":30},"4":{"name":"(anonymous_4)","decl":{"start":{"line":45,"column":48},"end":{"line":45,"column":49}},"loc":{"start":{"line":45,"column":59},"end":{"line":45,"column":97}},"line":45},"5":{"name":"(anonymous_5)","decl":{"start":{"line":59,"column":37},"end":{"line":59,"column":38}},"loc":{"start":{"line":59,"column":49},"end":{"line":79,"column":5}},"line":59},"6":{"name":"(anonymous_6)","decl":{"start":{"line":81,"column":37},"end":{"line":81,"column":38}},"loc":{"start":{"line":81,"column":49},"end":{"line":98,"column":5}},"line":81},"7":{"name":"(anonymous_7)","decl":{"start":{"line":100,"column":33},"end":{"line":100,"column":34}},"loc":{"start":{"line":100,"column":39},"end":{"line":100,"column":195}},"line":100},"8":{"name":"(anonymous_8)","decl":{"start":{"line":100,"column":46},"end":{"line":100,"column":47}},"loc":{"start":{"line":100,"column":52},"end":{"line":100,"column":127}},"line":100},"9":{"name":"(anonymous_9)","decl":{"start":{"line":102,"column":40},"end":{"line":102,"column":41}},"loc":{"start":{"line":102,"column":46},"end":{"line":111,"column":5}},"line":102},"10":{"name":"(anonymous_10)","decl":{"start":{"line":106,"column":15},"end":{"line":106,"column":16}},"loc":{"start":{"line":106,"column":21},"end":{"line":106,"column":65}},"line":106},"11":{"name":"(anonymous_11)","decl":{"start":{"line":107,"column":15},"end":{"line":107,"column":16}},"loc":{"start":{"line":107,"column":21},"end":{"line":107,"column":63}},"line":107},"12":{"name":"(anonymous_12)","decl":{"start":{"line":108,"column":15},"end":{"line":108,"column":16}},"loc":{"start":{"line":108,"column":21},"end":{"line":108,"column":63}},"line":108},"13":{"name":"(anonymous_13)","decl":{"start":{"line":109,"column":15},"end":{"line":109,"column":16}},"loc":{"start":{"line":109,"column":21},"end":{"line":109,"column":70}},"line":109},"14":{"name":"(anonymous_14)","decl":{"start":{"line":110,"column":15},"end":{"line":110,"column":16}},"loc":{"start":{"line":110,"column":21},"end":{"line":110,"column":62}},"line":110},"15":{"name":"(anonymous_15)","decl":{"start":{"line":113,"column":43},"end":{"line":113,"column":44}},"loc":{"start":{"line":113,"column":49},"end":{"line":113,"column":220}},"line":113},"16":{"name":"(anonymous_16)","decl":{"start":{"line":113,"column":56},"end":{"line":113,"column":57}},"loc":{"start":{"line":113,"column":62},"end":{"line":113,"column":161}},"line":113},"17":{"name":"(anonymous_17)","decl":{"start":{"line":115,"column":33},"end":{"line":115,"column":34}},"loc":{"start":{"line":115,"column":39},"end":{"line":115,"column":195}},"line":115},"18":{"name":"(anonymous_18)","decl":{"start":{"line":115,"column":46},"end":{"line":115,"column":47}},"loc":{"start":{"line":115,"column":52},"end":{"line":115,"column":127}},"line":115},"19":{"name":"(anonymous_19)","decl":{"start":{"line":117,"column":40},"end":{"line":117,"column":41}},"loc":{"start":{"line":117,"column":46},"end":{"line":126,"column":5}},"line":117},"20":{"name":"(anonymous_20)","decl":{"start":{"line":121,"column":15},"end":{"line":121,"column":16}},"loc":{"start":{"line":121,"column":21},"end":{"line":121,"column":65}},"line":121},"21":{"name":"(anonymous_21)","decl":{"start":{"line":122,"column":15},"end":{"line":122,"column":16}},"loc":{"start":{"line":122,"column":21},"end":{"line":122,"column":63}},"line":122},"22":{"name":"(anonymous_22)","decl":{"start":{"line":123,"column":15},"end":{"line":123,"column":16}},"loc":{"start":{"line":123,"column":21},"end":{"line":123,"column":63}},"line":123},"23":{"name":"(anonymous_23)","decl":{"start":{"line":124,"column":15},"end":{"line":124,"column":16}},"loc":{"start":{"line":124,"column":21},"end":{"line":124,"column":70}},"line":124},"24":{"name":"(anonymous_24)","decl":{"start":{"line":125,"column":15},"end":{"line":125,"column":16}},"loc":{"start":{"line":125,"column":21},"end":{"line":125,"column":62}},"line":125},"25":{"name":"(anonymous_25)","decl":{"start":{"line":128,"column":43},"end":{"line":128,"column":44}},"loc":{"start":{"line":128,"column":49},"end":{"line":128,"column":220}},"line":128},"26":{"name":"(anonymous_26)","decl":{"start":{"line":128,"column":56},"end":{"line":128,"column":57}},"loc":{"start":{"line":128,"column":62},"end":{"line":128,"column":161}},"line":128},"27":{"name":"(anonymous_27)","decl":{"start":{"line":130,"column":38},"end":{"line":130,"column":39}},"loc":{"start":{"line":130,"column":44},"end":{"line":130,"column":190}},"line":130},"28":{"name":"(anonymous_28)","decl":{"start":{"line":130,"column":51},"end":{"line":130,"column":52}},"loc":{"start":{"line":130,"column":57},"end":{"line":130,"column":130}},"line":130},"29":{"name":"(anonymous_29)","decl":{"start":{"line":132,"column":45},"end":{"line":132,"column":46}},"loc":{"start":{"line":132,"column":51},"end":{"line":141,"column":5}},"line":132},"30":{"name":"(anonymous_30)","decl":{"start":{"line":136,"column":15},"end":{"line":136,"column":16}},"loc":{"start":{"line":136,"column":21},"end":{"line":136,"column":64}},"line":136},"31":{"name":"(anonymous_31)","decl":{"start":{"line":137,"column":15},"end":{"line":137,"column":16}},"loc":{"start":{"line":137,"column":21},"end":{"line":137,"column":62}},"line":137},"32":{"name":"(anonymous_32)","decl":{"start":{"line":138,"column":15},"end":{"line":138,"column":16}},"loc":{"start":{"line":138,"column":21},"end":{"line":138,"column":62}},"line":138},"33":{"name":"(anonymous_33)","decl":{"start":{"line":139,"column":15},"end":{"line":139,"column":16}},"loc":{"start":{"line":139,"column":21},"end":{"line":139,"column":69}},"line":139},"34":{"name":"(anonymous_34)","decl":{"start":{"line":140,"column":15},"end":{"line":140,"column":16}},"loc":{"start":{"line":140,"column":21},"end":{"line":140,"column":61}},"line":140},"35":{"name":"(anonymous_35)","decl":{"start":{"line":143,"column":41},"end":{"line":143,"column":42}},"loc":{"start":{"line":143,"column":47},"end":{"line":143,"column":393}},"line":143},"36":{"name":"(anonymous_36)","decl":{"start":{"line":143,"column":54},"end":{"line":143,"column":55}},"loc":{"start":{"line":143,"column":60},"end":{"line":143,"column":336}},"line":143},"37":{"name":"(anonymous_37)","decl":{"start":{"line":145,"column":10},"end":{"line":145,"column":11}},"loc":{"start":{"line":145,"column":22},"end":{"line":145,"column":49}},"line":145}},"branchMap":{},"s":{"0":1,"1":1,"2":1,"3":1,"4":1,"5":1,"6":1,"7":1,"8":1,"9":1,"10":1,"11":1,"12":12,"13":12,"14":12,"15":12,"16":12,"17":12,"18":1,"19":1,"20":1,"21":1,"22":1,"23":1,"24":1,"25":1,"26":1,"27":1,"28":1,"29":1,"30":1,"31":1,"32":1,"33":1,"34":1,"35":1,"36":1,"37":1,"38":1,"39":1,"40":1,"41":1,"42":1,"43":1,"44":1,"45":1,"46":1,"47":1,"48":1,"49":1,"50":1,"51":1,"52":1,"53":1,"54":1,"55":1,"56":1,"57":1,"58":1,"59":1,"60":1,"61":1,"62":1,"63":1,"64":1,"65":1,"66":1,"67":1,"68":1,"69":1,"70":1,"71":1,"72":1,"73":1,"74":1,"75":1,"76":1,"77":1,"78":1,"79":1,"80":1,"81":1,"82":1,"83":1,"84":1,"85":1,"86":1,"87":1,"88":1,"89":1,"90":1,"91":1,"92":1,"93":1,"94":1,"95":1,"96":1,"97":1,"98":1,"99":1,"100":1,"101":1,"102":1,"103":1,"104":1,"105":1,"106":1,"107":1,"108":1,"109":1,"110":1,"111":1,"112":1,"113":1,"114":1},"f":{"0":1,"1":1,"2":12,"3":1,"4":1,"5":1,"6":1,"7":1,"8":1,"9":1,"10":1,"11":1,"12":1,"13":1,"14":1,"15":1,"16":1,"17":1,"18":1,"19":1,"20":1,"21":1,"22":1,"23":1,"24":1,"25":1,"26":1,"27":1,"28":1,"29":1,"30":1,"31":1,"32":1,"33":1,"34":1,"35":1,"36":1,"37":1},"b":{},"_coverageSchema":"1a1c01bbd47fc00a2c39e90264f33305004495a9","hash":"5eb6a0600eac4b2ba9bbba5f20d10d0f33bd3fb0","contentHash":"e70f86dcddec6023110a90f50b0dd19044b3546ca7eb662cfe6b413ca5f50f19"},"C:\\Users\\USER\\workspace\\isdi-parttime-202303\\staff\\ivan-canuto\\fullstack\\project\\api\\logic\\createComment.js":{"path":"C:\\Users\\USER\\workspace\\isdi-parttime-202303\\staff\\ivan-canuto\\fullstack\\project\\api\\logic\\createComment.js","statementMap":{"0":{"start":{"line":4,"column":4},"end":{"line":4,"column":18}},"1":{"start":{"line":5,"column":46},"end":{"line":5,"column":65}},"2":{"start":{"line":7,"column":23},"end":{"line":7,"column":48}},"3":{"start":{"line":23,"column":0},"end":{"line":46,"column":1}},"4":{"start":{"line":24,"column":2},"end":{"line":24,"column":31}},"5":{"start":{"line":25,"column":2},"end":{"line":25,"column":31}},"6":{"start":{"line":26,"column":2},"end":{"line":26,"column":46}},"7":{"start":{"line":28,"column":2},"end":{"line":45,"column":6}},"8":{"start":{"line":29,"column":17},"end":{"line":29,"column":44}},"9":{"start":{"line":30,"column":4},"end":{"line":30,"column":57}},"10":{"start":{"line":30,"column":14},"end":{"line":30,"column":57}},"11":{"start":{"line":32,"column":17},"end":{"line":32,"column":44}},"12":{"start":{"line":33,"column":4},"end":{"line":33,"column":57}},"13":{"start":{"line":33,"column":14},"end":{"line":33,"column":57}},"14":{"start":{"line":35,"column":23},"end":{"line":35,"column":95}},"15":{"start":{"line":37,"column":4},"end":{"line":37,"column":34}},"16":{"start":{"line":39,"column":4},"end":{"line":39,"column":21}}},"fnMap":{"0":{"name":"(anonymous_0)","decl":{"start":{"line":23,"column":17},"end":{"line":23,"column":18}},"loc":{"start":{"line":23,"column":50},"end":{"line":46,"column":1}},"line":23},"1":{"name":"(anonymous_1)","decl":{"start":{"line":28,"column":10},"end":{"line":28,"column":11}},"loc":{"start":{"line":28,"column":22},"end":{"line":45,"column":3}},"line":28}},"branchMap":{"0":{"loc":{"start":{"line":30,"column":4},"end":{"line":30,"column":57}},"type":"if","locations":[{"start":{"line":30,"column":4},"end":{"line":30,"column":57}},{"start":{"line":30,"column":4},"end":{"line":30,"column":57}}],"line":30},"1":{"loc":{"start":{"line":33,"column":4},"end":{"line":33,"column":57}},"type":"if","locations":[{"start":{"line":33,"column":4},"end":{"line":33,"column":57}},{"start":{"line":33,"column":4},"end":{"line":33,"column":57}}],"line":33}},"s":{"0":1,"1":1,"2":1,"3":1,"4":24,"5":17,"6":10,"7":3,"8":3,"9":3,"10":1,"11":2,"12":2,"13":1,"14":1,"15":1,"16":1},"f":{"0":24,"1":3},"b":{"0":[1,2],"1":[1,1]},"_coverageSchema":"1a1c01bbd47fc00a2c39e90264f33305004495a9","hash":"483b5a4a02873c0eacc02ce24f24727556b67ed9","contentHash":"400a86f30147ad2ef131d1e8c6691046c436555cbc6a4e34c46c260861d75e3c"},"C:\\Users\\USER\\workspace\\isdi-parttime-202303\\staff\\ivan-canuto\\fullstack\\project\\api\\logic\\logic-specs\\createConversation.spec.js":{"path":"C:\\Users\\USER\\workspace\\isdi-parttime-202303\\staff\\ivan-canuto\\fullstack\\project\\api\\logic\\logic-specs\\createConversation.spec.js","statementMap":{"0":{"start":{"line":1,"column":0},"end":{"line":1,"column":26}},"1":{"start":{"line":3,"column":19},"end":{"line":3,"column":34}},"2":{"start":{"line":4,"column":27},"end":{"line":4,"column":59}},"3":{"start":{"line":5,"column":40},"end":{"line":5,"column":66}},"4":{"start":{"line":6,"column":17},"end":{"line":6,"column":36}},"5":{"start":{"line":7,"column":53},"end":{"line":7,"column":67}},"6":{"start":{"line":8,"column":31},"end":{"line":8,"column":59}},"7":{"start":{"line":10,"column":0},"end":{"line":92,"column":2}},"8":{"start":{"line":13,"column":4},"end":{"line":13,"column":71}},"9":{"start":{"line":13,"column":23},"end":{"line":13,"column":70}},"10":{"start":{"line":15,"column":4},"end":{"line":27,"column":6}},"11":{"start":{"line":16,"column":8},"end":{"line":26,"column":9}},"12":{"start":{"line":17,"column":12},"end":{"line":17,"column":27}},"13":{"start":{"line":19,"column":12},"end":{"line":19,"column":34}},"14":{"start":{"line":20,"column":12},"end":{"line":20,"column":28}},"15":{"start":{"line":21,"column":12},"end":{"line":21,"column":30}},"16":{"start":{"line":23,"column":12},"end":{"line":23,"column":36}},"17":{"start":{"line":29,"column":4},"end":{"line":45,"column":6}},"18":{"start":{"line":30,"column":8},"end":{"line":44,"column":9}},"19":{"start":{"line":31,"column":26},"end":{"line":31,"column":67}},"20":{"start":{"line":32,"column":27},"end":{"line":32,"column":47}},"21":{"start":{"line":34,"column":30},"end":{"line":34,"column":71}},"22":{"start":{"line":36,"column":12},"end":{"line":36,"column":55}},"23":{"start":{"line":38,"column":33},"end":{"line":38,"column":79}},"24":{"start":{"line":40,"column":12},"end":{"line":40,"column":41}},"25":{"start":{"line":49,"column":4},"end":{"line":63,"column":6}},"26":{"start":{"line":50,"column":8},"end":{"line":62,"column":9}},"27":{"start":{"line":51,"column":26},"end":{"line":51,"column":67}},"28":{"start":{"line":53,"column":30},"end":{"line":53,"column":71}},"29":{"start":{"line":55,"column":32},"end":{"line":55,"column":58}},"30":{"start":{"line":57,"column":12},"end":{"line":57,"column":60}},"31":{"start":{"line":60,"column":12},"end":{"line":60,"column":58}},"32":{"start":{"line":61,"column":12},"end":{"line":61,"column":61}},"33":{"start":{"line":65,"column":4},"end":{"line":65,"column":201}},"34":{"start":{"line":65,"column":39},"end":{"line":65,"column":200}},"35":{"start":{"line":65,"column":52},"end":{"line":65,"column":132}},"36":{"start":{"line":67,"column":4},"end":{"line":75,"column":6}},"37":{"start":{"line":68,"column":30},"end":{"line":68,"column":71}},"38":{"start":{"line":70,"column":8},"end":{"line":70,"column":113}},"39":{"start":{"line":70,"column":21},"end":{"line":70,"column":60}},"40":{"start":{"line":71,"column":8},"end":{"line":71,"column":111}},"41":{"start":{"line":71,"column":21},"end":{"line":71,"column":58}},"42":{"start":{"line":72,"column":8},"end":{"line":72,"column":111}},"43":{"start":{"line":72,"column":21},"end":{"line":72,"column":58}},"44":{"start":{"line":73,"column":8},"end":{"line":73,"column":118}},"45":{"start":{"line":73,"column":21},"end":{"line":73,"column":65}},"46":{"start":{"line":74,"column":8},"end":{"line":74,"column":110}},"47":{"start":{"line":74,"column":21},"end":{"line":74,"column":57}},"48":{"start":{"line":77,"column":4},"end":{"line":77,"column":226}},"49":{"start":{"line":77,"column":49},"end":{"line":77,"column":225}},"50":{"start":{"line":77,"column":62},"end":{"line":77,"column":166}},"51":{"start":{"line":79,"column":4},"end":{"line":79,"column":164}},"52":{"start":{"line":79,"column":42},"end":{"line":79,"column":163}},"53":{"start":{"line":79,"column":55},"end":{"line":79,"column":105}},"54":{"start":{"line":81,"column":4},"end":{"line":89,"column":6}},"55":{"start":{"line":82,"column":27},"end":{"line":82,"column":53}},"56":{"start":{"line":84,"column":8},"end":{"line":84,"column":113}},"57":{"start":{"line":84,"column":21},"end":{"line":84,"column":57}},"58":{"start":{"line":85,"column":8},"end":{"line":85,"column":111}},"59":{"start":{"line":85,"column":21},"end":{"line":85,"column":55}},"60":{"start":{"line":86,"column":8},"end":{"line":86,"column":111}},"61":{"start":{"line":86,"column":21},"end":{"line":86,"column":55}},"62":{"start":{"line":87,"column":8},"end":{"line":87,"column":118}},"63":{"start":{"line":87,"column":21},"end":{"line":87,"column":62}},"64":{"start":{"line":88,"column":8},"end":{"line":88,"column":110}},"65":{"start":{"line":88,"column":21},"end":{"line":88,"column":54}},"66":{"start":{"line":91,"column":4},"end":{"line":91,"column":50}},"67":{"start":{"line":91,"column":22},"end":{"line":91,"column":49}}},"fnMap":{"0":{"name":"(anonymous_0)","decl":{"start":{"line":10,"column":31},"end":{"line":10,"column":32}},"loc":{"start":{"line":10,"column":37},"end":{"line":92,"column":1}},"line":10},"1":{"name":"(anonymous_1)","decl":{"start":{"line":13,"column":11},"end":{"line":13,"column":12}},"loc":{"start":{"line":13,"column":23},"end":{"line":13,"column":70}},"line":13},"2":{"name":"(anonymous_2)","decl":{"start":{"line":15,"column":15},"end":{"line":15,"column":16}},"loc":{"start":{"line":15,"column":27},"end":{"line":27,"column":5}},"line":15},"3":{"name":"(anonymous_3)","decl":{"start":{"line":29,"column":39},"end":{"line":29,"column":40}},"loc":{"start":{"line":29,"column":51},"end":{"line":45,"column":5}},"line":29},"4":{"name":"(anonymous_4)","decl":{"start":{"line":49,"column":37},"end":{"line":49,"column":38}},"loc":{"start":{"line":49,"column":49},"end":{"line":63,"column":5}},"line":49},"5":{"name":"(anonymous_5)","decl":{"start":{"line":65,"column":33},"end":{"line":65,"column":34}},"loc":{"start":{"line":65,"column":39},"end":{"line":65,"column":200}},"line":65},"6":{"name":"(anonymous_6)","decl":{"start":{"line":65,"column":46},"end":{"line":65,"column":47}},"loc":{"start":{"line":65,"column":52},"end":{"line":65,"column":132}},"line":65},"7":{"name":"(anonymous_7)","decl":{"start":{"line":67,"column":40},"end":{"line":67,"column":41}},"loc":{"start":{"line":67,"column":46},"end":{"line":75,"column":5}},"line":67},"8":{"name":"(anonymous_8)","decl":{"start":{"line":70,"column":15},"end":{"line":70,"column":16}},"loc":{"start":{"line":70,"column":21},"end":{"line":70,"column":60}},"line":70},"9":{"name":"(anonymous_9)","decl":{"start":{"line":71,"column":15},"end":{"line":71,"column":16}},"loc":{"start":{"line":71,"column":21},"end":{"line":71,"column":58}},"line":71},"10":{"name":"(anonymous_10)","decl":{"start":{"line":72,"column":15},"end":{"line":72,"column":16}},"loc":{"start":{"line":72,"column":21},"end":{"line":72,"column":58}},"line":72},"11":{"name":"(anonymous_11)","decl":{"start":{"line":73,"column":15},"end":{"line":73,"column":16}},"loc":{"start":{"line":73,"column":21},"end":{"line":73,"column":65}},"line":73},"12":{"name":"(anonymous_12)","decl":{"start":{"line":74,"column":15},"end":{"line":74,"column":16}},"loc":{"start":{"line":74,"column":21},"end":{"line":74,"column":57}},"line":74},"13":{"name":"(anonymous_13)","decl":{"start":{"line":77,"column":43},"end":{"line":77,"column":44}},"loc":{"start":{"line":77,"column":49},"end":{"line":77,"column":225}},"line":77},"14":{"name":"(anonymous_14)","decl":{"start":{"line":77,"column":56},"end":{"line":77,"column":57}},"loc":{"start":{"line":77,"column":62},"end":{"line":77,"column":166}},"line":77},"15":{"name":"(anonymous_15)","decl":{"start":{"line":79,"column":36},"end":{"line":79,"column":37}},"loc":{"start":{"line":79,"column":42},"end":{"line":79,"column":163}},"line":79},"16":{"name":"(anonymous_16)","decl":{"start":{"line":79,"column":49},"end":{"line":79,"column":50}},"loc":{"start":{"line":79,"column":55},"end":{"line":79,"column":105}},"line":79},"17":{"name":"(anonymous_17)","decl":{"start":{"line":81,"column":43},"end":{"line":81,"column":44}},"loc":{"start":{"line":81,"column":49},"end":{"line":89,"column":5}},"line":81},"18":{"name":"(anonymous_18)","decl":{"start":{"line":84,"column":15},"end":{"line":84,"column":16}},"loc":{"start":{"line":84,"column":21},"end":{"line":84,"column":57}},"line":84},"19":{"name":"(anonymous_19)","decl":{"start":{"line":85,"column":15},"end":{"line":85,"column":16}},"loc":{"start":{"line":85,"column":21},"end":{"line":85,"column":55}},"line":85},"20":{"name":"(anonymous_20)","decl":{"start":{"line":86,"column":15},"end":{"line":86,"column":16}},"loc":{"start":{"line":86,"column":21},"end":{"line":86,"column":55}},"line":86},"21":{"name":"(anonymous_21)","decl":{"start":{"line":87,"column":15},"end":{"line":87,"column":16}},"loc":{"start":{"line":87,"column":21},"end":{"line":87,"column":62}},"line":87},"22":{"name":"(anonymous_22)","decl":{"start":{"line":88,"column":15},"end":{"line":88,"column":16}},"loc":{"start":{"line":88,"column":21},"end":{"line":88,"column":54}},"line":88},"23":{"name":"(anonymous_23)","decl":{"start":{"line":91,"column":10},"end":{"line":91,"column":11}},"loc":{"start":{"line":91,"column":22},"end":{"line":91,"column":49}},"line":91}},"branchMap":{},"s":{"0":1,"1":1,"2":1,"3":1,"4":1,"5":1,"6":1,"7":1,"8":1,"9":1,"10":1,"11":7,"12":7,"13":7,"14":7,"15":7,"16":7,"17":1,"18":1,"19":1,"20":1,"21":1,"22":1,"23":1,"24":1,"25":1,"26":1,"27":1,"28":1,"29":1,"30":1,"31":1,"32":1,"33":1,"34":1,"35":1,"36":1,"37":1,"38":1,"39":1,"40":1,"41":1,"42":1,"43":1,"44":1,"45":1,"46":1,"47":1,"48":1,"49":1,"50":1,"51":1,"52":1,"53":1,"54":1,"55":1,"56":1,"57":1,"58":1,"59":1,"60":1,"61":1,"62":1,"63":1,"64":1,"65":1,"66":1,"67":1},"f":{"0":1,"1":1,"2":7,"3":1,"4":1,"5":1,"6":1,"7":1,"8":1,"9":1,"10":1,"11":1,"12":1,"13":1,"14":1,"15":1,"16":1,"17":1,"18":1,"19":1,"20":1,"21":1,"22":1,"23":1},"b":{},"_coverageSchema":"1a1c01bbd47fc00a2c39e90264f33305004495a9","hash":"10758fd607d78b6d39bde80e394372bfdda61a66","contentHash":"47b5871ab18b5fa7d56a10c87f9ba02cc2788475beaca135aa53b3b32f7a0d69"},"C:\\Users\\USER\\workspace\\isdi-parttime-202303\\staff\\ivan-canuto\\fullstack\\project\\api\\logic\\createConversation.js":{"path":"C:\\Users\\USER\\workspace\\isdi-parttime-202303\\staff\\ivan-canuto\\fullstack\\project\\api\\logic\\createConversation.js","statementMap":{"0":{"start":{"line":1,"column":0},"end":{"line":1,"column":26}},"1":{"start":{"line":3,"column":81},"end":{"line":3,"column":95}},"2":{"start":{"line":4,"column":31},"end":{"line":4,"column":56}},"3":{"start":{"line":5,"column":37},"end":{"line":5,"column":54}},"4":{"start":{"line":6,"column":17},"end":{"line":6,"column":36}},"5":{"start":{"line":7,"column":46},"end":{"line":7,"column":54}},"6":{"start":{"line":22,"column":0},"end":{"line":55,"column":1}},"7":{"start":{"line":23,"column":4},"end":{"line":23,"column":33}},"8":{"start":{"line":24,"column":4},"end":{"line":24,"column":41}},"9":{"start":{"line":26,"column":4},"end":{"line":54,"column":8}},"10":{"start":{"line":27,"column":21},"end":{"line":27,"column":48}},"11":{"start":{"line":29,"column":8},"end":{"line":29,"column":61}},"12":{"start":{"line":29,"column":18},"end":{"line":29,"column":61}},"13":{"start":{"line":31,"column":30},"end":{"line":33,"column":10}},"14":{"start":{"line":35,"column":23},"end":{"line":35,"column":51}},"15":{"start":{"line":37,"column":25},"end":{"line":42,"column":10}},"16":{"start":{"line":44,"column":22},"end":{"line":44,"column":58}},"17":{"start":{"line":46,"column":8},"end":{"line":49,"column":10}},"18":{"start":{"line":51,"column":29},"end":{"line":51,"column":112}},"19":{"start":{"line":53,"column":8},"end":{"line":53,"column":30}}},"fnMap":{"0":{"name":"createConversation","decl":{"start":{"line":22,"column":26},"end":{"line":22,"column":44}},"loc":{"start":{"line":22,"column":64},"end":{"line":55,"column":1}},"line":22},"1":{"name":"(anonymous_1)","decl":{"start":{"line":26,"column":12},"end":{"line":26,"column":13}},"loc":{"start":{"line":26,"column":24},"end":{"line":54,"column":5}},"line":26}},"branchMap":{"0":{"loc":{"start":{"line":29,"column":8},"end":{"line":29,"column":61}},"type":"if","locations":[{"start":{"line":29,"column":8},"end":{"line":29,"column":61}},{"start":{"line":29,"column":8},"end":{"line":29,"column":61}}],"line":29}},"s":{"0":1,"1":1,"2":1,"3":1,"4":1,"5":1,"6":1,"7":15,"8":8,"9":2,"10":2,"11":2,"12":1,"13":1,"14":1,"15":1,"16":1,"17":1,"18":1,"19":1},"f":{"0":15,"1":2},"b":{"0":[1,1]},"_coverageSchema":"1a1c01bbd47fc00a2c39e90264f33305004495a9","hash":"d1cf6dd7e6614e9a64c2cb34d6b5004dab23a2ab","contentHash":"1b35d34f54bb113b4013cc3c550c77b4527c8a550e93b0947ee891f57ce238f2"},"C:\\Users\\USER\\workspace\\isdi-parttime-202303\\staff\\ivan-canuto\\fullstack\\project\\api\\logic\\logic-specs\\createPost.spec.js":{"path":"C:\\Users\\USER\\workspace\\isdi-parttime-202303\\staff\\ivan-canuto\\fullstack\\project\\api\\logic\\logic-specs\\createPost.spec.js","statementMap":{"0":{"start":{"line":1,"column":0},"end":{"line":1,"column":26}},"1":{"start":{"line":3,"column":19},"end":{"line":3,"column":34}},"2":{"start":{"line":4,"column":19},"end":{"line":4,"column":43}},"3":{"start":{"line":5,"column":40},"end":{"line":5,"column":66}},"4":{"start":{"line":6,"column":17},"end":{"line":6,"column":36}},"5":{"start":{"line":7,"column":53},"end":{"line":7,"column":67}},"6":{"start":{"line":8,"column":37},"end":{"line":8,"column":65}},"7":{"start":{"line":9,"column":46},"end":{"line":9,"column":65}},"8":{"start":{"line":11,"column":0},"end":{"line":144,"column":2}},"9":{"start":{"line":14,"column":4},"end":{"line":14,"column":71}},"10":{"start":{"line":14,"column":23},"end":{"line":14,"column":70}},"11":{"start":{"line":16,"column":4},"end":{"line":27,"column":6}},"12":{"start":{"line":17,"column":8},"end":{"line":26,"column":9}},"13":{"start":{"line":18,"column":12},"end":{"line":18,"column":27}},"14":{"start":{"line":20,"column":12},"end":{"line":20,"column":34}},"15":{"start":{"line":21,"column":12},"end":{"line":21,"column":30}},"16":{"start":{"line":23,"column":12},"end":{"line":23,"column":36}},"17":{"start":{"line":29,"column":4},"end":{"line":59,"column":6}},"18":{"start":{"line":30,"column":8},"end":{"line":58,"column":9}},"19":{"start":{"line":31,"column":26},"end":{"line":31,"column":67}},"20":{"start":{"line":32,"column":27},"end":{"line":32,"column":47}},"21":{"start":{"line":34,"column":38},"end":{"line":34,"column":57}},"22":{"start":{"line":36,"column":12},"end":{"line":36,"column":97}},"23":{"start":{"line":38,"column":33},"end":{"line":38,"column":79}},"24":{"start":{"line":39,"column":35},"end":{"line":39,"column":62}},"25":{"start":{"line":41,"column":32},"end":{"line":41,"column":69}},"26":{"start":{"line":43,"column":12},"end":{"line":43,"column":65}},"27":{"start":{"line":45,"column":25},"end":{"line":45,"column":63}},"28":{"start":{"line":47,"column":12},"end":{"line":47,"column":43}},"29":{"start":{"line":48,"column":12},"end":{"line":48,"column":59}},"30":{"start":{"line":49,"column":12},"end":{"line":49,"column":58}},"31":{"start":{"line":50,"column":12},"end":{"line":50,"column":51}},"32":{"start":{"line":51,"column":12},"end":{"line":51,"column":50}},"33":{"start":{"line":52,"column":12},"end":{"line":52,"column":48}},"34":{"start":{"line":53,"column":12},"end":{"line":53,"column":47}},"35":{"start":{"line":54,"column":12},"end":{"line":54,"column":51}},"36":{"start":{"line":63,"column":4},"end":{"line":81,"column":6}},"37":{"start":{"line":64,"column":8},"end":{"line":80,"column":9}},"38":{"start":{"line":65,"column":26},"end":{"line":65,"column":67}},"39":{"start":{"line":66,"column":27},"end":{"line":66,"column":47}},"40":{"start":{"line":68,"column":12},"end":{"line":68,"column":113}},"41":{"start":{"line":70,"column":33},"end":{"line":70,"column":79}},"42":{"start":{"line":71,"column":35},"end":{"line":71,"column":62}},"43":{"start":{"line":73,"column":32},"end":{"line":73,"column":58}},"44":{"start":{"line":75,"column":12},"end":{"line":75,"column":96}},"45":{"start":{"line":78,"column":12},"end":{"line":78,"column":58}},"46":{"start":{"line":79,"column":12},"end":{"line":79,"column":61}},"47":{"start":{"line":83,"column":4},"end":{"line":98,"column":6}},"48":{"start":{"line":84,"column":8},"end":{"line":97,"column":9}},"49":{"start":{"line":85,"column":26},"end":{"line":85,"column":67}},"50":{"start":{"line":86,"column":27},"end":{"line":86,"column":47}},"51":{"start":{"line":88,"column":12},"end":{"line":88,"column":113}},"52":{"start":{"line":90,"column":40},"end":{"line":90,"column":66}},"53":{"start":{"line":92,"column":12},"end":{"line":92,"column":96}},"54":{"start":{"line":95,"column":12},"end":{"line":95,"column":58}},"55":{"start":{"line":96,"column":12},"end":{"line":96,"column":69}},"56":{"start":{"line":100,"column":4},"end":{"line":100,"column":202}},"57":{"start":{"line":100,"column":39},"end":{"line":100,"column":201}},"58":{"start":{"line":100,"column":52},"end":{"line":100,"column":133}},"59":{"start":{"line":102,"column":4},"end":{"line":111,"column":6}},"60":{"start":{"line":103,"column":35},"end":{"line":103,"column":61}},"61":{"start":{"line":104,"column":28},"end":{"line":104,"column":65}},"62":{"start":{"line":106,"column":8},"end":{"line":106,"column":123}},"63":{"start":{"line":106,"column":21},"end":{"line":106,"column":70}},"64":{"start":{"line":107,"column":8},"end":{"line":107,"column":121}},"65":{"start":{"line":107,"column":21},"end":{"line":107,"column":68}},"66":{"start":{"line":108,"column":8},"end":{"line":108,"column":121}},"67":{"start":{"line":108,"column":21},"end":{"line":108,"column":68}},"68":{"start":{"line":109,"column":8},"end":{"line":109,"column":128}},"69":{"start":{"line":109,"column":21},"end":{"line":109,"column":75}},"70":{"start":{"line":110,"column":8},"end":{"line":110,"column":120}},"71":{"start":{"line":110,"column":21},"end":{"line":110,"column":67}},"72":{"start":{"line":113,"column":4},"end":{"line":113,"column":227}},"73":{"start":{"line":113,"column":49},"end":{"line":113,"column":226}},"74":{"start":{"line":113,"column":62},"end":{"line":113,"column":167}},"75":{"start":{"line":115,"column":4},"end":{"line":115,"column":218}},"76":{"start":{"line":115,"column":47},"end":{"line":115,"column":217}},"77":{"start":{"line":115,"column":60},"end":{"line":115,"column":141}},"78":{"start":{"line":117,"column":4},"end":{"line":126,"column":6}},"79":{"start":{"line":118,"column":27},"end":{"line":118,"column":53}},"80":{"start":{"line":119,"column":28},"end":{"line":119,"column":65}},"81":{"start":{"line":121,"column":8},"end":{"line":121,"column":123}},"82":{"start":{"line":121,"column":21},"end":{"line":121,"column":62}},"83":{"start":{"line":122,"column":8},"end":{"line":122,"column":121}},"84":{"start":{"line":122,"column":21},"end":{"line":122,"column":60}},"85":{"start":{"line":123,"column":8},"end":{"line":123,"column":121}},"86":{"start":{"line":123,"column":21},"end":{"line":123,"column":60}},"87":{"start":{"line":124,"column":8},"end":{"line":124,"column":128}},"88":{"start":{"line":124,"column":21},"end":{"line":124,"column":67}},"89":{"start":{"line":125,"column":8},"end":{"line":125,"column":120}},"90":{"start":{"line":125,"column":21},"end":{"line":125,"column":59}},"91":{"start":{"line":128,"column":4},"end":{"line":128,"column":235}},"92":{"start":{"line":128,"column":49},"end":{"line":128,"column":234}},"93":{"start":{"line":128,"column":62},"end":{"line":128,"column":167}},"94":{"start":{"line":130,"column":4},"end":{"line":130,"column":188}},"95":{"start":{"line":130,"column":44},"end":{"line":130,"column":187}},"96":{"start":{"line":130,"column":57},"end":{"line":130,"column":127}},"97":{"start":{"line":132,"column":4},"end":{"line":141,"column":6}},"98":{"start":{"line":133,"column":27},"end":{"line":133,"column":53}},"99":{"start":{"line":134,"column":27},"end":{"line":134,"column":53}},"100":{"start":{"line":136,"column":8},"end":{"line":136,"column":119}},"101":{"start":{"line":136,"column":21},"end":{"line":136,"column":61}},"102":{"start":{"line":137,"column":8},"end":{"line":137,"column":117}},"103":{"start":{"line":137,"column":21},"end":{"line":137,"column":59}},"104":{"start":{"line":138,"column":8},"end":{"line":138,"column":117}},"105":{"start":{"line":138,"column":21},"end":{"line":138,"column":59}},"106":{"start":{"line":139,"column":8},"end":{"line":139,"column":124}},"107":{"start":{"line":139,"column":21},"end":{"line":139,"column":66}},"108":{"start":{"line":140,"column":8},"end":{"line":140,"column":116}},"109":{"start":{"line":140,"column":21},"end":{"line":140,"column":58}},"110":{"start":{"line":143,"column":4},"end":{"line":143,"column":50}},"111":{"start":{"line":143,"column":22},"end":{"line":143,"column":49}}},"fnMap":{"0":{"name":"(anonymous_0)","decl":{"start":{"line":11,"column":23},"end":{"line":11,"column":24}},"loc":{"start":{"line":11,"column":29},"end":{"line":144,"column":1}},"line":11},"1":{"name":"(anonymous_1)","decl":{"start":{"line":14,"column":11},"end":{"line":14,"column":12}},"loc":{"start":{"line":14,"column":23},"end":{"line":14,"column":70}},"line":14},"2":{"name":"(anonymous_2)","decl":{"start":{"line":16,"column":15},"end":{"line":16,"column":16}},"loc":{"start":{"line":16,"column":27},"end":{"line":27,"column":5}},"line":16},"3":{"name":"(anonymous_3)","decl":{"start":{"line":29,"column":36},"end":{"line":29,"column":37}},"loc":{"start":{"line":29,"column":48},"end":{"line":59,"column":5}},"line":29},"4":{"name":"(anonymous_4)","decl":{"start":{"line":63,"column":37},"end":{"line":63,"column":38}},"loc":{"start":{"line":63,"column":49},"end":{"line":81,"column":5}},"line":63},"5":{"name":"(anonymous_5)","decl":{"start":{"line":83,"column":45},"end":{"line":83,"column":46}},"loc":{"start":{"line":83,"column":57},"end":{"line":98,"column":5}},"line":83},"6":{"name":"(anonymous_6)","decl":{"start":{"line":100,"column":33},"end":{"line":100,"column":34}},"loc":{"start":{"line":100,"column":39},"end":{"line":100,"column":201}},"line":100},"7":{"name":"(anonymous_7)","decl":{"start":{"line":100,"column":46},"end":{"line":100,"column":47}},"loc":{"start":{"line":100,"column":52},"end":{"line":100,"column":133}},"line":100},"8":{"name":"(anonymous_8)","decl":{"start":{"line":102,"column":40},"end":{"line":102,"column":41}},"loc":{"start":{"line":102,"column":46},"end":{"line":111,"column":5}},"line":102},"9":{"name":"(anonymous_9)","decl":{"start":{"line":106,"column":15},"end":{"line":106,"column":16}},"loc":{"start":{"line":106,"column":21},"end":{"line":106,"column":70}},"line":106},"10":{"name":"(anonymous_10)","decl":{"start":{"line":107,"column":15},"end":{"line":107,"column":16}},"loc":{"start":{"line":107,"column":21},"end":{"line":107,"column":68}},"line":107},"11":{"name":"(anonymous_11)","decl":{"start":{"line":108,"column":15},"end":{"line":108,"column":16}},"loc":{"start":{"line":108,"column":21},"end":{"line":108,"column":68}},"line":108},"12":{"name":"(anonymous_12)","decl":{"start":{"line":109,"column":15},"end":{"line":109,"column":16}},"loc":{"start":{"line":109,"column":21},"end":{"line":109,"column":75}},"line":109},"13":{"name":"(anonymous_13)","decl":{"start":{"line":110,"column":15},"end":{"line":110,"column":16}},"loc":{"start":{"line":110,"column":21},"end":{"line":110,"column":67}},"line":110},"14":{"name":"(anonymous_14)","decl":{"start":{"line":113,"column":43},"end":{"line":113,"column":44}},"loc":{"start":{"line":113,"column":49},"end":{"line":113,"column":226}},"line":113},"15":{"name":"(anonymous_15)","decl":{"start":{"line":113,"column":56},"end":{"line":113,"column":57}},"loc":{"start":{"line":113,"column":62},"end":{"line":113,"column":167}},"line":113},"16":{"name":"(anonymous_16)","decl":{"start":{"line":115,"column":41},"end":{"line":115,"column":42}},"loc":{"start":{"line":115,"column":47},"end":{"line":115,"column":217}},"line":115},"17":{"name":"(anonymous_17)","decl":{"start":{"line":115,"column":54},"end":{"line":115,"column":55}},"loc":{"start":{"line":115,"column":60},"end":{"line":115,"column":141}},"line":115},"18":{"name":"(anonymous_18)","decl":{"start":{"line":117,"column":48},"end":{"line":117,"column":49}},"loc":{"start":{"line":117,"column":54},"end":{"line":126,"column":5}},"line":117},"19":{"name":"(anonymous_19)","decl":{"start":{"line":121,"column":15},"end":{"line":121,"column":16}},"loc":{"start":{"line":121,"column":21},"end":{"line":121,"column":62}},"line":121},"20":{"name":"(anonymous_20)","decl":{"start":{"line":122,"column":15},"end":{"line":122,"column":16}},"loc":{"start":{"line":122,"column":21},"end":{"line":122,"column":60}},"line":122},"21":{"name":"(anonymous_21)","decl":{"start":{"line":123,"column":15},"end":{"line":123,"column":16}},"loc":{"start":{"line":123,"column":21},"end":{"line":123,"column":60}},"line":123},"22":{"name":"(anonymous_22)","decl":{"start":{"line":124,"column":15},"end":{"line":124,"column":16}},"loc":{"start":{"line":124,"column":21},"end":{"line":124,"column":67}},"line":124},"23":{"name":"(anonymous_23)","decl":{"start":{"line":125,"column":15},"end":{"line":125,"column":16}},"loc":{"start":{"line":125,"column":21},"end":{"line":125,"column":59}},"line":125},"24":{
[...]
":6}},"40":{"start":{"line":73,"column":8},"end":{"line":92,"column":9}},"41":{"start":{"line":74,"column":26},"end":{"line":74,"column":67}},"42":{"start":{"line":75,"column":27},"end":{"line":75,"column":47}},"43":{"start":{"line":77,"column":25},"end":{"line":77,"column":56}},"44":{"start":{"line":79,"column":12},"end":{"line":82,"column":13}},"45":{"start":{"line":84,"column":32},"end":{"line":84,"column":43}},"46":{"start":{"line":85,"column":34},"end":{"line":85,"column":50}},"47":{"start":{"line":87,"column":12},"end":{"line":87,"column":85}},"48":{"start":{"line":90,"column":12},"end":{"line":90,"column":53}},"49":{"start":{"line":91,"column":12},"end":{"line":91,"column":64}},"50":{"start":{"line":95,"column":4},"end":{"line":116,"column":6}},"51":{"start":{"line":96,"column":8},"end":{"line":115,"column":9}},"52":{"start":{"line":97,"column":26},"end":{"line":97,"column":67}},"53":{"start":{"line":98,"column":27},"end":{"line":98,"column":47}},"54":{"start":{"line":100,"column":25},"end":{"line":100,"column":56}},"55":{"start":{"line":102,"column":12},"end":{"line":105,"column":13}},"56":{"start":{"line":107,"column":32},"end":{"line":107,"column":43}},"57":{"start":{"line":108,"column":41},"end":{"line":108,"column":65}},"58":{"start":{"line":110,"column":12},"end":{"line":110,"column":89}},"59":{"start":{"line":113,"column":12},"end":{"line":113,"column":56}},"60":{"start":{"line":114,"column":12},"end":{"line":114,"column":77}},"61":{"start":{"line":118,"column":4},"end":{"line":136,"column":6}},"62":{"start":{"line":119,"column":8},"end":{"line":135,"column":9}},"63":{"start":{"line":120,"column":26},"end":{"line":120,"column":67}},"64":{"start":{"line":121,"column":27},"end":{"line":121,"column":47}},"65":{"start":{"line":123,"column":25},"end":{"line":123,"column":56}},"66":{"start":{"line":125,"column":12},"end":{"line":128,"column":13}},"67":{"start":{"line":130,"column":12},"end":{"line":130,"column":74}},"68":{"start":{"line":133,"column":12},"end":{"line":133,"column":56}},"69":{"start":{"line":134,"column":12},"end":{"line":134,"column":90}},"70":{"start":{"line":138,"column":4},"end":{"line":138,"column":190}},"71":{"start":{"line":138,"column":39},"end":{"line":138,"column":189}},"72":{"start":{"line":138,"column":52},"end":{"line":138,"column":121}},"73":{"start":{"line":140,"column":4},"end":{"line":149,"column":6}},"74":{"start":{"line":141,"column":33},"end":{"line":141,"column":65}},"75":{"start":{"line":142,"column":32},"end":{"line":142,"column":43}},"76":{"start":{"line":144,"column":8},"end":{"line":144,"column":150}},"77":{"start":{"line":144,"column":21},"end":{"line":144,"column":97}},"78":{"start":{"line":145,"column":8},"end":{"line":145,"column":148}},"79":{"start":{"line":145,"column":21},"end":{"line":145,"column":95}},"80":{"start":{"line":146,"column":8},"end":{"line":146,"column":148}},"81":{"start":{"line":146,"column":21},"end":{"line":146,"column":95}},"82":{"start":{"line":147,"column":8},"end":{"line":147,"column":155}},"83":{"start":{"line":147,"column":21},"end":{"line":147,"column":102}},"84":{"start":{"line":148,"column":8},"end":{"line":148,"column":147}},"85":{"start":{"line":148,"column":21},"end":{"line":148,"column":94}},"86":{"start":{"line":151,"column":4},"end":{"line":151,"column":215}},"87":{"start":{"line":151,"column":49},"end":{"line":151,"column":214}},"88":{"start":{"line":151,"column":62},"end":{"line":151,"column":155}},"89":{"start":{"line":153,"column":4},"end":{"line":153,"column":224}},"90":{"start":{"line":153,"column":65},"end":{"line":153,"column":223}},"91":{"start":{"line":153,"column":78},"end":{"line":153,"column":157}},"92":{"start":{"line":155,"column":4},"end":{"line":164,"column":6}},"93":{"start":{"line":156,"column":27},"end":{"line":156,"column":53}},"94":{"start":{"line":157,"column":32},"end":{"line":157,"column":43}},"95":{"start":{"line":159,"column":8},"end":{"line":159,"column":145}},"96":{"start":{"line":159,"column":21},"end":{"line":159,"column":91}},"97":{"start":{"line":160,"column":8},"end":{"line":160,"column":143}},"98":{"start":{"line":160,"column":21},"end":{"line":160,"column":89}},"99":{"start":{"line":161,"column":8},"end":{"line":161,"column":143}},"100":{"start":{"line":161,"column":21},"end":{"line":161,"column":89}},"101":{"start":{"line":162,"column":8},"end":{"line":162,"column":150}},"102":{"start":{"line":162,"column":21},"end":{"line":162,"column":96}},"103":{"start":{"line":163,"column":8},"end":{"line":163,"column":142}},"104":{"start":{"line":163,"column":21},"end":{"line":163,"column":88}},"105":{"start":{"line":166,"column":4},"end":{"line":166,"column":228}},"106":{"start":{"line":166,"column":65},"end":{"line":166,"column":227}},"107":{"start":{"line":166,"column":78},"end":{"line":166,"column":157}},"108":{"start":{"line":168,"column":4},"end":{"line":177,"column":6}},"109":{"start":{"line":169,"column":27},"end":{"line":169,"column":53}},"110":{"start":{"line":170,"column":32},"end":{"line":170,"column":43}},"111":{"start":{"line":172,"column":8},"end":{"line":172,"column":142}},"112":{"start":{"line":172,"column":21},"end":{"line":172,"column":84}},"113":{"start":{"line":173,"column":8},"end":{"line":173,"column":140}},"114":{"start":{"line":173,"column":21},"end":{"line":173,"column":82}},"115":{"start":{"line":174,"column":8},"end":{"line":174,"column":140}},"116":{"start":{"line":174,"column":21},"end":{"line":174,"column":82}},"117":{"start":{"line":175,"column":8},"end":{"line":175,"column":147}},"118":{"start":{"line":175,"column":21},"end":{"line":175,"column":89}},"119":{"start":{"line":176,"column":8},"end":{"line":176,"column":139}},"120":{"start":{"line":176,"column":21},"end":{"line":176,"column":81}},"121":{"start":{"line":179,"column":4},"end":{"line":179,"column":237}},"122":{"start":{"line":179,"column":65},"end":{"line":179,"column":236}},"123":{"start":{"line":179,"column":78},"end":{"line":179,"column":158}},"124":{"start":{"line":181,"column":4},"end":{"line":190,"column":6}},"125":{"start":{"line":182,"column":27},"end":{"line":182,"column":53}},"126":{"start":{"line":183,"column":32},"end":{"line":183,"column":43}},"127":{"start":{"line":185,"column":8},"end":{"line":185,"column":150}},"128":{"start":{"line":185,"column":21},"end":{"line":185,"column":84}},"129":{"start":{"line":186,"column":8},"end":{"line":186,"column":148}},"130":{"start":{"line":186,"column":21},"end":{"line":186,"column":82}},"131":{"start":{"line":187,"column":8},"end":{"line":187,"column":148}},"132":{"start":{"line":187,"column":21},"end":{"line":187,"column":82}},"133":{"start":{"line":188,"column":8},"end":{"line":188,"column":155}},"134":{"start":{"line":188,"column":21},"end":{"line":188,"column":89}},"135":{"start":{"line":189,"column":8},"end":{"line":189,"column":147}},"136":{"start":{"line":189,"column":21},"end":{"line":189,"column":81}},"137":{"start":{"line":192,"column":4},"end":{"line":192,"column":50}},"138":{"start":{"line":192,"column":22},"end":{"line":192,"column":49}}},"fnMap":{"0":{"name":"(anonymous_0)","decl":{"start":{"line":11,"column":31},"end":{"line":11,"column":32}},"loc":{"start":{"line":11,"column":37},"end":{"line":193,"column":1}},"line":11},"1":{"name":"(anonymous_1)","decl":{"start":{"line":14,"column":11},"end":{"line":14,"column":12}},"loc":{"start":{"line":14,"column":23},"end":{"line":14,"column":70}},"line":14},"2":{"name":"(anonymous_2)","decl":{"start":{"line":16,"column":15},"end":{"line":16,"column":16}},"loc":{"start":{"line":16,"column":27},"end":{"line":28,"column":5}},"line":16},"3":{"name":"(anonymous_3)","decl":{"start":{"line":30,"column":49},"end":{"line":30,"column":50}},"loc":{"start":{"line":30,"column":61},"end":{"line":56,"column":5}},"line":30},"4":{"name":"(anonymous_4)","decl":{"start":{"line":58,"column":37},"end":{"line":58,"column":38}},"loc":{"start":{"line":58,"column":49},"end":{"line":70,"column":5}},"line":58},"5":{"name":"(anonymous_5)","decl":{"start":{"line":72,"column":39},"end":{"line":72,"column":40}},"loc":{"start":{"line":72,"column":51},"end":{"line":93,"column":5}},"line":72},"6":{"name":"(anonymous_6)","decl":{"start":{"line":95,"column":46},"end":{"line":95,"column":47}},"loc":{"start":{"line":95,"column":58},"end":{"line":116,"column":5}},"line":95},"7":{"name":"(anonymous_7)","decl":{"start":{"line":118,"column":59},"end":{"line":118,"column":60}},"loc":{"start":{"line":118,"column":71},"end":{"line":136,"column":5}},"line":118},"8":{"name":"(anonymous_8)","decl":{"start":{"line":138,"column":33},"end":{"line":138,"column":34}},"loc":{"start":{"line":138,"column":39},"end":{"line":138,"column":189}},"line":138},"9":{"name":"(anonymous_9)","decl":{"start":{"line":138,"column":46},"end":{"line":138,"column":47}},"loc":{"start":{"line":138,"column":52},"end":{"line":138,"column":121}},"line":138},"10":{"name":"(anonymous_10)","decl":{"start":{"line":140,"column":40},"end":{"line":140,"column":41}},"loc":{"start":{"line":140,"column":46},"end":{"line":149,"column":5}},"line":140},"11":{"name":"(anonymous_11)","decl":{"start":{"line":144,"column":15},"end":{"line":144,"column":16}},"loc":{"start":{"line":144,"column":21},"end":{"line":144,"column":97}},"line":144},"12":{"name":"(anonymous_12)","decl":{"start":{"line":145,"column":15},"end":{"line":145,"column":16}},"loc":{"start":{"line":145,"column":21},"end":{"line":145,"column":95}},"line":145},"13":{"name":"(anonymous_13)","decl":{"start":{"line":146,"column":15},"end":{"line":146,"column":16}},"loc":{"start":{"line":146,"column":21},"end":{"line":146,"column":95}},"line":146},"14":{"name":"(anonymous_14)","decl":{"start":{"line":147,"column":15},"end":{"line":147,"column":16}},"loc":{"start":{"line":147,"column":21},"end":{"line":147,"column":102}},"line":147},"15":{"name":"(anonymous_15)","decl":{"start":{"line":148,"column":15},"end":{"line":148,"column":16}},"loc":{"start":{"line":148,"column":21},"end":{"line":148,"column":94}},"line":148},"16":{"name":"(anonymous_16)","decl":{"start":{"line":151,"column":43},"end":{"line":151,"column":44}},"loc":{"start":{"line":151,"column":49},"end":{"line":151,"column":214}},"line":151},"17":{"name":"(anonymous_17)","decl":{"start":{"line":151,"column":56},"end":{"line":151,"column":57}},"loc":{"start":{"line":151,"column":62},"end":{"line":151,"column":155}},"line":151},"18":{"name":"(anonymous_18)","decl":{"start":{"line":153,"column":59},"end":{"line":153,"column":60}},"loc":{"start":{"line":153,"column":65},"end":{"line":153,"column":223}},"line":153},"19":{"name":"(anonymous_19)","decl":{"start":{"line":153,"column":72},"end":{"line":153,"column":73}},"loc":{"start":{"line":153,"column":78},"end":{"line":153,"column":157}},"line":153},"20":{"name":"(anonymous_20)","decl":{"start":{"line":155,"column":46},"end":{"line":155,"column":47}},"loc":{"start":{"line":155,"column":52},"end":{"line":164,"column":5}},"line":155},"21":{"name":"(anonymous_21)","decl":{"start":{"line":159,"column":15},"end":{"line":159,"column":16}},"loc":{"start":{"line":159,"column":21},"end":{"line":159,"column":91}},"line":159},"22":{"name":"(anonymous_22)","decl":{"start":{"line":160,"column":15},"end":{"line":160,"column":16}},"loc":{"start":{"line":160,"column":21},"end":{"line":160,"column":89}},"line":160},"23":{"name":"(anonymous_23)","decl":{"start":{"line":161,"column":15},"end":{"line":161,"column":16}},"loc":{"start":{"line":161,"column":21},"end":{"line":161,"column":89}},"line":161},"24":{"name":"(anonymous_24)","decl":{"start":{"line":162,"column":15},"end":{"line":162,"column":16}},"loc":{"start":{"line":162,"column":21},"end":{"line":162,"column":96}},"line":162},"25":{"name":"(anonymous_25)","decl":{"start":{"line":163,"column":15},"end":{"line":163,"column":16}},"loc":{"start":{"line":163,"column":21},"end":{"line":163,"column":88}},"line":163},"26":{"name":"(anonymous_26)","decl":{"start":{"line":166,"column":59},"end":{"line":166,"column":60}},"loc":{"start":{"line":166,"column":65},"end":{"line":166,"column":227}},"line":166},"27":{"name":"(anonymous_27)","decl":{"start":{"line":166,"column":72},"end":{"line":166,"column":73}},"loc":{"start":{"line":166,"column":78},"end":{"line":166,"column":157}},"line":166},"28":{"name":"(anonymous_28)","decl":{"start":{"line":168,"column":45},"end":{"line":168,"column":46}},"loc":{"start":{"line":168,"column":51},"end":{"line":177,"column":5}},"line":168},"29":{"name":"(anonymous_29)","decl":{"start":{"line":172,"column":15},"end":{"line":172,"column":16}},"loc":{"start":{"line":172,"column":21},"end":{"line":172,"column":84}},"line":172},"30":{"name":"(anonymous_30)","decl":{"start":{"line":173,"column":15},"end":{"line":173,"column":16}},"loc":{"start":{"line":173,"column":21},"end":{"line":173,"column":82}},"line":173},"31":{"name":"(anonymous_31)","decl":{"start":{"line":174,"column":15},"end":{"line":174,"column":16}},"loc":{"start":{"line":174,"column":21},"end":{"line":174,"column":82}},"line":174},"32":{"name":"(anonymous_32)","decl":{"start":{"line":175,"column":15},"end":{"line":175,"column":16}},"loc":{"start":{"line":175,"column":21},"end":{"line":175,"column":89}},"line":175},"33":{"name":"(anonymous_33)","decl":{"start":{"line":176,"column":15},"end":{"line":176,"column":16}},"loc":{"start":{"line":176,"column":21},"end":{"line":176,"column":81}},"line":176},"34":{"name":"(anonymous_34)","decl":{"start":{"line":179,"column":59},"end":{"line":179,"column":60}},"loc":{"start":{"line":179,"column":65},"end":{"line":179,"column":236}},"line":179},"35":{"name":"(anonymous_35)","decl":{"start":{"line":179,"column":72},"end":{"line":179,"column":73}},"loc":{"start":{"line":179,"column":78},"end":{"line":179,"column":158}},"line":179},"36":{"name":"(anonymous_36)","decl":{"start":{"line":181,"column":58},"end":{"line":181,"column":59}},"loc":{"start":{"line":181,"column":64},"end":{"line":190,"column":5}},"line":181},"37":{"name":"(anonymous_37)","decl":{"start":{"line":185,"column":15},"end":{"line":185,"column":16}},"loc":{"start":{"line":185,"column":21},"end":{"line":185,"column":84}},"line":185},"38":{"name":"(anonymous_38)","decl":{"start":{"line":186,"column":15},"end":{"line":186,"column":16}},"loc":{"start":{"line":186,"column":21},"end":{"line":186,"column":82}},"line":186},"39":{"name":"(anonymous_39)","decl":{"start":{"line":187,"column":15},"end":{"line":187,"column":16}},"loc":{"start":{"line":187,"column":21},"end":{"line":187,"column":82}},"line":187},"40":{"name":"(anonymous_40)","decl":{"start":{"line":188,"column":15},"end":{"line":188,"column":16}},"loc":{"start":{"line":188,"column":21},"end":{"line":188,"column":89}},"line":188},"41":{"name":"(anonymous_41)","decl":{"start":{"line":189,"column":15},"end":{"line":189,"column":16}},"loc":{"start":{"line":189,"column":21},"end":{"line":189,"column":81}},"line":189},"42":{"name":"(anonymous_42)","decl":{"start":{"line":192,"column":10},"end":{"line":192,"column":11}},"loc":{"start":{"line":192,"column":22},"end":{"line":192,"column":49}},"line":192}},"branchMap":{},"s":{"0":1,"1":1,"2":1,"3":1,"4":1,"5":1,"6":1,"7":1,"8":1,"9":1,"10":1,"11":1,"12":14,"13":14,"14":14,"15":14,"16":14,"17":14,"18":1,"19":1,"20":1,"21":1,"22":1,"23":1,"24":1,"25":1,"26":1,"27":1,"28":1,"29":1,"30":1,"31":1,"32":1,"33":1,"34":1,"35":1,"36":1,"37":1,"38":1,"39":1,"40":1,"41":1,"42":1,"43":1,"44":1,"45":1,"46":1,"47":1,"48":1,"49":1,"50":1,"51":1,"52":1,"53":1,"54":1,"55":1,"56":1,"57":1,"58":1,"59":1,"60":1,"61":1,"62":1,"63":1,"64":1,"65":1,"66":1,"67":1,"68":1,"69":1,"70":1,"71":1,"72":1,"73":1,"74":1,"75":1,"76":1,"77":1,"78":1,"79":1,"80":1,"81":1,"82":1,"83":1,"84":1,"85":1,"86":1,"87":1,"88":1,"89":1,"90":1,"91":1,"92":1,"93":1,"94":1,"95":1,"96":1,"97":1,"98":1,"99":1,"100":1,"101":1,"102":1,"103":1,"104":1,"105":1,"106":1,"107":1,"108":1,"109":1,"110":1,"111":1,"112":1,"113":1,"114":1,"115":1,"116":1,"117":1,"118":1,"119":1,"120":1,"121":1,"122":1,"123":1,"124":1,"125":1,"126":1,"127":1,"128":1,"129":1,"130":1,"131":1,"132":1,"133":1,"134":1,"135":1,"136":1,"137":1,"138":1},"f":{"0":1,"1":1,"2":14,"3":1,"4":1,"5":1,"6":1,"7":1,"8":1,"9":1,"10":1,"11":1,"12":1,"13":1,"14":1,"15":1,"16":1,"17":1,"18":1,"19":1,"20":1,"21":1,"22":1,"23":1,"24":1,"25":1,"26":1,"27":1,"28":1,"29":1,"30":1,"31":1,"32":1,"33":1,"34":1,"35":1,"36":1,"37":1,"38":1,"39":1,"40":1,"41":1,"42":1},"b":{},"_coverageSchema":"1a1c01bbd47fc00a2c39e90264f33305004495a9","hash":"71e882ad6f4f80cbdfdb654c27b5ecd3f8c56cf9","contentHash":"7e0fcee7f88be450b1926b12cf30d7d7f8c77a8242a7235e9175b45b6e3183ef"},"C:\\Users\\USER\\workspace\\isdi-parttime-202303\\staff\\ivan-canuto\\fullstack\\project\\api\\logic\\updateUserPassword.js":{"path":"C:\\Users\\USER\\workspace\\isdi-parttime-202303\\staff\\ivan-canuto\\fullstack\\project\\api\\logic\\updateUserPassword.js","statementMap":{"0":{"start":{"line":4,"column":4},"end":{"line":4,"column":18}},"1":{"start":{"line":5,"column":17},"end":{"line":5,"column":42}},"2":{"start":{"line":6,"column":15},"end":{"line":6,"column":34}},"3":{"start":{"line":25,"column":0},"end":{"line":51,"column":1}},"4":{"start":{"line":26,"column":2},"end":{"line":26,"column":31}},"5":{"start":{"line":27,"column":2},"end":{"line":27,"column":28}},"6":{"start":{"line":28,"column":2},"end":{"line":28,"column":47}},"7":{"start":{"line":29,"column":2},"end":{"line":29,"column":62}},"8":{"start":{"line":31,"column":2},"end":{"line":32,"column":61}},"9":{"start":{"line":32,"column":4},"end":{"line":32,"column":61}},"10":{"start":{"line":34,"column":2},"end":{"line":50,"column":6}},"11":{"start":{"line":35,"column":17},"end":{"line":35,"column":44}},"12":{"start":{"line":36,"column":4},"end":{"line":36,"column":57}},"13":{"start":{"line":36,"column":14},"end":{"line":36,"column":57}},"14":{"start":{"line":38,"column":33},"end":{"line":38,"column":78}},"15":{"start":{"line":40,"column":4},"end":{"line":40,"column":71}},"16":{"start":{"line":40,"column":30},"end":{"line":40,"column":71}},"17":{"start":{"line":42,"column":4},"end":{"line":42,"column":103}},"18":{"start":{"line":42,"column":33},"end":{"line":42,"column":103}},"19":{"start":{"line":44,"column":17},"end":{"line":44,"column":51}},"20":{"start":{"line":46,"column":4},"end":{"line":49,"column":5}}},"fnMap":{"0":{"name":"(anonymous_0)","decl":{"start":{"line":25,"column":17},"end":{"line":25,"column":18}},"loc":{"start":{"line":25,"column":72},"end":{"line":51,"column":1}},"line":25},"1":{"name":"(anonymous_1)","decl":{"start":{"line":34,"column":10},"end":{"line":34,"column":11}},"loc":{"start":{"line":34,"column":22},"end":{"line":50,"column":3}},"line":34}},"branchMap":{"0":{"loc":{"start":{"line":31,"column":2},"end":{"line":32,"column":61}},"type":"if","locations":[{"start":{"line":31,"column":2},"end":{"line":32,"column":61}},{"start":{"line":31,"column":2},"end":{"line":32,"column":61}}],"line":31},"1":{"loc":{"start":{"line":36,"column":4},"end":{"line":36,"column":57}},"type":"if","locations":[{"start":{"line":36,"column":4},"end":{"line":36,"column":57}},{"start":{"line":36,"column":4},"end":{"line":36,"column":57}}],"line":36},"2":{"loc":{"start":{"line":40,"column":4},"end":{"line":40,"column":71}},"type":"if","locations":[{"start":{"line":40,"column":4},"end":{"line":40,"column":71}},{"start":{"line":40,"column":4},"end":{"line":40,"column":71}}],"line":40},"3":{"loc":{"start":{"line":42,"column":4},"end":{"line":42,"column":103}},"type":"if","locations":[{"start":{"line":42,"column":4},"end":{"line":42,"column":103}},{"start":{"line":42,"column":4},"end":{"line":42,"column":103}}],"line":42}},"s":{"0":1,"1":1,"2":1,"3":1,"4":30,"5":23,"6":17,"7":11,"8":5,"9":1,"10":4,"11":4,"12":4,"13":1,"14":3,"15":3,"16":1,"17":2,"18":1,"19":1,"20":1},"f":{"0":30,"1":4},"b":{"0":[1,4],"1":[1,3],"2":[1,2],"3":[1,1]},"_coverageSchema":"1a1c01bbd47fc00a2c39e90264f33305004495a9","hash":"bec642d6fab10466369e1982dbb1dc7aabbb7d87","contentHash":"6e36021a6f6f7b383fbc5f006646664e4df53d6e50aa385e75bdd08dd54b0740"}}