{"C:\\Users\\USER\\workspace\\isdi-parttime-202303\\staff\\ivan-canuto\\fullstack\\project\\api\\logic\\logic-specs\\askForResponse.spec.js":{"path":"C:\\Users\\USER\\workspace\\isdi-parttime-202303\\staff\\ivan-canuto\\fullstack\\project\\api\\logic\\logic-specs\\askForResponse.spec.js","statementMap":{"0":{"start":{"line":1,"column":0},"end":{"line":1,"column":26}},"1":{"start":{"line":3,"column":19},"end":{"line":3,"column":34}},"2":{"start":{"line":4,"column":23},"end":{"line":4,"column":51}},"3":{"start":{"line":5,"column":40},"end":{"line":5,"column":66}},"4":{"start":{"line":6,"column":17},"end":{"line":6,"column":36}},"5":{"start":{"line":7,"column":53},"end":{"line":7,"column":67}},"6":{"start":{"line":8,"column":31},"end":{"line":8,"column":59}},"7":{"start":{"line":9,"column":46},"end":{"line":9,"column":65}},"8":{"start":{"line":11,"column":0},"end":{"line":134,"column":2}},"9":{"start":{"line":14,"column":4},"end":{"line":14,"column":71}},"10":{"start":{"line":14,"column":23},"end":{"line":14,"column":70}},"11":{"start":{"line":16,"column":4},"end":{"line":27,"column":6}},"12":{"start":{"line":17,"column":8},"end":{"line":26,"column":9}},"13":{"start":{"line":18,"column":12},"end":{"line":18,"column":27}},"14":{"start":{"line":20,"column":12},"end":{"line":20,"column":34}},"15":{"start":{"line":21,"column":12},"end":{"line":21,"column":30}},"16":{"start":{"line":23,"column":12},"end":{"line":23,"column":36}},"17":{"start":{"line":25,"column":12},"end":{"line":25,"column":42}},"18":{"start":{"line":29,"column":4},"end":{"line":50,"column":6}},"19":{"start":{"line":30,"column":8},"end":{"line":49,"column":9}},"20":{"start":{"line":31,"column":26},"end":{"line":31,"column":67}},"21":{"start":{"line":32,"column":27},"end":{"line":32,"column":47}},"22":{"start":{"line":34,"column":12},"end":{"line":34,"column":113}},"23":{"start":{"line":36,"column":33},"end":{"line":36,"column":79}},"24":{"start":{"line":37,"column":35},"end":{"line":37,"column":62}},"25":{"start":{"line":39,"column":40},"end":{"line":39,"column":74}},"26":{"start":{"line":41,"column":29},"end":{"line":41,"column":94}},"27":{"start":{"line":43,"column":12},"end":{"line":43,"column":47}},"28":{"start":{"line":44,"column":12},"end":{"line":44,"column":55}},"29":{"start":{"line":45,"column":12},"end":{"line":45,"column":54}},"30":{"start":{"line":48,"column":12},"end":{"line":48,"column":36}},"31":{"start":{"line":54,"column":4},"end":{"line":74,"column":6}},"32":{"start":{"line":55,"column":8},"end":{"line":73,"column":9}},"33":{"start":{"line":56,"column":26},"end":{"line":56,"column":67}},"34":{"start":{"line":57,"column":27},"end":{"line":57,"column":47}},"35":{"start":{"line":59,"column":12},"end":{"line":59,"column":113}},"36":{"start":{"line":61,"column":33},"end":{"line":61,"column":79}},"37":{"start":{"line":62,"column":35},"end":{"line":62,"column":62}},"38":{"start":{"line":64,"column":32},"end":{"line":64,"column":58}},"39":{"start":{"line":66,"column":40},"end":{"line":66,"column":88}},"40":{"start":{"line":68,"column":29},"end":{"line":68,"column":99}},"41":{"start":{"line":71,"column":12},"end":{"line":71,"column":58}},"42":{"start":{"line":72,"column":12},"end":{"line":72,"column":61}},"43":{"start":{"line":76,"column":4},"end":{"line":93,"column":6}},"44":{"start":{"line":77,"column":8},"end":{"line":92,"column":9}},"45":{"start":{"line":78,"column":26},"end":{"line":78,"column":67}},"46":{"start":{"line":79,"column":27},"end":{"line":79,"column":47}},"47":{"start":{"line":81,"column":12},"end":{"line":81,"column":113}},"48":{"start":{"line":83,"column":40},"end":{"line":83,"column":66}},"49":{"start":{"line":85,"column":40},"end":{"line":85,"column":88}},"50":{"start":{"line":87,"column":29},"end":{"line":87,"column":99}},"51":{"start":{"line":90,"column":12},"end":{"line":90,"column":58}},"52":{"start":{"line":91,"column":12},"end":{"line":91,"column":69}},"53":{"start":{"line":95,"column":4},"end":{"line":95,"column":217}},"54":{"start":{"line":95,"column":39},"end":{"line":95,"column":216}},"55":{"start":{"line":95,"column":52},"end":{"line":95,"column":148}},"56":{"start":{"line":97,"column":4},"end":{"line":106,"column":6}},"57":{"start":{"line":98,"column":35},"end":{"line":98,"column":61}},"58":{"start":{"line":99,"column":36},"end":{"line":99,"column":84}},"59":{"start":{"line":101,"column":8},"end":{"line":101,"column":135}},"60":{"start":{"line":101,"column":21},"end":{"line":101,"column":82}},"61":{"start":{"line":102,"column":8},"end":{"line":102,"column":133}},"62":{"start":{"line":102,"column":21},"end":{"line":102,"column":80}},"63":{"start":{"line":103,"column":8},"end":{"line":103,"column":133}},"64":{"start":{"line":103,"column":21},"end":{"line":103,"column":80}},"65":{"start":{"line":104,"column":8},"end":{"line":104,"column":140}},"66":{"start":{"line":104,"column":21},"end":{"line":104,"column":87}},"67":{"start":{"line":105,"column":8},"end":{"line":105,"column":132}},"68":{"start":{"line":105,"column":21},"end":{"line":105,"column":79}},"69":{"start":{"line":108,"column":4},"end":{"line":108,"column":242}},"70":{"start":{"line":108,"column":49},"end":{"line":108,"column":241}},"71":{"start":{"line":108,"column":62},"end":{"line":108,"column":182}},"72":{"start":{"line":110,"column":4},"end":{"line":110,"column":233}},"73":{"start":{"line":110,"column":47},"end":{"line":110,"column":232}},"74":{"start":{"line":110,"column":60},"end":{"line":110,"column":156}},"75":{"start":{"line":112,"column":4},"end":{"line":121,"column":6}},"76":{"start":{"line":113,"column":27},"end":{"line":113,"column":53}},"77":{"start":{"line":114,"column":36},"end":{"line":114,"column":84}},"78":{"start":{"line":116,"column":8},"end":{"line":116,"column":135}},"79":{"start":{"line":116,"column":21},"end":{"line":116,"column":74}},"80":{"start":{"line":117,"column":8},"end":{"line":117,"column":133}},"81":{"start":{"line":117,"column":21},"end":{"line":117,"column":72}},"82":{"start":{"line":118,"column":8},"end":{"line":118,"column":133}},"83":{"start":{"line":118,"column":21},"end":{"line":118,"column":72}},"84":{"start":{"line":119,"column":8},"end":{"line":119,"column":140}},"85":{"start":{"line":119,"column":21},"end":{"line":119,"column":79}},"86":{"start":{"line":120,"column":8},"end":{"line":120,"column":132}},"87":{"start":{"line":120,"column":21},"end":{"line":120,"column":71}},"88":{"start":{"line":123,"column":4},"end":{"line":123,"column":258}},"89":{"start":{"line":123,"column":57},"end":{"line":123,"column":257}},"90":{"start":{"line":123,"column":70},"end":{"line":123,"column":190}},"91":{"start":{"line":125,"column":4},"end":{"line":131,"column":6}},"92":{"start":{"line":126,"column":8},"end":{"line":126,"column":180}},"93":{"start":{"line":126,"column":21},"end":{"line":126,"column":114}},"94":{"start":{"line":127,"column":8},"end":{"line":127,"column":163}},"95":{"start":{"line":127,"column":21},"end":{"line":127,"column":97}},"96":{"start":{"line":128,"column":8},"end":{"line":128,"column":161}},"97":{"start":{"line":128,"column":21},"end":{"line":128,"column":95}},"98":{"start":{"line":129,"column":8},"end":{"line":129,"column":168}},"99":{"start":{"line":129,"column":21},"end":{"line":129,"column":102}},"100":{"start":{"line":130,"column":8},"end":{"line":130,"column":160}},"101":{"start":{"line":130,"column":21},"end":{"line":130,"column":94}},"102":{"start":{"line":133,"column":4},"end":{"line":133,"column":50}},"103":{"start":{"line":133,"column":22},"end":{"line":133,"column":49}}},"fnMap":{"0":{"name":"(anonymous_0)","decl":{"start":{"line":11,"column":27},"end":{"line":11,"column":28}},"loc":{"start":{"line":11,"column":33},"end":{"line":134,"column":1}},"line":11},"1":{"name":"(anonymous_1)","decl":{"start":{"line":14,"column":11},"end":{"line":14,"column":12}},"loc":{"start":{"line":14,"column":23},"end":{"line":14,"column":70}},"line":14},"2":{"name":"(anonymous_2)","decl":{"start":{"line":16,"column":15},"end":{"line":16,"column":16}},"loc":{"start":{"line":16,"column":27},"end":{"line":27,"column":5}},"line":16},"3":{"name":"(anonymous_3)","decl":{"start":{"line":29,"column":41},"end":{"line":29,"column":42}},"loc":{"start":{"line":29,"column":53},"end":{"line":50,"column":5}},"line":29},"4":{"name":"(anonymous_4)","decl":{"start":{"line":54,"column":37},"end":{"line":54,"column":38}},"loc":{"start":{"line":54,"column":49},"end":{"line":74,"column":5}},"line":54},"5":{"name":"(anonymous_5)","decl":{"start":{"line":76,"column":45},"end":{"line":76,"column":46}},"loc":{"start":{"line":76,"column":57},"end":{"line":93,"column":5}},"line":76},"6":{"name":"(anonymous_6)","decl":{"start":{"line":95,"column":33},"end":{"line":95,"column":34}},"loc":{"start":{"line":95,"column":39},"end":{"line":95,"column":216}},"line":95},"7":{"name":"(anonymous_7)","decl":{"start":{"line":95,"column":46},"end":{"line":95,"column":47}},"loc":{"start":{"line":95,"column":52},"end":{"line":95,"column":148}},"line":95},"8":{"name":"(anonymous_8)","decl":{"start":{"line":97,"column":40},"end":{"line":97,"column":41}},"loc":{"start":{"line":97,"column":46},"end":{"line":106,"column":5}},"line":97},"9":{"name":"(anonymous_9)","decl":{"start":{"line":101,"column":15},"end":{"line":101,"column":16}},"loc":{"start":{"line":101,"column":21},"end":{"line":101,"column":82}},"line":101},"10":{"name":"(anonymous_10)","decl":{"start":{"line":102,"column":15},"end":{"line":102,"column":16}},"loc":{"start":{"line":102,"column":21},"end":{"line":102,"column":80}},"line":102},"11":{"name":"(anonymous_11)","decl":{"start":{"line":103,"column":15},"end":{"line":103,"column":16}},"loc":{"start":{"line":103,"column":21},"end":{"line":103,"column":80}},"line":103},"12":{"name":"(anonymous_12)","decl":{"start":{"line":104,"column":15},"end":{"line":104,"column":16}},"loc":{"start":{"line":104,"column":21},"end":{"line":104,"column":87}},"line":104},"13":{"name":"(anonymous_13)","decl":{"start":{"line":105,"column":15},"end":{"line":105,"column":16}},"loc":{"start":{"line":105,"column":21},"end":{"line":105,"column":79}},"line":105},"14":{"name":"(anonymous_14)","decl":{"start":{"line":108,"column":43},"end":{"line":108,"column":44}},"loc":{"start":{"line":108,"column":49},"end":{"line":108,"column":241}},"line":108},"15":{"name":"(anonymous_15)","decl":{"start":{"line":108,"column":56},"end":{"line":108,"column":57}},"loc":{"start":{"line":108,"column":62},"end":{"line":108,"column":182}},"line":108},"16":{"name":"(anonymous_16)","decl":{"start":{"line":110,"column":41},"end":{"line":110,"column":42}},"loc":{"start":{"line":110,"column":47},"end":{"line":110,"column":232}},"line":110},"17":{"name":"(anonymous_17)","decl":{"start":{"line":110,"column":54},"end":{"line":110,"column":55}},"loc":{"start":{"line":110,"column":60},"end":{"line":110,"column":156}},"line":110},"18":{"name":"(anonymous_18)","decl":{"start":{"line":112,"column":48},"end":{"line":112,"column":49}},"loc":{"start":{"line":112,"column":54},"end":{"line":121,"column":5}},"line":112},"19":{"name":"(anonymous_19)","decl":{"start":{"line":116,"column":15},"end":{"line":116,"column":16}},"loc":{"start":{"line":116,"column":21},"end":{"line":116,"column":74}},"line":116},"20":{"name":"(anonymous_20)","decl":{"start":{"line":117,"column":15},"end":{"line":117,"column":16}},"loc":{"start":{"line":117,"column":21},"end":{"line":117,"column":72}},"line":117},"21":{"name":"(anonymous_21)","decl":{"start":{"line":118,"column":15},"end":{"line":118,"column":16}},"loc":{"start":{"line":118,"column":21},"end":{"line":118,"column":72}},"line":118},"22":{"name":"(anonymous_22)","decl":{"start":{"line":119,"column":15},"end":{"line":119,"column":16}},"loc":{"start":{"line":119,"column":21},"end":{"line":119,"column":79}},"line":119},"23":{"name":"(anonymous_23)","decl":{"start":{"line":120,"column":15},"end":{"line":120,"column":16}},"loc":{"start":{"line":120,"column":21},"end":{"line":120,"column":71}},"line":120},"24":{"name":"(anonymous_24)","decl":{"start":{"line":123,"column":51},"end":{"line":123,"column":52}},"loc":{"start":{"line":123,"column":57},"end":{"line":123,"column":257}},"line":123},"25":{"name":"(anonymous_25)","decl":{"start":{"line":123,"column":64},"end":{"line":123,"column":65}},"loc":{"start":{"line":123,"column":70},"end":{"line":123,"column":190}},"line":123},"26":{"name":"(anonymous_26)","decl":{"start":{"line":125,"column":62},"end":{"line":125,"column":63}},"loc":{"start":{"line":125,"column":68},"end":{"line":131,"column":5}},"line":125},"27":{"name":"(anonymous_27)","decl":{"start":{"line":126,"column":15},"end":{"line":126,"column":16}},"loc":{"start":{"line":126,"column":21},"end":{"line":126,"column":114}},"line":126},"28":{"name":"(anonymous_28)","decl":{"start":{"line":127,"column":15},"end":{"line":127,"column":16}},"loc":{"start":{"line":127,"column":21},"end":{"line":127,"column":97}},"line":127},"29":{"name":"(anonymous_29)","decl":{"start":{"line":128,"column":15},"end":{"line":128,"column":16}},"loc":{"start":{"line":128,"column":21},"end":{"line":128,"column":95}},"line":128},"30":{"name":"(anonymous_30)","decl":{"start":{"line":129,"column":15},"end":{"line":129,"column":16}},"loc":{"start":{"line":129,"column":21},"end":{"line":129,"column":102}},"line":129},"31":{"name":"(anonymous_31)","decl":{"start":{"line":130,"column":15},"end":{"line":130,"column":16}},"loc":{"start":{"line":130,"column":21},"end":{"line":130,"column":94}},"line":130},"32":{"name":"(anonymous_32)","decl":{"start":{"line":133,"column":10},"end":{"line":133,"column":11}},"loc":{"start":{"line":133,"column":22},"end":{"line":133,"column":49}},"line":133}},"branchMap":{},"s":{"0":1,"1":1,"2":1,"3":1,"4":1,"5":1,"6":1,"7":1,"8":1,"9":1,"10":1,"11":1,"12":10,"13":10,"14":10,"15":10,"16":10,"17":0,"18":1,"19":1,"20":1,"21":1,"22":1,"23":1,"24":1,"25":1,"26":1,"27":1,"28":1,"29":1,"30":0,"31":1,"32":1,"33":1,"34":1,"35":1,"36":1,"37":1,"38":1,"39":1,"40":1,"41":1,"42":1,"43":1,"44":1,"45":1,"46":1,"47":1,"48":1,"49":1,"50":1,"51":1,"52":1,"53":1,"54":1,"55":1,"56":1,"57":1,"58":1,"59":1,"60":1,"61":1,"62":1,"63":1,"64":1,"65":1,"66":1,"67":1,"68":1,"69":1,"70":1,"71":1,"72":1,"73":1,"74":1,"75":1,"76":1,"77":1,"78":1,"79":1,"80":1,"81":1,"82":1,"83":1,"84":1,"85":1,"86":1,"87":1,"88":1,"89":1,"90":1,"91":1,"92":1,"93":1,"94":1,"95":1,"96":1,"97":1,"98":1,"99":1,"100":1,"101":1,"102":1,"103":1},"f":{"0":1,"1":1,"2":10,"3":1,"4":1,"5":1,"6":1,"7":1,"8":1,"9":1,"10":1,"11":1,"12":1,"13":1,"14":1,"15":1,"16":1,"17":1,"18":1,"19":1,"20":1,"21":1,"22":1,"23":1,"24":1,"25":1,"26":1,"27":1,"28":1,"29":1,"30":1,"31":1,"32":1},"b":{},"_coverageSchema":"1a1c01bbd47fc00a2c39e90264f33305004495a9","hash":"e33b78a3879d1188938c68a9fab23a2ae74d327b","contentHash":"721b3cb93cc55c9e1869c8ce173421d5fa7a5ec374c280a343027831ea65eb04"},"C:\\Users\\USER\\workspace\\isdi-parttime-202303\\staff\\ivan-canuto\\fullstack\\project\\api\\logic\\askForResponse.js":{"path":"C:\\Users\\USER\\workspace\\isdi-parttime-202303\\staff\\ivan-canuto\\fullstack\\project\\api\\logic\\askForResponse.js","statementMap":{"0":{"start":{"line":1,"column":37},"end":{"line":1,"column":54}},"1":{"start":{"line":2,"column":31},"end":{"line":2,"column":56}},"2":{"start":{"line":3,"column":82},"end":{"line":3,"column":96}},"3":{"start":{"line":19,"column":0},"end":{"line":61,"column":1}},"4":{"start":{"line":20,"column":4},"end":{"line":20,"column":33}},"5":{"start":{"line":21,"column":4},"end":{"line":21,"column":49}},"6":{"start":{"line":22,"column":4},"end":{"line":22,"column":62}},"7":{"start":{"line":24,"column":4},"end":{"line":60,"column":8}},"8":{"start":{"line":25,"column":21},"end":{"line":25,"column":48}},"9":{"start":{"line":26,"column":8},"end":{"line":26,"column":61}},"10":{"start":{"line":26,"column":18},"end":{"line":26,"column":61}},"11":{"start":{"line":28,"column":29},"end":{"line":28,"column":72}},"12":{"start":{"line":29,"column":8},"end":{"line":29,"column":77}},"13":{"start":{"line":29,"column":26},"end":{"line":29,"column":77}},"14":{"start":{"line":31,"column":30},"end":{"line":33,"column":10}},"15":{"start":{"line":35,"column":23},"end":{"line":35,"column":51}},"16":{"start":{"line":37,"column":32},"end":{"line":37,"column":56}},"17":{"start":{"line":39,"column":28},"end":{"line":42,"column":9}},"18":{"start":{"line":44,"column":8},"end":{"line":44,"column":44}},"19":{"start":{"line":46,"column":25},"end":{"line":51,"column":10}},"20":{"start":{"line":53,"column":24},"end":{"line":53,"column":56}},"21":{"start":{"line":55,"column":8},"end":{"line":55,"column":43}},"22":{"start":{"line":57,"column":8},"end":{"line":57,"column":33}},"23":{"start":{"line":59,"column":8},"end":{"line":59,"column":22}}},"fnMap":{"0":{"name":"askForResponse","decl":{"start":{"line":19,"column":26},"end":{"line":19,"column":40}},"loc":{"start":{"line":19,"column":86},"end":{"line":61,"column":1}},"line":19},"1":{"name":"(anonymous_1)","decl":{"start":{"line":24,"column":12},"end":{"line":24,"column":13}},"loc":{"start":{"line":24,"column":24},"end":{"line":60,"column":5}},"line":24}},"branchMap":{"0":{"loc":{"start":{"line":26,"column":8},"end":{"line":26,"column":61}},"type":"if","locations":[{"start":{"line":26,"column":8},"end":{"line":26,"column":61}},{"start":{"line":26,"column":8},"end":{"line":26,"column":61}}],"line":26},"1":{"loc":{"start":{"line":29,"column":8},"end":{"line":29,"column":77}},"type":"if","locations":[{"start":{"line":29,"column":8},"end":{"line":29,"column":77}},{"start":{"line":29,"column":8},"end":{"line":29,"column":77}}],"line":29}},"s":{"0":1,"1":1,"2":1,"3":1,"4":22,"5":15,"6":8,"7":3,"8":3,"9":3,"10":1,"11":2,"12":2,"13":1,"14":1,"15":1,"16":1,"17":1,"18":1,"19":1,"20":1,"21":1,"22":1,"23":1},"f":{"0":22,"1":3},"b":{"0":[1,2],"1":[1,1]},"_coverageSchema":"1a1c01bbd47fc00a2c39e90264f33305004495a9","hash":"b338dcdfdb67b44d4c7fd9e6550b077122f5e182","contentHash":"1296cfbb160940e2ec61bbd43c0f1d840cd33b862ec6049625b3ad40c2e461bf"},"C:\\Users\\USER\\workspace\\isdi-parttime-202303\\staff\\ivan-canuto\\fullstack\\project\\api\\data\\models.js":{"path":"C:\\Users\\USER\\workspace\\isdi-parttime-202303\\staff\\ivan-canuto\\fullstack\\project\\api\\data\\models.js","statementMap":{"0":{"start":{"line":1,"column":17},"end":{"line":1,"column":36}},"1":{"start":{"line":2,"column":61},"end":{"line":2,"column":69}},"2":{"start":{"line":4,"column":16},"end":{"line":13,"column":2}},"3":{"start":{"line":15,"column":21},"end":{"line":28,"column":24}},"4":{"start":{"line":30,"column":13},"end":{"line":58,"column":2}},"5":{"start":{"line":60,"column":16},"end":{"line":73,"column":2}},"6":{"start":{"line":75,"column":19},"end":{"line":109,"column":24}},"7":{"start":{"line":111,"column":13},"end":{"line":111,"column":21}},"8":{"start":{"line":113,"column":13},"end":{"line":145,"column":2}},"9":{"start":{"line":147,"column":13},"end":{"line":147,"column":32}},"10":{"start":{"line":148,"column":13},"end":{"line":148,"column":32}},"11":{"start":{"line":149,"column":16},"end":{"line":149,"column":41}},"12":{"start":{"line":150,"column":19},"end":{"line":150,"column":50}},"13":{"start":{"line":151,"column":21},"end":{"line":151,"column":56}},"14":{"start":{"line":152,"column":16},"end":{"line":152,"column":41}},"15":{"start":{"line":154,"column":0},"end":{"line":161,"column":1}}},"fnMap":{},"branchMap":{},"s":{"0":1,"1":1,"2":1,"3":1,"4":1,"5":1,"6":1,"7":1,"8":1,"9":1,"10":1,"11":1,"12":1,"13":1,"14":1,"15":1},"f":{},"b":{},"_coverageSchema":"1a1c01bbd47fc00a2c39e90264f33305004495a9","hash":"8da58e9b710f50c5bbbeb9a1176361d8870e6c5c","contentHash":"e88608bd9f4c8b5127572743c101bf5a2273b84cc97e37e7d4dbed1d73e2bc8d"},"C:\\Users\\USER\\workspace\\isdi-parttime-202303\\staff\\ivan-canuto\\fullstack\\project\\api\\logic\\helpers-test\\index.js":{"path":"C:\\Users\\USER\\workspace\\isdi-parttime-202303\\staff\\ivan-canuto\\fullstack\\project\\api\\logic\\helpers-test\\index.js","statementMap":{"0":{"start":{"line":1,"column":0},"end":{"line":5,"column":1}}},"fnMap":{},"branchMap":{},"s":{"0":1},"f":{},"b":{},"_coverageSchema":"1a1c01bbd47fc00a2c39e90264f33305004495a9","hash":"b508a6cd8dc4012a3df8e4c21b0f88bed027e326","contentHash":"45b8a418c29b6a16c72c01e3a7f22822e30136c0cc0afa554948e8417391a088"},"C:\\Users\\USER\\workspace\\isdi-parttime-202303\\staff\\ivan-canuto\\fullstack\\project\\api\\logic\\helpers-test\\cleanUp.js":{"path":"C:\\Users\\USER\\workspace\\isdi-parttime-202303\\staff\\ivan-canuto\\fullstack\\project\\api\\logic\\helpers-test\\cleanUp.js","statementMap":{"0":{"start":{"line":1,"column":49},"end":{"line":1,"column":77}},"1":{"start":{"line":3,"column":0},"end":{"line":19,"column":1}},"2":{"start":{"line":15,"column":4},"end":{"line":15,"column":27}},"3":{"start":{"line":16,"column":4},"end":{"line":16,"column":27}},"4":{"start":{"line":17,"column":4},"end":{"line":17,"column":35}},"5":{"start":{"line":18,"column":4},"end":{"line":18,"column":33}}},"fnMap":{"0":{"name":"(anonymous_0)","decl":{"start":{"line":3,"column":18},"end":{"line":3,"column":19}},"loc":{"start":{"line":3,"column":30},"end":{"line":19,"column":1}},"line":3}},"branchMap":{},"s":{"0":1,"1":1,"2":333,"3":333,"4":333,"5":333},"f":{"0":333},"b":{},"_coverageSchema":"1a1c01bbd47fc00a2c39e90264f33305004495a9","hash":"9bbe84fd3c5395ec2e1885d6ca16404b4076e92c","contentHash":"b603d3753b63ad50afae5c15029961c68fb3ca9166b91db6a87afa7b59b3aaab"},"C:\\Users\\USER\\workspace\\isdi-parttime-202303\\staff\\ivan-canuto\\fullstack\\project\\api\\logic\\helpers-test\\generate.js":{"path":"C:\\Users\\USER\\workspace\\isdi-parttime-202303\\staff\\ivan-canuto\\fullstack\\project\\api\\logic\\helpers-test\\generate.js","statementMap":{"0":{"start":{"line":1,"column":0},"end":{"line":16,"column":1}},"1":{"start":{"line":2,"column":17},"end":{"line":8,"column":5}},"2":{"start":{"line":10,"column":21},"end":{"line":15,"column":5}}},"fnMap":{"0":{"name":"(anonymous_0)","decl":{"start":{"line":2,"column":10},"end":{"line":2,"column":11}},"loc":{"start":{"line":2,"column":17},"end":{"line":8,"column":5}},"line":2},"1":{"name":"(anonymous_1)","decl":{"start":{"line":10,"column":10},"end":{"line":10,"column":11}},"loc":{"start":{"line":10,"column":21},"end":{"line":15,"column":5}},"line":10}},"branchMap":{},"s":{"0":1,"1":333,"2":0},"f":{"0":333,"1":0},"b":{},"_coverageSchema":"1a1c01bbd47fc00a2c39e90264f33305004495a9","hash":"cde9429d67460d5757ebd2c2d81ada2255ca5909","contentHash":"903c7e3c548950f2a487e3d7bb98d5823ef63c5b8968651dc7f6d151c69a88c1"},"C:\\Users\\USER\\workspace\\isdi-parttime-202303\\staff\\ivan-canuto\\fullstack\\project\\api\\logic\\helpers-test\\populate.js":{"path":"C:\\Users\\USER\\workspace\\isdi-parttime-202303\\staff\\ivan-canuto\\fullstack\\project\\api\\logic\\helpers-test\\populate.js","statementMap":{"0":{"start":{"line":1,"column":23},"end":{"line":1,"column":51}},"1":{"start":{"line":3,"column":0},"end":{"line":14,"column":1}},"2":{"start":{"line":5,"column":21},"end":{"line":5,"column":23}},"3":{"start":{"line":7,"column":4},"end":{"line":7,"column":42}},"4":{"start":{"line":9,"column":4},"end":{"line":11,"column":5}},"5":{"start":{"line":10,"column":8},"end":{"line":10,"column":46}},"6":{"start":{"line":13,"column":4},"end":{"line":13,"column":31}}},"fnMap":{"0":{"name":"(anonymous_0)","decl":{"start":{"line":3,"column":17},"end":{"line":3,"column":18}},"loc":{"start":{"line":3,"column":43},"end":{"line":14,"column":1}},"line":3}},"branchMap":{"0":{"loc":{"start":{"line":9,"column":4},"end":{"line":11,"column":5}},"type":"if","locations":[{"start":{"line":9,"column":4},"end":{"line":11,"column":5}},{"start":{"line":9,"column":4},"end":{"line":11,"column":5}}],"line":9}},"s":{"0":1,"1":1,"2":324,"3":324,"4":324,"5":324,"6":324},"f":{"0":324},"b":{"0":[324,0]},"_coverageSchema":"1a1c01bbd47fc00a2c39e90264f33305004495a9","hash":"9d066e7b4c87e0dacf515833df8e348c38e4b427","contentHash":"a4c25f672180df02ca2289abcd59ff28f5e15547af932c4a2e94d983fc91cca4"},"C:\\Users\\USER\\workspace\\isdi-parttime-202303\\staff\\ivan-canuto\\fullstack\\project\\api\\logic\\logic-specs\\authenticateUser.spec.js":{"path":"C:\\Users\\USER\\workspace\\isdi-parttime-202303\\staff\\ivan-canuto\\fullstack\\project\\api\\logic\\logic-specs\\authenticateUser.spec.js","statementMap":{"0":{"start":{"line":1,"column":0},"end":{"line":1,"column":26}},"1":{"start":{"line":3,"column":19},"end":{"line":3,"column":34}},"2":{"start":{"line":4,"column":25},"end":{"line":4,"column":55}},"3":{"start":{"line":5,"column":40},"end":{"line":5,"column":66}},"4":{"start":{"line":6,"column":17},"end":{"line":6,"column":36}},"5":{"start":{"line":7,"column":64},"end":{"line":7,"column":78}},"6":{"start":{"line":8,"column":17},"end":{"line":8,"column":45}},"7":{"start":{"line":9,"column":15},"end":{"line":9,"column":34}},"8":{"start":{"line":11,"column":0},"end":{"line":91,"column":2}},"9":{"start":{"line":14,"column":4},"end":{"line":14,"column":71}},"10":{"start":{"line":14,"column":23},"end":{"line":14,"column":70}},"11":{"start":{"line":16,"column":4},"end":{"line":30,"column":6}},"12":{"start":{"line":17,"column":8},"end":{"line":29,"column":9}},"13":{"start":{"line":18,"column":12},"end":{"line":18,"column":27}},"14":{"start":{"line":20,"column":12},"end":{"line":20,"column":34}},"15":{"start":{"line":21,"column":12},"end":{"line":21,"column":30}},"16":{"start":{"line":22,"column":12},"end":{"line":22,"column":36}},"17":{"start":{"line":24,"column":12},"end":{"line":24,"column":59}},"18":{"start":{"line":26,"column":12},"end":{"line":26,"column":36}},"19":{"start":{"line":28,"column":12},"end":{"line":28,"column":42}},"20":{"start":{"line":32,"column":4},"end":{"line":44,"column":6}},"21":{"start":{"line":33,"column":8},"end":{"line":43,"column":9}},"22":{"start":{"line":34,"column":27},"end":{"line":34,"column":66}},"23":{"start":{"line":36,"column":26},"end":{"line":36,"column":53}},"24":{"start":{"line":38,"column":12},"end":{"line":38,"column":44}},"25":{"start":{"line":39,"column":12},"end":{"line":39,"column":45}},"26":{"start":{"line":42,"column":12},"end":{"line":42,"column":36}},"27":{"start":{"line":48,"column":4},"end":{"line":57,"column":6}},"28":{"start":{"line":49,"column":8},"end":{"line":56,"column":9}},"29":{"start":{"line":50,"column":29},"end":{"line":50,"column":44}},"30":{"start":{"line":51,"column":12},"end":{"line":51,"column":54}},"31":{"start":{"line":54,"column":12},"end":{"line":54,"column":58}},"32":{"start":{"line":55,"column":12},"end":{"line":55,"column":61}},"33":{"start":{"line":59,"column":4},"end":{"line":68,"column":6}},"34":{"start":{"line":60,"column":8},"end":{"line":67,"column":9}},"35":{"start":{"line":61,"column":32},"end":{"line":61,"column":73}},"36":{"start":{"line":62,"column":12},"end":{"line":62,"column":54}},"37":{"start":{"line":65,"column":12},"end":{"line":65,"column":53}},"38":{"start":{"line":66,"column":12},"end":{"line":66,"column":64}},"39":{"start":{"line":70,"column":4},"end":{"line":70,"column":134}},"40":{"start":{"line":70,"column":37},"end":{"line":70,"column":133}},"41":{"start":{"line":70,"column":50},"end":{"line":70,"column":80}},"42":{"start":{"line":72,"column":4},"end":{"line":78,"column":6}},"43":{"start":{"line":73,"column":8},"end":{"line":73,"column":104}},"44":{"start":{"line":73,"column":21},"end":{"line":73,"column":53}},"45":{"start":{"line":74,"column":8},"end":{"line":74,"column":102}},"46":{"start":{"line":74,"column":21},"end":{"line":74,"column":51}},"47":{"start":{"line":75,"column":8},"end":{"line":75,"column":102}},"48":{"start":{"line":75,"column":21},"end":{"line":75,"column":51}},"49":{"start":{"line":76,"column":8},"end":{"line":76,"column":109}},"50":{"start":{"line":76,"column":21},"end":{"line":76,"column":58}},"51":{"start":{"line":77,"column":8},"end":{"line":77,"column":101}},"52":{"start":{"line":77,"column":21},"end":{"line":77,"column":50}},"53":{"start":{"line":80,"column":4},"end":{"line":80,"column":150}},"54":{"start":{"line":80,"column":40},"end":{"line":80,"column":149}},"55":{"start":{"line":80,"column":53},"end":{"line":80,"column":83}},"56":{"start":{"line":82,"column":4},"end":{"line":88,"column":6}},"57":{"start":{"line":83,"column":8},"end":{"line":83,"column":104}},"58":{"start":{"line":83,"column":21},"end":{"line":83,"column":50}},"59":{"start":{"line":84,"column":8},"end":{"line":84,"column":102}},"60":{"start":{"line":84,"column":21},"end":{"line":84,"column":48}},"61":{"start":{"line":85,"column":8},"end":{"line":85,"column":102}},"62":{"start":{"line":85,"column":21},"end":{"line":85,"column":48}},"63":{"start":{"line":86,"column":8},"end":{"line":86,"column":109}},"64":{"start":{"line":86,"column":21},"end":{"line":86,"column":55}},"65":{"start":{"line":87,"column":8},"end":{"line":87,"column":101}},"66":{"start":{"line":87,"column":21},"end":{"line":87,"column":47}},"67":{"start":{"line":90,"column":4},"end":{"line":90,"column":50}},"68":{"start":{"line":90,"column":22},"end":{"line":90,"column":49}}},"fnMap":{"0":{"name":"(anonymous_0)","decl":{"start":{"line":11,"column":29},"end":{"line":11,"column":30}},"loc":{"start":{"line":11,"column":35},"end":{"line":91,"column":1}},"line":11},"1":{"name":"(anonymous_1)","decl":{"start":{"line":14,"column":11},"end":{"line":14,"column":12}},"loc":{"start":{"line":14,"column":23},"end":{"line":14,"column":70}},"line":14},"2":{"name":"(anonymous_2)","decl":{"start":{"line":16,"column":15},"end":{"line":16,"column":16}},"loc":{"start":{"line":16,"column":27},"end":{"line":30,"column":5}},"line":16},"3":{"name":"(anonymous_3)","decl":{"start":{"line":32,"column":36},"end":{"line":32,"column":37}},"loc":{"start":{"line":32,"column":48},"end":{"line":44,"column":5}},"line":32},"4":{"name":"(anonymous_4)","decl":{"start":{"line":48,"column":37},"end":{"line":48,"column":38}},"loc":{"start":{"line":48,"column":49},"end":{"line":57,"column":5}},"line":48},"5":{"name":"(anonymous_5)","decl":{"start":{"line":59,"column":52},"end":{"line":59,"column":53}},"loc":{"start":{"line":59,"column":64},"end":{"line":68,"column":5}},"line":59},"6":{"name":"(anonymous_6)","decl":{"start":{"line":70,"column":31},"end":{"line":70,"column":32}},"loc":{"start":{"line":70,"column":37},"end":{"line":70,"column":133}},"line":70},"7":{"name":"(anonymous_7)","decl":{"start":{"line":70,"column":44},"end":{"line":70,"column":45}},"loc":{"start":{"line":70,"column":50},"end":{"line":70,"column":80}},"line":70},"8":{"name":"(anonymous_8)","decl":{"start":{"line":72,"column":38},"end":{"line":72,"column":39}},"loc":{"start":{"line":72,"column":44},"end":{"line":78,"column":5}},"line":72},"9":{"name":"(anonymous_9)","decl":{"start":{"line":73,"column":15},"end":{"line":73,"column":16}},"loc":{"start":{"line":73,"column":21},"end":{"line":73,"column":53}},"line":73},"10":{"name":"(anonymous_10)","decl":{"start":{"line":74,"column":15},"end":{"line":74,"column":16}},"loc":{"start":{"line":74,"column":21},"end":{"line":74,"column":51}},"line":74},"11":{"name":"(anonymous_11)","decl":{"start":{"line":75,"column":15},"end":{"line":75,"column":16}},"loc":{"start":{"line":75,"column":21},"end":{"line":75,"column":51}},"line":75},"12":{"name":"(anonymous_12)","decl":{"start":{"line":76,"column":15},"end":{"line":76,"column":16}},"loc":{"start":{"line":76,"column":21},"end":{"line":76,"column":58}},"line":76},"13":{"name":"(anonymous_13)","decl":{"start":{"line":77,"column":15},"end":{"line":77,"column":16}},"loc":{"start":{"line":77,"column":21},"end":{"line":77,"column":50}},"line":77},"14":{"name":"(anonymous_14)","decl":{"start":{"line":80,"column":34},"end":{"line":80,"column":35}},"loc":{"start":{"line":80,"column":40},"end":{"line":80,"column":149}},"line":80},"15":{"name":"(anonymous_15)","decl":{"start":{"line":80,"column":47},"end":{"line":80,"column":48}},"loc":{"start":{"line":80,"column":53},"end":{"line":80,"column":83}},"line":80},"16":{"name":"(anonymous_16)","decl":{"start":{"line":82,"column":41},"end":{"line":82,"column":42}},"loc":{"start":{"line":82,"column":47},"end":{"line":88,"column":5}},"line":82},"17":{"name":"(anonymous_17)","decl":{"start":{"line":83,"column":15},"end":{"line":83,"column":16}},"loc":{"start":{"line":83,"column":21},"end":{"line":83,"column":50}},"line":83},"18":{"name":"(anonymous_18)","decl":{"start":{"line":84,"column":15},"end":{"line":84,"column":16}},"loc":{"start":{"line":84,"column":21},"end":{"line":84,"column":48}},"line":84},"19":{"name":"(anonymous_19)","decl":{"start":{"line":85,"column":15},"end":{"line":85,"column":16}},"loc":{"start":{"line":85,"column":21},"end":{"line":85,"column":48}},"line":85},"20":{"name":"(anonymous_20)","decl":{"start":{"line":86,"column":15},"end":{"line":86,"column":16}},"loc":{"start":{"line":86,"column":21},"end":{"line":86,"column":55}},"line":86},"21":{"name":"(anonymous_21)","decl":{"start":{"line":87,"column":15},"end":{"line":87,"column":16}},"loc":{"start":{"line":87,"column":21},"end":{"line":87,"column":47}},"line":87},"22":{"name":"(anonymous_22)","decl":{"start":{"line":90,"column":10},"end":{"line":90,"column":11}},"loc":{"start":{"line":90,"column":22},"end":{"line":90,"column":49}},"line":90}},"branchMap":{},"s":{"0":1,"1":1,"2":1,"3":1,"4":1,"5":1,"6":1,"7":1,"8":1,"9":1,"10":1,"11":1,"12":7,"13":7,"14":7,"15":7,"16":7,"17":7,"18":7,"19":0,"20":1,"21":1,"22":1,"23":1,"24":1,"25":1,"26":0,"27":1,"28":1,"29":1,"30":1,"31":1,"32":1,"33":1,"34":1,"35":1,"36":1,"37":1,"38":1,"39":1,"40":1,"41":1,"42":1,"43":1,"44":1,"45":1,"46":1,"47":1,"48":1,"49":1,"50":1,"51":1,"52":1,"53":1,"54":1,"55":1,"56":1,"57":1,"58":1,"59":1,"60":1,"61":1,"62":1,"63":1,"64":1,"65":1,"66":1,"67":1,"68":1},"f":{"0":1,"1":1,"2":7,"3":1,"4":1,"5":1,"6":1,"7":1,"8":1,"9":1,"10":1,"11":1,"12":1,"13":1,"14":1,"15":1,"16":1,"17":1,"18":1,"19":1,"20":1,"21":1,"22":1},"b":{},"_coverageSchema":"1a1c01bbd47fc00a2c39e90264f33305004495a9","hash":"9066bc72b5d27b0824cc2017e1a7b2111a902dce","contentHash":"ac884d42d2c4f399f8ce1ddec0ebbf49a609f0473c8a171acaf17a5014abf70d"},"C:\\Users\\USER\\workspace\\isdi-parttime-202303\\staff\\ivan-canuto\\fullstack\\project\\api\\logic\\authenticateUser.js":{"path":"C:\\Users\\USER\\workspace\\isdi-parttime-202303\\staff\\ivan-canuto\\fullstack\\project\\api\\logic\\authenticateUser.js","statementMap":{"0":{"start":{"line":4,"column":4},"end":{"line":4,"column":18}},"1":{"start":{"line":5,"column":17},"end":{"line":5,"column":42}},"2":{"start":{"line":6,"column":15},"end":{"line":6,"column":34}},"3":{"start":{"line":23,"column":0},"end":{"line":37,"column":1}},"4":{"start":{"line":24,"column":2},"end":{"line":24,"column":22}},"5":{"start":{"line":25,"column":2},"end":{"line":25,"column":28}},"6":{"start":{"line":27,"column":2},"end":{"line":36,"column":6}},"7":{"start":{"line":28,"column":17},"end":{"line":28,"column":46}},"8":{"start":{"line":29,"column":4},"end":{"line":29,"column":57}},"9":{"start":{"line":29,"column":14},"end":{"line":29,"column":57}},"10":{"start":{"line":31,"column":18},"end":{"line":31,"column":63}},"11":{"start":{"line":33,"column":4},"end":{"line":33,"column":56}},"12":{"start":{"line":33,"column":15},"end":{"line":33,"column":56}},"13":{"start":{"line":35,"column":4},"end":{"line":35,"column":30}}},"fnMap":{"0":{"name":"(anonymous_0)","decl":{"start":{"line":23,"column":17},"end":{"line":23,"column":18}},"loc":{"start":{"line":23,"column":38},"end":{"line":37,"column":1}},"line":23},"1":{"name":"(anonymous_1)","decl":{"start":{"line":27,"column":10},"end":{"line":27,"column":11}},"loc":{"start":{"line":27,"column":22},"end":{"line":36,"column":3}},"line":27}},"branchMap":{"0":{"loc":{"start":{"line":29,"column":4},"end":{"line":29,"column":57}},"type":"if","locations":[{"start":{"line":29,"column":4},"end":{"line":29,"column":57}},{"start":{"line":29,"column":4},"end":{"line":29,"column":57}}],"line":29},"1":{"loc":{"start":{"line":33,"column":4},"end":{"line":33,"column":56}},"type":"if","locations":[{"start":{"line":33,"column":4},"end":{"line":33,"column":56}},{"start":{"line":33,"column":4},"end":{"line":33,"column":56}}],"line":33}},"s":{"0":1,"1":1,"2":1,"3":1,"4":15,"5":9,"6":3,"7":3,"8":3,"9":1,"10":2,"11":2,"12":1,"13":1},"f":{"0":15,"1":3},"b":{"0":[1,2],"1":[1,1]},"_coverageSchema":"1a1c01bbd47fc00a2c39e90264f33305004495a9","hash":"a5effd7f5fc4f4fc75d8987ff52a373fc5a6e952","contentHash":"ab4dc930a7e7043a3cfeb9e9586c8f74f660e2af2cb9b84e25f5bf9bd8a9823f"},"C:\\Users\\USER\\workspace\\isdi-parttime-202303\\staff\\ivan-canuto\\fullstack\\project\\api\\logic\\logic-specs\\createComment.spec.js":{"path":"C:\\Users\\USER\\workspace\\isdi-parttime-202303\\staff\\ivan-canuto\\fullstack\\project\\api\\logic\\logic-specs\\createComment.spec.js","statementMap":{"0":{"start":{"line":1,"column":0},"end":{"line":1,"column":26}},"1":{"start":{"line":3,"column":19},"end":{"line":3,"column":34}},"2":{"start":{"line":4,"column":22},"end":{"line":4,"column":49}},"3":{"start":{"line":5,"column":40},"end":{"line":5,"column":66}},"4":{"start":{"line":6,"column":17},"end":{"line":6,"column":36}},"5":{"start":{"line":7,"column":53},"end":{"line":7,"column":67}},"6":{"start":{"line":8,"column":32},"end":{"line":8,"column":60}},"7":{"start":{"line":9,"column":46},"end":{"line":9,"column":65}},"8":{"start":{"line":11,"column":0},"end":{"line":146,"column":2}},"9":{"start":{"line":14,"column":4},"end":{"line":14,"column":71}},"10":{"start":{"line":14,"column":23},"end":{"line":14,"column":70}},"11":{"start":{"line":16,"column":4},"end":{"line":28,"column":6}},"12":{"start":{"line":17,"column":8},"end":{"line":27,"column":9}},"13":{"start":{"line":18,"column":12},"end":{"line":18,"column":27}},"14":{"start":{"line":20,"column":12},"end":{"line":20,"column":34}},"15":{"start":{"line":21,"column":12},"end":{"line":21,"column":28}},"16":{"start":{"line":22,"column":12},"end":{"line":22,"column":30}},"17":{"start":{"line":24,"column":12},"end":{"line":24,"column":36}},"18":{"start":{"line":26,"column":12},"end":{"line":26,"column":42}},"19":{"start":{"line":30,"column":4},"end":{"line":55,"column":6}},"20":{"start":{"line":31,"column":8},"end":{"line":54,"column":9}},"21":{"start":{"line":32,"column":26},"end":{"line":32,"column":67}},"22":{"start":{"line":33,"column":27},"end":{"line":33,"column":47}},"23":{"start":{"line":35,"column":12},"end":{"line":35,"column":209}},"24":{"start":{"line":37,"column":25},"end":{"line":37,"column":63}},"25":{"start":{"line":38,"column":27},"end":{"line":38,"column":46}},"26":{"start":{"line":40,"column":32},"end":{"line":40,"column":60}},"27":{"start":{"line":42,"column":12},"end":{"line":42,"column":60}},"28":{"start":{"line":44,"column":26},"end":{"line":44,"column":64}},"29":{"start":{"line":45,"column":28},"end":{"line":45,"column":98}},"30":{"start":{"line":45,"column":59},"end":{"line":45,"column":97}},"31":{"start":{"line":47,"column":12},"end":{"line":47,"column":46}},"32":{"start":{"line":48,"column":12},"end":{"line":48,"column":55}},"33":{"start":{"line":49,"column":12},"end":{"line":49,"column":78}},"34":{"start":{"line":50,"column":12},"end":{"line":50,"column":54}},"35":{"start":{"line":53,"column":12},"end":{"line":53,"column":36}},"36":{"start":{"line":59,"column":4},"end":{"line":79,"column":6}},"37":{"start":{"line":60,"column":8},"end":{"line":78,"column":9}},"38":{"start":{"line":61,"column":26},"end":{"line":61,"column":67}},"39":{"start":{"line":62,"column":27},"end":{"line":62,"column":47}},"40":{"start":{"line":64,"column":12},"end":{"line":64,"column":209}},"41":{"start":{"line":66,"column":25},"end":{"line":66,"column":63}},"42":{"start":{"line":67,"column":27},"end":{"line":67,"column":46}},"43":{"start":{"line":69,"column":32},"end":{"line":69,"column":58}},"44":{"start":{"line":71,"column":32},"end":{"line":71,"column":60}},"45":{"start":{"line":73,"column":12},"end":{"line":73,"column":65}},"46":{"start":{"line":76,"column":12},"end":{"line":76,"column":58}},"47":{"start":{"line":77,"column":12},"end":{"line":77,"column":61}},"48":{"start":{"line":81,"column":4},"end":{"line":98,"column":6}},"49":{"start":{"line":82,"column":8},"end":{"line":97,"column":9}},"50":{"start":{"line":83,"column":26},"end":{"line":83,"column":67}},"51":{"start":{"line":84,"column":27},"end":{"line":84,"column":47}},"52":{"start":{"line":86,"column":12},"end":{"line":86,"column":209}},"53":{"start":{"line":88,"column":32},"end":{"line":88,"column":58}},"54":{"start":{"line":90,"column":32},"end":{"line":90,"column":60}},"55":{"start":{"line":92,"column":12},"end":{"line":92,"column":65}},"56":{"start":{"line":95,"column":12},"end":{"line":95,"column":58}},"57":{"start":{"line":96,"column":12},"end":{"line":96,"column":61}},"58":{"start":{"line":100,"column":4},"end":{"line":100,"column":196}},"59":{"start":{"line":100,"column":39},"end":{"line":100,"column":195}},"60":{"start":{"line":100,"column":52},"end":{"line":100,"column":127}},"61":{"start":{"line":102,"column":4},"end":{"line":111,"column":6}},"62":{"start":{"line":103,"column":27},"end":{"line":103,"column":53}},"63":{"start":{"line":104,"column":28},"end":{"line":104,"column":56}},"64":{"start":{"line":106,"column":8},"end":{"line":106,"column":118}},"65":{"start":{"line":106,"column":21},"end":{"line":106,"column":65}},"66":{"start":{"line":107,"column":8},"end":{"line":107,"column":116}},"67":{"start":{"line":107,"column":21},"end":{"line":107,"column":63}},"68":{"start":{"line":108,"column":8},"end":{"line":108,"column":116}},"69":{"start":{"line":108,"column":21},"end":{"line":108,"column":63}},"70":{"start":{"line":109,"column":8},"end":{"line":109,"column":123}},"71":{"start":{"line":109,"column":21},"end":{"line":109,"column":70}},"72":{"start":{"line":110,"column":8},"end":{"line":110,"column":115}},"73":{"start":{"line":110,"column":21},"end":{"line":110,"column":62}},"74":{"start":{"line":113,"column":4},"end":{"line":113,"column":221}},"75":{"start":{"line":113,"column":49},"end":{"line":113,"column":220}},"76":{"start":{"line":113,"column":62},"end":{"line":113,"column":161}},"77":{"start":{"line":115,"column":4},"end":{"line":115,"column":196}},"78":{"start":{"line":115,"column":39},"end":{"line":115,"column":195}},"79":{"start":{"line":115,"column":52},"end":{"line":115,"column":127}},"80":{"start":{"line":117,"column":4},"end":{"line":126,"column":6}},"81":{"start":{"line":118,"column":27},"end":{"line":118,"column":53}},"82":{"start":{"line":119,"column":28},"end":{"line":119,"column":56}},"83":{"start":{"line":121,"column":8},"end":{"line":121,"column":118}},"84":{"start":{"line":121,"column":21},"end":{"line":121,"column":65}},"85":{"start":{"line":122,"column":8},"end":{"line":122,"column":116}},"86":{"start":{"line":122,"column":21},"end":{"line":122,"column":63}},"87":{"start":{"line":123,"column":8},"end":{"line":123,"column":116}},"88":{"start":{"line":123,"column":21},"end":{"line":123,"column":63}},"89":{"start":{"line":124,"column":8},"end":{"line":124,"column":123}},"90":{"start":{"line":124,"column":21},"end":{"line":124,"column":70}},"91":{"start":{"line":125,"column":8},"end":{"line":125,"column":115}},"92":{"start":{"line":125,"column":21},"end":{"line":125,"column":62}},"93":{"start":{"line":128,"column":4},"end":{"line":128,"column":221}},"94":{"start":{"line":128,"column":49},"end":{"line":128,"column":220}},"95":{"start":{"line":128,"column":62},"end":{"line":128,"column":161}},"96":{"start":{"line":130,"column":4},"end":{"line":130,"column":191}},"97":{"start":{"line":130,"column":44},"end":{"line":130,"column":190}},"98":{"start":{"line":130,"column":57},"end":{"line":130,"column":130}},"99":{"start":{"line":132,"column":4},"end":{"line":141,"column":6}},"100":{"start":{"line":133,"column":27},"end":{"line":133,"column":53}},"101":{"start":{"line":134,"column":27},"end":{"line":134,"column":53}},"102":{"start":{"line":136,"column":8},"end":{"line":136,"column":122}},"103":{"start":{"line":136,"column":21},"end":{"line":136,"column":64}},"104":{"start":{"line":137,"column":8},"end":{"line":137,"column":120}},"105":{"start":{"line":137,"column":21},"end":{"line":137,"column":62}},"106":{"start":{"line":138,"column":8},"end":{"line":138,"column":120}},"107":{"start":{"line":138,"column":21},"end":{"line":138,"column":62}},"108":{"start":{"line":139,"column":8},"end":{"line":139,"column":127}},"109":{"start":{"line":139,"column":21},"end":{"line":139,"column":69}},"110":{"start":{"line":140,"column":8},"end":{"line":140,"column":119}},"111":{"start":{"line":140,"column":21},"end":{"line":140,"column":61}},"112":{"start":{"line":143,"column":4},"end":{"line":143,"column":394}},"113":{"start":{"line":143,"column":47},"end":{"line":143,"column":393}},"114":{"start":{"line":143,"column":60},"end":{"line":143,"column":336}},"115":{"start":{"line":145,"column":4},"end":{"line":145,"column":50}},"116":{"start":{"line":145,"column":22},"end":{"line":145,"column":49}}},"fnMap":{"0":{"name":"(anonymous_0)","decl":{"start":{"line":11,"column":26},"end":{"line":11,"column":27}},"loc":{"start":{"line":11,"column":32},"end":{"line":146,"column":1}},"line":11},"1":{"name":"(anonymous_1)","decl":{"start":{"line":14,"column":11},"end":{"line":14,"column":12}},"loc":{"start":{"line":14,"column":23},"end":{"line":14,"column":70}},"line":14},"2":{"name":"(anonymous_2)","decl":{"start":{"line":16,"column":15},"end":{"line":16,"column":16}},"loc":{"start":{"line":16,"column":27},"end":{"line":28,"column":5}},"line":16},"3":{"name":"(anonymous_3)","decl":{"start":{"line":30,"column":39},"end":{"line":30,"column":40}},"loc":{"start":{"line":30,"column":51},"end":{"line":55,"column":5}},"line":30},"4":{"name":"(anonymous_4)","decl":{"start":{"line":45,"column":48},"end":{"line":45,"column":49}},"loc":{"start":{"line":45,"column":59},"end":{"line":45,"column":97}},"line":45},"5":{"name":"(anonymous_5)","decl":{"start":{"line":59,"column":37},"end":{"line":59,"column":38}},"loc":{"start":{"line":59,"column":49},"end":{"line":79,"column":5}},"line":59},"6":{"name":"(anonymous_6)","decl":{"start":{"line":81,"column":37},"end":{"line":81,"column":38}},"loc":{"start":{"line":81,"column":49},"end":{"line":98,"column":5}},"line":81},"7":{"name":"(anonymous_7)","decl":{"start":{"line":100,"column":33},"end":{"line":100,"column":34}},"loc":{"start":{"line":100,"column":39},"end":{"line":100,"column":195}},"line":100},"8":{"name":"(anonymous_8)","decl":{"start":{"line":100,"column":46},"end":{"line":100,"column":47}},"loc":{"start":{"line":100,"column":52},"end":{"line":100,"column":127}},"line":100},"9":{"name":"(anonymous_9)","decl":{"start":{"line":102,"column":40},"end":{"line":102,"column":41}},"loc":{"start":{"line":102,"column":46},"end":{"line":111,"column":5}},"line":102},"10":{"name":"(anonymous_10)","decl":{"start":{"line":106,"column":15},"end":{"line":106,"column":16}},"loc":{"start":{"line":106,"column":21},"end":{"line":106,"column":65}},"line":106},"11":{"name":"(anonymous_11)","decl":{"start":{"line":107,"column":15},"end":{"line":107,"column":16}},"loc":{"start":{"line":107,"column":21},"end":{"line":107,"column":63}},"line":107},"12":{"name":"(anonymous_12)","decl":{"start":{"line":108,"column":15},"end":{"line":108,"column":16}},"loc":{"start":{"line":108,"column":21},"end":{"line":108,"column":63}},"line":108},"13":{"name":"(anonymous_13)","decl":{"start":{"line":109,"column":15},"end":{"line":109,"column":16}},"loc":{"start":{"line":109,"column":21},"end":{"line":109,"column":70}},"line":109},"14":{"name":"(anonymous_14)","decl":{"start":{"line":110,"column":15},"end":{"line":110,"column":16}},"loc":{"start":{"line":110,"column":21},"end":{"line":110,"column":62}},"line":110},"15":{"name":"(anonymous_15)","decl":{"start":{"line":113,"column":43},"end":{"line":113,"column":44}},"loc":{"start":{"line":113,"column":49},"end":{"line":113,"column":220}},"line":113},"16":{"name":"(anonymous_16)","decl":{"start":{"line":113,"column":56},"end":{"line":113,"column":57}},"loc":{"start":{"line":113,"column":62},"end":{"line":113,"column":161}},"line":113},"17":{"name":"(anonymous_17)","decl":{"start":{"line":115,"column":33},"end":{"line":115,"column":34}},"loc":{"start":{"line":115,"column":39},"end":{"line":115,"column":195}},"line":115},"18":{"name":"(anonymous_18)","decl":{"start":{"line":115,"column":46},"end":{"line":115,"column":47}},"loc":{"start":{"line":115,"column":52},"end":{"line":115,"column":127}},"line":115},"19":{"name":"(anonymous_19)","decl":{"start":{"line":117,"column":40},"end":{"line":117,"column":41}},"loc":{"start":{"line":117,"column":46},"end":{"line":126,"column":5}},"line":117},"20":{"name":"(anonymous_20)","decl":{"start":{"line":121,"column":15},"end":{"line":121,"column":16}},"loc":{"start":{"line":121,"column":21},"end":{"line":121,"column":65}},"line":121},"21":{"name":"(anonymous_21)","decl":{"start":{"line":122,"column":15},"end":{"line":122,"column":16}},"loc":{"start":{"line":122,"column":21},"end":{"line":122,"column":63}},"line":122},"22":{"name":"(anonymous_22)","decl":{"start":{"line":123,"column":15},"end":{"line":123,"column":16}},"loc":{"start":{"line":123,"column":21},"end":{"line":123,"column":63}},"line":123},"23":{"name":"(anonymous_23)","decl":{"start":{"line":124,"column":15},"end":{"line":124,"column":16}},"loc":{"start":{"line":124,"column":21},"end":{"line":124,"column":70}},"line":124},"24":{"name":"(anonymous_24)","decl":{"start":{"line":125,"column":15},"end":{"line":125,"column":16}},"loc":{"start":{"line":125,"column":21},"end":{"line":125,"column":62}},"line":125},"25":{"name":"(anonymous_25)","decl":{"start":{"line":128,"column":43},"end":{"line":128,"column":44}},"loc":{"start":{"line":128,"column":49},"end":{"line":128,"column":220}},"line":128},"26":{"name":"(anonymous_26)","decl":{"start":{"line":128,"column":56},"end":{"line":128,"column":57}},"loc":{"start":{"line":128,"column":62},"end":{"line":128,"column":161}},"line":128},"27":{"name":"(anonymous_27)","decl":{"start":{"line":130,"column":38},"end":{"line":130,"column":39}},"loc":{"start":{"line":130,"column":44},"end":{"line":130,"column":190}},"line":130},"28":{"name":"(anonymous_28)","decl":{"start":{"line":130,"column":51},"end":{"line":130,"column":52}},"loc":{"start":{"line":130,"column":57},"end":{"line":130,"column":130}},"line":130},"29":{"name":"(anonymous_29)","decl":{"start":{"line":132,"column":45},"end":{"line":132,"column":46}},"loc":{"start":{"line":132,"column":51},"end":{"line":141,"column":5}},"line":132},"30":{"name":"(anonymous_30)","decl":{"start":{"line":136,"column":15},"end":{"line":136,"column":16}},"loc":{"start":{"line":136,"column":21},"end":{"line":136,"column":64}},"line":136},"31":{"name":"(anonymous_31)","decl":{"start":{"line":137,"column":15},"end":{"line":137,"column":16}},"loc":{"start":{"line":137,"column":21},"end":{"line":137,"column":62}},"line":137},"32":{"name":"(anonymous_32)","decl":{"start":{"line":138,"column":15},"end":{"line":138,"column":16}},"loc":{"start":{"line":138,"column":21},"end":{"line":138,"column":62}},"line":138},"33":{"name":"(anonymous_33)","decl":{"start":{"line":139,"column":15},"end":{"line":139,"column":16}},"loc":{"start":{"line":139,"column":21},"end":{"line":139,"column":69}},"line":139},"34":{"name":"(anonymous_34)","decl":{"start":{"line":140,"column":15},"end":{"line":140,"column":16}},"loc":{"start":{"line":140,"column":21},"end":{"line":140,"column":61}},"line":140},"35":{"name":"(anonymous_35)","decl":{"start":{"line":143,"column":41},"end":{"line":143,"column":42}},"loc":{"start":{"line":143,"column":47},"end":{"line":143,"column":393}},"line":143},"36":{"name":"(anonymous_36)","decl":{"start":{"line":143,"column":54},"end":{"line":143,"column":55}},"loc":{"start":{"line":143,"column":60},"end":{"line":143,"column":336}},"line":143},"37":{"name":"(anonymous_37)","decl":{"start":{"line":145,"column":10},"end":{"line":145,"column":11}},"loc":{"start":{"line":145,"column":22},"end":{"line":145,"column":49}},"line":145}},"branchMap":{},"s":{"0":1,"1":1,"2":1,"3":1,"4":1,"5":1,"6":1,"7":1,"8":1,"9":1,"10":1,"11":1,"12":12,"13":12,"14":12,"15":12,"16":12,"17":12,"18":0,"19":1,"20":1,"21":1,"22":1,"23":1,"24":1,"25":1,"26":1,"27":1,"28":1,"29":1,"30":1,"31":1,"32":1,"33":1,"34":1,"35":0,"36":1,"37":1,"38":1,"39":1,"40":1,"41":1,"42":1,"43":1,"44":1,"45":1,"46":1,"47":1,"48":1,"49":1,"50":1,"51":1,"52":1,"53":1,"54":1,"55":1,"56":1,"57":1,"58":1,"59":1,"60":1,"61":1,"62":1,"63":1,"64":1,"65":1,"66":1,"67":1,"68":1,"69":1,"70":1,"71":1,"72":1,"73":1,"74":1,"75":1,"76":1,"77":1,"78":1,"79":1,"80":1,"81":1,"82":1,"83":1,"84":1,"85":1,"86":1,"87":1,"88":1,"89":1,"90":1,"91":1,"92":1,"93":1,"94":1,"95":1,"96":1,"97":1,"98":1,"99":1,"100":1,"101":1,"102":1,"103":1,"104":1,"105":1,"106":1,"107":1,"108":1,"109":1,"110":1,"111":1,"112":1,"113":1,"114":1,"115":1,"116":1},"f":{"0":1,"1":1,"2":12,"3":1,"4":1,"5":1,"6":1,"7":1,"8":1,"9":1,"10":1,"11":1,"12":1,"13":1,"14":1,"15":1,"16":1,"17":1,"18":1,"19":1,"20":1,"21":1,"22":1,"23":1,"24":1,"25":1,"26":1,"27":1,"28":1,"29":1,"30":1,"31":1,"32":1,"33":1,"34":1,"35":1,"36":1,"37":1},"b":{},"_coverageSchema":"1a1c01bbd47fc00a2c39e90264f33305004495a9","hash":"743fb309b096e8ce2929733fb13233d53045ef2f","contentHash":"763a141f8bc47fd6c3b9bde4ff90dcecce2edcc495628fc773c7d9c694fdff61"},"C:\\Users\\USER\\workspace\\isdi-parttime-202303\\staff\\ivan-canuto\\fullstack\\project\\api\\logic\\createComment.js":{"path":"C:\\Users\\USER\\workspace\\isdi-parttime-202303\\staff\\ivan-canuto\\fullstack\\project\\api\\logic\\createComment.js","statementMap":{"0":{"start":{"line":4,"column":4},"end":{"line":4,"column":18}},"1":{"start":{"line":5,"column":46},"end":{"line":5,"column":65}},"2":{"start":{"line":7,"column":23},"end":{"line":7,"column":48}},"3":{"start":{"line":23,"column":0},"end":{"line":46,"column":1}},"4":{"start":{"line":24,"column":2},"end":{"line":24,"column":31}},"5":{"start":{"line":25,"column":2},"end":{"line":25,"column":31}},"6":{"start":{"line":26,"column":2},"end":{"line":26,"column":46}},"7":{"start":{"line":28,"column":2},"end":{"line":45,"column":6}},"8":{"start":{"line":29,"column":17},"end":{"line":29,"column":44}},"9":{"start":{"line":30,"column":4},"end":{"line":30,"column":57}},"10":{"start":{"line":30,"column":14},"end":{"line":30,"column":57}},"11":{"start":{"line":32,"column":17},"end":{"line":32,"column":44}},"12":{"start":{"line":33,"column":4},"end":{"line":33,"column":57}},"13":{"start":{"line":33,"column":14},"end":{"line":33,"column":57}},"14":{"start":{"line":35,"column":23},"end":{"line":35,"column":95}},"15":{"start":{"line":37,"column":4},"end":{"line":37,"column":34}},"16":{"start":{"line":39,"column":4},"end":{"line":39,"column":21}}},"fnMap":{"0":{"name":"(anonymous_0)","decl":{"start":{"line":23,"column":17},"end":{"line":23,"column":18}},"loc":{"start":{"line":23,"column":50},"end":{"line":46,"column":1}},"line":23},"1":{"name":"(anonymous_1)","decl":{"start":{"line":28,"column":10},"end":{"line":28,"column":11}},"loc":{"start":{"line":28,"column":22},"end":{"line":45,"column":3}},"line":28}},"branchMap":{"0":{"loc":{"start":{"line":30,"column":4},"end":{"line":30,"column":57}},"type":"if","locations":[{"start":{"line":30,"column":4},"end":{"line":30,"column":57}},{"start":{"line":30,"column":4},"end":{"line":30,"column":57}}],"line":30},"1":{"loc":{"start":{"line":33,"column":4},"end":{"line":33,"column":57}},"type":"if","locations":[{"start":{"line":33,"column":4},"end":{"line":33,"column":57}},{"start":{"line":33,"column":4},"end":{"line":33,"column":57}}],"line":33}},"s":{"0":1,"1":1,"2":1,"3":1,"4":24,"5":17,"6":10,"7":3,"8":3,"9":3,"10":1,"11":2,"12":2,"13":1,"14":1,"15":1,"16":1},"f":{"0":24,"1":3},"b":{"0":[1,2],"1":[1,1]},"_coverageSchema":"1a1c01bbd47fc00a2c39e90264f33305004495a9","hash":"483b5a4a02873c0eacc02ce24f24727556b67ed9","contentHash":"400a86f30147ad2ef131d1e8c6691046c436555cbc6a4e34c46c260861d75e3c"},"C:\\Users\\USER\\workspace\\isdi-parttime-202303\\staff\\ivan-canuto\\fullstack\\project\\api\\logic\\logic-specs\\createConversation.spec.js":{"path":"C:\\Users\\USER\\workspace\\isdi-parttime-202303\\staff\\ivan-canuto\\fullstack\\project\\api\\logic\\logic-specs\\createConversation.spec.js","statementMap":{"0":{"start":{"line":1,"column":0},"end":{"line":1,"column":26}},"1":{"start":{"line":3,"column":19},"end":{"line":3,"column":34}},"2":{"start":{"line":4,"column":27},"end":{"line":4,"column":59}},"3":{"start":{"line":5,"column":40},"end":{"line":5,"column":66}},"4":{"start":{"line":6,"column":17},"end":{"line":6,"column":36}},"5":{"start":{"line":7,"column":53},"end":{"line":7,"column":67}},"6":{"start":{"line":8,"column":31},"end":{"line":8,"column":59}},"7":{"start":{"line":10,"column":0},"end":{"line":92,"column":2}},"8":{"start":{"line":13,"column":4},"end":{"line":13,"column":71}},"9":{"start":{"line":13,"column":23},"end":{"line":13,"column":70}},"10":{"start":{"line":15,"column":4},"end":{"line":27,"column":6}},"11":{"start":{"line":16,"column":8},"end":{"line":26,"column":9}},"12":{"start":{"line":17,"column":12},"end":{"line":17,"column":27}},"13":{"start":{"line":19,"column":12},"end":{"line":19,"column":34}},"14":{"start":{"line":20,"column":12},"end":{"line":20,"column":28}},"15":{"start":{"line":21,"column":12},"end":{"line":21,"column":30}},"16":{"start":{"line":23,"column":12},"end":{"line":23,"column":36}},"17":{"start":{"line":25,"column":12},"end":{"line":25,"column":42}},"18":{"start":{"line":29,"column":4},"end":{"line":45,"column":6}},"19":{"start":{"line":30,"column":8},"end":{"line":44,"column":9}},"20":{"start":{"line":31,"column":26},"end":{"line":31,"column":67}},"21":{"start":{"line":32,"column":27},"end":{"line":32,"column":47}},"22":{"start":{"line":34,"column":30},"end":{"line":34,"column":71}},"23":{"start":{"line":36,"column":12},"end":{"line":36,"column":55}},"24":{"start":{"line":38,"column":33},"end":{"line":38,"column":79}},"25":{"start":{"line":40,"column":12},"end":{"line":40,"column":41}},"26":{"start":{"line":43,"column":12},"end":{"line":43,"column":36}},"27":{"start":{"line":49,"column":4},"end":{"line":63,"column":6}},"28":{"start":{"line":50,"column":8},"end":{"line":62,"column":9}},"29":{"start":{"line":51,"column":26},"end":{"line":51,"column":67}},"30":{"start":{"line":53,"column":30},"end":{"line":53,"column":71}},"31":{"start":{"line":55,"column":32},"end":{"line":55,"column":58}},"32":{"start":{"line":57,"column":12},"end":{"line":57,"column":60}},"33":{"start":{"line":60,"column":12},"end":{"line":60,"column":58}},"34":{"start":{"line":61,"column":12},"end":{"line":61,"column":61}},"35":{"start":{"line":65,"column":4},"end":{"line":65,"column":201}},"36":{"start":{"line":65,"column":39},"end":{"line":65,"column":200}},"37":{"start":{"line":65,"column":52},"end":{"line":65,"column":132}},"38":{"start":{"line":67,"column":4},"end":{"line":75,"column":6}},"39":{"start":{"line":68,"column":30},"end":{"line":68,"column":71}},"40":{"start":{"line":70,"column":8},"end":{"line":70,"column":113}},"41":{"start":{"line":70,"column":21},"end":{"line":70,"column":60}},"42":{"start":{"line":71,"column":8},"end":{"line":71,"column":111}},"43":{"start":{"line":71,"column":21},"end":{"line":71,"column":58}},"44":{"start":{"line":72,"column":8},"end":{"line":72,"column":111}},"45":{"start":{"line":72,"column":21},"end":{"line":72,"column":58}},"46":{"start":{"line":73,"column":8},"end":{"line":73,"column":118}},"47":{"start":{"line":73,"column":21},"end":{"line":73,"column":65}},"48":{"start":{"line":74,"column":8},"end":{"line":74,"column":110}},"49":{"start":{"line":74,"column":21},"end":{"line":74,"column":57}},"50":{"start":{"line":77,"column":4},"end":{"line":77,"column":226}},"51":{"start":{"line":77,"column":49},"end":{"line":77,"column":225}},"52":{"start":{"line":77,"column":62},"end":{"line":77,"column":166}},"53":{"start":{"line":79,"column":4},"end":{"line":79,"column":164}},"54":{"start":{"line":79,"column":42},"end":{"line":79,"column":163}},"55":{"start":{"line":79,"column":55},"end":{"line":79,"column":105}},"56":{"start":{"line":81,"column":4},"end":{"line":89,"column":6}},"57":{"start":{"line":82,"column":27},"end":{"line":82,"column":53}},"58":{"start":{"line":84,"column":8},"end":{"line":84,"column":113}},"59":{"start":{"line":84,"column":21},"end":{"line":84,"column":57}},"60":{"start":{"line":85,"column":8},"end":{"line":85,"column":111}},"61":{"start":{"line":85,"column":21},"end":{"line":85,"column":55}},"62":{"start":{"line":86,"column":8},"end":{"line":86,"column":111}},"63":{"start":{"line":86,"column":21},"end":{"line":86,"column":55}},"64":{"start":{"line":87,"column":8},"end":{"line":87,"column":118}},"65":{"start":{"line":87,"column":21},"end":{"line":87,"column":62}},"66":{"start":{"line":88,"column":8},"end":{"line":88,"column":110}},"67":{"start":{"line":88,"column":21},"end":{"line":88,"column":54}},"68":{"start":{"line":91,"column":4},"end":{"line":91,"column":50}},"69":{"start":{"line":91,"column":22},"end":{"line":91,"column":49}}},"fnMap":{"0":{"name":"(anonymous_0)","decl":{"start":{"line":10,"column":31},"end":{"line":10,"column":32}},"loc":{"start":{"line":10,"column":37},"end":{"line":92,"column":1}},"line":10},"1":{"name":"(anonymous_1)","decl":{"start":{"line":13,"column":11},"end":{"line":13,"column":12}},"loc":{"start":{"line":13,"column":23},"end":{"line":13,"column":70}},"line":13},"2":{"name":"(anonymous_2)","decl":{"start":{"line":15,"column":15},"end":{"line":15,"column":16}},"loc":{"start":{"line":15,"column":27},"end":{"line":27,"column":5}},"line":15},"3":{"name":"(anonymous_3)","decl":{"start":{"line":29,"column":39},"end":{"line":29,"column":40}},"loc":{"start":{"line":29,"column":51},"end":{"line":45,"column":5}},"line":29},"4":{"name":"(anonymous_4)","decl":{"start":{"line":49,"column":37},"end":{"line":49,"column":38}},"loc":{"start":{"line":49,"column":49},"end":{"line":63,"column":5}},"line":49},"5":{"name":"(anonymous_5)","decl":{"start":{"line":65,"column":33},"end":{"line":65,"column":34}},"loc":{"start":{"line":65,"column":39},"end":{"line":65,"column":200}},"line":65},"6":{"name":"(anonymous_6)","decl":{"start":{"line":65,"column":46},"end":{"line":65,"column":47}},"loc":{"start":{"line":65,"column":52},"end":{"line":65,"column":132}},"line":65},"7":{"name":"(anonymous_7)","decl":{"start":{"line":67,"column":40},"end":{"line":67,"column":41}},"loc":{"start":{"line":67,"column":46},"end":{"line":75,"column":5}},"line":67},"8":{"name":"(anonymous_8)","decl":{"start":{"line":70,"column":15},"end":{"line":70,"column":16}},"loc":{"start":{"line":70,"column":21},"end":{"line":70,"column":60}},"line":70},"9":{"name":"(anonymous_9)","decl":{"start":{"line":71,"column":15},"end":{"line":71,"column":16}},"loc":{"start":{"line":71,"column":21},"end":{"line":71,"column":58}},"line":71},"10":{"name":"(anonymous_10)","decl":{"start":{"line":72,"column":15},"end":{"line":72,"column":16}},"loc":{"start":{"line":72,"column":21},"end":{"line":72,"column":58}},"line":72},"11":{"name":"(anonymous_11)","decl":{"start":{"line":73,"column":15},"end":{"line":73,"column":16}},"loc":{"start":{"line":73,"column":21},"end":{"line":73,"column":65}},"line":73},"12":{"name":"(anonymous_12)","decl":{"start":{"line":74,"column":15},"end":{"line":74,"column":16}},"loc":{"start":{"line":74,"column":21},"end":{"line":74,"column":57}},"line":74},"13":{"name":"(anonymous_13)","decl":{"start":{"line":77,"column":43},"end":{"line":77,"column":44}},"loc":{"start":{"line":77,"column":49},"end":{"line":77,"column":225}},"line":77},"14":{"name":"(anonymous_14)","decl":{"start":{"line":77,"column":56},"end":{"line":77,"column":57}},"loc":{"start":{"line":77,"column":62},"end":{"line":77,"column":166}},"line":77},"15":{"name":"(anonymous_15)","decl":{"start":{"line":79,"column":36},"end":{"line":79,"column":37}},"loc":{"start":{"line":79,"column":42},"end":{"line":79,"column":163}},"line":79},"16":{"name":"(anonymous_16)","decl":{"start":{"line":79,"column":49},"end":{"line":79,"column":50}},"loc":{"start":{"line":79,"column":55},"end":{"line":79,"column":105}},"line":79},"17":{"name":"(anonymous_17)","decl":{"start":{"line":81,"column":43},"end":{"line":81,"column":44}},"loc":{"start":{"line":81,"column":49},"end":{"line":89,"column":5}},"line":81},"18":{"name":"(anonymous_18)","decl":{"start":{"line":84,"column":15},"end":{"line":84,"column":16}},"loc":{"start":{"line":84,"column":21},"end":{"line":84,"column":57}},"line":84},"19":{"name":"(anonymous_19)","decl":{"start":{"line":85,"column":15},"end":{"line":85,"column":16}},"loc":{"start":{"line":85,"column":21},"end":{"line":85,"column":55}},"line":85},"20":{"name":"(anonymous_20)","decl":{"start":{"line":86,"column":15},"end":{"line":86,"column":16}},"loc":{"start":{"line":86,"column":21},"end":{"line":86,"column":55}},"line":86},"21":{"name":"(anonymous_21)","decl":{"start":{"line":87,"column":15},"end":{"line":87,"column":16}},"loc":{"start":{"line":87,"column":21},"end":{"line":87,"column":62}},"line":87},"22":{"name":"(anonymous_22)","decl":{"start":{"line":88,"column":15},"end":{"line":88,"column":16}},"loc":{"start":{"line":88,"column":21},"end":{"line":88,"column":54}},"line":88},"23":{"name":"(anonymous_23)","decl":{"start":{"line":91,"column":10},"end":{"line":91,"column":11}},"loc":{"start":{"line":91,"column":22},"end":{"line":91,"column":49}},"line":91}},"branchMap":{},"s":{"0":1,"1":1,"2":1,"3":1,"4":1,"5":1,"6":1,"7":1,"8":1,"9":1,"10":1,"11":7,"12":7,"13":7,"14":7,"15":7,"16":7,"17":0,"18":1,"19":1,"20":1,"21":1,"22":1,"23":1,"24":1,"25":1,"26":0,"27":1,"28":1,"29":1,"30":1,"31":1,"32":1,"33":1,"34":1,"35":1,"36":1,"37":1,"38":1,"39":1,"40":1,"41":1,"42":1,"43":1,"44":1,"45":1,"46":1,"47":1,"48":1,"49":1,"50":1,"51":1,"52":1,"53":1,"54":1,"55":1,"56":1,"57":1,"58":1,"59":1,"60":1,"61":1,"62":1,"63":1,"64":1,"65":1,"66":1,"67":1,"68":1,"69":1},"f":{"0":1,"1":1,"2":7,"3":1,"4":1,"5":1,"6":1,"7":1,"8":1,"9":1,"10":1,"11":1,"12":1,"13":1,"14":1,"15":1,"16":1,"17":1,"18":1,"19":1,"20":1,"21":1,"22":1,"23":1},"b":{},"_coverageSchema":"1a1c01bbd47fc00a2c39e90264f33305004495a9","hash":"d6ef732ee3afacab4d6a396e05dd4d9566d449c1","contentHash":"43773d89a96a165b47fb19f8d30d1ac09d6d3a4c2de4d6f7442d9b7c1ec75c68"},"C:\\Users\\USER\\workspace\\isdi-parttime-202303\\staff\\ivan-canuto\\fullstack\\project\\api\\logic\\createConversation.js":{"path":"C:\\Users\\USER\\workspace\\isdi-parttime-202303\\staff\\ivan-canuto\\fullstack\\project\\api\\logic\\createConversation.js","statementMap":{"0":{"start":{"line":1,"column":0},"end":{"line":1,"column":26}},"1":{"start":{"line":3,"column":81},"end":{"line":3,"column":95}},"2":{"start":{"line":4,"column":31},"end":{"line":4,"column":56}},"3":{"start":{"line":5,"column":37},"end":{"line":5,"column":54}},"4":{"start":{"line":6,"column":17},"end":{"line":6,"column":36}},"5":{"start":{"line":7,"column":46},"end":{"line":7,"column":54}},"6":{"start":{"line":22,"column":0},"end":{"line":55,"column":1}},"7":{"start":{"line":23,"column":4},"end":{"line":23,"column":33}},"8":{"start":{"line":24,"column":4},"end":{"line":24,"column":41}},"9":{"start":{"line":26,"column":4},"end":{"line":54,"column":8}},"10":{"start":{"line":27,"column":21},"end":{"line":27,"column":48}},"11":{"start":{"line":29,"column":8},"end":{"line":29,"column":61}},"12":{"start":{"line":29,"column":18},"end":{"line":29,"column":61}},"13":{"start":{"line":31,"column":30},"end":{"line":33,"column":10}},"14":{"start":{"line":35,"column":23},"end":{"line":35,"column":51}},"15":{"start":{"line":37,"column":25},"end":{"line":42,"column":10}},"16":{"start":{"line":44,"column":22},"end":{"line":44,"column":58}},"17":{"start":{"line":46,"column":8},"end":{"line":49,"column":10}},"18":{"start":{"line":51,"column":29},"end":{"line":51,"column":112}},"19":{"start":{"line":53,"column":8},"end":{"line":53,"column":30}}},"fnMap":{"0":{"name":"createConversation","decl":{"start":{"line":22,"column":26},"end":{"line":22,"column":44}},"loc":{"start":{"line":22,"column":64},"end":{"line":55,"column":1}},"line":22},"1":{"name":"(anonymous_1)","decl":{"start":{"line":26,"column":12},"end":{"line":26,"column":13}},"loc":{"start":{"line":26,"column":24},"end":{"line":54,"column":5}},"line":26}},"branchMap":{"0":{"loc":{"start":{"line":29,"column":8},"end":{"line":29,"column":61}},"type":"if","locations":[{"start":{"line":29,"column":8},"end":{"line":29,"column":61}},{"start":{"line":29,"column":8},"end":{"line":29,"column":61}}],"line":29}},"s":{"0":1,"1":1,"2":1,"3":1,"4":1,"5":1,"6":1,"7":15,"8":8,"9":2,"10":2,"11":2,"12":1,"13":1,"14":1,"15":1,"16":1,"17":1,"18":1,"19":1},"f":{"0":15,"1":2},"b":{"0":[1,1]},"_coverageSchema":"1a1c01bbd47fc00a2c39e90264f33305004495a9","hash":"d1cf6dd7e6614e9a64c2cb34d6b5004dab23a2ab","contentHash":"6d64e5aad6d2c5ae97ea25204b4f1da3335ca26523dc0dd7cfb9318464ac84d2"},"C:\\Users\\USER\\workspace\\isdi-parttime-202303\\staff\\ivan-canuto\\fullstack\\project\\api\\logic\\logic-specs\\createPost.spec.js":{"path":"C:\\Users\\USER\\workspace\\isdi-parttime-202303\\staff\\ivan-canuto\\fullstack\\project\\api\\logic\\logic-specs\\createPost.spec.js","statementMap":{"0":{"start":{"line":1,"column":0},"end":{"line":1,"column":26}},"1":{"start":{"line":3,"column":19},"end":{"line":3,"column":34}},"2":{"start":{"line":4,"column":19},"end":{"line":4,"column":43}},"3":{"start":{"line":5,"column":40},"end":{"line":5,"column":66}},"4":{"start":{"line":6,"column":17},"end":{"line":6,"column":36}},"5":{"start":{"line":7,"column":53},"end":{"line":7,"column":67}},"6":{"start":{"line":8,"column":37},"end":{"line":8,"column":65}},"7":{"start":{"line":9,"column":46},"end":{"line":9,"column":65}},"8":{"start":{"line":11,"column":0},"end":{"line":144,"column":2}},"9":{"start":{"line":14,"column":4},"end":{"line":14,"column":71}},"10":{"start":{"line":14,"column":23},"end":{"line":14,"column":70}},"11":{"start":{"line":16,"column":4},"end":{"line":27,"column":6}},"12":{"start":{"line":17,"column":8},"end":{"line":26,"column":9}},"13":{"start":{"line":18,"column":12},"end":{"line":18,"column":27}},"14":{"start":{"line":20,"column":12},"end":{"line":20,"column":34}},"15":{"start":{"line":21,"column":12},"end":{"line":21,"column":30}},"16":{"start":{"line":23,"column":12},"end":{"line":23,"column":36}},"17":{"start":{"line":25,"column":12},"end":{"line":25,"column":42}},"18":{"start":{"line":29,"column":4},"end":{"line":59,"column":6}},"19":{"start":{"line":30,"column":8},"end":{"line":58,"column":9}},"20":{"start":{"line":31,"column":26},"end":{"line":31,"column":67}},"21":{"start":{"line":32,"column":27},"end":{"line":32,"column":47}},"22":{"start":{"line":34,"column":38},"end":{"line":34,"column":57}},"23":{"start":{"line":36,"column":12},"end":{"line":36,"column":97}},"24":{"start":{"line":38,"column":33},"end":{"line":38,"column":79}},"25":{"start":{"line":39,"column":35},"end":{"line":39,"column":62}},"26":{"start":{"line":41,"column":32},"end":{"line":41,"column":69}},"27":{"start":{"line":43,"column":12},"end":{"line":43,"column":65}},"28":{"start":{"line":45,"column":25},"end":{"line":45,"column":63}},"29":{"start":{"line":47,"column":12},"end":{"line":47,"column":43}},"30":{"start":{"line":48,"column":12},"end":{"line":48,"column":59}},"31":{"start":{"line":49,"column":12},"end":{"line":49,"column":58}},"32":{"start":{"line":50,"column":12},"end":{"line":50,"column":51}},"33":{"start":{"line":51,"column":12},"end":{"line":51,"column":50}},"34":{"start":{"line":52,"column":12},"end":{"line":52,"column":48}},"35":{"start":{"line":53,"column":12},"end":{"line":53,"column":47}},"36":{"start":{"line":54,"column":12},"end":{"line":54,"column":51}},"37":{"start":{"line":57,"column":12},"end":{"line":57,"column":36}},"38":{"start":{"line":63,"column":4},"end":{"line":81,"column":6}},"39":{"start":{"line":64,"column":8},"end":{"line":80,"column":9}},"40":{"start":{"line":65,"column":26},"end":{"line":65,"column":67}},"41":{"start":{"line":66,"column":27},"end":{"line":66,"column":47}},"42":{"start":{"line":68,"column":12},"end":{"line":68,"column":113}},"43":{"start":{"line":70,"column":33},"end":{"line":70,"column":79}},"44":{"start":{"line":71,"column":35},"end":{"line":71,"column":62}},"45":{"start":{"line":73,"column":32},"end":{"line":73,"column":58}},"46":{"start":{"line":75,"column":12},"end":{"line":75,"column":96}},"47":{"start":{"line":78,"column":12},"end":{"line":78,"column":58}},"48":{"start":{"line":79,"column":12},"end":{"line":79,"column":61}},"49":{"start":{"line":83,"column":4},"end":{"line":98,"column":6}},"50":{"start":{"line":84,"column":8},"end":{"line":97,"column":9}},"51":{"start":{"line":85,"column":26},"end":{"line":85,"column":67}},"52":{"start":{"line":86,"column":27},"end":{"line":86,"column":47}},"53":{"start":{"line":88,"column":12},"end":{"line":88,"column":113}},"54":{"start":{"line":90,"column":40},"end":{"line":90,"column":66}},"55":{"start":{"line":92,"column":12},"end":{"line":92,"column":96}},"56":{"start":{"line":95,"column":12},"end":{"line":95,"column":58}},"57":{"start":{"line":96,"column":12},"end":{"line":96,"column":69}},"58":{"start":{"line":100,"column":4},"end":{"line":100,"column":202}},"59":{"start":{"line":100,"column":39},"end":{"line":100,"column":201}},"60":{"start":{"line":100,"column":52},"end":{"line":100,"column":133}},"61":{"start":{"line":102,"column":4},"end":{"line":111,"column":6}},"62":{"start":{"line":103,"column":35},"end":{"line":103,"column":61}},"63":{"start":{"line":104,"column":28},"end":{"line":104,"column":65}},"64":{"start":{"line":106,"column":8},"end":{"line":106,"column":123}},"65":{"start":{"line":106,"column":21},"end":{"line":106,"column":70}},"66":{"start":{"line":107,"column":8},"end":{"line":107,"column":121}},"67":{"start":{"line":107,"column":21},"end":{"line":107,"column":68}},"68":{"start":{"line":108,"column":8},"end":{"line":108,"column":121}},"69":{"start":{"line":108,"column":21},"end":{"line":108,"column":68}},"70":{"start":{"line":109,"column":8},"end":{"line":109,"column":128}},"71":{"start":{"line":109,"column":21},"end":{"line":109,"column":75}},"72":{"start":{"line":110,"column":8},"end":{"line":110,"column":120}},"73":{"start":{"line":110,"column":21},"end":{"line":110,"column":67}},"74":{"start":{"line":113,"column":4},"end":{"line":113,"column":227}},"75":{"start":{"line":113,"column":49},"end":{"line":113,"column":226}},"76":{"start":{"line":113,"column":62},"end":{"line":113,"column":167}},"77":{"start":{"line":115,"column":4},"end":{"line":115,"column":218}},"78":{"start":{"line":115,"column":47},"end":{"line":115,"column":217}},"79":{"start":{"line":115,"column":60},"end":{"line":115,"column":141}},"80":{"start":{"line":117,"column":4},"end":{"line":126,"column":6}},"81":{"start":{"line":118,"column":27},"end":{"line":118,"column":53}},"82":{"start":{"line":119,"column":28},"end":{"line":119,"column":65}},"83":{"start":{"line":121,"column":8},"end":{"line":121,"column":123}},"84":{"start":{"line":121,"column":21},"end":{"line":121,"column":62}},"85":{"start":{"line":122,"column":8},"end":{"line":122,"column":121}},"86":{"start":{"line":122,"column":21},"end":{"line":122,"column":60}},"87":{"start":{"line":123,"column":8},"end":{"line":123,"column":121}},"88":{"start":{"line":123,"column":21},"end":{"line":123,"column":60}},"89":{"start":{"line":124,"column":8},"end":{"line":124,"column":128}},"90":{"start":{"line":124,"column":21},"end":{"line":124,"column":67}},"91":{"start":{"line":125,"column":8},"end":{"line":125,"column":120}},"92":{"start":{"line":125,"column":21},"end":{"line":125,"column":59}},"93":{"start":{"line":128,"column":4},"end":{"line":128,"column":235}},"94":{"start":{"line":128,"column":49},"end":{"line":128,"column":234}},"95":{"start":{"line":128,"column":62},"end":{"line":128,"column":167}},"96":{"start":{"line":130,"column":4},"end":{"line":130,"column":188}},"97":{"start":{"line":130,"column":44},"end":{"line":130,"column":187}},"98":{"start":{"line":130,"column":57},"end":{"line":130,"column":127}},"99":{"start":{"line":132,"column":4},"end":{"line":141,"column":6}},"100":{"start":{"line":133,"column":27},"end":{"line":133,"column":53}},"101":{"start":{"line":134,"column":27},"end":{"line":134,"column":53}},"102":{"start":{"line":136,"column":8},"end":{"line":136,"column":119}},"103":{"start":{"line":136,"column":21},"end":{"line":136,"column":61}},"104":{"start":{"line":137,"column":8},"end":{"line":137,"column":117}},"105":{"start":{"line":137,"column":21},"end":{"line":137,"column":59}},"106":{"start":{"line":138,"column":8},"end":{"line":138,"column":117}},"107":{"start":{"line":138,"column":21},"end":{"line":138,"column":59}},"108":{"start":{"line":139,"column":8},"end":{"line":139,"column":124}},"109":{"start":{"line":139,"column":21},"end":{"line":139,"column":66}},"110":{"start":{"line":140,"column":8},"end":{"line":140,"column":116}},"111":{"start":{"line":140,"column":21},"end":{"line":140,"column":58}},"112":{"start":{"line":143,"column":4},"end":{"line":143,"column":50}},"113":{"start":{"line":143,"column":22},"end":{"line":143,"column":49}}},"fnMap":{"0":{"name":"(anonymous_0)","decl":{"start":{"line":11,"column":23},"end":{"line":11,"column":24}},"loc":{"start":{"line":11,"column":29},"end":{"line":144,"column":1}},"line":11},"1":{"name":"(anonymous_1)","decl":{"start":{"line":14,"column":11},"end":{"line":14,"column":12}},"loc":{"start":{"line":14,"column":23},"end":{"line":14,"column":70}},"line":14},"2":{"name":"(anonymous_2)","decl":{"start":{"line":16,"column":15},"end":{"line":16,"column":16}},"loc":{"start":{"line":16,"column":27},"end":{"line":27,"column":5}},"line":16},"3":{"name":"(anonymous_3)","decl":{"start":{"line":29,"column":36},"end":{"line":29,"column":37}},"loc":{"start":{"line":29,"column":48},"end":{"line":59,"column":5}},"line":29},"4":{"name":"(anonymous_4)","decl":{"start":{"line":63,"column":37},"end":{"line":63,"column":38}},"loc":{"start":{"line":63,"column":49},"end":{"line":81,"column":5}},"line":63},"5":{"name":"(anonymous_5)","decl":{"start":{"line":83,"column":45},"end":{"line":83,"column":46}},"loc":{"start":{"line":83,"column":57},"end":{"line":98,"column":5}},"line":83},"6":{"name":"(anonymous_6)","decl":{"start":{"line":100,"column":33},"end":{"line":100,"column":34}},"loc":{"start":{"line":100,"column":39},"end":{"line":100,"column":201}},"line":100},"7":{"name":"(anonymous_7)","decl":{"start":{"line":100,"column":46},"end":{"line":100,"column":47}},"loc":{"start":{"line":100,"column":52},"end":{"line":100,"column":133}},"line":100},"8":{"name":"(anonymous_8)","decl":{"start":{"line":102,"column":40},"end":{"line":102,"column":41}},"loc":{"start":{"line":102,"column":46},"end":{"line":111,"column":5}},"line":102},"9":{"name":"(anonymous_9)","decl":{"start":{"line":106,"column":15},"end":{"line":106,"column":16}},"loc":{"start":{"line":106,"column":21},"end":{"line":106,"column":70}},"line":106},"10":{"name":"(anonymous_10)","decl":{"start":{"line":107,"column":15},"end":{"line":107,"column":16}},"loc":{"start":{"line":107,"column":21},"end":{"line":107,"column":68}},"line":107},"11":{"name":"(anonymous_11)","decl":{"start":{"line":108,"column":15},"end":{"line":108,"column":16}},"loc":{"start":{"line":108,"column":21},"end":{"line":108,"column":68}},"line":108},"12":{"name":"(anonymous_12)","decl":{"start":{"line":109,"column":15},"end":{"line":109,"column":16}},"loc":{"start":{"line":109,"column":21},"end":{"line":109,"column":75}},"line":109},"13":{"name":"(anonymous_13)","decl":{"start":{"line":110,"column":15},"end":{"line":110,"column":16}},"loc":{"start":{"line":110,"column":21},"end":{"line":110,"column":67}},"line":110},"14":{"name":"(anonymous_14)","decl":{"start":{"line":113,"column":43},"end":{"line":113,"column":44}},"loc":{"start":{"line":113,"column":49},"end":{"line":113,"column":226}},"line":113},"15":{"name":"(anonymous_15)","decl":{"start":{"line":113,"column":56},"end":{"line":113,"column":57}},"loc":{"start":{"line":113,"column":6
[...]
}},"16":{"start":{"line":22,"column":12},"end":{"line":22,"column":30}},"17":{"start":{"line":24,"column":12},"end":{"line":24,"column":36}},"18":{"start":{"line":26,"column":12},"end":{"line":26,"column":42}},"19":{"start":{"line":30,"column":4},"end":{"line":48,"column":6}},"20":{"start":{"line":31,"column":8},"end":{"line":47,"column":9}},"21":{"start":{"line":32,"column":26},"end":{"line":32,"column":67}},"22":{"start":{"line":33,"column":27},"end":{"line":33,"column":47}},"23":{"start":{"line":35,"column":32},"end":{"line":35,"column":43}},"24":{"start":{"line":37,"column":12},"end":{"line":37,"column":80}},"25":{"start":{"line":39,"column":27},"end":{"line":39,"column":68}},"26":{"start":{"line":41,"column":12},"end":{"line":41,"column":35}},"27":{"start":{"line":42,"column":12},"end":{"line":42,"column":45}},"28":{"start":{"line":43,"column":12},"end":{"line":43,"column":57}},"29":{"start":{"line":46,"column":12},"end":{"line":46,"column":36}},"30":{"start":{"line":50,"column":4},"end":{"line":62,"column":6}},"31":{"start":{"line":51,"column":8},"end":{"line":61,"column":9}},"32":{"start":{"line":52,"column":32},"end":{"line":52,"column":43}},"33":{"start":{"line":54,"column":32},"end":{"line":54,"column":58}},"34":{"start":{"line":56,"column":12},"end":{"line":56,"column":85}},"35":{"start":{"line":59,"column":12},"end":{"line":59,"column":58}},"36":{"start":{"line":60,"column":12},"end":{"line":60,"column":61}},"37":{"start":{"line":64,"column":4},"end":{"line":78,"column":6}},"38":{"start":{"line":65,"column":8},"end":{"line":77,"column":9}},"39":{"start":{"line":66,"column":26},"end":{"line":66,"column":67}},"40":{"start":{"line":67,"column":27},"end":{"line":67,"column":47}},"41":{"start":{"line":69,"column":32},"end":{"line":69,"column":43}},"42":{"start":{"line":70,"column":34},"end":{"line":70,"column":50}},"43":{"start":{"line":72,"column":12},"end":{"line":72,"column":85}},"44":{"start":{"line":75,"column":12},"end":{"line":75,"column":53}},"45":{"start":{"line":76,"column":12},"end":{"line":76,"column":64}},"46":{"start":{"line":80,"column":4},"end":{"line":94,"column":6}},"47":{"start":{"line":81,"column":8},"end":{"line":93,"column":9}},"48":{"start":{"line":82,"column":26},"end":{"line":82,"column":67}},"49":{"start":{"line":83,"column":27},"end":{"line":83,"column":47}},"50":{"start":{"line":85,"column":32},"end":{"line":85,"column":43}},"51":{"start":{"line":86,"column":41},"end":{"line":86,"column":65}},"52":{"start":{"line":88,"column":12},"end":{"line":88,"column":89}},"53":{"start":{"line":91,"column":12},"end":{"line":91,"column":56}},"54":{"start":{"line":92,"column":12},"end":{"line":92,"column":77}},"55":{"start":{"line":96,"column":4},"end":{"line":96,"column":190}},"56":{"start":{"line":96,"column":39},"end":{"line":96,"column":189}},"57":{"start":{"line":96,"column":52},"end":{"line":96,"column":121}},"58":{"start":{"line":98,"column":4},"end":{"line":107,"column":6}},"59":{"start":{"line":99,"column":33},"end":{"line":99,"column":65}},"60":{"start":{"line":100,"column":32},"end":{"line":100,"column":43}},"61":{"start":{"line":102,"column":8},"end":{"line":102,"column":150}},"62":{"start":{"line":102,"column":21},"end":{"line":102,"column":97}},"63":{"start":{"line":103,"column":8},"end":{"line":103,"column":148}},"64":{"start":{"line":103,"column":21},"end":{"line":103,"column":95}},"65":{"start":{"line":104,"column":8},"end":{"line":104,"column":148}},"66":{"start":{"line":104,"column":21},"end":{"line":104,"column":95}},"67":{"start":{"line":105,"column":8},"end":{"line":105,"column":155}},"68":{"start":{"line":105,"column":21},"end":{"line":105,"column":102}},"69":{"start":{"line":106,"column":8},"end":{"line":106,"column":147}},"70":{"start":{"line":106,"column":21},"end":{"line":106,"column":94}},"71":{"start":{"line":109,"column":4},"end":{"line":109,"column":215}},"72":{"start":{"line":109,"column":49},"end":{"line":109,"column":214}},"73":{"start":{"line":109,"column":62},"end":{"line":109,"column":155}},"74":{"start":{"line":111,"column":4},"end":{"line":111,"column":224}},"75":{"start":{"line":111,"column":65},"end":{"line":111,"column":223}},"76":{"start":{"line":111,"column":78},"end":{"line":111,"column":157}},"77":{"start":{"line":113,"column":4},"end":{"line":122,"column":6}},"78":{"start":{"line":114,"column":27},"end":{"line":114,"column":53}},"79":{"start":{"line":115,"column":32},"end":{"line":115,"column":43}},"80":{"start":{"line":117,"column":8},"end":{"line":117,"column":145}},"81":{"start":{"line":117,"column":21},"end":{"line":117,"column":91}},"82":{"start":{"line":118,"column":8},"end":{"line":118,"column":143}},"83":{"start":{"line":118,"column":21},"end":{"line":118,"column":89}},"84":{"start":{"line":119,"column":8},"end":{"line":119,"column":143}},"85":{"start":{"line":119,"column":21},"end":{"line":119,"column":89}},"86":{"start":{"line":120,"column":8},"end":{"line":120,"column":150}},"87":{"start":{"line":120,"column":21},"end":{"line":120,"column":96}},"88":{"start":{"line":121,"column":8},"end":{"line":121,"column":142}},"89":{"start":{"line":121,"column":21},"end":{"line":121,"column":88}},"90":{"start":{"line":124,"column":4},"end":{"line":124,"column":228}},"91":{"start":{"line":124,"column":65},"end":{"line":124,"column":227}},"92":{"start":{"line":124,"column":78},"end":{"line":124,"column":157}},"93":{"start":{"line":126,"column":4},"end":{"line":135,"column":6}},"94":{"start":{"line":127,"column":27},"end":{"line":127,"column":53}},"95":{"start":{"line":128,"column":32},"end":{"line":128,"column":43}},"96":{"start":{"line":130,"column":8},"end":{"line":130,"column":142}},"97":{"start":{"line":130,"column":21},"end":{"line":130,"column":84}},"98":{"start":{"line":131,"column":8},"end":{"line":131,"column":140}},"99":{"start":{"line":131,"column":21},"end":{"line":131,"column":82}},"100":{"start":{"line":132,"column":8},"end":{"line":132,"column":140}},"101":{"start":{"line":132,"column":21},"end":{"line":132,"column":82}},"102":{"start":{"line":133,"column":8},"end":{"line":133,"column":147}},"103":{"start":{"line":133,"column":21},"end":{"line":133,"column":89}},"104":{"start":{"line":134,"column":8},"end":{"line":134,"column":139}},"105":{"start":{"line":134,"column":21},"end":{"line":134,"column":81}},"106":{"start":{"line":137,"column":4},"end":{"line":137,"column":237}},"107":{"start":{"line":137,"column":65},"end":{"line":137,"column":236}},"108":{"start":{"line":137,"column":78},"end":{"line":137,"column":158}},"109":{"start":{"line":139,"column":4},"end":{"line":148,"column":6}},"110":{"start":{"line":140,"column":27},"end":{"line":140,"column":53}},"111":{"start":{"line":141,"column":32},"end":{"line":141,"column":43}},"112":{"start":{"line":143,"column":8},"end":{"line":143,"column":150}},"113":{"start":{"line":143,"column":21},"end":{"line":143,"column":84}},"114":{"start":{"line":144,"column":8},"end":{"line":144,"column":148}},"115":{"start":{"line":144,"column":21},"end":{"line":144,"column":82}},"116":{"start":{"line":145,"column":8},"end":{"line":145,"column":148}},"117":{"start":{"line":145,"column":21},"end":{"line":145,"column":82}},"118":{"start":{"line":146,"column":8},"end":{"line":146,"column":155}},"119":{"start":{"line":146,"column":21},"end":{"line":146,"column":89}},"120":{"start":{"line":147,"column":8},"end":{"line":147,"column":147}},"121":{"start":{"line":147,"column":21},"end":{"line":147,"column":81}},"122":{"start":{"line":150,"column":4},"end":{"line":150,"column":50}},"123":{"start":{"line":150,"column":22},"end":{"line":150,"column":49}}},"fnMap":{"0":{"name":"(anonymous_0)","decl":{"start":{"line":11,"column":31},"end":{"line":11,"column":32}},"loc":{"start":{"line":11,"column":37},"end":{"line":151,"column":1}},"line":11},"1":{"name":"(anonymous_1)","decl":{"start":{"line":14,"column":11},"end":{"line":14,"column":12}},"loc":{"start":{"line":14,"column":23},"end":{"line":14,"column":70}},"line":14},"2":{"name":"(anonymous_2)","decl":{"start":{"line":16,"column":15},"end":{"line":16,"column":16}},"loc":{"start":{"line":16,"column":27},"end":{"line":28,"column":5}},"line":16},"3":{"name":"(anonymous_3)","decl":{"start":{"line":30,"column":49},"end":{"line":30,"column":50}},"loc":{"start":{"line":30,"column":61},"end":{"line":48,"column":5}},"line":30},"4":{"name":"(anonymous_4)","decl":{"start":{"line":50,"column":37},"end":{"line":50,"column":38}},"loc":{"start":{"line":50,"column":49},"end":{"line":62,"column":5}},"line":50},"5":{"name":"(anonymous_5)","decl":{"start":{"line":64,"column":39},"end":{"line":64,"column":40}},"loc":{"start":{"line":64,"column":51},"end":{"line":78,"column":5}},"line":64},"6":{"name":"(anonymous_6)","decl":{"start":{"line":80,"column":46},"end":{"line":80,"column":47}},"loc":{"start":{"line":80,"column":58},"end":{"line":94,"column":5}},"line":80},"7":{"name":"(anonymous_7)","decl":{"start":{"line":96,"column":33},"end":{"line":96,"column":34}},"loc":{"start":{"line":96,"column":39},"end":{"line":96,"column":189}},"line":96},"8":{"name":"(anonymous_8)","decl":{"start":{"line":96,"column":46},"end":{"line":96,"column":47}},"loc":{"start":{"line":96,"column":52},"end":{"line":96,"column":121}},"line":96},"9":{"name":"(anonymous_9)","decl":{"start":{"line":98,"column":40},"end":{"line":98,"column":41}},"loc":{"start":{"line":98,"column":46},"end":{"line":107,"column":5}},"line":98},"10":{"name":"(anonymous_10)","decl":{"start":{"line":102,"column":15},"end":{"line":102,"column":16}},"loc":{"start":{"line":102,"column":21},"end":{"line":102,"column":97}},"line":102},"11":{"name":"(anonymous_11)","decl":{"start":{"line":103,"column":15},"end":{"line":103,"column":16}},"loc":{"start":{"line":103,"column":21},"end":{"line":103,"column":95}},"line":103},"12":{"name":"(anonymous_12)","decl":{"start":{"line":104,"column":15},"end":{"line":104,"column":16}},"loc":{"start":{"line":104,"column":21},"end":{"line":104,"column":95}},"line":104},"13":{"name":"(anonymous_13)","decl":{"start":{"line":105,"column":15},"end":{"line":105,"column":16}},"loc":{"start":{"line":105,"column":21},"end":{"line":105,"column":102}},"line":105},"14":{"name":"(anonymous_14)","decl":{"start":{"line":106,"column":15},"end":{"line":106,"column":16}},"loc":{"start":{"line":106,"column":21},"end":{"line":106,"column":94}},"line":106},"15":{"name":"(anonymous_15)","decl":{"start":{"line":109,"column":43},"end":{"line":109,"column":44}},"loc":{"start":{"line":109,"column":49},"end":{"line":109,"column":214}},"line":109},"16":{"name":"(anonymous_16)","decl":{"start":{"line":109,"column":56},"end":{"line":109,"column":57}},"loc":{"start":{"line":109,"column":62},"end":{"line":109,"column":155}},"line":109},"17":{"name":"(anonymous_17)","decl":{"start":{"line":111,"column":59},"end":{"line":111,"column":60}},"loc":{"start":{"line":111,"column":65},"end":{"line":111,"column":223}},"line":111},"18":{"name":"(anonymous_18)","decl":{"start":{"line":111,"column":72},"end":{"line":111,"column":73}},"loc":{"start":{"line":111,"column":78},"end":{"line":111,"column":157}},"line":111},"19":{"name":"(anonymous_19)","decl":{"start":{"line":113,"column":46},"end":{"line":113,"column":47}},"loc":{"start":{"line":113,"column":52},"end":{"line":122,"column":5}},"line":113},"20":{"name":"(anonymous_20)","decl":{"start":{"line":117,"column":15},"end":{"line":117,"column":16}},"loc":{"start":{"line":117,"column":21},"end":{"line":117,"column":91}},"line":117},"21":{"name":"(anonymous_21)","decl":{"start":{"line":118,"column":15},"end":{"line":118,"column":16}},"loc":{"start":{"line":118,"column":21},"end":{"line":118,"column":89}},"line":118},"22":{"name":"(anonymous_22)","decl":{"start":{"line":119,"column":15},"end":{"line":119,"column":16}},"loc":{"start":{"line":119,"column":21},"end":{"line":119,"column":89}},"line":119},"23":{"name":"(anonymous_23)","decl":{"start":{"line":120,"column":15},"end":{"line":120,"column":16}},"loc":{"start":{"line":120,"column":21},"end":{"line":120,"column":96}},"line":120},"24":{"name":"(anonymous_24)","decl":{"start":{"line":121,"column":15},"end":{"line":121,"column":16}},"loc":{"start":{"line":121,"column":21},"end":{"line":121,"column":88}},"line":121},"25":{"name":"(anonymous_25)","decl":{"start":{"line":124,"column":59},"end":{"line":124,"column":60}},"loc":{"start":{"line":124,"column":65},"end":{"line":124,"column":227}},"line":124},"26":{"name":"(anonymous_26)","decl":{"start":{"line":124,"column":72},"end":{"line":124,"column":73}},"loc":{"start":{"line":124,"column":78},"end":{"line":124,"column":157}},"line":124},"27":{"name":"(anonymous_27)","decl":{"start":{"line":126,"column":45},"end":{"line":126,"column":46}},"loc":{"start":{"line":126,"column":51},"end":{"line":135,"column":5}},"line":126},"28":{"name":"(anonymous_28)","decl":{"start":{"line":130,"column":15},"end":{"line":130,"column":16}},"loc":{"start":{"line":130,"column":21},"end":{"line":130,"column":84}},"line":130},"29":{"name":"(anonymous_29)","decl":{"start":{"line":131,"column":15},"end":{"line":131,"column":16}},"loc":{"start":{"line":131,"column":21},"end":{"line":131,"column":82}},"line":131},"30":{"name":"(anonymous_30)","decl":{"start":{"line":132,"column":15},"end":{"line":132,"column":16}},"loc":{"start":{"line":132,"column":21},"end":{"line":132,"column":82}},"line":132},"31":{"name":"(anonymous_31)","decl":{"start":{"line":133,"column":15},"end":{"line":133,"column":16}},"loc":{"start":{"line":133,"column":21},"end":{"line":133,"column":89}},"line":133},"32":{"name":"(anonymous_32)","decl":{"start":{"line":134,"column":15},"end":{"line":134,"column":16}},"loc":{"start":{"line":134,"column":21},"end":{"line":134,"column":81}},"line":134},"33":{"name":"(anonymous_33)","decl":{"start":{"line":137,"column":59},"end":{"line":137,"column":60}},"loc":{"start":{"line":137,"column":65},"end":{"line":137,"column":236}},"line":137},"34":{"name":"(anonymous_34)","decl":{"start":{"line":137,"column":72},"end":{"line":137,"column":73}},"loc":{"start":{"line":137,"column":78},"end":{"line":137,"column":158}},"line":137},"35":{"name":"(anonymous_35)","decl":{"start":{"line":139,"column":58},"end":{"line":139,"column":59}},"loc":{"start":{"line":139,"column":64},"end":{"line":148,"column":5}},"line":139},"36":{"name":"(anonymous_36)","decl":{"start":{"line":143,"column":15},"end":{"line":143,"column":16}},"loc":{"start":{"line":143,"column":21},"end":{"line":143,"column":84}},"line":143},"37":{"name":"(anonymous_37)","decl":{"start":{"line":144,"column":15},"end":{"line":144,"column":16}},"loc":{"start":{"line":144,"column":21},"end":{"line":144,"column":82}},"line":144},"38":{"name":"(anonymous_38)","decl":{"start":{"line":145,"column":15},"end":{"line":145,"column":16}},"loc":{"start":{"line":145,"column":21},"end":{"line":145,"column":82}},"line":145},"39":{"name":"(anonymous_39)","decl":{"start":{"line":146,"column":15},"end":{"line":146,"column":16}},"loc":{"start":{"line":146,"column":21},"end":{"line":146,"column":89}},"line":146},"40":{"name":"(anonymous_40)","decl":{"start":{"line":147,"column":15},"end":{"line":147,"column":16}},"loc":{"start":{"line":147,"column":21},"end":{"line":147,"column":81}},"line":147},"41":{"name":"(anonymous_41)","decl":{"start":{"line":150,"column":10},"end":{"line":150,"column":11}},"loc":{"start":{"line":150,"column":22},"end":{"line":150,"column":49}},"line":150}},"branchMap":{},"s":{"0":1,"1":1,"2":1,"3":1,"4":1,"5":1,"6":1,"7":1,"8":1,"9":1,"10":1,"11":1,"12":13,"13":13,"14":13,"15":13,"16":13,"17":13,"18":0,"19":1,"20":1,"21":1,"22":1,"23":1,"24":1,"25":1,"26":1,"27":1,"28":1,"29":0,"30":1,"31":1,"32":1,"33":1,"34":1,"35":1,"36":1,"37":1,"38":1,"39":1,"40":1,"41":1,"42":1,"43":1,"44":1,"45":1,"46":1,"47":1,"48":1,"49":1,"50":1,"51":1,"52":1,"53":1,"54":1,"55":1,"56":1,"57":1,"58":1,"59":1,"60":1,"61":1,"62":1,"63":1,"64":1,"65":1,"66":1,"67":1,"68":1,"69":1,"70":1,"71":1,"72":1,"73":1,"74":1,"75":1,"76":1,"77":1,"78":1,"79":1,"80":1,"81":1,"82":1,"83":1,"84":1,"85":1,"86":1,"87":1,"88":1,"89":1,"90":1,"91":1,"92":1,"93":1,"94":1,"95":1,"96":1,"97":1,"98":1,"99":1,"100":1,"101":1,"102":1,"103":1,"104":1,"105":1,"106":1,"107":1,"108":1,"109":1,"110":1,"111":1,"112":1,"113":1,"114":1,"115":1,"116":1,"117":1,"118":1,"119":1,"120":1,"121":1,"122":1,"123":1},"f":{"0":1,"1":1,"2":13,"3":1,"4":1,"5":1,"6":1,"7":1,"8":1,"9":1,"10":1,"11":1,"12":1,"13":1,"14":1,"15":1,"16":1,"17":1,"18":1,"19":1,"20":1,"21":1,"22":1,"23":1,"24":1,"25":1,"26":1,"27":1,"28":1,"29":1,"30":1,"31":1,"32":1,"33":1,"34":1,"35":1,"36":1,"37":1,"38":1,"39":1,"40":1,"41":1},"b":{},"_coverageSchema":"1a1c01bbd47fc00a2c39e90264f33305004495a9","hash":"40bae1708b0d81e4e391ff2aec6a80a7a450b0b4","contentHash":"d6068ff0593fc5b0110d151e366a04a63fb0b283e57a9faa0155a900fb0cf618"},"C:\\Users\\USER\\workspace\\isdi-parttime-202303\\staff\\ivan-canuto\\fullstack\\project\\api\\logic\\updateUserPassword.js":{"path":"C:\\Users\\USER\\workspace\\isdi-parttime-202303\\staff\\ivan-canuto\\fullstack\\project\\api\\logic\\updateUserPassword.js","statementMap":{"0":{"start":{"line":4,"column":4},"end":{"line":4,"column":18}},"1":{"start":{"line":5,"column":17},"end":{"line":5,"column":42}},"2":{"start":{"line":24,"column":0},"end":{"line":46,"column":1}},"3":{"start":{"line":25,"column":2},"end":{"line":25,"column":31}},"4":{"start":{"line":26,"column":2},"end":{"line":26,"column":28}},"5":{"start":{"line":27,"column":2},"end":{"line":27,"column":47}},"6":{"start":{"line":28,"column":2},"end":{"line":28,"column":62}},"7":{"start":{"line":30,"column":2},"end":{"line":31,"column":61}},"8":{"start":{"line":31,"column":4},"end":{"line":31,"column":61}},"9":{"start":{"line":33,"column":2},"end":{"line":45,"column":6}},"10":{"start":{"line":34,"column":17},"end":{"line":34,"column":44}},"11":{"start":{"line":35,"column":4},"end":{"line":35,"column":57}},"12":{"start":{"line":35,"column":14},"end":{"line":35,"column":57}},"13":{"start":{"line":37,"column":4},"end":{"line":37,"column":76}},"14":{"start":{"line":37,"column":35},"end":{"line":37,"column":76}},"15":{"start":{"line":39,"column":4},"end":{"line":39,"column":108}},"16":{"start":{"line":39,"column":38},"end":{"line":39,"column":108}},"17":{"start":{"line":41,"column":4},"end":{"line":44,"column":5}}},"fnMap":{"0":{"name":"(anonymous_0)","decl":{"start":{"line":24,"column":17},"end":{"line":24,"column":18}},"loc":{"start":{"line":24,"column":72},"end":{"line":46,"column":1}},"line":24},"1":{"name":"(anonymous_1)","decl":{"start":{"line":33,"column":10},"end":{"line":33,"column":11}},"loc":{"start":{"line":33,"column":22},"end":{"line":45,"column":3}},"line":33}},"branchMap":{"0":{"loc":{"start":{"line":30,"column":2},"end":{"line":31,"column":61}},"type":"if","locations":[{"start":{"line":30,"column":2},"end":{"line":31,"column":61}},{"start":{"line":30,"column":2},"end":{"line":31,"column":61}}],"line":30},"1":{"loc":{"start":{"line":35,"column":4},"end":{"line":35,"column":57}},"type":"if","locations":[{"start":{"line":35,"column":4},"end":{"line":35,"column":57}},{"start":{"line":35,"column":4},"end":{"line":35,"column":57}}],"line":35},"2":{"loc":{"start":{"line":37,"column":4},"end":{"line":37,"column":76}},"type":"if","locations":[{"start":{"line":37,"column":4},"end":{"line":37,"column":76}},{"start":{"line":37,"column":4},"end":{"line":37,"column":76}}],"line":37},"3":{"loc":{"start":{"line":39,"column":4},"end":{"line":39,"column":108}},"type":"if","locations":[{"start":{"line":39,"column":4},"end":{"line":39,"column":108}},{"start":{"line":39,"column":4},"end":{"line":39,"column":108}}],"line":39}},"s":{"0":1,"1":1,"2":1,"3":29,"4":22,"5":16,"6":10,"7":4,"8":1,"9":3,"10":3,"11":3,"12":1,"13":2,"14":1,"15":1,"16":0,"17":1},"f":{"0":29,"1":3},"b":{"0":[1,3],"1":[1,2],"2":[1,1],"3":[0,1]},"_coverageSchema":"1a1c01bbd47fc00a2c39e90264f33305004495a9","hash":"d2a885e6a28af252805c17b2e01b0e89cd8600c6","contentHash":"78e17358113d4f46ae289a49abc5842fc9360540f96fe527e614f33f85481693"}}