TN:
SF:data\models.js
FNF:0
FNH:0
DA:1,1
DA:2,1
DA:4,1
DA:15,1
DA:30,1
DA:60,1
DA:75,1
DA:111,1
DA:113,1
DA:147,1
DA:148,1
DA:149,1
DA:150,1
DA:151,1
DA:152,1
DA:154,1
LF:16
LH:16
BRF:0
BRH:0
end_of_record
TN:
SF:logic\askForResponse.js
FN:19,askForResponse
FN:24,(anonymous_1)
FNF:2
FNH:2
FNDA:22,askForResponse
FNDA:3,(anonymous_1)
DA:1,1
DA:2,1
DA:3,1
DA:19,1
DA:20,22
DA:21,15
DA:22,8
DA:24,3
DA:25,3
DA:26,3
DA:28,2
DA:29,2
DA:31,1
DA:35,1
DA:37,1
DA:39,1
DA:44,1
DA:46,1
DA:53,1
DA:55,1
DA:57,1
DA:59,1
LF:22
LH:22
BRDA:26,0,0,1
BRDA:26,0,1,2
BRDA:29,1,0,1
BRDA:29,1,1,1
BRF:4
BRH:4
end_of_record
TN:
SF:logic\authenticateUser.js
FN:23,(anonymous_0)
FN:27,(anonymous_1)
FNF:2
FNH:2
FNDA:15,(anonymous_0)
FNDA:3,(anonymous_1)
DA:4,1
DA:5,1
DA:6,1
DA:23,1
DA:24,15
DA:25,9
DA:27,3
DA:28,3
DA:29,3
DA:31,2
DA:33,2
DA:35,1
LF:12
LH:12
BRDA:29,0,0,1
BRDA:29,0,1,2
BRDA:33,1,0,1
BRDA:33,1,1,1
BRF:4
BRH:4
end_of_record
TN:
SF:logic\createComment.js
FN:23,(anonymous_0)
FN:28,(anonymous_1)
FNF:2
FNH:2
FNDA:24,(anonymous_0)
FNDA:3,(anonymous_1)
DA:4,1
DA:5,1
DA:7,1
DA:23,1
DA:24,24
DA:25,17
DA:26,10
DA:28,3
DA:29,3
DA:30,3
DA:32,2
DA:33,2
DA:35,1
DA:37,1
DA:39,1
LF:15
LH:15
BRDA:30,0,0,1
BRDA:30,0,1,2
BRDA:33,1,0,1
BRDA:33,1,1,1
BRF:4
BRH:4
end_of_record
TN:
SF:logic\createConversation.js
FN:22,createConversation
FN:26,(anonymous_1)
FNF:2
FNH:2
FNDA:15,createConversation
FNDA:2,(anonymous_1)
DA:1,1
DA:3,1
DA:4,1
DA:5,1
DA:6,1
DA:7,1
DA:22,1
DA:23,15
DA:24,8
DA:26,2
DA:27,2
DA:29,2
DA:31,1
DA:35,1
DA:37,1
DA:44,1
DA:46,1
DA:51,1
DA:53,1
LF:19
LH:19
BRDA:29,0,0,1
BRDA:29,0,1,1
BRF:2
BRH:2
end_of_record
TN:
SF:logic\createPost.js
FN:21,(anonymous_0)
FN:26,(anonymous_1)
FNF:2
FNH:2
FNDA:23,(anonymous_0)
FNDA:3,(anonymous_1)
DA:1,1
DA:2,1
DA:3,1
DA:5,1
DA:21,1
DA:22,23
DA:23,16
DA:24,9
DA:26,3
DA:27,3
DA:28,3
DA:30,2
DA:31,2
DA:33,1
LF:14
LH:14
BRDA:28,0,0,1
BRDA:28,0,1,2
BRDA:31,1,0,1
BRDA:31,1,1,1
BRF:4
BRH:4
end_of_record
TN:
SF:logic\createSuggestion.js
FN:21,(anonymous_0)
FN:27,(anonymous_1)
FNF:2
FNH:2
FNDA:32,(anonymous_0)
FNDA:3,(anonymous_1)
DA:1,1
DA:2,1
DA:4,1
DA:21,1
DA:22,32
DA:23,25
DA:24,18
DA:25,10
DA:27,3
DA:28,3
DA:29,3
DA:31,2
DA:32,2
DA:34,1
LF:14
LH:14
BRDA:29,0,0,1
BRDA:29,0,1,2
BRDA:32,1,0,1
BRDA:32,1,1,1
BRF:4
BRH:4
end_of_record
TN:
SF:logic\deleteAllConversations.js
FN:19,(anonymous_0)
FN:22,(anonymous_1)
FNF:2
FNH:2
FNDA:9,(anonymous_0)
FNDA:2,(anonymous_1)
DA:4,1
DA:5,1
DA:19,1
DA:20,9
DA:22,2
DA:23,2
DA:24,2
DA:26,1
LF:8
LH:8
BRDA:24,0,0,1
BRDA:24,0,1,1
BRF:2
BRH:2
end_of_record
TN:
SF:logic\deleteComment.js
FN:22,(anonymous_0)
FN:27,(anonymous_1)
FNF:2
FNH:2
FNDA:24,(anonymous_0)
FNDA:3,(anonymous_1)
DA:4,1
DA:6,1
DA:22,1
DA:23,24
DA:24,17
DA:25,10
DA:27,3
DA:28,3
DA:29,3
DA:31,2
DA:32,2
DA:34,1
LF:12
LH:12
BRDA:29,0,0,1
BRDA:29,0,1,2
BRDA:32,1,0,1
BRDA:32,1,1,1
BRF:4
BRH:4
end_of_record
TN:
SF:logic\deleteConversation.js
FN:20,(anonymous_0)
FN:24,(anonymous_1)
FNF:2
FNH:2
FNDA:17,(anonymous_0)
FNDA:3,(anonymous_1)
DA:4,1
DA:5,1
DA:20,1
DA:21,17
DA:22,10
DA:24,3
DA:25,3
DA:26,3
DA:28,2
DA:29,2
DA:31,1
LF:11
LH:11
BRDA:26,0,0,1
BRDA:26,0,1,2
BRDA:29,1,0,1
BRDA:29,1,1,1
BRF:4
BRH:4
end_of_record
TN:
SF:logic\deletePost.js
FN:21,(anonymous_0)
FN:25,(anonymous_1)
FNF:2
FNH:2
FNDA:17,(anonymous_0)
FNDA:3,(anonymous_1)
DA:4,1
DA:6,1
DA:21,1
DA:22,17
DA:23,10
DA:25,3
DA:26,3
DA:27,3
DA:29,2
DA:30,2
DA:32,1
DA:37,1
DA:42,1
LF:13
LH:13
BRDA:27,0,0,1
BRDA:27,0,1,2
BRDA:30,1,0,1
BRDA:30,1,1,1
BRF:4
BRH:4
end_of_record
TN:
SF:logic\deleteSuggestion.js
FN:22,(anonymous_0)
FN:27,(anonymous_1)
FNF:2
FNH:2
FNDA:25,(anonymous_0)
FNDA:4,(anonymous_1)
DA:4,1
DA:6,1
DA:22,1
DA:23,25
DA:24,18
DA:25,11
DA:27,4
DA:28,4
DA:29,4
DA:31,3
DA:32,3
DA:34,2
DA:35,2
DA:37,1
LF:14
LH:14
BRDA:29,0,0,1
BRDA:29,0,1,3
BRDA:32,1,0,1
BRDA:32,1,1,2
BRDA:35,2,0,1
BRDA:35,2,1,1
BRF:6
BRH:6
end_of_record
TN:
SF:logic\generateSummary.js
FN:20,generateSummary
FN:24,(anonymous_1)
FN:33,(anonymous_2)
FNF:3
FNH:3
FNDA:17,generateSummary
FNDA:3,(anonymous_1)
FNDA:2,(anonymous_2)
DA:1,1
DA:3,1
DA:4,1
DA:5,1
DA:20,1
DA:21,17
DA:22,10
DA:24,3
DA:25,3
DA:26,3
DA:28,2
DA:29,2
DA:31,1
DA:33,2
DA:35,1
DA:40,1
DA:42,1
DA:47,1
DA:49,1
DA:53,1
DA:55,1
DA:62,1
LF:22
LH:22
BRDA:26,0,0,1
BRDA:26,0,1,2
BRDA:29,1,0,1
BRDA:29,1,1,1
BRF:4
BRH:4
end_of_record
TN:
SF:logic\hideSuggestion.js
FN:17,hideSuggestion
FN:21,(anonymous_1)
FNF:2
FNH:2
FNDA:18,hideSuggestion
FNDA:4,(anonymous_1)
DA:1,1
DA:2,1
DA:17,1
DA:18,18
DA:19,11
DA:21,4
DA:22,4
DA:23,4
DA:25,3
DA:26,3
DA:28,2
LF:11
LH:11
BRDA:23,0,0,1
BRDA:23,0,1,3
BRDA:26,1,0,1
BRDA:26,1,1,2
BRF:4
BRH:4
end_of_record
TN:
SF:logic\registerUser.js
FN:24,(anonymous_0)
FN:29,(anonymous_1)
FNF:2
FNH:2
FNDA:21,(anonymous_0)
FNDA:2,(anonymous_1)
DA:4,1
DA:5,1
DA:6,1
DA:7,1
DA:24,1
DA:25,21
DA:26,15
DA:27,8
DA:29,2
DA:30,2
DA:31,2
DA:33,2
DA:35,1
DA:36,1
DA:38,0
LF:15
LH:14
BRDA:35,0,0,1
BRDA:35,0,1,0
BRF:2
BRH:1
end_of_record
TN:
SF:logic\retrieveConversation.js
FN:17,retrieveConversations
FN:21,(anonymous_1)
FN:28,(anonymous_2)
FNF:3
FNH:3
FNDA:17,retrieveConversations
FNDA:3,(anonymous_1)
FNDA:2,(anonymous_2)
DA:1,1
DA:2,1
DA:17,1
DA:18,17
DA:19,10
DA:21,3
DA:22,3
DA:23,3
DA:25,2
DA:26,2
DA:28,2
DA:30,1
LF:12
LH:12
BRDA:23,0,0,1
BRDA:23,0,1,2
BRDA:26,1,0,1
BRDA:26,1,1,1
BRF:4
BRH:4
end_of_record
TN:
SF:logic\retrieveConversations.js
FN:16,retrieveConversations
FN:19,(anonymous_1)
FN:25,(anonymous_2)
FNF:3
FNH:3
FNDA:9,retrieveConversations
FNDA:2,(anonymous_1)
FNDA:2,(anonymous_2)
DA:1,1
DA:2,1
DA:16,1
DA:17,9
DA:19,2
DA:20,2
DA:21,2
DA:23,1
DA:25,1
DA:26,2
DA:27,2
DA:30,1
LF:12
LH:12
BRDA:21,0,0,1
BRDA:21,0,1,1
BRF:2
BRH:2
end_of_record
TN:
SF:logic\retrieveOwnSuggestions.js
FN:19,(anonymous_0)
FN:22,(anonymous_1)
FN:28,(anonymous_2)
FNF:3
FNH:3
FNDA:9,(anonymous_0)
FNDA:2,(anonymous_1)
FNDA:2,(anonymous_2)
DA:4,1
DA:5,1
DA:19,1
DA:20,9
DA:22,2
DA:23,2
DA:24,2
DA:26,1
DA:28,1
DA:29,2
DA:30,2
DA:32,2
DA:33,2
DA:35,2
DA:36,1
DA:37,1
DA:41,1
LF:17
LH:17
BRDA:24,0,0,1
BRDA:24,0,1,1
BRDA:35,1,0,1
BRDA:35,1,1,1
BRF:4
BRH:4
end_of_record
TN:
SF:logic\retrievePost.js
FN:21,(anonymous_0)
FN:25,(anonymous_1)
FN:38,(anonymous_2)
FN:39,(anonymous_3)
FN:41,(anonymous_4)
FNF:5
FNH:5
FNDA:17,(anonymous_0)
FNDA:3,(anonymous_1)
FNDA:1,(anonymous_2)
FNDA:1,(anonymous_3)
FNDA:1,(anonymous_4)
DA:4,1
DA:6,1
DA:21,1
DA:22,17
DA:23,10
DA:25,3
DA:26,3
DA:27,3
DA:29,2
DA:30,2
DA:32,1
DA:33,1
DA:35,1
DA:36,1
DA:38,1
DA:39,1
DA:41,1
DA:42,1
DA:43,1
DA:46,1
LF:20
LH:20
BRDA:27,0,0,1
BRDA:27,0,1,2
BRDA:30,1,0,1
BRDA:30,1,1,1
BRF:4
BRH:4
end_of_record
TN:
SF:logic\retrievePostSuggestions.js
FN:20,(anonymous_0)
FN:24,(anonymous_1)
FN:33,(anonymous_2)
FN:42,(anonymous_3)
FNF:4
FNH:4
FNDA:17,(anonymous_0)
FNDA:3,(anonymous_1)
FNDA:2,(anonymous_2)
FNDA:2,(anonymous_3)
DA:4,1
DA:5,1
DA:20,1
DA:21,17
DA:22,10
DA:24,3
DA:25,3
DA:26,3
DA:28,2
DA:29,2
DA:31,1
DA:33,1
DA:34,2
DA:36,2
DA:37,2
DA:39,2
DA:42,1
DA:43,2
DA:46,1
LF:19
LH:19
BRDA:26,0,0,1
BRDA:26,0,1,2
BRDA:29,1,0,1
BRDA:29,1,1,1
BRF:4
BRH:4
end_of_record
TN:
SF:logic\retrievePosts.js
FN:19,(anonymous_0)
FN:22,(anonymous_1)
FN:28,(anonymous_2)
FN:32,(anonymous_3)
FN:33,(anonymous_4)
FNF:5
FNH:5
FNDA:9,(anonymous_0)
FNDA:2,(anonymous_1)
FNDA:2,(anonymous_2)
FNDA:2,(anonymous_3)
FNDA:1,(anonymous_4)
DA:4,1
DA:5,1
DA:19,1
DA:20,9
DA:22,2
DA:23,2
DA:24,2
DA:26,1
DA:28,1
DA:29,2
DA:30,2
DA:32,2
DA:33,2
DA:35,2
DA:36,1
DA:37,1
DA:41,1
LF:17
LH:17
BRDA:24,0,0,1
BRDA:24,0,1,1
BRDA:35,1,0,1
BRDA:35,1,1,1
BRF:4
BRH:4
end_of_record
TN:
SF:logic\retrieveSavedPosts.js
FN:19,(anonymous_0)
FN:22,(anonymous_1)
FN:28,(anonymous_2)
FN:32,(anonymous_3)
FN:33,(anonymous_4)
FNF:5
FNH:5
FNDA:9,(anonymous_0)
FNDA:2,(anonymous_1)
FNDA:1,(anonymous_2)
FNDA:1,(anonymous_3)
FNDA:1,(anonymous_4)
DA:4,1
DA:5,1
DA:19,1
DA:20,9
DA:22,2
DA:23,2
DA:24,2
DA:26,1
DA:28,1
DA:29,1
DA:30,1
DA:32,1
DA:33,1
DA:35,1
DA:36,1
DA:37,1
DA:41,1
LF:17
LH:17
BRDA:24,0,0,1
BRDA:24,0,1,1
BRDA:35,1,0,1
BRDA:35,1,1,0
BRF:4
BRH:3
end_of_record
TN:
SF:logic\retrieveSearchedPosts.js
FN:20,(anonymous_0)
FN:24,(anonymous_1)
FN:30,(anonymous_2)
FN:34,(anonymous_3)
FN:35,(anonymous_4)
FNF:5
FNH:5
FNDA:15,(anonymous_0)
FNDA:2,(anonymous_1)
FNDA:2,(anonymous_2)
FNDA:2,(anonymous_3)
FNDA:1,(anonymous_4)
DA:4,1
DA:5,1
DA:20,1
DA:21,15
DA:22,8
DA:24,2
DA:25,2
DA:26,2
DA:28,1
DA:30,1
DA:31,2
DA:32,2
DA:34,2
DA:35,2
DA:37,2
DA:38,1
DA:39,1
DA:43,1
LF:18
LH:18
BRDA:26,0,0,1
BRDA:26,0,1,1
BRDA:37,1,0,1
BRDA:37,1,1,1
BRF:4
BRH:4
end_of_record
TN:
SF:logic\retrieveSeenPosts.js
FN:19,(anonymous_0)
FN:22,(anonymous_1)
FN:27,(anonymous_2)
FNF:3
FNH:3
FNDA:9,(anonymous_0)
FNDA:2,(anonymous_1)
FNDA:2,(anonymous_2)
DA:4,1
DA:5,1
DA:19,1
DA:20,9
DA:22,2
DA:23,2
DA:24,2
DA:26,1
DA:28,2
DA:30,2
DA:31,2
DA:32,2
DA:34,2
DA:35,2
DA:37,2
DA:42,1
LF:16
LH:16
BRDA:24,0,0,1
BRDA:24,0,1,1
BRDA:30,1,0,2
BRDA:30,1,1,0
BRF:4
BRH:3
end_of_record
TN:
SF:logic\retrieveSuggestion.js
FN:20,(anonymous_0)
FN:24,(anonymous_1)
FNF:2
FNH:2
FNDA:17,(anonymous_0)
FNDA:3,(anonymous_1)
DA:4,1
DA:5,1
DA:20,1
DA:21,17
DA:22,10
DA:24,3
DA:25,3
DA:26,3
DA:28,2
DA:29,2
DA:31,1
DA:32,1
DA:34,1
DA:35,1
DA:37,1
LF:15
LH:15
BRDA:26,0,0,1
BRDA:26,0,1,2
BRDA:29,1,0,1
BRDA:29,1,1,1
BRF:4
BRH:4
end_of_record
TN:
SF:logic\retrieveUser.js
FN:19,(anonymous_0)
FN:22,(anonymous_1)
FNF:2
FNH:2
FNDA:9,(anonymous_0)
FNDA:2,(anonymous_1)
DA:4,1
DA:5,1
DA:19,1
DA:20,9
DA:22,2
DA:23,2
DA:24,2
DA:26,1
DA:27,1
DA:29,1
DA:30,1
DA:32,1
LF:12
LH:12
BRDA:24,0,0,1
BRDA:24,0,1,1
BRF:2
BRH:2
end_of_record
TN:
SF:logic\retrieveUserPosts.js
FN:16,retrieveUserPosts
FN:19,(anonymous_1)
FN:25,(anonymous_2)
FN:29,(anonymous_3)
FN:30,(anonymous_4)
FNF:5
FNH:5
FNDA:9,retrieveUserPosts
FNDA:2,(anonymous_1)
FNDA:2,(anonymous_2)
FNDA:2,(anonymous_3)
FNDA:1,(anonymous_4)
DA:1,1
DA:2,1
DA:16,1
DA:17,9
DA:19,2
DA:20,2
DA:21,2
DA:23,1
DA:25,1
DA:26,2
DA:27,2
DA:29,2
DA:30,2
DA:32,2
DA:33,1
DA:34,1
DA:38,1
LF:17
LH:17
BRDA:21,0,0,1
BRDA:21,0,1,1
BRDA:32,1,0,1
BRDA:32,1,1,1
BRF:4
BRH:4
end_of_record
TN:
SF:logic\savePostAsSeen.js
FN:18,savePostAsSeen
FN:22,(anonymous_1)
FN:29,(anonymous_2)
FNF:3
FNH:3
FNDA:19,savePostAsSeen
FNDA:5,(anonymous_1)
FNDA:22,(anonymous_2)
DA:1,1
DA:2,1
DA:3,1
DA:18,1
DA:19,19
DA:20,12
DA:22,5
DA:23,5
DA:24,5
DA:26,4
DA:27,4
DA:29,22
DA:31,3
DA:32,1
DA:34,1
DA:37,2
DA:39,2
DA:42,3
LF:18
LH:18
BRDA:24,0,0,1
BRDA:24,0,1,4
BRDA:27,1,0,1
BRDA:27,1,1,3
BRDA:31,2,0,1
BRDA:31,2,1,2
BRDA:37,3,0,1
BRDA:37,3,1,1
BRF:8
BRH:8
end_of_record
TN:
SF:logic\storeInputInDB.js
FN:18,storeInputInDB
FN:23,(anonymous_1)
FNF:2
FNH:2
FNDA:38,storeInputInDB
FNDA:3,(anonymous_1)
DA:1,1
DA:2,1
DA:18,1
DA:19,38
DA:20,31
DA:21,24
DA:23,3
DA:24,3
DA:25,3
DA:27,2
DA:28,2
DA:30,1
DA:32,1
LF:13
LH:13
BRDA:25,0,0,1
BRDA:25,0,1,2
BRDA:28,1,0,1
BRDA:28,1,1,1
BRF:4
BRH:4
end_of_record
TN:
SF:logic\toggleCheckSuggestion.js
FN:17,toggleCheckSuggestion
FN:21,(anonymous_1)
FNF:2
FNH:2
FNDA:18,toggleCheckSuggestion
FNDA:4,(anonymous_1)
DA:1,1
DA:2,1
DA:17,1
DA:18,18
DA:19,11
DA:21,4
DA:22,4
DA:23,4
DA:25,3
DA:26,3
DA:28,2
LF:11
LH:11
BRDA:23,0,0,1
BRDA:23,0,1,3
BRDA:26,1,0,1
BRDA:26,1,1,2
BRF:4
BRH:4
end_of_record
TN:
SF:logic\toggleLikePost.js
FN:22,(anonymous_0)
FN:26,(anonymous_1)
FN:33,(anonymous_2)
FNF:3
FNH:3
FNDA:18,(anonymous_0)
FNDA:4,(anonymous_1)
FNDA:1,(anonymous_2)
DA:4,1
DA:5,1
DA:20,1
DA:22,1
DA:23,18
DA:24,11
DA:26,4
DA:27,4
DA:28,4
DA:30,3
DA:31,3
DA:33,2
DA:35,2
DA:36,1
DA:41,1
LF:15
LH:15
BRDA:28,0,0,1
BRDA:28,0,1,3
BRDA:31,1,0,1
BRDA:31,1,1,2
BRDA:35,2,0,1
BRDA:35,2,1,1
BRF:6
BRH:6
end_of_record
TN:
SF:logic\toggleSavePost.js
FN:21,(anonymous_0)
FN:25,(anonymous_1)
FN:32,(anonymous_2)
FNF:3
FNH:3
FNDA:18,(anonymous_0)
FNDA:4,(anonymous_1)
FNDA:1,(anonymous_2)
DA:4,1
DA:5,1
DA:6,1
DA:21,1
DA:22,18
DA:23,11
DA:25,4
DA:26,4
DA:27,4
DA:29,3
DA:30,3
DA:32,2
DA:34,2
DA:35,1
DA:40,1
LF:15
LH:15
BRDA:27,0,0,1
BRDA:27,0,1,3
BRDA:30,1,0,1
BRDA:30,1,1,2
BRDA:34,2,0,1
BRDA:34,2,1,1
BRF:6
BRH:6
end_of_record
TN:
SF:logic\toggleVisibilityPost.js
FN:20,(anonymous_0)
FN:24,(anonymous_1)
FNF:2
FNH:2
FNDA:18,(anonymous_0)
FNDA:4,(anonymous_1)
DA:4,1
DA:5,1
DA:20,1
DA:21,18
DA:22,11
DA:24,4
DA:25,4
DA:26,4
DA:28,3
DA:29,3
DA:31,2
DA:32,1
DA:37,1
LF:13
LH:13
BRDA:26,0,0,1
BRDA:26,0,1,3
BRDA:29,1,0,1
BRDA:29,1,1,2
BRDA:31,2,0,1
BRDA:31,2,1,1
BRF:6
BRH:6
end_of_record
TN:
SF:logic\updatePost.js
FN:23,(anonymous_0)
FN:31,(anonymous_1)
FNF:2
FNH:2
FNDA:31,(anonymous_0)
FNDA:4,(anonymous_1)
DA:4,1
DA:5,1
DA:23,1
DA:24,31
DA:25,24
DA:26,17
DA:27,11
DA:29,5
DA:31,4
DA:32,4
DA:33,4
DA:35,3
DA:36,3
DA:38,2
DA:40,1
LF:15
LH:15
BRDA:29,0,0,1
BRDA:29,0,1,4
BRDA:33,1,0,1
BRDA:33,1,1,3
BRDA:36,2,0,1
BRDA:36,2,1,2
BRDA:38,3,0,1
BRDA:38,3,1,1
BRF:8
BRH:8
end_of_record
TN:
SF:logic\updateSuggestion.js
FN:21,(anonymous_0)
FN:27,(anonymous_1)
FNF:2
FNH:2
FNDA:32,(anonymous_0)
FNDA:3,(anonymous_1)
DA:1,1
DA:2,1
DA:4,1
DA:21,1
DA:22,32
DA:23,25
DA:24,18
DA:25,11
DA:27,3
DA:28,3
DA:29,3
DA:31,2
DA:32,2
DA:34,1
LF:14
LH:14
BRDA:29,0,0,1
BRDA:29,0,1,2
BRDA:32,1,0,1
BRDA:32,1,1,1
BRF:4
BRH:4
end_of_record
TN:
SF:logic\updateUserAvatar.js
FN:25,(anonymous_0)
FN:30,(anonymous_1)
FNF:2
FNH:2
FNDA:24,(anonymous_0)
FNDA:4,(anonymous_1)
DA:1,1
DA:5,1
DA:6,1
DA:7,1
DA:25,1
DA:26,24
DA:27,17
DA:28,10
DA:30,4
DA:31,4
DA:32,4
DA:34,3
DA:36,2
DA:38,2
DA:40,1
LF:15
LH:15
BRDA:32,0,0,1
BRDA:32,0,1,3
BRDA:34,1,0,1
BRDA:34,1,1,2
BRDA:38,2,0,1
BRDA:38,2,1,1
BRF:6
BRH:6
end_of_record
TN:
SF:logic\updateUserPassword.js
FN:25,(anonymous_0)
FN:34,(anonymous_1)
FNF:2
FNH:2
FNDA:30,(anonymous_0)
FNDA:4,(anonymous_1)
DA:4,1
DA:5,1
DA:6,1
DA:25,1
DA:26,30
DA:27,23
DA:28,17
DA:29,11
DA:31,5
DA:32,1
DA:34,4
DA:35,4
DA:36,4
DA:38,3
DA:40,3
DA:42,2
DA:44,1
DA:46,1
LF:18
LH:18
BRDA:31,0,0,1
BRDA:31,0,1,4
BRDA:36,1,0,1
BRDA:36,1,1,3
BRDA:40,2,0,1
BRDA:40,2,1,2
BRDA:42,3,0,1
BRDA:42,3,1,1
BRF:8
BRH:8
end_of_record
TN:
SF:logic\helpers-test\cleanUp.js
FN:3,(anonymous_0)
FNF:1
FNH:1
FNDA:337,(anonymous_0)
DA:1,1
DA:3,1
DA:15,337
DA:16,337
DA:17,337
DA:18,337
LF:6
LH:6
BRF:0
BRH:0
end_of_record
TN:
SF:logic\helpers-test\generate.js
FN:2,(anonymous_0)
FNF:1
FNH:1
FNDA:337,(anonymous_0)
DA:1,1
DA:2,337
LF:2
LH:2
BRF:0
BRH:0
end_of_record
TN:
SF:logic\helpers-test\index.js
FNF:0
FNH:0
DA:1,1
LF:1
LH:1
BRF:0
BRH:0
end_of_record
TN:
SF:logic\helpers-test\populate.js
FN:3,(anonymous_0)
FNF:1
FNH:1
FNDA:328,(anonymous_0)
DA:1,1
DA:3,328
LF:2
LH:2
BRF:0
BRH:0
end_of_record
TN:
SF:logic\logic-specs\askForResponse.spec.js
FN:11,(anonymous_0)
FN:14,(anonymous_1)
FN:16,(anonymous_2)
FN:29,(anonymous_3)
FN:54,(anonymous_4)
FN:76,(anonymous_5)
FN:95,(anonymous_6)
FN:95,(anonymous_7)
FN:97,(anonymous_8)
FN:101,(anonymous_9)
FN:102,(anonymous_10)
FN:103,(anonymous_11)
FN:104,(anonymous_12)
FN:105,(anonymous_13)
FN:108,(anonymous_14)
FN:108,(anonymous_15)
FN:110,(anonymous_16)
FN:110,(anonymous_17)
FN:112,(anonymous_18)
FN:116,(anonymous_19)
FN:117,(anonymous_20)
FN:118,(anonymous_21)
FN:119,(anonymous_22)
FN:120,(anonymous_23)
FN:123,(anonymous_24)
FN:123,(anonymous_25)
FN:125,(anonymous_26)
FN:126,(anonymous_27)
FN:127,(anonymous_28)
FN:128,(anonymous_29)
FN:129,(anonymous_30)
FN:130,(anonymous_31)
FN:133,(anonymous_32)
FNF:33
FNH:33
FNDA:1,(anonymous_0)
FNDA:1,(anonymous_1)
FNDA:10,(anonymous_2)
FNDA:1,(anonymous_3)
FNDA:1,(anonymous_4)
FNDA:1,(anonymous_5)
FNDA:1,(anonymous_6)
FNDA:1,(anonymous_7)
FNDA:1,(anonymous_8)
FNDA:1,(anonymous_9)
FNDA:1,(anonymous_10)
FNDA:1,(anonymous_11)
FNDA:1,(anonymous_12)
FNDA:1,(anonymous_13)
FNDA:1,(anonymous_14)
FNDA:1,(anonymous_15)
FNDA:1,(anonymous_16)
FNDA:1,(anonymous_17)
FNDA:1,(anonymous_18)
FNDA:1,(anonymous_19)
FNDA:1,(anonymous_20)
FNDA:1,(anonymous_21)
FNDA:1,(anonymous_22)
FNDA:1,(anonymous_23)
FNDA:1,(anonymous_24)
FNDA:1,(anonymous_25)
FNDA:1,(anonymous_26)
FNDA:1,(anonymous_27)
FNDA:1,(anonymous_28)
FNDA:1,(anonymous_29)
FNDA:1,(anonymous_30)
FNDA:1,(anonymous_31)
FNDA:1,(anonymous_32)
DA:1,1
DA:3,1
DA:4,1
DA:5,1
DA:6,1
DA:7,1
DA:8,1
DA:9,1
DA:11,1
DA:14,1
DA:16,1
DA:17,10
DA:18,10
DA:20,10
DA:21,10
DA:23,10
DA:29,1
DA:30,1
DA:31,1
DA:32,1
DA:34,1
DA:36,1
DA:37,1
DA:39,1
DA:41,1
DA:43,1
DA:44,1
DA:45,1
DA:54,1
DA:55,1
DA:56,1
DA:57,1
DA:59,1
DA:61,1
DA:62,1
DA:64,1
DA:66,1
DA:68,1
DA:71,1
DA:72,1
DA:76,1
DA:77,1
DA:78,1
DA:79,1
DA:81,1
DA:83,1
DA:85,1
DA:87,1
DA:90,1
DA:91,1
DA:95,1
DA:97,1
DA:98,1
DA:99,1
DA:101,1
DA:102,1
DA:103,1
DA:104,1
DA:105,1
DA:108,1
DA:110,1
DA:112,1
DA:113,1
DA:114,1
DA:116,1
DA:117,1
DA:118,1
DA:119,1
DA:120,1
DA:123,1
DA:125,1
DA:126,1
DA:127,1
DA:128,1
DA:129,1
DA:130,1
DA:133,1
LF:77
LH:77
BRF:0
BRH:0
end_of_record
TN:
SF:logic\logic-specs\authenticateUser.spec.js
FN:11,(anonymous_0)
FN:14,(anonymous_1)
FN:16,(anonymous_2)
FN:32,(anonymous_3)
FN:48,(anonymous_4)
FN:59,(anonymous_5)
FN:70,(anonymous_6)
FN:70,(anonymous_7)
FN:72,(anonymous_8)
FN:73,(anonymous_9)
FN:74,(anonymous_10)
FN:75,(anonymous_11)
FN:76,(anonymous_12)
FN:77,(anonymous_13)
FN:80,(anonymous_14)
FN:80,(anonymous_15)
FN:82,(anonymous_16)
FN:83,(anonymous_17)
FN:84,(anonymous_18)
FN:85,(anonymous_19)
FN:86,(anonymous_20)
FN:87,(anonymous_21)
FN:90,(anonymous_22)
FNF:23
FNH:23
FNDA:1,(anonymous_0)
FNDA:1,(anonymous_1)
FNDA:7,(anonymous_2)
FNDA:1,(anonymous_3)
FNDA:1,(anonymous_4)
FNDA:1,(anonymous_5)
FNDA:1,(anonymous_6)
FNDA:1,(anonymous_7)
FNDA:1,(anonymous_8)
FNDA:1,(anonymous_9)
FNDA:1,(anonymous_10)
FNDA:1,(anonymous_11)
FNDA:1,(anonymous_12)
FNDA:1,(anonymous_13)
FNDA:1,(anonymous_14)
FNDA:1,(anonymous_15)
FNDA:1,(anonymous_16)
FNDA:1,(anonymous_17)
FNDA:1,(anonymous_18)
FNDA:1,(anonymous_19)
FNDA:1,(anonymous_20)
FNDA:1,(anonymous_21)
FNDA:1,(anonymous_22)
DA:1,1
DA:3,1
DA:4,1
DA:5,1
DA:6,1
DA:7,1
DA:8,1
DA:9,1
DA:11,1
DA:14,1
DA:16,1
DA:17,7
DA:18,7
DA:20,7
DA:21,7
DA:22,7
DA:24,7
DA:26,7
DA:32,1
DA:33,1
DA:34,1
DA:36,1
DA:38,1
DA:39,1
DA:48,1
DA:49,1
DA:50,1
DA:51,1
DA:54,1
DA:55,1
DA:59,1
DA:60,1
DA:61,1
DA:62,1
DA:65,1
DA:66,1
DA:70,1
DA:72,1
DA:73,1
DA:74,1
DA:75,1
DA:76,1
DA:77,1
DA:80,1
DA:82,1
DA:83,1
DA:84,1
DA:85,1
DA:86,1
DA:87,1
DA:90,1
LF:51
LH:51
BRF:0
BRH:0
end_of_record
TN:
SF:logic\logic-specs\createComment.spec.js
FN:11,(anonymous_0)
FN:14,(anonymous_1)
FN:16,(anonymous_2)
FN:30,(anonymous_3)
FN:45,(anonymous_4)
FN:59,(anonymous_5)
FN:81,(anonymous_6)
FN:100,(anonymous_7)
FN:100,(anonymous_8)
FN:102,(anonymous_9)
FN:106,(anonymous_10)
FN:107,(anonymous_11)
FN:108,(anonymous_12)
FN:109,(anonymous_13)
FN:110,(anonymous_14)
FN:113,(anonymous_15)
FN:113,(anonymous_16)
FN:115,(anonymous_17)
FN:115,(anonymous_18)
FN:117,(anonymous_19)
FN:121,(anonymous_20)
FN:122,(anonymous_21)
FN:123,(anonymous_22)
FN:124,(anonymous_23)
FN:125,(anonymous_24)
FN:128,(anonymous_25)
FN:128,(anonymous_26)
FN:130,(anonymous_27)
FN:130,(anonymous_28)
FN:132,(anonymous_29)
FN:136,(anonymous_30)
FN:137,(anonymous_31)
FN:138,(anonymous_32)
FN:139,(anonymous_33)
FN:140,(anonymous_34)
FN:143,(anonymous_35)
FN:143,(anonymous_36)
FN:145,(anonymous_37)
FNF:38
FNH:38
FNDA:1,(anonymous_0)
FNDA:1,(anonymous_1)
FNDA:12,(anonymous_2)
FNDA:1,(anonymous_3)
FNDA:1,(anonymous_4)
FNDA:1,(anonymous_5)
FNDA:1,(anonymous_6)
FNDA:1,(anonymous_7)
FNDA:1,(anonymous_8)
FNDA:1,(anonymous_9)
FNDA:1,(anonymous_10)
FNDA:1,(anonymous_11)
FNDA:1,(anonymous_12)
FNDA:1,(anonymous_13)
FNDA:1,(anonymous_14)
FNDA:1,(anonymous_15)
FNDA:1,(anonymous_16)
FNDA:1,(anonymous_17)
FNDA:1,(anonymous_18)
FNDA:1,(anonymous_19)
FNDA:1,(anonymous_20)
FNDA:1,(anonymous_21)
FNDA:1,(anonymous_22)
FNDA:1,(anonymous_23)
FNDA:1,(anonymous_24)
FNDA:1,(anonymous_25)
FNDA:1,(anonymous_26)
FNDA:1,(anonymous_27)
FNDA:1,(anonymous_28)
FNDA:1,(anonymous_29)
FNDA:1,(anonymous_30)
FNDA:1,(anonymous_31)
FNDA:1,(anonymous_32)
FNDA:1,(anonymous_33)
FNDA:1,(anonymous_34)
FNDA:1,(anonymous_35)
FNDA:1,(anonymous_36)
FNDA:1,(anonymous_37)
DA:1,1
DA:3,1
DA:4,1
DA:5,1
DA:6,1
DA:7,1
DA:8,1
DA:9,1
DA:11,1
DA:14,1
DA:16,1
DA:17,12
DA:18,12
DA:20,12
DA:21,12
DA:22,12
DA:24,12
DA:30,1
DA:31,1
DA:32,1
DA:33,1
DA:35,1
DA:37,1
DA:38,1
DA:40,1
DA:42,1
DA:44,1
DA:45,1
DA:47,1
DA:48,1
DA:49,1
DA:50,1
DA:59,1
DA:60,1
DA:61,1
DA:62,1
DA:64,1
DA:66,1
DA:67,1
DA:69,1
DA:71,1
DA:73,1
DA:76,1
DA:77,1
DA:81,1
DA:82,1
DA:83,1
DA:84,1
DA:86,1
DA:88,1
DA:90,1
DA:92,1
DA:95,1
DA:96,1
DA:100,1
DA:102,1
DA:103,1
DA:104,1
DA:106,1
DA:107,1
DA:108,1
DA:109,1
DA:110,1
DA:113,1
DA:115,1
DA:117,1
DA:118,1
DA:119,1
DA:121,1
DA:122,1
DA:123,1
DA:124,1
DA:125,1
DA:128,1
DA:130,1
DA:132,1
DA:133,1
DA:134,1
DA:136,1
DA:137,1
DA:138,1
DA:139,1
DA:140,1
DA:143,1
DA:145,1
LF:85
LH:85
BRF:0
BRH:0
end_of_record
TN:
SF:logic\logic-specs\createConversation.spec.js
FN:10,(anonymous_0)
FN:13,(anonymous_1)
FN:15,(anonymous_2)
FN:29,(anonymous_3)
FN:49,(anonymous_4)
FN:65,(anonymous_5)
FN:65,(anonymous_6)
FN:67,(anonymous_7)
FN:70,(anonymous_8)
FN:71,(anonymous_9)
FN:72,(anonymous_10)
FN:73,(anonymous_11)
FN:74,(anonymous_12)
FN:77,(anonymous_13)
FN:77,(anonymous_14)
FN:79,(anonymous_15)
FN:79,(anonymous_16)
FN:81,(anonymous_17)
FN:84,(anonymous_18)
FN:85,(anonymous_19)
FN:86,(anonymous_20)
FN:87,(anonymous_21)
FN:88,(anonymous_22)
FN:91,(anonymous_23)
FNF:24
FNH:24
FNDA:1,(anonymous_0)
FNDA:1,(anonymous_1)
FNDA:7,(anonymous_2)
FNDA:1,(anonymous_3)
FNDA:1,(anonymous_4)
FNDA:1,(anonymous_5)
FNDA:1,(anonymous_6)
FNDA:1,(anonymous_7)
FNDA:1,(anonymous_8)
FNDA:1,(anonymous_9)
FNDA:1,(anonymous_10)
FNDA:1,(anonymous_11)
FNDA:1,(anonymous_12)
FNDA:1,(anonymous_13)
FNDA:1,(anonymous_14)
FNDA:1,(anonymous_15)
FNDA:1,(anonymous_16)
FNDA:1,(anonymous_17)
FNDA:1,(anonymous_18)
FNDA:1,(anonymous_19)
FNDA:1,(anonymous_20)
FNDA:1,(anonymous_21)
FNDA:1,(anonymous_22)
FNDA:1,(anonymous_23)
DA:1,1
DA:3,1
DA:4,1
DA:5,1
DA:6,1
DA:7,1
DA:8,1
DA:10,1
DA:13,1
DA:15,1
DA:16,7
DA:17,7
DA:19,7
DA:20,7
DA:21,7
DA:23,7
DA:29,1
DA:30,1
DA:31,1
DA:32,1
DA:34,1
DA:36,1
DA:38,1
DA:40,1
DA:49,1
DA:50,1
DA:51,1
DA:53,1
DA:55,1
DA:57,1
DA:60,1
DA:61,1
DA:65,1
DA:67,1
DA:68,1
DA:70,1
DA:71,1
DA:72,1
DA:73,1
DA:74,1
DA:77,1
DA:79,1
DA:81,1
DA:82,1
DA:84,1
DA:85,1
DA:86,1
DA:87,1
DA:88,1
DA:91,1
LF:50
LH:50
BRF:0
BRH:0
end_of_record
TN:
SF:logic\logic-specs\createPost.spec.js
FN:11,(anonymous_0)
FN:14,(anonymous_1)
FN:16,(anonymous_2)
FN:29,(anonymous_3)
FN:63,(anonymous_4)
FN:83,(anonymous_5)
FN:100,(anonymous_6)
FN:100,(anonymous_7)
FN:102,(anonymous_8)
FN:106,(anonymous_9)
FN:107,(anonymous_10)
FN:108,(anonymous_11)
FN:109,(anonymous_12)
FN:110,(anonymous_13)
FN:113,(anonymous_14)
FN:113,(anonymous_15)
FN:115,(anonymous_16)
FN:115,(anonymous_17)
FN:117,(anonymous_18)
FN:121,(anonymous_19)
FN:122,(anonymous_20)
FN:123,(anonymous_21)
FN:124,(anonymous_22)
FN:125,(anonymous_23)
FN:128,(anonymous_24)
FN:128,(anonymous_25)
FN:130,(anonymous_26)
FN:130,(anonymous_27)
FN:132,(anonymous_28)
FN:136,(anonymous_29)
FN:137,(anonymous_30)
FN:138,(anonymous_31)
FN:139,(anonymous_32)
FN:140,(anonymous_33)
FN:143,(anonymous_34)
FNF:35
FNH:35
FNDA:1,(anonymous_0)
FNDA:1,(anonymous_1)
FNDA:11,(anonymous_2)
FNDA:1,(anonymous_3)
FNDA:1,(anonymous_4)
FNDA:1,(anonymous_5)
FNDA:1,(anonymous_6)
FNDA:1,(anonymous_7)
FNDA:1,(anonymous_8)
FNDA:1,(anonymous_9)
FNDA:1,(anonymous_10)
FNDA:1,(anonymous_11)
FNDA:1,(anonymous_12)
FNDA:1,(anonymous_13)
FNDA:1,(anonymous_14)
FNDA:1,(anonymous_15)
FNDA:1,(anonymous_16)
FNDA:1,(anonymous_17)
FNDA:1,(anonymous_18)
FNDA:1,(anonymous_19)
FNDA:1,(anonymous_20)
FNDA:1,(anonymous_21)
FNDA:1,(anonymous_22)
FNDA:1,(anonymous_23)
FNDA:1,(anonymous_24)
FNDA:1,(anonymous_25)
FNDA:1,(anonymous_26)
FNDA:1,(anonymous_27)
FNDA:1,(anonymous_28)
FNDA:1,(anonymous_29)
FNDA:1,(anonymous_30)
FNDA:1,(anonymous_31)
FNDA:1,(anonymous_32)
FNDA:1,(anonymous_33)
FNDA:1,(anonymous_34)
DA:1,1
DA:3,1
DA:4,1
DA:5,1
DA:6,1
DA:7,1
DA:8,1
DA:9,1
DA:11,1
DA:14,1
DA:16,1
DA:17,11
DA:18,11
DA:20,11
DA:21,11
DA:23,11
DA:29,1
DA:30,1
DA:31,1
DA:32,1
DA:34,1
DA:36,1
DA:38,1
DA:39,1
DA:41,1
DA:43,1
DA:45,1
DA:47,1
DA:48,1
DA:49,1
DA:50,1
DA:51,1
DA:52,1
DA:53,1
DA:54,1
DA:63,1
DA:64,1
DA:65,1
DA:66,1
DA:68,1
DA:70,1
DA:71,1
DA:73,1
DA:75,1
DA:78,1
DA:79,1
DA:83,1
DA:84,1
DA:85,1
DA:86,1
DA:88,1
DA:90,1
DA:92,1
DA:95,1
DA:96,1
DA:100,1
DA:102,1
DA:103,1
DA:104,1
DA:106,1
DA:107,1
DA:108,1
DA:109,1
DA:110,1
DA:113,1
DA:115,1
DA:117,1
DA:118,1
DA:119,1
DA:121,1
DA:122,1
DA:123,1
DA:124,1
DA:125,1
DA:128,1
DA:130,1
DA:132,1
DA:133,1
DA:134,1
DA:136,1
DA:137,1
DA:138,1
DA:139,1
DA:140,1
DA:143,1
LF:85
LH:85
BRF:0
BRH:0
end_of_record
TN:
SF:logic\logic-specs\createSuggestion.spec.js
FN:11,(anonymous_0)
FN:14,(anonymous_1)
FN:16,(anonymous_2)
FN:30,(anonymous_3)
FN:56,(anonymous_4)
FN:79,(anonymous_5)
FN:102,(anonymous_6)
FN:102,(anonymous_7)
FN:104,(anonymous_8)
FN:109,(anonymous_9)
FN:110,(anonymous_10)
FN:111,(anonymous_11)
FN:112,(anonymous_12)
FN:113,(anonymous_13)
FN:116,(anonymous_14)
FN:116,(anonymous_15)
FN:118,(anonymous_16)
FN:118,(anonymous_17)
FN:120,(anonymous_18)
FN:125,(anonymous_19)
FN:126,(anonymous_20)
FN:127,(anonymous_21)
FN:128,(anonymous_22)
FN:129,(anonymous_23)
FN:132,(anonymous_24)
FN:132,(anonymous_25)
FN:134,(anonymous_26)
FN:134,(anonymous_27)
FN:136,(anonymous_28)
FN:141,(anonymous_29)
FN:142,(anonymous_30)
FN:143,(anonymous_31)
FN:144,(anonymous_32)
FN:145,(anonymous_33)
FN:148,(anonymous_34)
FN:148,(anonymous_35)
FN:150,(anonymous_36)
FN:150,(anonymous_37)
FN:152,(anonymous_38)
FN:157,(anonymous_39)
FN:158,(anonymous_40)
FN:159,(anonymous_41)
FN:160,(anonymous_42)
FN:161,(anonymous_43)
FN:164,(anonymous_44)
FN:164,(anonymous_45)
FN:166,(anonymous_46)
FN:166,(anonymous_47)
FN:168,(anonymous_48)
FNF:49
FNH:49
FNDA:1,(anonymous_0)
FNDA:1,(anonymous_1)
FNDA:16,(anonymous_2)
FNDA:1,(anonymous_3)
FNDA:1,(anonymous_4)
FNDA:1,(anonymous_5)
FNDA:1,(anonymous_6)
FNDA:1,(anonymous_7)
FNDA:1,(anonymous_8)
FNDA:1,(anonymous_9)
FNDA:1,(anonymous_10)
FNDA:1,(anonymous_11)
FNDA:1,(anonymous_12)
FNDA:1,(anonymous_13)
FNDA:1,(anonymous_14)
FNDA:1,(anonymous_15)
FNDA:1,(anonymous_16)
FNDA:1,(anonymous_17)
FNDA:1,(anonymous_18)
FNDA:1,(anonymous_19)
FNDA:1,(anonymous_20)
FNDA:1,(anonymous_21)
FNDA:1,(anonymous_22)
FNDA:1,(anonymous_23)
FNDA:1,(anonymous_24)
FNDA:1,(anonymous_25)
FNDA:1,(anonymous_26)
FNDA:1,(anonymous_27)
FNDA:1,(anonymous_28)
FNDA:1,(anonymous_29)
FNDA:1,(anonymous_30)
FNDA:1,(anonymous_31)
FNDA:1,(anonymous_32)
FNDA:1,(anonymous_33)
FNDA:1,(anonymous_34)
FNDA:1,(anonymous_35)
FNDA:1,(anonymous_36)
FNDA:1,(anonymous_37)
FNDA:1,(anonymous_38)
FNDA:1,(anonymous_39)
FNDA:1,(anonymous_40)
FNDA:1,(anonymous_41)
FNDA:1,(anonymous_42)
FNDA:1,(anonymous_43)
FNDA:1,(anonymous_44)
FNDA:1,(anonymous_45)
FNDA:1,(anonymous_46)
FNDA:1,(anonymous_47)
FNDA:1,(anonymous_48)
DA:1,1
DA:3,1
DA:4,1
DA:5,1
DA:6,1
DA:7,1
DA:8,1
DA:9,1
DA:11,1
DA:14,1
DA:16,1
DA:17,16
DA:18,16
DA:20,16
DA:21,16
DA:22,16
DA:24,16
DA:30,1
DA:31,1
DA:32,1
DA:33,1
DA:35,1
DA:37,1
DA:38,1
DA:40,1
DA:41,1
DA:43,1
DA:45,1
DA:47,1
DA:56,1
DA:57,1
DA:58,1
DA:59,1
DA:61,1
DA:63,1
DA:64,1
DA:66,1
DA:67,1
DA:69,1
DA:71,1
DA:74,1
DA:75,1
DA:79,1
DA:80,1
DA:81,1
DA:82,1
DA:84,1
DA:86,1
DA:87,1
DA:89,1
DA:90,1
DA:92,1
DA:94,1
DA:97,1
DA:98,1
DA:102,1
DA:104,1
DA:105,1
DA:106,1
DA:107,1
DA:109,1
DA:110,1
DA:111,1
DA:112,1
DA:113,1
DA:116,1
DA:118,1
DA:120,1
DA:121,1
DA:122,1
DA:123,1
DA:125,1
DA:126,1
DA:127,1
DA:128,1
DA:129,1
DA:132,1
DA:134,1
DA:136,1
DA:137,1
DA:138,1
DA:139,1
DA:141,1
DA:142,1
DA:143,1
DA:144,1
DA:145,1
DA:148,1
DA:150,1
DA:152,1
DA:153,1
DA:154,1
DA:155,1
DA:157,1
DA:158,1
DA:159,1
DA:160,1
DA:161,1
DA:164,1
DA:166,1
DA:168,1
LF:101
LH:101
BRF:0
BRH:0
end_of_record
TN:
SF:logic\logic-specs\deleteAllConversations.spec.js
FN:11,(anonymous_0)
FN:14,(anonymous_1)
FN:16,(anonymous_2)
FN:33,(anonymous_3)
FN:61,(anonymous_4)
FN:82,(anonymous_5)
FN:82,(anonymous_6)
FN:84,(anonymous_7)
FN:85,(anonymous_8)
FN:86,(anonymous_9)
FN:87,(anonymous_10)
FN:88,(anonymous_11)
FN:89,(anonymous_12)
FN:92,(anonymous_13)
FN:92,(anonymous_14)
FN:94,(anonymous_15)
FNF:16
FNH:16
FNDA:1,(anonymous_0)
FNDA:1,(anonymous_1)
FNDA:5,(anonymous_2)
FNDA:1,(anonymous_3)
FNDA:1,(anonymous_4)
FNDA:1,(anonymous_5)
FNDA:1,(anonymous_6)
FNDA:1,(anonymous_7)
FNDA:1,(anonymous_8)
FNDA:1,(anonymous_9)
FNDA:1,(anonymous_10)
FNDA:1,(anonymous_11)
FNDA:1,(anonymous_12)
FNDA:1,(anonymous_13)
FNDA:1,(anonymous_14)
FNDA:1,(anonymous_15)
DA:1,1
DA:3,1
DA:4,1
DA:5,1
DA:6,1
DA:7,1
DA:8,1
DA:9,1
DA:11,1
DA:14,1
DA:16,1
DA:17,5
DA:18,5
DA:20,5
DA:21,5
DA:23,5
DA:25,5
DA:33,1
DA:34,1
DA:35,1
DA:36,1
DA:38,1
DA:39,1
DA:41,1
DA:42,1
DA:44,1
DA:46,1
DA:48,1
DA:50,1
DA:52,1
DA:61,1
DA:62,1
DA:63,1
DA:64,1
DA:66,1
DA:67,1
DA:69,1
DA:70,1
DA:72,1
DA:74,1
DA:77,1
DA:78,1
DA:82,1
DA:84,1
DA:85,1
DA:86,1
DA:87,1
DA:88,1
DA:89,1
DA:92,1
DA:94,1
LF:51
LH:51
BRF:0
BRH:0
end_of_record
TN:
SF:logic\logic-specs\deleteComment.spec.js
FN:11,(anonymous_0)
FN:14,(anonymous_1)
FN:16,(anonymous_2)
FN:30,(anonymous_3)
FN:55,(anonymous_4)
FN:72,(anonymous_5)
FN:97,(anonymous_6)
FN:110,(anonymous_7)
FN:135,(anonymous_8)
FN:148,(anonymous_9)
FN:148,(anonymous_10)
FN:150,(anonymous_11)
FN:154,(anonymous_12)
FN:155,(anonymous_13)
FN:156,(anonymous_14)
FN:157,(anonymous_15)
FN:158,(anonymous_16)
FN:161,(anonymous_17)
FN:161,(anonymous_18)
FN:163,(anonymous_19)
FN:163,(anonymous_20)
FN:165,(anonymous_21)
FN:169,(anonymous_22)
FN:170,(anonymous_23)
FN:171,(anonymous_24)
FN:172,(anonymous_25)
FN:173,(anonymous_26)
FN:176,(anonymous_27)
FN:176,(anonymous_28)
FN:178,(anonymous_29)
FN:178,(anonymous_30)
FN:180,(anonymous_31)
FN:184,(anonymous_32)
FN:185,(anonymous_33)
FN:186,(anonymous_34)
FN:187,(anonymous_35)
FN:188,(anonymous_36)
FN:191,(anonymous_37)
FN:191,(anonymous_38)
FN:193,(anonymous_39)
FNF:40
FNH:40
FNDA:1,(anonymous_0)
FNDA:1,(anonymous_1)
FNDA:12,(anonymous_2)
FNDA:1,(anonymous_3)
FNDA:1,(anonymous_4)
FNDA:1,(anonymous_5)
FNDA:1,(anonymous_6)
FNDA:1,(anonymous_7)
FNDA:1,(anonymous_8)
FNDA:1,(anonymous_9)
FNDA:1,(anonymous_10)
FNDA:1,(anonymous_11)
FNDA:1,(anonymous_12)
FNDA:1,(anonymous_13)
FNDA:1,(anonymous_14)
FNDA:1,(anonymous_15)
FNDA:1,(anonymous_16)
FNDA:1,(anonymous_17)
FNDA:1,(anonymous_18)
FNDA:1,(anonymous_19)
FNDA:1,(anonymous_20)
FNDA:1,(anonymous_21)
FNDA:1,(anonymous_22)
FNDA:1,(anonymous_23)
FNDA:1,(anonymous_24)
FNDA:1,(anonymous_25)
FNDA:1,(anonymous_26)
FNDA:1,(anonymous_27)
FNDA:1,(anonymous_28)
FNDA:1,(anonymous_29)
FNDA:1,(anonymous_30)
FNDA:1,(anonymous_31)
FNDA:1,(anonymous_32)
FNDA:1,(anonymous_33)
FNDA:1,(anonymous_34)
FNDA:1,(anonymous_35)
FNDA:1,(anonymous_36)
FNDA:1,(anonymous_37)
FNDA:1,(anonymous_38)
FNDA:1,(anonymous_39)
DA:1,1
DA:3,1
DA:4,1
DA:5,1
DA:6,1
DA:7,1
DA:8,1
DA:9,1
DA:11,1
DA:14,1
DA:16,1
DA:17,12
DA:18,12
DA:20,12
DA:21,12
DA:22,12
DA:24,12
DA:30,1
DA:31,1
DA:32,1
DA:33,1
DA:35,1
DA:37,1
DA:38,1
DA:40,1
DA:46,1
DA:48,1
DA:50,1
DA:51,1
DA:53,1
DA:55,1
DA:56,1
DA:58,1
DA:60,1
DA:61,1
DA:63,1
DA:72,1
DA:73,1
DA:74,1
DA:75,1
DA:77,1
DA:79,1
DA:80,1
DA:82,1
DA:88,1
DA:90,1
DA:92,1
DA:93,1
DA:95,1
DA:97,1
DA:98,1
DA:100,1
DA:102,1
DA:105,1
DA:106,1
DA:110,1
DA:111,1
DA:112,1
DA:113,1
DA:115,1
DA:117,1
DA:118,1
DA:120,1
DA:126,1
DA:128,1
DA:130,1
DA:131,1
DA:133,1
DA:135,1
DA:136,1
DA:138,1
DA:140,1
DA:143,1
DA:144,1
DA:148,1
DA:150,1
DA:151,1
DA:152,1
DA:154,1
DA:155,1
DA:156,1
DA:157,1
DA:158,1
DA:161,1
DA:163,1
DA:165,1
DA:166,1
DA:167,1
DA:169,1
DA:170,1
DA:171,1
DA:172,1
DA:173,1
DA:176,1
DA:178,1
DA:180,1
DA:181,1
DA:182,1
DA:184,1
DA:185,1
DA:186,1
DA:187,1
DA:188,1
DA:191,1
DA:193,1
LF:105
LH:105
BRF:0
BRH:0
end_of_record
TN:
SF:logic\logic-specs\deleteConversation.spec.js
FN:11,(anonymous_0)
FN:14,(anonymous_1)
FN:16,(anonymous_2)
FN:29,(anonymous_3)
FN:57,(anonymous_4)
FN:82,(anonymous_5)
FN:105,(anonymous_6)
FN:105,(anonymous_7)
FN:107,(anonymous_8)
FN:110,(anonymous_9)
FN:111,(anonymous_10)
FN:112,(anonymous_11)
FN:113,(anonymous_12)
FN:114,(anonymous_13)
FN:117,(anonymous_14)
FN:117,(anonymous_15)
FN:119,(anonymous_16)
FN:119,(anonymous_17)
FN:121,(anonymous_18)
FN:124,(anonymous_19)
FN:125,(anonymous_20)
FN:126,(anonymous_21)
FN:127,(anonymous_22)
FN:128,(anonymous_23)
FN:131,(anonymous_24)
FN:131,(anonymous_25)
FN:133,(anonymous_26)
FNF:27
FNH:27
FNDA:1,(anonymous_0)
FNDA:1,(anonymous_1)
FNDA:9,(anonymous_2)
FNDA:1,(anonymous_3)
FNDA:1,(anonymous_4)
FNDA:1,(anonymous_5)
FNDA:1,(anonymous_6)
FNDA:1,(anonymous_7)
FNDA:1,(anonymous_8)
FNDA:1,(anonymous_9)
FNDA:1,(anonymous_10)
FNDA:1,(anonymous_11)
FNDA:1,(anonymous_12)
FNDA:1,(anonymous_13)
FNDA:1,(anonymous_14)
FNDA:1,(anonymous_15)
FNDA:1,(anonymous_16)
FNDA:1,(anonymous_17)
FNDA:1,(anonymous_18)
FNDA:1,(anonymous_19)
FNDA:1,(anonymous_20)
FNDA:1,(anonymous_21)
FNDA:1,(anonymous_22)
FNDA:1,(anonymous_23)
FNDA:1,(anonymous_24)
FNDA:1,(anonymous_25)
FNDA:1,(anonymous_26)
DA:1,1
DA:3,1
DA:4,1
DA:5,1
DA:6,1
DA:7,1
DA:8,1
DA:9,1
DA:11,1
DA:14,1
DA:16,1
DA:17,9
DA:18,9
DA:20,9
DA:21,9
DA:23,9
DA:29,1
DA:30,1
DA:31,1
DA:32,1
DA:34,1
DA:36,1
DA:38,1
DA:40,1
DA:42,1
DA:44,1
DA:46,1
DA:48,1
DA:57,1
DA:58,1
DA:59,1
DA:60,1
DA:62,1
DA:64,1
DA:66,1
DA:68,1
DA:70,1
DA:72,1
DA:74,1
DA:77,1
DA:78,1
DA:82,1
DA:83,1
DA:84,1
DA:85,1
DA:87,1
DA:89,1
DA:91,1
DA:93,1
DA:95,1
DA:97,1
DA:100,1
DA:101,1
DA:105,1
DA:107,1
DA:108,1
DA:110,1
DA:111,1
DA:112,1
DA:113,1
DA:114,1
DA:117,1
DA:119,1
DA:121,1
DA:122,1
DA:124,1
DA:125,1
DA:126,1
DA:127,1
DA:128,1
DA:131,1
DA:133,1
LF:72
LH:72
BRF:0
BRH:0
end_of_record
TN:
SF:logic\logic-specs\deletePost.spec.js
FN:11,(anonymous_0)
FN:14,(anonymous_1)
FN:16,(anonymous_2)
FN:30,(anonymous_3)
FN:65,(anonymous_4)
FN:87,(anonymous_5)
FN:108,(anonymous_6)
FN:108,(anonymous_7)
FN:110,(anonymous_8)
FN:112,(anonymous_9)
FN:113,(anonymous_10)
FN:114,(anonymous_11)
FN:115,(anonymous_12)
FN:116,(anonymous_13)
FN:119,(anonymous_14)
FN:119,(anonymous_15)
FN:121,(anonymous_16)
FN:121,(anonymous_17)
FN:123,(anonymous_18)
FN:125,(anonymous_19)
FN:126,(anonymous_20)
FN:127,(anonymous_21)
FN:128,(anonymous_22)
FN:129,(anonymous_23)
FN:132,(anonymous_24)
FN:132,(anonymous_25)
FN:134,(anonymous_26)
FNF:27
FNH:27
FNDA:1,(anonymous_0)
FNDA:1,(anonymous_1)
FNDA:9,(anonymous_2)
FNDA:1,(anonymous_3)
FNDA:1,(anonymous_4)
FNDA:1,(anonymous_5)
FNDA:1,(anonymous_6)
FNDA:1,(anonymous_7)
FNDA:1,(anonymous_8)
FNDA:1,(anonymous_9)
FNDA:1,(anonymous_10)
FNDA:1,(anonymous_11)
FNDA:1,(anonymous_12)
FNDA:1,(anonymous_13)
FNDA:1,(anonymous_14)
FNDA:1,(anonymous_15)
FNDA:1,(anonymous_16)
FNDA:1,(anonymous_17)
FNDA:1,(anonymous_18)
FNDA:1,(anonymous_19)
FNDA:1,(anonymous_20)
FNDA:1,(anonymous_21)
FNDA:1,(anonymous_22)
FNDA:1,(anonymous_23)
FNDA:1,(anonymous_24)
FNDA:1,(anonymous_25)
FNDA:1,(anonymous_26)
DA:1,1
DA:3,1
DA:4,1
DA:5,1
DA:6,1
DA:7,1
DA:8,1
DA:9,1
DA:11,1
DA:14,1
DA:16,1
DA:17,9
DA:18,9
DA:20,9
DA:21,9
DA:22,9
DA:24,9
DA:30,1
DA:31,1
DA:32,1
DA:33,1
DA:35,1
DA:37,1
DA:38,1
DA:40,1
DA:42,1
DA:44,1
DA:46,1
DA:47,1
DA:49,1
DA:51,1
DA:53,1
DA:55,1
DA:56,1
DA:65,1
DA:66,1
DA:67,1
DA:68,1
DA:70,1
DA:72,1
DA:73,1
DA:75,1
DA:77,1
DA:79,1
DA:82,1
DA:83,1
DA:87,1
DA:88,1
DA:89,1
DA:90,1
DA:92,1
DA:94,1
DA:96,1
DA:98,1
DA:100,1
DA:103,1
DA:104,1
DA:108,1
DA:110,1
DA:111,1
DA:112,1
DA:113,1
DA:114,1
DA:115,1
DA:116,1
DA:119,1
DA:121,1
DA:123,1
DA:124,1
DA:125,1
DA:126,1
DA:127,1
DA:128,1
DA:129,1
DA:132,1
DA:134,1
LF:76
LH:76
BRF:0
BRH:0
end_of_record
TN:
SF:logic\logic-specs\deleteSuggestion.spec.js
FN:11,(anonymous_0)
FN:14,(anonymous_1)
FN:16,(anonymous_2)
FN:30,(anonymous_3)
FN:62,(anonymous_4)
FN:91,(anonymous_5)
FN:120,(anonymous_6)
FN:148,(anonymous_7)
FN:148,(anonymous_8)
FN:150,(anonymous_9)
FN:154,(anonymous_10)
FN:155,(anonymous_11)
FN:156,(anonymous_12)
FN:157,(anonymous_13)
FN:158,(anonymous_14)
FN:161,(anonymous_15)
FN:161,(anonymous_16)
FN:163,(anonymous_17)
FN:163,(anonymous_18)
FN:165,(anonymous_19)
FN:169,(anonymous_20)
FN:170,(anonymous_21)
FN:171,(anonymous_22)
FN:172,(anonymous_23)
FN:173,(anonymous_24)
FN:176,(anonymous_25)
FN:176,(anonymous_26)
FN:178,(anonymous_27)
FN:178,(anonymous_28)
FN:180,(anonymous_29)
FN:184,(anonymous_30)
FN:185,(anonymous_31)
FN:186,(anonymous_32)
FN:187,(anonymous_33)
FN:188,(anonymous_34)
FN:191,(anonymous_35)
FN:191,(anonymous_36)
FN:193,(anonymous_37)
FNF:38
FNH:38
FNDA:1,(anonymous_0)
FNDA:1,(anonymous_1)
FNDA:13,(anonymous_2)
FNDA:1,(anonymous_3)
FNDA:1,(anonymous_4)
FNDA:1,(anonymous_5)
FNDA:1,(anonymous_6)
FNDA:1,(anonymous_7)
FNDA:1,(anonymous_8)
FNDA:1,(anonymous_9)
FNDA:1,(anonymous_10)
FNDA:1,(anonymous_11)
FNDA:1,(anonymous_12)
FNDA:1,(anonymous_13)
FNDA:1,(anonymous_14)
FNDA:1,(anonymous_15)
FNDA:1,(anonymous_16)
FNDA:1,(anonymous_17)
FNDA:1,(anonymous_18)
FNDA:1,(anonymous_19)
FNDA:1,(anonymous_20)
FNDA:1,(anonymous_21)
FNDA:1,(anonymous_22)
FNDA:1,(anonymous_23)
FNDA:1,(anonymous_24)
FNDA:1,(anonymous_25)
FNDA:1,(anonymous_26)
FNDA:1,(anonymous_27)
FNDA:1,(anonymous_28)
FNDA:1,(anonymous_29)
FNDA:1,(anonymous_30)
FNDA:1,(anonymous_31)
FNDA:1,(anonymous_32)
FNDA:1,(anonymous_33)
FNDA:1,(anonymous_34)
FNDA:1,(anonymous_35)
FNDA:1,(anonymous_36)
FNDA:1,(anonymous_37)
DA:1,1
DA:3,1
DA:4,1
DA:5,1
DA:6,1
DA:7,1
DA:8,1
DA:9,1
DA:11,1
DA:14,1
DA:16,1
DA:17,13
DA:18,13
DA:20,13
DA:21,13
DA:22,13
DA:24,13
DA:30,1
DA:31,1
DA:32,1
DA:33,1
DA:35,1
DA:37,1
DA:38,1
DA:40,1
DA:42,1
DA:43,1
DA:45,1
DA:46,1
DA:47,1
DA:49,1
DA:51,1
DA:53,1
DA:62,1
DA:63,1
DA:64,1
DA:65,1
DA:67,1
DA:69,1
DA:70,1
DA:72,1
DA:74,1
DA:75,1
DA:77,1
DA:78,1
DA:79,1
DA:81,1
DA:83,1
DA:86,1
DA:87,1
DA:91,1
DA:92,1
DA:93,1
DA:94,1
DA:96,1
DA:98,1
DA:99,1
DA:101,1
DA:103,1
DA:104,1
DA:106,1
DA:107,1
DA:108,1
DA:110,1
DA:112,1
DA:115,1
DA:116,1
DA:120,1
DA:121,1
DA:122,1
DA:123,1
DA:125,1
DA:127,1
DA:128,1
DA:130,1
DA:132,1
DA:134,1
DA:135,1
DA:136,1
DA:138,1
DA:140,1
DA:143,1
DA:144,1
DA:148,1
DA:150,1
DA:151,1
DA:152,1
DA:154,1
DA:155,1
DA:156,1
DA:157,1
DA:158,1
DA:161,1
DA:163,1
DA:165,1
DA:166,1
DA:167,1
DA:169,1
DA:170,1
DA:171,1
DA:172,1
DA:173,1
DA:176,1
DA:178,1
DA:180,1
DA:181,1
DA:182,1
DA:184,1
DA:185,1
DA:186,1
DA:187,1
DA:188,1
DA:191,1
DA:193,1
LF:114
LH:114
BRF:0
BRH:0
end_of_record
TN:
SF:logic\logic-specs\generateSummary.spec.js
FN:11,(anonymous_0)
FN:14,(anonymous_1)
FN:16,(anonymous_2)
FN:29,(anonymous_3)
FN:54,(anonymous_4)
FN:77,(anonymous_5)
FN:100,(anonymous_6)
FN:100,(anonymous_7)
FN:102,(anonymous_8)
FN:105,(anonymous_9)
FN:106,(anonymous_10)
FN:107,(anonymous_11)
FN:108,(anonymous_12)
FN:109,(anonymous_13)
FN:112,(anonymous_14)
FN:112,(anonymous_15)
FN:114,(anonymous_16)
FN:114,(anonymous_17)
FN:116,(anonymous_18)
FN:119,(anonymous_19)
FN:120,(anonymous_20)
FN:121,(anonymous_21)
FN:122,(anonymous_22)
FN:123,(anonymous_23)
FN:126,(anonymous_24)
FN:126,(anonymous_25)
FN:129,(anonymous_26)
FNF:27
FNH:27
FNDA:1,(anonymous_0)
FNDA:1,(anonymous_1)
FNDA:9,(anonymous_2)
FNDA:1,(anonymous_3)
FNDA:1,(anonymous_4)
FNDA:1,(anonymous_5)
FNDA:1,(anonymous_6)
FNDA:1,(anonymous_7)
FNDA:1,(anonymous_8)
FNDA:1,(anonymous_9)
FNDA:1,(anonymous_10)
FNDA:1,(anonymous_11)
FNDA:1,(anonymous_12)
FNDA:1,(anonymous_13)
FNDA:1,(anonymous_14)
FNDA:1,(anonymous_15)
FNDA:1,(anonymous_16)
FNDA:1,(anonymous_17)
FNDA:1,(anonymous_18)
FNDA:1,(anonymous_19)
FNDA:1,(anonymous_20)
FNDA:1,(anonymous_21)
FNDA:1,(anonymous_22)
FNDA:1,(anonymous_23)
FNDA:1,(anonymous_24)
FNDA:1,(anonymous_25)
FNDA:1,(anonymous_26)
DA:1,1
DA:3,1
DA:4,1
DA:5,1
DA:6,1
DA:7,1
DA:8,1
DA:9,1
DA:11,1
DA:14,1
DA:16,1
DA:17,9
DA:18,9
DA:20,9
DA:21,9
DA:23,9
DA:29,1
DA:30,1
DA:31,1
DA:32,1
DA:34,1
DA:35,1
DA:37,1
DA:39,1
DA:40,1
DA:42,1
DA:44,1
DA:45,1
DA:54,1
DA:55,1
DA:56,1
DA:57,1
DA:59,1
DA:60,1
DA:62,1
DA:64,1
DA:65,1
DA:67,1
DA:69,1
DA:72,1
DA:73,1
DA:77,1
DA:78,1
DA:79,1
DA:80,1
DA:82,1
DA:83,1
DA:85,1
DA:87,1
DA:88,1
DA:90,1
DA:92,1
DA:95,1
DA:96,1
DA:100,1
DA:102,1
DA:103,1
DA:105,1
DA:106,1
DA:107,1
DA:108,1
DA:109,1
DA:112,1
DA:114,1
DA:116,1
DA:117,1
DA:119,1
DA:120,1
DA:121,1
DA:122,1
DA:123,1
DA:126,1
DA:129,1
LF:73
LH:73
BRF:0
BRH:0
end_of_record
TN:
SF:logic\logic-specs\hideSuggestion.spec.js
FN:11,(anonymous_0)
FN:14,(anonymous_1)
FN:16,(anonymous_2)
FN:29,(anonymous_3)
FN:64,(anonymous_4)
FN:99,(anonymous_5)
FN:130,(anonymous_6)
FN:158,(anonymous_7)
FN:158,(anonymous_8)
FN:160,(anonymous_9)
FN:163,(anonymous_10)
FN:164,(anonymous_11)
FN:165,(anonymous_12)
FN:166,(anonymous_13)
FN:167,(anonymous_14)
FN:170,(anonymous_15)
FN:170,(anonymous_16)
FN:172,(anonymous_17)
FN:172,(anonymous_18)
FN:174,(anonymous_19)
FN:177,(anonymous_20)
FN:178,(anonymous_21)
FN:179,(anonymous_22)
FN:180,(anonymous_23)
FN:181,(anonymous_24)
FN:184,(anonymous_25)
FN:184,(anonymous_26)
FN:187,(anonymous_27)
FNF:28
FNH:28
FNDA:1,(anonymous_0)
FNDA:1,(anonymous_1)
FNDA:10,(anonymous_2)
FNDA:1,(anonymous_3)
FNDA:1,(anonymous_4)
FNDA:1,(anonymous_5)
FNDA:1,(anonymous_6)
FNDA:1,(anonymous_7)
FNDA:1,(anonymous_8)
FNDA:1,(anonymous_9)
FNDA:1,(anonymous_10)
FNDA:1,(anonymous_11)
FNDA:1,(anonymous_12)
FNDA:1,(anonymous_13)
FNDA:1,(anonymous_14)
FNDA:1,(anonymous_15)
FNDA:1,(anonymous_16)
FNDA:1,(anonymous_17)
FNDA:1,(anonymous_18)
FNDA:1,(anonymous_19)
FNDA:1,(anonymous_20)
FNDA:1,(anonymous_21)
FNDA:1,(anonymous_22)
FNDA:1,(anonymous_23)
FNDA:1,(anonymous_24)
FNDA:1,(anonymous_25)
FNDA:1,(anonymous_26)
FNDA:1,(anonymous_27)
DA:1,1
DA:3,1
DA:4,1
DA:5,1
DA:6,1
DA:7,1
DA:8,1
DA:9,1
DA:11,1
DA:14,1
DA:16,1
DA:17,10
DA:18,10
DA:20,10
DA:21,10
DA:23,10
DA:29,1
DA:30,1
DA:31,1
DA:32,1
DA:34,1
DA:35,1
DA:37,1
DA:39,1
DA:40,1
DA:42,1
DA:43,1
DA:45,1
DA:47,1
DA:48,1
DA:50,1
DA:52,1
DA:54,1
DA:55,1
DA:56,1
DA:57,1
DA:64,1
DA:65,1
DA:66,1
DA:67,1
DA:69,1
DA:70,1
DA:72,1
DA:74,1
DA:75,1
DA:77,1
DA:78,1
DA:80,1
DA:82,1
DA:83,1
DA:85,1
DA:87,1
DA:89,1
DA:90,1
DA:91,1
DA:92,1
DA:99,1
DA:100,1
DA:101,1
DA:102,1
DA:104,1
DA:105,1
DA:107,1
DA:109,1
DA:110,1
DA:112,1
DA:113,1
DA:115,1
DA:117,1
DA:118,1
DA:120,1
DA:122,1
DA:125,1
DA:126,1
DA:130,1
DA:131,1
DA:132,1
DA:133,1
DA:135,1
DA:136,1
DA:138,1
DA:140,1
DA:141,1
DA:143,1
DA:144,1
DA:146,1
DA:148,1
DA:150,1
DA:153,1
DA:154,1
DA:158,1
DA:160,1
DA:161,1
DA:163,1
DA:164,1
DA:165,1
DA:166,1
DA:167,1
DA:170,1
DA:172,1
DA:174,1
DA:175,1
DA:177,1
DA:178,1
DA:179,1
DA:180,1
DA:181,1
DA:184,1
DA:187,1
LF:109
LH:109
BRF:0
BRH:0
end_of_record
TN:
SF:logic\logic-specs\registerUser.spec.js
FN:11,(anonymous_0)
FN:14,(anonymous_1)
FN:16,(anonymous_2)
FN:33,(anonymous_3)
FN:55,(anonymous_4)
FN:67,(anonymous_5)
FN:78,(anonymous_6)
FN:78,(anonymous_7)
FN:80,(anonymous_8)
FN:81,(anonymous_9)
FN:82,(anonymous_10)
FN:83,(anonymous_11)
FN:84,(anonymous_12)
FN:85,(anonymous_13)
FN:88,(anonymous_14)
FN:88,(anonymous_15)
FN:90,(anonymous_16)
FN:91,(anonymous_17)
FN:92,(anonymous_18)
FN:93,(anonymous_19)
FN:94,(anonymous_20)
FN:95,(anonymous_21)
FN:98,(anonymous_22)
FN:98,(anonymous_23)
FN:100,(anonymous_24)
FN:101,(anonymous_25)
FN:102,(anonymous_26)
FN:103,(anonymous_27)
FN:104,(anonymous_28)
FN:105,(anonymous_29)
FN:108,(anonymous_30)
FNF:31
FNH:31
FNDA:1,(anonymous_0)
FNDA:1,(anonymous_1)
FNDA:9,(anonymous_2)
FNDA:1,(anonymous_3)
FNDA:1,(anonymous_4)
FNDA:1,(anonymous_5)
FNDA:1,(anonymous_6)
FNDA:1,(anonymous_7)
FNDA:1,(anonymous_8)
FNDA:1,(anonymous_9)
FNDA:1,(anonymous_10)
FNDA:1,(anonymous_11)
FNDA:1,(anonymous_12)
FNDA:1,(anonymous_13)
FNDA:1,(anonymous_14)
FNDA:1,(anonymous_15)
FNDA:1,(anonymous_16)
FNDA:1,(anonymous_17)
FNDA:1,(anonymous_18)
FNDA:1,(anonymous_19)
FNDA:1,(anonymous_20)
FNDA:1,(anonymous_21)
FNDA:1,(anonymous_22)
FNDA:1,(anonymous_23)
FNDA:1,(anonymous_24)
FNDA:1,(anonymous_25)
FNDA:1,(anonymous_26)
FNDA:1,(anonymous_27)
FNDA:1,(anonymous_28)
FNDA:1,(anonymous_29)
FNDA:1,(anonymous_30)
DA:1,1
DA:3,1
DA:4,1
DA:5,1
DA:6,1
DA:7,1
DA:8,1
DA:9,1
DA:11,1
DA:14,1
DA:16,1
DA:17,9
DA:18,9
DA:20,9
DA:21,9
DA:22,9
DA:23,9
DA:24,9
DA:25,9
DA:33,1
DA:34,1
DA:35,1
DA:37,1
DA:39,1
DA:40,1
DA:41,1
DA:42,1
DA:43,1
DA:45,1
DA:47,1
DA:55,1
DA:56,1
DA:57,1
DA:59,1
DA:62,1
DA:63,1
DA:67,1
DA:68,1
DA:69,1
DA:70,1
DA:73,1
DA:74,1
DA:78,1
DA:80,1
DA:81,1
DA:82,1
DA:83,1
DA:84,1
DA:85,1
DA:88,1
DA:90,1
DA:91,1
DA:92,1
DA:93,1
DA:94,1
DA:95,1
DA:98,1
DA:100,1
DA:101,1
DA:102,1
DA:103,1
DA:104,1
DA:105,1
DA:108,1
LF:64
LH:64
BRF:0
BRH:0
end_of_record
TN:
SF:logic\logic-specs\retrieveConversation.spec.js
FN:11,(anonymous_0)
FN:14,(anonymous_1)
FN:16,(anonymous_2)
FN:29,(anonymous_3)
FN:59,(anonymous_4)
FN:82,(anonymous_5)
FN:104,(anonymous_6)
FN:104,(anonymous_7)
FN:106,(anonymous_8)
FN:109,(anonymous_9)
FN:110,(anonymous_10)
FN:111,(anonymous_11)
FN:112,(anonymous_12)
FN:113,(anonymous_13)
FN:116,(anonymous_14)
FN:116,(anonymous_15)
FN:118,(anonymous_16)
FN:118,(anonymous_17)
FN:120,(anonymous_18)
FN:123,(anonymous_19)
FN:124,(anonymous_20)
FN:125,(anonymous_21)
FN:126,(anonymous_22)
FN:127,(anonymous_23)
FN:130,(anonymous_24)
FN:130,(anonymous_25)
FN:133,(anonymous_26)
FNF:27
FNH:27
FNDA:1,(anonymous_0)
FNDA:1,(anonymous_1)
FNDA:9,(anonymous_2)
FNDA:1,(anonymous_3)
FNDA:1,(anonymous_4)
FNDA:1,(anonymous_5)
FNDA:1,(anonymous_6)
FNDA:1,(anonymous_7)
FNDA:1,(anonymous_8)
FNDA:1,(anonymous_9)
FNDA:1,(anonymous_10)
FNDA:1,(anonymous_11)
FNDA:1,(anonymous_12)
FNDA:1,(anonymous_13)
FNDA:1,(anonymous_14)
FNDA:1,(anonymous_15)
FNDA:1,(anonymous_16)
FNDA:1,(anonymous_17)
FNDA:1,(anonymous_18)
FNDA:1,(anonymous_19)
FNDA:1,(anonymous_20)
FNDA:1,(anonymous_21)
FNDA:1,(anonymous_22)
FNDA:1,(anonymous_23)
FNDA:1,(anonymous_24)
FNDA:1,(anonymous_25)
FNDA:1,(anonymous_26)
DA:1,1
DA:3,1
DA:4,1
DA:5,1
DA:6,1
DA:7,1
DA:8,1
DA:9,1
DA:11,1
DA:14,1
DA:16,1
DA:17,9
DA:18,9
DA:20,9
DA:21,9
DA:23,9
DA:29,1
DA:30,1
DA:31,1
DA:32,1
DA:34,1
DA:35,1
DA:37,1
DA:39,1
DA:40,1
DA:42,1
DA:44,1
DA:45,1
DA:46,1
DA:47,1
DA:48,1
DA:49,1
DA:50,1
DA:51,1
DA:52,1
DA:59,1
DA:60,1
DA:61,1
DA:62,1
DA:64,1
DA:65,1
DA:67,1
DA:69,1
DA:70,1
DA:72,1
DA:74,1
DA:77,1
DA:78,1
DA:82,1
DA:83,1
DA:84,1
DA:85,1
DA:87,1
DA:88,1
DA:90,1
DA:92,1
DA:94,1
DA:96,1
DA:99,1
DA:100,1
DA:104,1
DA:106,1
DA:107,1
DA:109,1
DA:110,1
DA:111,1
DA:112,1
DA:113,1
DA:116,1
DA:118,1
DA:120,1
DA:121,1
DA:123,1
DA:124,1
DA:125,1
DA:126,1
DA:127,1
DA:130,1
DA:133,1
LF:79
LH:79
BRF:0
BRH:0
end_of_record
TN:
SF:logic\logic-specs\retrieveConversations.spec.js
FN:11,(anonymous_0)
FN:14,(anonymous_1)
FN:16,(anonymous_2)
FN:29,(anonymous_3)
FN:60,(anonymous_4)
FN:84,(anonymous_5)
FN:84,(anonymous_6)
FN:86,(anonymous_7)
FN:87,(anonymous_8)
FN:88,(anonymous_9)
FN:89,(anonymous_10)
FN:90,(anonymous_11)
FN:91,(anonymous_12)
FN:94,(anonymous_13)
FN:94,(anonymous_14)
FN:96,(anonymous_15)
FNF:16
FNH:16
FNDA:1,(anonymous_0)
FNDA:1,(anonymous_1)
FNDA:5,(anonymous_2)
FNDA:1,(anonymous_3)
FNDA:1,(anonymous_4)
FNDA:1,(anonymous_5)
FNDA:1,(anonymous_6)
FNDA:1,(anonymous_7)
FNDA:1,(anonymous_8)
FNDA:1,(anonymous_9)
FNDA:1,(anonymous_10)
FNDA:1,(anonymous_11)
FNDA:1,(anonymous_12)
FNDA:1,(anonymous_13)
FNDA:1,(anonymous_14)
FNDA:1,(anonymous_15)
DA:1,1
DA:3,1
DA:4,1
DA:5,1
DA:6,1
DA:7,1
DA:8,1
DA:9,1
DA:11,1
DA:14,1
DA:16,1
DA:17,5
DA:18,5
DA:20,5
DA:21,5
DA:23,5
DA:29,1
DA:30,1
DA:31,1
DA:32,1
DA:34,1
DA:35,1
DA:37,1
DA:38,1
DA:40,1
DA:41,1
DA:43,1
DA:45,1
DA:46,1
DA:47,1
DA:48,1
DA:49,1
DA:50,1
DA:51,1
DA:60,1
DA:61,1
DA:62,1
DA:63,1
DA:65,1
DA:66,1
DA:68,1
DA:69,1
DA:71,1
DA:72,1
DA:74,1
DA:76,1
DA:79,1
DA:80,1
DA:84,1
DA:86,1
DA:87,1
DA:88,1
DA:89,1
DA:90,1
DA:91,1
DA:94,1
DA:96,1
LF:57
LH:57
BRF:0
BRH:0
end_of_record
TN:
SF:logic\logic-specs\retrieveOwnSuggestions.spec.js
FN:11,(anonymous_0)
FN:14,(anonymous_1)
FN:16,(anonymous_2)
FN:30,(anonymous_3)
FN:79,(anonymous_4)
FN:111,(anonymous_5)
FN:111,(anonymous_6)
FN:113,(anonymous_7)
FN:114,(anonymous_8)
FN:115,(anonymous_9)
FN:116,(anonymous_10)
FN:117,(anonymous_11)
FN:118,(anonymous_12)
FN:121,(anonymous_13)
FN:121,(anonymous_14)
FN:123,(anonymous_15)
FNF:16
FNH:16
FNDA:1,(anonymous_0)
FNDA:1,(anonymous_1)
FNDA:5,(anonymous_2)
FNDA:1,(anonymous_3)
FNDA:1,(anonymous_4)
FNDA:1,(anonymous_5)
FNDA:1,(anonymous_6)
FNDA:1,(anonymous_7)
FNDA:1,(anonymous_8)
FNDA:1,(anonymous_9)
FNDA:1,(anonymous_10)
FNDA:1,(anonymous_11)
FNDA:1,(anonymous_12)
FNDA:1,(anonymous_13)
FNDA:1,(anonymous_14)
FNDA:1,(anonymous_15)
DA:1,1
DA:3,1
DA:4,1
DA:5,1
DA:6,1
DA:7,1
DA:8,1
DA:9,1
DA:11,1
DA:14,1
DA:16,1
DA:17,5
DA:18,5
DA:20,5
DA:21,5
DA:22,5
DA:24,5
DA:30,1
DA:31,1
DA:32,1
DA:33,1
DA:35,1
DA:36,1
DA:38,1
DA:40,1
DA:41,1
DA:43,1
DA:44,1
DA:46,1
DA:47,1
DA:49,1
DA:50,1
DA:52,1
DA:54,1
DA:55,1
DA:56,1
DA:58,1
DA:59,1
DA:60,1
DA:61,1
DA:62,1
DA:63,1
DA:64,1
DA:66,1
DA:67,1
DA:68,1
DA:69,1
DA:70,1
DA:71,1
DA:72,1
DA:79,1
DA:80,1
DA:81,1
DA:82,1
DA:84,1
DA:85,1
DA:87,1
DA:89,1
DA:90,1
DA:92,1
DA:93,1
DA:95,1
DA:96,1
DA:98,1
DA:99,1
DA:101,1
DA:103,1
DA:106,1
DA:107,1
DA:111,1
DA:113,1
DA:114,1
DA:115,1
DA:116,1
DA:117,1
DA:118,1
DA:121,1
DA:123,1
LF:78
LH:78
BRF:0
BRH:0
end_of_record
TN:
SF:logic\logic-specs\retrievePost.spec.js
FN:11,(anonymous_0)
FN:14,(anonymous_1)
FN:16,(anonymous_2)
FN:30,(anonymous_3)
FN:76,(anonymous_4)
FN:99,(anonymous_5)
FN:119,(anonymous_6)
FN:119,(anonymous_7)
FN:121,(anonymous_8)
FN:124,(anonymous_9)
FN:125,(anonymous_10)
FN:126,(anonymous_11)
FN:127,(anonymous_12)
FN:128,(anonymous_13)
FN:131,(anonymous_14)
FN:131,(anonymous_15)
FN:133,(anonymous_16)
FN:133,(anonymous_17)
FN:135,(anonymous_18)
FN:138,(anonymous_19)
FN:139,(anonymous_20)
FN:140,(anonymous_21)
FN:141,(anonymous_22)
FN:142,(anonymous_23)
FN:145,(anonymous_24)
FN:145,(anonymous_25)
FN:147,(anonymous_26)
FNF:27
FNH:27
FNDA:1,(anonymous_0)
FNDA:1,(anonymous_1)
FNDA:9,(anonymous_2)
FNDA:1,(anonymous_3)
FNDA:1,(anonymous_4)
FNDA:1,(anonymous_5)
FNDA:1,(anonymous_6)
FNDA:1,(anonymous_7)
FNDA:1,(anonymous_8)
FNDA:1,(anonymous_9)
FNDA:1,(anonymous_10)
FNDA:1,(anonymous_11)
FNDA:1,(anonymous_12)
FNDA:1,(anonymous_13)
FNDA:1,(anonymous_14)
FNDA:1,(anonymous_15)
FNDA:1,(anonymous_16)
FNDA:1,(anonymous_17)
FNDA:1,(anonymous_18)
FNDA:1,(anonymous_19)
FNDA:1,(anonymous_20)
FNDA:1,(anonymous_21)
FNDA:1,(anonymous_22)
FNDA:1,(anonymous_23)
FNDA:1,(anonymous_24)
FNDA:1,(anonymous_25)
FNDA:1,(anonymous_26)
DA:1,1
DA:3,1
DA:4,1
DA:5,1
DA:6,1
DA:7,1
DA:8,1
DA:9,1
DA:11,1
DA:14,1
DA:16,1
DA:17,9
DA:18,9
DA:20,9
DA:21,9
DA:22,9
DA:24,9
DA:30,1
DA:31,1
DA:32,1
DA:33,1
DA:35,1
DA:36,1
DA:38,1
DA:40,1
DA:42,1
DA:43,1
DA:44,1
DA:46,1
DA:47,1
DA:49,1
DA:51,1
DA:53,1
DA:54,1
DA:55,1
DA:56,1
DA:57,1
DA:58,1
DA:59,1
DA:60,1
DA:61,1
DA:62,1
DA:63,1
DA:64,1
DA:65,1
DA:66,1
DA:67,1
DA:68,1
DA:69,1
DA:76,1
DA:77,1
DA:78,1
DA:79,1
DA:81,1
DA:82,1
DA:84,1
DA:86,1
DA:87,1
DA:89,1
DA:91,1
DA:94,1
DA:95,1
DA:99,1
DA:100,1
DA:101,1
DA:102,1
DA:104,1
DA:105,1
DA:107,1
DA:109,1
DA:111,1
DA:114,1
DA:115,1
DA:119,1
DA:121,1
DA:122,1
DA:124,1
DA:125,1
DA:126,1
DA:127,1
DA:128,1
DA:131,1
DA:133,1
DA:135,1
DA:136,1
DA:138,1
DA:139,1
DA:140,1
DA:141,1
DA:142,1
DA:145,1
DA:147,1
LF:92
LH:92
BRF:0
BRH:0
end_of_record
TN:
SF:logic\logic-specs\retrievePostSuggestions.spec.js
FN:11,(anonymous_0)
FN:14,(anonymous_1)
FN:16,(anonymous_2)
FN:30,(anonymous_3)
FN:79,(anonymous_4)
FN:111,(anonymous_5)
FN:143,(anonymous_6)
FN:143,(anonymous_7)
FN:145,(anonymous_8)
FN:148,(anonymous_9)
FN:149,(anonymous_10)
FN:150,(anonymous_11)
FN:151,(anonymous_12)
FN:152,(anonymous_13)
FN:155,(anonymous_14)
FN:155,(anonymous_15)
FN:157,(anonymous_16)
FN:157,(anonymous_17)
FN:159,(anonymous_18)
FN:162,(anonymous_19)
FN:163,(anonymous_20)
FN:164,(anonymous_21)
FN:165,(anonymous_22)
FN:166,(anonymous_23)
FN:169,(anonymous_24)
FN:169,(anonymous_25)
FN:171,(anonymous_26)
FNF:27
FNH:27
FNDA:1,(anonymous_0)
FNDA:1,(anonymous_1)
FNDA:9,(anonymous_2)
FNDA:1,(anonymous_3)
FNDA:1,(anonymous_4)
FNDA:1,(anonymous_5)
FNDA:1,(anonymous_6)
FNDA:1,(anonymous_7)
FNDA:1,(anonymous_8)
FNDA:1,(anonymous_9)
FNDA:1,(anonymous_10)
FNDA:1,(anonymous_11)
FNDA:1,(anonymous_12)
FNDA:1,(anonymous_13)
FNDA:1,(anonymous_14)
FNDA:1,(anonymous_15)
FNDA:1,(anonymous_16)
FNDA:1,(anonymous_17)
FNDA:1,(anonymous_18)
FNDA:1,(anonymous_19)
FNDA:1,(anonymous_20)
FNDA:1,(anonymous_21)
FNDA:1,(anonymous_22)
FNDA:1,(anonymous_23)
FNDA:1,(anonymous_24)
FNDA:1,(anonymous_25)
FNDA:1,(anonymous_26)
DA:1,1
DA:3,1
DA:4,1
DA:5,1
DA:6,1
DA:7,1
DA:8,1
DA:9,1
DA:11,1
DA:14,1
DA:16,1
DA:17,9
DA:18,9
DA:20,9
DA:21,9
DA:22,9
DA:24,9
DA:30,1
DA:31,1
DA:32,1
DA:33,1
DA:35,1
DA:36,1
DA:38,1
DA:40,1
DA:41,1
DA:43,1
DA:44,1
DA:46,1
DA:47,1
DA:49,1
DA:50,1
DA:52,1
DA:54,1
DA:55,1
DA:56,1
DA:58,1
DA:59,1
DA:60,1
DA:61,1
DA:62,1
DA:63,1
DA:64,1
DA:66,1
DA:67,1
DA:68,1
DA:69,1
DA:70,1
DA:71,1
DA:72,1
DA:79,1
DA:80,1
DA:81,1
DA:82,1
DA:84,1
DA:85,1
DA:87,1
DA:89,1
DA:90,1
DA:92,1
DA:93,1
DA:95,1
DA:96,1
DA:98,1
DA:99,1
DA:101,1
DA:103,1
DA:106,1
DA:107,1
DA:111,1
DA:112,1
DA:113,1
DA:114,1
DA:116,1
DA:117,1
DA:119,1
DA:121,1
DA:122,1
DA:124,1
DA:125,1
DA:127,1
DA:128,1
DA:130,1
DA:131,1
DA:133,1
DA:135,1
DA:138,1
DA:139,1
DA:143,1
DA:145,1
DA:146,1
DA:148,1
DA:149,1
DA:150,1
DA:151,1
DA:152,1
DA:155,1
DA:157,1
DA:159,1
DA:160,1
DA:162,1
DA:163,1
DA:164,1
DA:165,1
DA:166,1
DA:169,1
DA:171,1
LF:107
LH:107
BRF:0
BRH:0
end_of_record
TN:
SF:logic\logic-specs\retrievePosts.spec.js
FN:11,(anonymous_0)
FN:14,(anonymous_1)
FN:16,(anonymous_2)
FN:30,(anonymous_3)
FN:93,(anonymous_4)
FN:117,(anonymous_5)
FN:117,(anonymous_6)
FN:119,(anonymous_7)
FN:120,(anonymous_8)
FN:121,(anonymous_9)
FN:122,(anonymous_10)
FN:123,(anonymous_11)
FN:124,(anonymous_12)
FN:127,(anonymous_13)
FN:127,(anonymous_14)
FN:129,(anonymous_15)
FNF:16
FNH:16
FNDA:1,(anonymous_0)
FNDA:1,(anonymous_1)
FNDA:5,(anonymous_2)
FNDA:1,(anonymous_3)
FNDA:1,(anonymous_4)
FNDA:1,(anonymous_5)
FNDA:1,(anonymous_6)
FNDA:1,(anonymous_7)
FNDA:1,(anonymous_8)
FNDA:1,(anonymous_9)
FNDA:1,(anonymous_10)
FNDA:1,(anonymous_11)
FNDA:1,(anonymous_12)
FNDA:1,(anonymous_13)
FNDA:1,(anonymous_14)
FNDA:1,(anonymous_15)
DA:1,1
DA:3,1
DA:4,1
DA:5,1
DA:6,1
DA:7,1
DA:8,1
DA:9,1
DA:11,1
DA:14,1
DA:16,1
DA:17,5
DA:18,5
DA:20,5
DA:21,5
DA:22,5
DA:24,5
DA:30,1
DA:31,1
DA:32,1
DA:33,1
DA:35,1
DA:36,1
DA:38,1
DA:39,1
DA:41,1
DA:42,1
DA:44,1
DA:46,1
DA:47,1
DA:48,1
DA:50,1
DA:51,1
DA:53,1
DA:55,1
DA:56,1
DA:57,1
DA:59,1
DA:60,1
DA:61,1
DA:62,1
DA:63,1
DA:64,1
DA:65,1
DA:66,1
DA:67,1
DA:68,1
DA:69,1
DA:70,1
DA:72,1
DA:73,1
DA:74,1
DA:75,1
DA:76,1
DA:77,1
DA:78,1
DA:79,1
DA:80,1
DA:81,1
DA:82,1
DA:83,1
DA:84,1
DA:85,1
DA:86,1
DA:93,1
DA:94,1
DA:95,1
DA:96,1
DA:98,1
DA:99,1
DA:101,1
DA:102,1
DA:104,1
DA:105,1
DA:107,1
DA:109,1
DA:112,1
DA:113,1
DA:117,1
DA:119,1
DA:120,1
DA:121,1
DA:122,1
DA:123,1
DA:124,1
DA:127,1
DA:129,1
LF:87
LH:87
BRF:0
BRH:0
end_of_record
TN:
SF:logic\logic-specs\retrieveSavedPosts.spec.js
FN:11,(anonymous_0)
FN:14,(anonymous_1)
FN:16,(anonymous_2)
FN:30,(anonymous_3)
FN:75,(anonymous_4)
FN:98,(anonymous_5)
FN:98,(anonymous_6)
FN:100,(anonymous_7)
FN:101,(anonymous_8)
FN:102,(anonymous_9)
FN:103,(anonymous_10)
FN:104,(anonymous_11)
FN:105,(anonymous_12)
FN:108,(anonymous_13)
FN:108,(anonymous_14)
FN:110,(anonymous_15)
FNF:16
FNH:16
FNDA:1,(anonymous_0)
FNDA:1,(anonymous_1)
FNDA:5,(anonymous_2)
FNDA:1,(anonymous_3)
FNDA:1,(anonymous_4)
FNDA:1,(anonymous_5)
FNDA:1,(anonymous_6)
FNDA:1,(anonymous_7)
FNDA:1,(anonymous_8)
FNDA:1,(anonymous_9)
FNDA:1,(anonymous_10)
FNDA:1,(anonymous_11)
FNDA:1,(anonymous_12)
FNDA:1,(anonymous_13)
FNDA:1,(anonymous_14)
FNDA:1,(anonymous_15)
DA:1,1
DA:3,1
DA:4,1
DA:5,1
DA:6,1
DA:7,1
DA:8,1
DA:9,1
DA:11,1
DA:14,1
DA:16,1
DA:17,5
DA:18,5
DA:20,5
DA:21,5
DA:22,5
DA:24,5
DA:30,1
DA:31,1
DA:32,1
DA:33,1
DA:35,1
DA:36,1
DA:38,1
DA:40,1
DA:42,1
DA:43,1
DA:44,1
DA:46,1
DA:47,1
DA:49,1
DA:51,1
DA:52,1
DA:53,1
DA:55,1
DA:56,1
DA:57,1
DA:58,1
DA:59,1
DA:60,1
DA:61,1
DA:62,1
DA:63,1
DA:64,1
DA:65,1
DA:66,1
DA:67,1
DA:68,1
DA:69,1
DA:75,1
DA:76,1
DA:77,1
DA:78,1
DA:80,1
DA:81,1
DA:83,1
DA:85,1
DA:86,1
DA:88,1
DA:90,1
DA:93,1
DA:94,1
DA:98,1
DA:100,1
DA:101,1
DA:102,1
DA:103,1
DA:104,1
DA:105,1
DA:108,1
DA:110,1
LF:71
LH:71
BRF:0
BRH:0
end_of_record
TN:
SF:logic\logic-specs\retrieveSearchedPosts.spec.js
FN:11,(anonymous_0)
FN:14,(anonymous_1)
FN:16,(anonymous_2)
FN:30,(anonymous_3)
FN:92,(anonymous_4)
FN:118,(anonymous_5)
FN:118,(anonymous_6)
FN:120,(anonymous_7)
FN:121,(anonymous_8)
FN:122,(anonymous_9)
FN:123,(anonymous_10)
FN:124,(anonymous_11)
FN:125,(anonymous_12)
FN:128,(anonymous_13)
FN:128,(anonymous_14)
FN:130,(anonymous_15)
FN:130,(anonymous_16)
FN:132,(anonymous_17)
FN:135,(anonymous_18)
FN:136,(anonymous_19)
FN:137,(anonymous_20)
FN:138,(anonymous_21)
FN:139,(anonymous_22)
FN:142,(anonymous_23)
FNF:24
FNH:24
FNDA:1,(anonymous_0)
FNDA:1,(anonymous_1)
FNDA:7,(anonymous_2)
FNDA:1,(anonymous_3)
FNDA:1,(anonymous_4)
FNDA:1,(anonymous_5)
FNDA:1,(anonymous_6)
FNDA:1,(anonymous_7)
FNDA:1,(anonymous_8)
FNDA:1,(anonymous_9)
FNDA:1,(anonymous_10)
FNDA:1,(anonymous_11)
FNDA:1,(anonymous_12)
FNDA:1,(anonymous_13)
FNDA:1,(anonymous_14)
FNDA:1,(anonymous_15)
FNDA:1,(anonymous_16)
FNDA:1,(anonymous_17)
FNDA:1,(anonymous_18)
FNDA:1,(anonymous_19)
FNDA:1,(anonymous_20)
FNDA:1,(anonymous_21)
FNDA:1,(anonymous_22)
FNDA:1,(anonymous_23)
DA:1,1
DA:3,1
DA:4,1
DA:5,1
DA:6,1
DA:7,1
DA:8,1
DA:9,1
DA:11,1
DA:14,1
DA:16,1
DA:17,7
DA:18,7
DA:20,7
DA:21,7
DA:22,7
DA:24,7
DA:30,1
DA:31,1
DA:32,1
DA:33,1
DA:35,1
DA:36,1
DA:38,1
DA:39,1
DA:41,1
DA:42,1
DA:44,1
DA:46,1
DA:47,1
DA:49,1
DA:50,1
DA:52,1
DA:54,1
DA:56,1
DA:57,1
DA:58,1
DA:60,1
DA:61,1
DA:62,1
DA:63,1
DA:64,1
DA:65,1
DA:66,1
DA:67,1
DA:68,1
DA:69,1
DA:70,1
DA:71,1
DA:72,1
DA:74,1
DA:75,1
DA:76,1
DA:77,1
DA:78,1
DA:79,1
DA:80,1
DA:81,1
DA:82,1
DA:83,1
DA:84,1
DA:85,1
DA:92,1
DA:93,1
DA:94,1
DA:95,1
DA:97,1
DA:98,1
DA:100,1
DA:101,1
DA:103,1
DA:104,1
DA:106,1
DA:108,1
DA:110,1
DA:113,1
DA:114,1
DA:118,1
DA:120,1
DA:121,1
DA:122,1
DA:123,1
DA:124,1
DA:125,1
DA:128,1
DA:130,1
DA:132,1
DA:133,1
DA:135,1
DA:136,1
DA:137,1
DA:138,1
DA:139,1
DA:142,1
LF:94
LH:94
BRF:0
BRH:0
end_of_record
TN:
SF:logic\logic-specs\retrieveSeenPosts.spec.js
FN:11,(anonymous_0)
FN:14,(anonymous_1)
FN:16,(anonymous_2)
FN:30,(anonymous_3)
FN:46,(anonymous_4)
FN:83,(anonymous_5)
FN:108,(anonymous_6)
FN:108,(anonymous_7)
FN:110,(anonymous_8)
FN:111,(anonymous_9)
FN:112,(anonymous_10)
FN:113,(anonymous_11)
FN:114,(anonymous_12)
FN:115,(anonymous_13)
FN:118,(anonymous_14)
FN:118,(anonymous_15)
FN:120,(anonymous_16)
FNF:17
FNH:17
FNDA:1,(anonymous_0)
FNDA:1,(anonymous_1)
FNDA:5,(anonymous_2)
FNDA:1,(anonymous_3)
FNDA:2,(anonymous_4)
FNDA:1,(anonymous_5)
FNDA:1,(anonymous_6)
FNDA:1,(anonymous_7)
FNDA:1,(anonymous_8)
FNDA:1,(anonymous_9)
FNDA:1,(anonymous_10)
FNDA:1,(anonymous_11)
FNDA:1,(anonymous_12)
FNDA:1,(anonymous_13)
FNDA:1,(anonymous_14)
FNDA:1,(anonymous_15)
FNDA:1,(anonymous_16)
DA:1,1
DA:3,1
DA:4,1
DA:5,1
DA:6,1
DA:7,1
DA:8,1
DA:9,1
DA:11,1
DA:14,1
DA:16,1
DA:17,5
DA:18,5
DA:20,5
DA:21,5
DA:22,5
DA:24,5
DA:30,1
DA:31,1
DA:32,1
DA:33,1
DA:35,1
DA:36,1
DA:38,1
DA:39,1
DA:41,1
DA:42,1
DA:44,1
DA:46,2
DA:48,1
DA:50,1
DA:52,1
DA:53,1
DA:54,1
DA:56,1
DA:57,1
DA:58,1
DA:59,1
DA:60,1
DA:61,1
DA:62,1
DA:63,1
DA:64,1
DA:65,1
DA:67,1
DA:68,1
DA:69,1
DA:70,1
DA:71,1
DA:72,1
DA:73,1
DA:74,1
DA:75,1
DA:76,1
DA:83,1
DA:84,1
DA:85,1
DA:86,1
DA:88,1
DA:89,1
DA:91,1
DA:92,1
DA:94,1
DA:95,1
DA:97,1
DA:99,1
DA:102,1
DA:103,1
DA:104,1
DA:108,1
DA:110,1
DA:111,1
DA:112,1
DA:113,1
DA:114,1
DA:115,1
DA:118,1
DA:120,1
LF:78
LH:78
BRF:0
BRH:0
end_of_record
TN:
SF:logic\logic-specs\retrieveSuggestion.spec.js
FN:11,(anonymous_0)
FN:14,(anonymous_1)
FN:16,(anonymous_2)
FN:29,(anonymous_3)
FN:64,(anonymous_4)
FN:95,(anonymous_5)
FN:123,(anonymous_6)
FN:123,(anonymous_7)
FN:125,(anonymous_8)
FN:128,(anonymous_9)
FN:129,(anonymous_10)
FN:130,(anonymous_11)
FN:131,(anonymous_12)
FN:132,(anonymous_13)
FN:135,(anonymous_14)
FN:135,(anonymous_15)
FN:137,(anonymous_16)
FN:137,(anonymous_17)
FN:139,(anonymous_18)
FN:142,(anonymous_19)
FN:143,(anonymous_20)
FN:144,(anonymous_21)
FN:145,(anonymous_22)
FN:146,(anonymous_23)
FN:149,(anonymous_24)
FN:149,(anonymous_25)
FN:152,(anonymous_26)
FNF:27
FNH:27
FNDA:1,(anonymous_0)
FNDA:1,(anonymous_1)
FNDA:9,(anonymous_2)
FNDA:1,(anonymous_3)
FNDA:1,(anonymous_4)
FNDA:1,(anonymous_5)
FNDA:1,(anonymous_6)
FNDA:1,(anonymous_7)
FNDA:1,(anonymous_8)
FNDA:1,(anonymous_9)
FNDA:1,(anonymous_10)
FNDA:1,(anonymous_11)
FNDA:1,(anonymous_12)
FNDA:1,(anonymous_13)
FNDA:1,(anonymous_14)
FNDA:1,(anonymous_15)
FNDA:1,(anonymous_16)
FNDA:1,(anonymous_17)
FNDA:1,(anonymous_18)
FNDA:1,(anonymous_19)
FNDA:1,(anonymous_20)
FNDA:1,(anonymous_21)
FNDA:1,(anonymous_22)
FNDA:1,(anonymous_23)
FNDA:1,(anonymous_24)
FNDA:1,(anonymous_25)
FNDA:1,(anonymous_26)
DA:1,1
DA:3,1
DA:4,1
DA:5,1
DA:6,1
DA:7,1
DA:8,1
DA:9,1
DA:11,1
DA:14,1
DA:16,1
DA:17,9
DA:18,9
DA:20,9
DA:21,9
DA:23,9
DA:29,1
DA:30,1
DA:31,1
DA:32,1
DA:34,1
DA:35,1
DA:37,1
DA:39,1
DA:40,1
DA:42,1
DA:43,1
DA:45,1
DA:47,1
DA:48,1
DA:50,1
DA:52,1
DA:53,1
DA:54,1
DA:55,1
DA:56,1
DA:57,1
DA:64,1
DA:65,1
DA:66,1
DA:67,1
DA:69,1
DA:70,1
DA:72,1
DA:74,1
DA:75,1
DA:77,1
DA:78,1
DA:80,1
DA:82,1
DA:83,1
DA:85,1
DA:87,1
DA:90,1
DA:91,1
DA:95,1
DA:96,1
DA:97,1
DA:98,1
DA:100,1
DA:101,1
DA:103,1
DA:105,1
DA:106,1
DA:108,1
DA:109,1
DA:111,1
DA:113,1
DA:115,1
DA:118,1
DA:119,1
DA:123,1
DA:125,1
DA:126,1
DA:128,1
DA:129,1
DA:130,1
DA:131,1
DA:132,1
DA:135,1
DA:137,1
DA:139,1
DA:140,1
DA:142,1
DA:143,1
DA:144,1
DA:145,1
DA:146,1
DA:149,1
DA:152,1
LF:90
LH:90
BRF:0
BRH:0
end_of_record
TN:
SF:logic\logic-specs\retrieveUser.spec.js
FN:11,(anonymous_0)
FN:14,(anonymous_1)
FN:16,(anonymous_2)
FN:30,(anonymous_3)
FN:51,(anonymous_4)
FN:63,(anonymous_5)
FN:63,(anonymous_6)
FN:65,(anonymous_7)
FN:66,(anonymous_8)
FN:67,(anonymous_9)
FN:68,(anonymous_10)
FN:69,(anonymous_11)
FN:70,(anonymous_12)
FN:73,(anonymous_13)
FN:73,(anonymous_14)
FN:75,(anonymous_15)
FNF:16
FNH:16
FNDA:1,(anonymous_0)
FNDA:1,(anonymous_1)
FNDA:5,(anonymous_2)
FNDA:1,(anonymous_3)
FNDA:1,(anonymous_4)
FNDA:1,(anonymous_5)
FNDA:1,(anonymous_6)
FNDA:1,(anonymous_7)
FNDA:1,(anonymous_8)
FNDA:1,(anonymous_9)
FNDA:1,(anonymous_10)
FNDA:1,(anonymous_11)
FNDA:1,(anonymous_12)
FNDA:1,(anonymous_13)
FNDA:1,(anonymous_14)
FNDA:1,(anonymous_15)
DA:1,1
DA:3,1
DA:4,1
DA:5,1
DA:6,1
DA:7,1
DA:8,1
DA:9,1
DA:11,1
DA:14,1
DA:16,1
DA:17,5
DA:18,5
DA:20,5
DA:21,5
DA:22,5
DA:24,5
DA:30,1
DA:31,1
DA:32,1
DA:33,1
DA:35,1
DA:37,1
DA:38,1
DA:39,1
DA:40,1
DA:41,1
DA:42,1
DA:43,1
DA:44,1
DA:51,1
DA:52,1
DA:53,1
DA:55,1
DA:58,1
DA:59,1
DA:63,1
DA:65,1
DA:66,1
DA:67,1
DA:68,1
DA:69,1
DA:70,1
DA:73,1
DA:75,1
LF:45
LH:45
BRF:0
BRH:0
end_of_record
TN:
SF:logic\logic-specs\retrieveUserPosts.spec.js
FN:11,(anonymous_0)
FN:14,(anonymous_1)
FN:16,(anonymous_2)
FN:30,(anonymous_3)
FN:90,(anonymous_4)
FN:113,(anonymous_5)
FN:113,(anonymous_6)
FN:115,(anonymous_7)
FN:116,(anonymous_8)
FN:117,(anonymous_9)
FN:118,(anonymous_10)
FN:119,(anonymous_11)
FN:120,(anonymous_12)
FN:123,(anonymous_13)
FN:123,(anonymous_14)
FN:125,(anonymous_15)
FNF:16
FNH:16
FNDA:1,(anonymous_0)
FNDA:1,(anonymous_1)
FNDA:5,(anonymous_2)
FNDA:1,(anonymous_3)
FNDA:1,(anonymous_4)
FNDA:1,(anonymous_5)
FNDA:1,(anonymous_6)
FNDA:1,(anonymous_7)
FNDA:1,(anonymous_8)
FNDA:1,(anonymous_9)
FNDA:1,(anonymous_10)
FNDA:1,(anonymous_11)
FNDA:1,(anonymous_12)
FNDA:1,(anonymous_13)
FNDA:1,(anonymous_14)
FNDA:1,(anonymous_15)
DA:1,1
DA:3,1
DA:4,1
DA:5,1
DA:6,1
DA:7,1
DA:8,1
DA:9,1
DA:11,1
DA:14,1
DA:16,1
DA:17,5
DA:18,5
DA:20,5
DA:21,5
DA:22,5
DA:24,5
DA:30,1
DA:31,1
DA:32,1
DA:33,1
DA:35,1
DA:36,1
DA:38,1
DA:39,1
DA:41,1
DA:42,1
DA:44,1
DA:46,1
DA:47,1
DA:49,1
DA:50,1
DA:52,1
DA:54,1
DA:55,1
DA:56,1
DA:58,1
DA:59,1
DA:60,1
DA:61,1
DA:62,1
DA:63,1
DA:64,1
DA:65,1
DA:66,1
DA:67,1
DA:68,1
DA:69,1
DA:71,1
DA:72,1
DA:73,1
DA:74,1
DA:75,1
DA:76,1
DA:77,1
DA:78,1
DA:79,1
DA:80,1
DA:81,1
DA:82,1
DA:83,1
DA:90,1
DA:91,1
DA:92,1
DA:93,1
DA:95,1
DA:96,1
DA:98,1
DA:100,1
DA:101,1
DA:103,1
DA:105,1
DA:108,1
DA:109,1
DA:113,1
DA:115,1
DA:116,1
DA:117,1
DA:118,1
DA:119,1
DA:120,1
DA:123,1
DA:125,1
LF:83
LH:83
BRF:0
BRH:0
end_of_record
TN:
SF:logic\logic-specs\savePostAsSeen.spec.js
FN:11,(anonymous_0)
FN:14,(anonymous_1)
FN:16,(anonymous_2)
FN:30,(anonymous_3)
FN:55,(anonymous_4)
FN:103,(anonymous_5)
FN:151,(anonymous_6)
FN:174,(anonymous_7)
FN:194,(anonymous_8)
FN:194,(anonymous_9)
FN:196,(anonymous_10)
FN:199,(anonymous_11)
FN:200,(anonymous_12)
FN:201,(anonymous_13)
FN:202,(anonymous_14)
FN:203,(anonymous_15)
FN:206,(anonymous_16)
FN:206,(anonymous_17)
FN:208,(anonymous_18)
FN:208,(anonymous_19)
FN:210,(anonymous_20)
FN:213,(anonymous_21)
FN:214,(anonymous_22)
FN:215,(anonymous_23)
FN:216,(anonymous_24)
FN:217,(anonymous_25)
FN:220,(anonymous_26)
FN:220,(anonymous_27)
FN:222,(anonymous_28)
FNF:29
FNH:29
FNDA:1,(anonymous_0)
FNDA:1,(anonymous_1)
FNDA:11,(anonymous_2)
FNDA:1,(anonymous_3)
FNDA:1,(anonymous_4)
FNDA:1,(anonymous_5)
FNDA:1,(anonymous_6)
FNDA:1,(anonymous_7)
FNDA:1,(anonymous_8)
FNDA:1,(anonymous_9)
FNDA:1,(anonymous_10)
FNDA:1,(anonymous_11)
FNDA:1,(anonymous_12)
FNDA:1,(anonymous_13)
FNDA:1,(anonymous_14)
FNDA:1,(anonymous_15)
FNDA:1,(anonymous_16)
FNDA:1,(anonymous_17)
FNDA:1,(anonymous_18)
FNDA:1,(anonymous_19)
FNDA:1,(anonymous_20)
FNDA:1,(anonymous_21)
FNDA:1,(anonymous_22)
FNDA:1,(anonymous_23)
FNDA:1,(anonymous_24)
FNDA:1,(anonymous_25)
FNDA:1,(anonymous_26)
FNDA:1,(anonymous_27)
FNDA:1,(anonymous_28)
DA:1,1
DA:3,1
DA:4,1
DA:5,1
DA:6,1
DA:7,1
DA:8,1
DA:9,1
DA:11,1
DA:14,1
DA:16,1
DA:17,11
DA:18,11
DA:20,11
DA:21,11
DA:22,11
DA:24,11
DA:30,1
DA:31,1
DA:32,1
DA:33,1
DA:35,1
DA:36,1
DA:38,1
DA:40,1
DA:41,1
DA:43,1
DA:45,1
DA:47,1
DA:48,1
DA:55,1
DA:56,1
DA:57,1
DA:58,1
DA:60,1
DA:61,1
DA:63,1
DA:81,1
DA:83,1
DA:85,1
DA:87,1
DA:88,1
DA:90,1
DA:92,1
DA:94,1
DA:95,1
DA:96,1
DA:103,1
DA:104,1
DA:105,1
DA:106,1
DA:108,1
DA:109,1
DA:111,1
DA:113,1
DA:114,1
DA:116,1
DA:134,1
DA:136,1
DA:138,1
DA:140,1
DA:142,1
DA:143,1
DA:144,1
DA:151,1
DA:152,1
DA:153,1
DA:154,1
DA:156,1
DA:157,1
DA:159,1
DA:161,1
DA:162,1
DA:164,1
DA:166,1
DA:169,1
DA:170,1
DA:174,1
DA:175,1
DA:176,1
DA:177,1
DA:179,1
DA:180,1
DA:182,1
DA:184,1
DA:186,1
DA:189,1
DA:190,1
DA:194,1
DA:196,1
DA:197,1
DA:199,1
DA:200,1
DA:201,1
DA:202,1
DA:203,1
DA:206,1
DA:208,1
DA:210,1
DA:211,1
DA:213,1
DA:214,1
DA:215,1
DA:216,1
DA:217,1
DA:220,1
DA:222,1
LF:107
LH:107
BRF:0
BRH:0
end_of_record
TN:
SF:logic\logic-specs\storeInputInDB.spec.js
FN:11,(anonymous_0)
FN:14,(anonymous_1)
FN:16,(anonymous_2)
FN:30,(anonymous_3)
FN:62,(anonymous_4)
FN:86,(anonymous_5)
FN:107,(anonymous_6)
FN:107,(anonymous_7)
FN:109,(anonymous_8)
FN:112,(anonymous_9)
FN:113,(anonymous_10)
FN:114,(anonymous_11)
FN:115,(anonymous_12)
FN:116,(anonymous_13)
FN:119,(anonymous_14)
FN:119,(anonymous_15)
FN:121,(anonymous_16)
FN:121,(anonymous_17)
FN:123,(anonymous_18)
FN:127,(anonymous_19)
FN:128,(anonymous_20)
FN:129,(anonymous_21)
FN:130,(anonymous_22)
FN:131,(anonymous_23)
FN:134,(anonymous_24)
FN:134,(anonymous_25)
FN:136,(anonymous_26)
FN:140,(anonymous_27)
FN:141,(anonymous_28)
FN:142,(anonymous_29)
FN:143,(anonymous_30)
FN:144,(anonymous_31)
FN:147,(anonymous_32)
FN:151,(anonymous_33)
FN:152,(anonymous_34)
FN:153,(anonymous_35)
FN:154,(anonymous_36)
FN:155,(anonymous_37)
FN:156,(anonymous_38)
FN:157,(anonymous_39)
FN:158,(anonymous_40)
FN:161,(anonymous_41)
FN:165,(anonymous_42)
FN:166,(anonymous_43)
FN:167,(anonymous_44)
FN:168,(anonymous_45)
FN:169,(anonymous_46)
FN:170,(anonymous_47)
FN:171,(anonymous_48)
FN:172,(anonymous_49)
FN:175,(anonymous_50)
FNF:51
FNH:51
FNDA:1,(anonymous_0)
FNDA:1,(anonymous_1)
FNDA:12,(anonymous_2)
FNDA:1,(anonymous_3)
FNDA:1,(anonymous_4)
FNDA:1,(anonymous_5)
FNDA:1,(anonymous_6)
FNDA:1,(anonymous_7)
FNDA:1,(anonymous_8)
FNDA:1,(anonymous_9)
FNDA:1,(anonymous_10)
FNDA:1,(anonymous_11)
FNDA:1,(anonymous_12)
FNDA:1,(anonymous_13)
FNDA:1,(anonymous_14)
FNDA:1,(anonymous_15)
FNDA:1,(anonymous_16)
FNDA:1,(anonymous_17)
FNDA:1,(anonymous_18)
FNDA:1,(anonymous_19)
FNDA:1,(anonymous_20)
FNDA:1,(anonymous_21)
FNDA:1,(anonymous_22)
FNDA:1,(anonymous_23)
FNDA:1,(anonymous_24)
FNDA:1,(anonymous_25)
FNDA:1,(anonymous_26)
FNDA:1,(anonymous_27)
FNDA:1,(anonymous_28)
FNDA:1,(anonymous_29)
FNDA:1,(anonymous_30)
FNDA:1,(anonymous_31)
FNDA:1,(anonymous_32)
FNDA:1,(anonymous_33)
FNDA:1,(anonymous_34)
FNDA:1,(anonymous_35)
FNDA:1,(anonymous_36)
FNDA:1,(anonymous_37)
FNDA:1,(anonymous_38)
FNDA:1,(anonymous_39)
FNDA:1,(anonymous_40)
FNDA:1,(anonymous_41)
FNDA:1,(anonymous_42)
FNDA:1,(anonymous_43)
FNDA:1,(anonymous_44)
FNDA:1,(anonymous_45)
FNDA:1,(anonymous_46)
FNDA:1,(anonymous_47)
FNDA:1,(anonymous_48)
FNDA:1,(anonymous_49)
FNDA:1,(anonymous_50)
DA:1,1
DA:3,1
DA:4,1
DA:5,1
DA:6,1
DA:7,1
DA:8,1
DA:9,1
DA:11,1
DA:14,1
DA:16,1
DA:17,12
DA:18,12
DA:20,12
DA:21,12
DA:22,12
DA:24,12
DA:30,1
DA:31,1
DA:32,1
DA:33,1
DA:35,1
DA:37,1
DA:39,1
DA:40,1
DA:42,1
DA:44,1
DA:46,1
DA:48,1
DA:49,1
DA:50,1
DA:51,1
DA:52,1
DA:53,1
DA:62,1
DA:63,1
DA:64,1
DA:65,1
DA:67,1
DA:69,1
DA:71,1
DA:72,1
DA:74,1
DA:76,1
DA:78,1
DA:81,1
DA:82,1
DA:86,1
DA:87,1
DA:88,1
DA:89,1
DA:91,1
DA:93,1
DA:95,1
DA:97,1
DA:99,1
DA:102,1
DA:103,1
DA:107,1
DA:109,1
DA:110,1
DA:112,1
DA:113,1
DA:114,1
DA:115,1
DA:116,1
DA:119,1
DA:121,1
DA:123,1
DA:124,1
DA:125,1
DA:127,1
DA:128,1
DA:129,1
DA:130,1
DA:131,1
DA:134,1
DA:136,1
DA:137,1
DA:138,1
DA:140,1
DA:141,1
DA:142,1
DA:143,1
DA:144,1
DA:147,1
DA:148,1
DA:149,1
DA:151,1
DA:152,1
DA:153,1
DA:154,1
DA:155,1
DA:156,1
DA:157,1
DA:158,1
DA:161,1
DA:162,1
DA:163,1
DA:165,1
DA:166,1
DA:167,1
DA:168,1
DA:169,1
DA:170,1
DA:171,1
DA:172,1
DA:175,1
LF:108
LH:108
BRF:0
BRH:0
end_of_record
TN:
SF:logic\logic-specs\toggleCheckSuggestion.spec.js
FN:11,(anonymous_0)
FN:14,(anonymous_1)
FN:16,(anonymous_2)
FN:29,(anonymous_3)
FN:64,(anonymous_4)
FN:99,(anonymous_5)
FN:130,(anonymous_6)
FN:158,(anonymous_7)
FN:158,(anonymous_8)
FN:160,(anonymous_9)
FN:163,(anonymous_10)
FN:164,(anonymous_11)
FN:165,(anonymous_12)
FN:166,(anonymous_13)
FN:167,(anonymous_14)
FN:170,(anonymous_15)
FN:170,(anonymous_16)
FN:172,(anonymous_17)
FN:172,(anonymous_18)
FN:174,(anonymous_19)
FN:177,(anonymous_20)
FN:178,(anonymous_21)
FN:179,(anonymous_22)
FN:180,(anonymous_23)
FN:181,(anonymous_24)
FN:184,(anonymous_25)
FN:184,(anonymous_26)
FN:187,(anonymous_27)
FNF:28
FNH:28
FNDA:1,(anonymous_0)
FNDA:1,(anonymous_1)
FNDA:10,(anonymous_2)
FNDA:1,(anonymous_3)
FNDA:1,(anonymous_4)
FNDA:1,(anonymous_5)
FNDA:1,(anonymous_6)
FNDA:1,(anonymous_7)
FNDA:1,(anonymous_8)
FNDA:1,(anonymous_9)
FNDA:1,(anonymous_10)
FNDA:1,(anonymous_11)
FNDA:1,(anonymous_12)
FNDA:1,(anonymous_13)
FNDA:1,(anonymous_14)
FNDA:1,(anonymous_15)
FNDA:1,(anonymous_16)
FNDA:1,(anonymous_17)
FNDA:1,(anonymous_18)
FNDA:1,(anonymous_19)
FNDA:1,(anonymous_20)
FNDA:1,(anonymous_21)
FNDA:1,(anonymous_22)
FNDA:1,(anonymous_23)
FNDA:1,(anonymous_24)
FNDA:1,(anonymous_25)
FNDA:1,(anonymous_26)
FNDA:1,(anonymous_27)
DA:1,1
DA:3,1
DA:4,1
DA:5,1
DA:6,1
DA:7,1
DA:8,1
DA:9,1
DA:11,1
DA:14,1
DA:16,1
DA:17,10
DA:18,10
DA:20,10
DA:21,10
DA:23,10
DA:29,1
DA:30,1
DA:31,1
DA:32,1
DA:34,1
DA:35,1
DA:37,1
DA:39,1
DA:40,1
DA:42,1
DA:43,1
DA:45,1
DA:47,1
DA:48,1
DA:50,1
DA:52,1
DA:54,1
DA:55,1
DA:56,1
DA:57,1
DA:64,1
DA:65,1
DA:66,1
DA:67,1
DA:69,1
DA:70,1
DA:72,1
DA:74,1
DA:75,1
DA:77,1
DA:78,1
DA:80,1
DA:82,1
DA:83,1
DA:85,1
DA:87,1
DA:89,1
DA:90,1
DA:91,1
DA:92,1
DA:99,1
DA:100,1
DA:101,1
DA:102,1
DA:104,1
DA:105,1
DA:107,1
DA:109,1
DA:110,1
DA:112,1
DA:113,1
DA:115,1
DA:117,1
DA:118,1
DA:120,1
DA:122,1
DA:125,1
DA:126,1
DA:130,1
DA:131,1
DA:132,1
DA:133,1
DA:135,1
DA:136,1
DA:138,1
DA:140,1
DA:141,1
DA:143,1
DA:144,1
DA:146,1
DA:148,1
DA:150,1
DA:153,1
DA:154,1
DA:158,1
DA:160,1
DA:161,1
DA:163,1
DA:164,1
DA:165,1
DA:166,1
DA:167,1
DA:170,1
DA:172,1
DA:174,1
DA:175,1
DA:177,1
DA:178,1
DA:179,1
DA:180,1
DA:181,1
DA:184,1
DA:187,1
LF:109
LH:109
BRF:0
BRH:0
end_of_record
TN:
SF:logic\logic-specs\toggleLikePost.spec.js
FN:11,(anonymous_0)
FN:14,(anonymous_1)
FN:16,(anonymous_2)
FN:29,(anonymous_3)
FN:57,(anonymous_4)
FN:87,(anonymous_5)
FN:110,(anonymous_6)
FN:130,(anonymous_7)
FN:130,(anonymous_8)
FN:132,(anonymous_9)
FN:135,(anonymous_10)
FN:136,(anonymous_11)
FN:137,(anonymous_12)
FN:138,(anonymous_13)
FN:139,(anonymous_14)
FN:142,(anonymous_15)
FN:142,(anonymous_16)
FN:144,(anonymous_17)
FN:144,(anonymous_18)
FN:146,(anonymous_19)
FN:149,(anonymous_20)
FN:150,(anonymous_21)
FN:151,(anonymous_22)
FN:152,(anonymous_23)
FN:153,(anonymous_24)
FN:156,(anonymous_25)
FN:156,(anonymous_26)
FN:159,(anonymous_27)
FNF:28
FNH:28
FNDA:1,(anonymous_0)
FNDA:1,(anonymous_1)
FNDA:10,(anonymous_2)
FNDA:1,(anonymous_3)
FNDA:1,(anonymous_4)
FNDA:1,(anonymous_5)
FNDA:1,(anonymous_6)
FNDA:1,(anonymous_7)
FNDA:1,(anonymous_8)
FNDA:1,(anonymous_9)
FNDA:1,(anonymous_10)
FNDA:1,(anonymous_11)
FNDA:1,(anonymous_12)
FNDA:1,(anonymous_13)
FNDA:1,(anonymous_14)
FNDA:1,(anonymous_15)
FNDA:1,(anonymous_16)
FNDA:1,(anonymous_17)
FNDA:1,(anonymous_18)
FNDA:1,(anonymous_19)
FNDA:1,(anonymous_20)
FNDA:1,(anonymous_21)
FNDA:1,(anonymous_22)
FNDA:1,(anonymous_23)
FNDA:1,(anonymous_24)
FNDA:1,(anonymous_25)
FNDA:1,(anonymous_26)
FNDA:1,(anonymous_27)
DA:1,1
DA:3,1
DA:4,1
DA:5,1
DA:6,1
DA:7,1
DA:8,1
DA:9,1
DA:11,1
DA:14,1
DA:16,1
DA:17,10
DA:18,10
DA:20,10
DA:21,10
DA:23,10
DA:29,1
DA:30,1
DA:31,1
DA:32,1
DA:34,1
DA:35,1
DA:37,1
DA:39,1
DA:40,1
DA:42,1
DA:44,1
DA:46,1
DA:47,1
DA:48,1
DA:49,1
DA:50,1
DA:57,1
DA:58,1
DA:59,1
DA:60,1
DA:62,1
DA:63,1
DA:65,1
DA:67,1
DA:68,1
DA:70,1
DA:71,1
DA:73,1
DA:75,1
DA:77,1
DA:78,1
DA:79,1
DA:80,1
DA:87,1
DA:88,1
DA:89,1
DA:90,1
DA:92,1
DA:93,1
DA:95,1
DA:97,1
DA:98,1
DA:100,1
DA:102,1
DA:105,1
DA:106,1
DA:110,1
DA:111,1
DA:112,1
DA:113,1
DA:115,1
DA:116,1
DA:118,1
DA:120,1
DA:122,1
DA:125,1
DA:126,1
DA:130,1
DA:132,1
DA:133,1
DA:135,1
DA:136,1
DA:137,1
DA:138,1
DA:139,1
DA:142,1
DA:144,1
DA:146,1
DA:147,1
DA:149,1
DA:150,1
DA:151,1
DA:152,1
DA:153,1
DA:156,1
DA:159,1
LF:92
LH:92
BRF:0
BRH:0
end_of_record
TN:
SF:logic\logic-specs\toggleSavePost.spec.js
FN:11,(anonymous_0)
FN:14,(anonymous_1)
FN:16,(anonymous_2)
FN:29,(anonymous_3)
FN:57,(anonymous_4)
FN:92,(anonymous_5)
FN:115,(anonymous_6)
FN:135,(anonymous_7)
FN:135,(anonymous_8)
FN:137,(anonymous_9)
FN:140,(anonymous_10)
FN:141,(anonymous_11)
FN:142,(anonymous_12)
FN:143,(anonymous_13)
FN:144,(anonymous_14)
FN:147,(anonymous_15)
FN:147,(anonymous_16)
FN:149,(anonymous_17)
FN:149,(anonymous_18)
FN:151,(anonymous_19)
FN:154,(anonymous_20)
FN:155,(anonymous_21)
FN:156,(anonymous_22)
FN:157,(anonymous_23)
FN:158,(anonymous_24)
FN:161,(anonymous_25)
FN:161,(anonymous_26)
FN:164,(anonymous_27)
FNF:28
FNH:28
FNDA:1,(anonymous_0)
FNDA:1,(anonymous_1)
FNDA:10,(anonymous_2)
FNDA:1,(anonymous_3)
FNDA:1,(anonymous_4)
FNDA:1,(anonymous_5)
FNDA:1,(anonymous_6)
FNDA:1,(anonymous_7)
FNDA:1,(anonymous_8)
FNDA:1,(anonymous_9)
FNDA:1,(anonymous_10)
FNDA:1,(anonymous_11)
FNDA:1,(anonymous_12)
FNDA:1,(anonymous_13)
FNDA:1,(anonymous_14)
FNDA:1,(anonymous_15)
FNDA:1,(anonymous_16)
FNDA:1,(anonymous_17)
FNDA:1,(anonymous_18)
FNDA:1,(anonymous_19)
FNDA:1,(anonymous_20)
FNDA:1,(anonymous_21)
FNDA:1,(anonymous_22)
FNDA:1,(anonymous_23)
FNDA:1,(anonymous_24)
FNDA:1,(anonymous_25)
FNDA:1,(anonymous_26)
FNDA:1,(anonymous_27)
DA:1,1
DA:3,1
DA:4,1
DA:5,1
DA:6,1
DA:7,1
DA:8,1
DA:9,1
DA:11,1
DA:14,1
DA:16,1
DA:17,10
DA:18,10
DA:20,10
DA:21,10
DA:23,10
DA:29,1
DA:30,1
DA:31,1
DA:32,1
DA:34,1
DA:35,1
DA:37,1
DA:39,1
DA:40,1
DA:42,1
DA:44,1
DA:46,1
DA:47,1
DA:48,1
DA:49,1
DA:50,1
DA:57,1
DA:58,1
DA:59,1
DA:60,1
DA:62,1
DA:63,1
DA:65,1
DA:67,1
DA:68,1
DA:70,1
DA:72,1
DA:74,1
DA:75,1
DA:76,1
DA:78,1
DA:80,1
DA:82,1
DA:83,1
DA:84,1
DA:85,1
DA:92,1
DA:93,1
DA:94,1
DA:95,1
DA:97,1
DA:98,1
DA:100,1
DA:102,1
DA:103,1
DA:105,1
DA:107,1
DA:110,1
DA:111,1
DA:115,1
DA:116,1
DA:117,1
DA:118,1
DA:120,1
DA:121,1
DA:123,1
DA:125,1
DA:127,1
DA:130,1
DA:131,1
DA:135,1
DA:137,1
DA:138,1
DA:140,1
DA:141,1
DA:142,1
DA:143,1
DA:144,1
DA:147,1
DA:149,1
DA:151,1
DA:152,1
DA:154,1
DA:155,1
DA:156,1
DA:157,1
DA:158,1
DA:161,1
DA:164,1
LF:95
LH:95
BRF:0
BRH:0
end_of_record
TN:
SF:logic\logic-specs\toggleVisibilityPost.spec.js
FN:11,(anonymous_0)
FN:14,(anonymous_1)
FN:16,(anonymous_2)
FN:29,(anonymous_3)
FN:56,(anonymous_4)
FN:83,(anonymous_5)
FN:106,(anonymous_6)
FN:126,(anonymous_7)
FN:126,(anonymous_8)
FN:128,(anonymous_9)
FN:131,(anonymous_10)
FN:132,(anonymous_11)
FN:133,(anonymous_12)
FN:134,(anonymous_13)
FN:135,(anonymous_14)
FN:138,(anonymous_15)
FN:138,(anonymous_16)
FN:140,(anonymous_17)
FN:140,(anonymous_18)
FN:142,(anonymous_19)
FN:145,(anonymous_20)
FN:146,(anonymous_21)
FN:147,(anonymous_22)
FN:148,(anonymous_23)
FN:149,(anonymous_24)
FN:152,(anonymous_25)
FN:152,(anonymous_26)
FN:155,(anonymous_27)
FNF:28
FNH:28
FNDA:1,(anonymous_0)
FNDA:1,(anonymous_1)
FNDA:10,(anonymous_2)
FNDA:1,(anonymous_3)
FNDA:1,(anonymous_4)
FNDA:1,(anonymous_5)
FNDA:1,(anonymous_6)
FNDA:1,(anonymous_7)
FNDA:1,(anonymous_8)
FNDA:1,(anonymous_9)
FNDA:1,(anonymous_10)
FNDA:1,(anonymous_11)
FNDA:1,(anonymous_12)
FNDA:1,(anonymous_13)
FNDA:1,(anonymous_14)
FNDA:1,(anonymous_15)
FNDA:1,(anonymous_16)
FNDA:1,(anonymous_17)
FNDA:1,(anonymous_18)
FNDA:1,(anonymous_19)
FNDA:1,(anonymous_20)
FNDA:1,(anonymous_21)
FNDA:1,(anonymous_22)
FNDA:1,(anonymous_23)
FNDA:1,(anonymous_24)
FNDA:1,(anonymous_25)
FNDA:1,(anonymous_26)
FNDA:1,(anonymous_27)
DA:1,1
DA:3,1
DA:4,1
DA:5,1
DA:6,1
DA:7,1
DA:8,1
DA:9,1
DA:11,1
DA:14,1
DA:16,1
DA:17,10
DA:18,10
DA:20,10
DA:21,10
DA:23,10
DA:29,1
DA:30,1
DA:31,1
DA:32,1
DA:34,1
DA:35,1
DA:37,1
DA:39,1
DA:40,1
DA:42,1
DA:44,1
DA:46,1
DA:47,1
DA:48,1
DA:49,1
DA:56,1
DA:57,1
DA:58,1
DA:59,1
DA:61,1
DA:62,1
DA:64,1
DA:66,1
DA:67,1
DA:69,1
DA:71,1
DA:73,1
DA:74,1
DA:75,1
DA:76,1
DA:83,1
DA:84,1
DA:85,1
DA:86,1
DA:88,1
DA:89,1
DA:91,1
DA:93,1
DA:94,1
DA:96,1
DA:98,1
DA:101,1
DA:102,1
DA:106,1
DA:107,1
DA:108,1
DA:109,1
DA:111,1
DA:112,1
DA:114,1
DA:116,1
DA:118,1
DA:121,1
DA:122,1
DA:126,1
DA:128,1
DA:129,1
DA:131,1
DA:132,1
DA:133,1
DA:134,1
DA:135,1
DA:138,1
DA:140,1
DA:142,1
DA:143,1
DA:145,1
DA:146,1
DA:147,1
DA:148,1
DA:149,1
DA:152,1
DA:155,1
LF:89
LH:89
BRF:0
BRH:0
end_of_record
TN:
SF:logic\logic-specs\updatePost.spec.js
FN:12,(anonymous_0)
FN:15,(anonymous_1)
FN:17,(anonymous_2)
FN:30,(anonymous_3)
FN:60,(anonymous_4)
FN:86,(anonymous_5)
FN:109,(anonymous_6)
FN:141,(anonymous_7)
FN:141,(anonymous_8)
FN:143,(anonymous_9)
FN:148,(anonymous_10)
FN:149,(anonymous_11)
FN:150,(anonymous_12)
FN:151,(anonymous_13)
FN:152,(anonymous_14)
FN:155,(anonymous_15)
FN:155,(anonymous_16)
FN:157,(anonymous_17)
FN:157,(anonymous_18)
FN:159,(anonymous_19)
FN:164,(anonymous_20)
FN:165,(anonymous_21)
FN:166,(anonymous_22)
FN:167,(anonymous_23)
FN:168,(anonymous_24)
FN:171,(anonymous_25)
FN:171,(anonymous_26)
FN:173,(anonymous_27)
FN:173,(anonymous_28)
FN:175,(anonymous_29)
FN:180,(anonymous_30)
FN:181,(anonymous_31)
FN:182,(anonymous_32)
FN:183,(anonymous_33)
FN:184,(anonymous_34)
FN:187,(anonymous_35)
FN:187,(anonymous_36)
FN:189,(anonymous_37)
FN:189,(anonymous_38)
FN:191,(anonymous_39)
FN:196,(anonymous_40)
FN:197,(anonymous_41)
FN:198,(anonymous_42)
FN:199,(anonymous_43)
FN:200,(anonymous_44)
FN:203,(anonymous_45)
FNF:46
FNH:46
FNDA:1,(anonymous_0)
FNDA:1,(anonymous_1)
FNDA:15,(anonymous_2)
FNDA:1,(anonymous_3)
FNDA:1,(anonymous_4)
FNDA:1,(anonymous_5)
FNDA:1,(anonymous_6)
FNDA:1,(anonymous_7)
FNDA:1,(anonymous_8)
FNDA:1,(anonymous_9)
FNDA:1,(anonymous_10)
FNDA:1,(anonymous_11)
FNDA:1,(anonymous_12)
FNDA:1,(anonymous_13)
FNDA:1,(anonymous_14)
FNDA:1,(anonymous_15)
FNDA:1,(anonymous_16)
FNDA:1,(anonymous_17)
FNDA:1,(anonymous_18)
FNDA:1,(anonymous_19)
FNDA:1,(anonymous_20)
FNDA:1,(anonymous_21)
FNDA:1,(anonymous_22)
FNDA:1,(anonymous_23)
FNDA:1,(anonymous_24)
FNDA:1,(anonymous_25)
FNDA:1,(anonymous_26)
FNDA:1,(anonymous_27)
FNDA:1,(anonymous_28)
FNDA:1,(anonymous_29)
FNDA:1,(anonymous_30)
FNDA:1,(anonymous_31)
FNDA:1,(anonymous_32)
FNDA:1,(anonymous_33)
FNDA:1,(anonymous_34)
FNDA:1,(anonymous_35)
FNDA:1,(anonymous_36)
FNDA:1,(anonymous_37)
FNDA:1,(anonymous_38)
FNDA:1,(anonymous_39)
FNDA:1,(anonymous_40)
FNDA:1,(anonymous_41)
FNDA:1,(anonymous_42)
FNDA:1,(anonymous_43)
FNDA:1,(anonymous_44)
FNDA:1,(anonymous_45)
DA:1,1
DA:3,1
DA:4,1
DA:5,1
DA:6,1
DA:7,1
DA:8,1
DA:9,1
DA:10,1
DA:12,1
DA:15,1
DA:17,1
DA:18,15
DA:19,15
DA:21,15
DA:22,15
DA:24,15
DA:30,1
DA:31,1
DA:32,1
DA:33,1
DA:35,1
DA:36,1
DA:38,1
DA:40,1
DA:41,1
DA:43,1
DA:44,1
DA:46,1
DA:48,1
DA:50,1
DA:51,1
DA:52,1
DA:53,1
DA:60,1
DA:61,1
DA:62,1
DA:63,1
DA:65,1
DA:66,1
DA:68,1
DA:70,1
DA:71,1
DA:73,1
DA:74,1
DA:76,1
DA:78,1
DA:81,1
DA:82,1
DA:86,1
DA:87,1
DA:88,1
DA:89,1
DA:91,1
DA:92,1
DA:94,1
DA:96,1
DA:97,1
DA:99,1
DA:101,1
DA:104,1
DA:105,1
DA:109,1
DA:110,1
DA:111,1
DA:112,1
DA:114,1
DA:115,1
DA:117,1
DA:119,1
DA:120,1
DA:122,1
DA:123,1
DA:125,1
DA:127,1
DA:128,1
DA:130,1
DA:131,1
DA:133,1
DA:136,1
DA:137,1
DA:141,1
DA:143,1
DA:144,1
DA:145,1
DA:146,1
DA:148,1
DA:149,1
DA:150,1
DA:151,1
DA:152,1
DA:155,1
DA:157,1
DA:159,1
DA:160,1
DA:161,1
DA:162,1
DA:164,1
DA:165,1
DA:166,1
DA:167,1
DA:168,1
DA:171,1
DA:173,1
DA:175,1
DA:176,1
DA:177,1
DA:178,1
DA:180,1
DA:181,1
DA:182,1
DA:183,1
DA:184,1
DA:187,1
DA:189,1
DA:191,1
DA:192,1
DA:193,1
DA:194,1
DA:196,1
DA:197,1
DA:198,1
DA:199,1
DA:200,1
DA:203,1
LF:125
LH:125
BRF:0
BRH:0
end_of_record
TN:
SF:logic\logic-specs\updateSuggestion.spec.js
FN:11,(anonymous_0)
FN:14,(anonymous_1)
FN:16,(anonymous_2)
FN:29,(anonymous_3)
FN:64,(anonymous_4)
FN:95,(anonymous_5)
FN:125,(anonymous_6)
FN:125,(anonymous_7)
FN:127,(anonymous_8)
FN:132,(anonymous_9)
FN:133,(anonymous_10)
FN:134,(anonymous_11)
FN:135,(anonymous_12)
FN:136,(anonymous_13)
FN:139,(anonymous_14)
FN:139,(anonymous_15)
FN:141,(anonymous_16)
FN:141,(anonymous_17)
FN:143,(anonymous_18)
FN:148,(anonymous_19)
FN:149,(anonymous_20)
FN:150,(anonymous_21)
FN:151,(anonymous_22)
FN:152,(anonymous_23)
FN:155,(anonymous_24)
FN:155,(anonymous_25)
FN:157,(anonymous_26)
FN:157,(anonymous_27)
FN:159,(anonymous_28)
FN:164,(anonymous_29)
FN:165,(anonymous_30)
FN:166,(anonymous_31)
FN:167,(anonymous_32)
FN:168,(anonymous_33)
FN:171,(anonymous_34)
FN:171,(anonymous_35)
FN:173,(anonymous_36)
FN:173,(anonymous_37)
FN:175,(anonymous_38)
FN:180,(anonymous_39)
FN:181,(anonymous_40)
FN:182,(anonymous_41)
FN:183,(anonymous_42)
FN:184,(anonymous_43)
FN:187,(anonymous_44)
FN:187,(anonymous_45)
FN:189,(anonymous_46)
FN:189,(anonymous_47)
FN:192,(anonymous_48)
FNF:49
FNH:49
FNDA:1,(anonymous_0)
FNDA:1,(anonymous_1)
FNDA:16,(anonymous_2)
FNDA:1,(anonymous_3)
FNDA:1,(anonymous_4)
FNDA:1,(anonymous_5)
FNDA:1,(anonymous_6)
FNDA:1,(anonymous_7)
FNDA:1,(anonymous_8)
FNDA:1,(anonymous_9)
FNDA:1,(anonymous_10)
FNDA:1,(anonymous_11)
FNDA:1,(anonymous_12)
FNDA:1,(anonymous_13)
FNDA:1,(anonymous_14)
FNDA:1,(anonymous_15)
FNDA:1,(anonymous_16)
FNDA:1,(anonymous_17)
FNDA:1,(anonymous_18)
FNDA:1,(anonymous_19)
FNDA:1,(anonymous_20)
FNDA:1,(anonymous_21)
FNDA:1,(anonymous_22)
FNDA:1,(anonymous_23)
FNDA:1,(anonymous_24)
FNDA:1,(anonymous_25)
FNDA:1,(anonymous_26)
FNDA:1,(anonymous_27)
FNDA:1,(anonymous_28)
FNDA:1,(anonymous_29)
FNDA:1,(anonymous_30)
FNDA:1,(anonymous_31)
FNDA:1,(anonymous_32)
FNDA:1,(anonymous_33)
FNDA:1,(anonymous_34)
FNDA:1,(anonymous_35)
FNDA:1,(anonymous_36)
FNDA:1,(anonymous_37)
FNDA:1,(anonymous_38)
FNDA:1,(anonymous_39)
FNDA:1,(anonymous_40)
FNDA:1,(anonymous_41)
FNDA:1,(anonymous_42)
FNDA:1,(anonymous_43)
FNDA:1,(anonymous_44)
FNDA:1,(anonymous_45)
FNDA:1,(anonymous_46)
FNDA:1,(anonymous_47)
FNDA:1,(anonymous_48)
DA:1,1
DA:3,1
DA:4,1
DA:5,1
DA:6,1
DA:7,1
DA:8,1
DA:9,1
DA:11,1
DA:14,1
DA:16,1
DA:17,16
DA:18,16
DA:20,16
DA:21,16
DA:23,16
DA:29,1
DA:30,1
DA:31,1
DA:32,1
DA:34,1
DA:35,1
DA:37,1
DA:39,1
DA:40,1
DA:42,1
DA:44,1
DA:45,1
DA:47,1
DA:48,1
DA:50,1
DA:52,1
DA:54,1
DA:55,1
DA:56,1
DA:57,1
DA:64,1
DA:65,1
DA:66,1
DA:67,1
DA:69,1
DA:70,1
DA:72,1
DA:74,1
DA:75,1
DA:77,1
DA:79,1
DA:80,1
DA:82,1
DA:83,1
DA:85,1
DA:87,1
DA:90,1
DA:91,1
DA:95,1
DA:96,1
DA:97,1
DA:98,1
DA:100,1
DA:101,1
DA:103,1
DA:105,1
DA:106,1
DA:108,1
DA:110,1
DA:112,1
DA:113,1
DA:115,1
DA:117,1
DA:120,1
DA:121,1
DA:125,1
DA:127,1
DA:128,1
DA:129,1
DA:130,1
DA:132,1
DA:133,1
DA:134,1
DA:135,1
DA:136,1
DA:139,1
DA:141,1
DA:143,1
DA:144,1
DA:145,1
DA:146,1
DA:148,1
DA:149,1
DA:150,1
DA:151,1
DA:152,1
DA:155,1
DA:157,1
DA:159,1
DA:160,1
DA:161,1
DA:162,1
DA:164,1
DA:165,1
DA:166,1
DA:167,1
DA:168,1
DA:171,1
DA:173,1
DA:175,1
DA:176,1
DA:177,1
DA:178,1
DA:180,1
DA:181,1
DA:182,1
DA:183,1
DA:184,1
DA:187,1
DA:189,1
DA:192,1
LF:117
LH:117
BRF:0
BRH:0
end_of_record
TN:
SF:logic\logic-specs\updateUserAvatar.spec.js
FN:11,(anonymous_0)
FN:14,(anonymous_1)
FN:16,(anonymous_2)
FN:32,(anonymous_3)
FN:52,(anonymous_4)
FN:66,(anonymous_5)
FN:86,(anonymous_6)
FN:103,(anonymous_7)
FN:103,(anonymous_8)
FN:105,(anonymous_9)
FN:109,(anonymous_10)
FN:110,(anonymous_11)
FN:111,(anonymous_12)
FN:112,(anonymous_13)
FN:113,(anonymous_14)
FN:116,(anonymous_15)
FN:116,(anonymous_16)
FN:118,(anonymous_17)
FN:118,(anonymous_18)
FN:120,(anonymous_19)
FN:124,(anonymous_20)
FN:125,(anonymous_21)
FN:126,(anonymous_22)
FN:127,(anonymous_23)
FN:128,(anonymous_24)
FN:131,(anonymous_25)
FN:131,(anonymous_26)
FN:133,(anonymous_27)
FN:133,(anonymous_28)
FN:135,(anonymous_29)
FN:139,(anonymous_30)
FN:140,(anonymous_31)
FN:141,(anonymous_32)
FN:142,(anonymous_33)
FN:143,(anonymous_34)
FN:147,(anonymous_35)
FNF:36
FNH:36
FNDA:1,(anonymous_0)
FNDA:1,(anonymous_1)
FNDA:12,(anonymous_2)
FNDA:1,(anonymous_3)
FNDA:1,(anonymous_4)
FNDA:1,(anonymous_5)
FNDA:1,(anonymous_6)
FNDA:1,(anonymous_7)
FNDA:1,(anonymous_8)
FNDA:1,(anonymous_9)
FNDA:1,(anonymous_10)
FNDA:1,(anonymous_11)
FNDA:1,(anonymous_12)
FNDA:1,(anonymous_13)
FNDA:1,(anonymous_14)
FNDA:1,(anonymous_15)
FNDA:1,(anonymous_16)
FNDA:1,(anonymous_17)
FNDA:1,(anonymous_18)
FNDA:1,(anonymous_19)
FNDA:1,(anonymous_20)
FNDA:1,(anonymous_21)
FNDA:1,(anonymous_22)
FNDA:1,(anonymous_23)
FNDA:1,(anonymous_24)
FNDA:1,(anonymous_25)
FNDA:1,(anonymous_26)
FNDA:1,(anonymous_27)
FNDA:1,(anonymous_28)
FNDA:1,(anonymous_29)
FNDA:1,(anonymous_30)
FNDA:1,(anonymous_31)
FNDA:1,(anonymous_32)
FNDA:1,(anonymous_33)
FNDA:1,(anonymous_34)
FNDA:1,(anonymous_35)
DA:1,1
DA:3,1
DA:4,1
DA:5,1
DA:6,1
DA:7,1
DA:8,1
DA:9,1
DA:11,1
DA:14,1
DA:16,1
DA:17,12
DA:18,12
DA:20,12
DA:21,12
DA:22,12
DA:24,12
DA:26,12
DA:32,1
DA:33,1
DA:34,1
DA:35,1
DA:37,1
DA:39,1
DA:41,1
DA:43,1
DA:44,1
DA:45,1
DA:52,1
DA:53,1
DA:54,1
DA:56,1
DA:58,1
DA:61,1
DA:62,1
DA:66,1
DA:67,1
DA:68,1
DA:69,1
DA:71,1
DA:73,1
DA:78,1
DA:81,1
DA:82,1
DA:86,1
DA:87,1
DA:88,1
DA:89,1
DA:91,1
DA:93,1
DA:95,1
DA:98,1
DA:99,1
DA:103,1
DA:105,1
DA:106,1
DA:107,1
DA:109,1
DA:110,1
DA:111,1
DA:112,1
DA:113,1
DA:116,1
DA:118,1
DA:120,1
DA:121,1
DA:122,1
DA:124,1
DA:125,1
DA:126,1
DA:127,1
DA:128,1
DA:131,1
DA:133,1
DA:135,1
DA:136,1
DA:137,1
DA:139,1
DA:140,1
DA:141,1
DA:142,1
DA:143,1
DA:147,1
LF:83
LH:83
BRF:0
BRH:0
end_of_record
TN:
SF:logic\logic-specs\updateUserPassword.spec.js
FN:11,(anonymous_0)
FN:14,(anonymous_1)
FN:16,(anonymous_2)
FN:30,(anonymous_3)
FN:58,(anonymous_4)
FN:72,(anonymous_5)
FN:95,(anonymous_6)
FN:118,(anonymous_7)
FN:138,(anonymous_8)
FN:138,(anonymous_9)
FN:140,(anonymous_10)
FN:144,(anonymous_11)
FN:145,(anonymous_12)
FN:146,(anonymous_13)
FN:147,(anonymous_14)
FN:148,(anonymous_15)
FN:151,(anonymous_16)
FN:151,(anonymous_17)
FN:153,(anonymous_18)
FN:153,(anonymous_19)
FN:155,(anonymous_20)
FN:159,(anonymous_21)
FN:160,(anonymous_22)
FN:161,(anonymous_23)
FN:162,(anonymous_24)
FN:163,(anonymous_25)
FN:166,(anonymous_26)
FN:166,(anonymous_27)
FN:168,(anonymous_28)
FN:172,(anonymous_29)
FN:173,(anonymous_30)
FN:174,(anonymous_31)
FN:175,(anonymous_32)
FN:176,(anonymous_33)
FN:179,(anonymous_34)
FN:179,(anonymous_35)
FN:181,(anonymous_36)
FN:185,(anonymous_37)
FN:186,(anonymous_38)
FN:187,(anonymous_39)
FN:188,(anonymous_40)
FN:189,(anonymous_41)
FN:192,(anonymous_42)
FNF:43
FNH:43
FNDA:1,(anonymous_0)
FNDA:1,(anonymous_1)
FNDA:14,(anonymous_2)
FNDA:1,(anonymous_3)
FNDA:1,(anonymous_4)
FNDA:1,(anonymous_5)
FNDA:1,(anonymous_6)
FNDA:1,(anonymous_7)
FNDA:1,(anonymous_8)
FNDA:1,(anonymous_9)
FNDA:1,(anonymous_10)
FNDA:1,(anonymous_11)
FNDA:1,(anonymous_12)
FNDA:1,(anonymous_13)
FNDA:1,(anonymous_14)
FNDA:1,(anonymous_15)
FNDA:1,(anonymous_16)
FNDA:1,(anonymous_17)
FNDA:1,(anonymous_18)
FNDA:1,(anonymous_19)
FNDA:1,(anonymous_20)
FNDA:1,(anonymous_21)
FNDA:1,(anonymous_22)
FNDA:1,(anonymous_23)
FNDA:1,(anonymous_24)
FNDA:1,(anonymous_25)
FNDA:1,(anonymous_26)
FNDA:1,(anonymous_27)
FNDA:1,(anonymous_28)
FNDA:1,(anonymous_29)
FNDA:1,(anonymous_30)
FNDA:1,(anonymous_31)
FNDA:1,(anonymous_32)
FNDA:1,(anonymous_33)
FNDA:1,(anonymous_34)
FNDA:1,(anonymous_35)
FNDA:1,(anonymous_36)
FNDA:1,(anonymous_37)
FNDA:1,(anonymous_38)
FNDA:1,(anonymous_39)
FNDA:1,(anonymous_40)
FNDA:1,(anonymous_41)
FNDA:1,(anonymous_42)
DA:1,1
DA:3,1
DA:4,1
DA:5,1
DA:6,1
DA:7,1
DA:8,1
DA:9,1
DA:11,1
DA:14,1
DA:16,1
DA:17,14
DA:18,14
DA:20,14
DA:21,14
DA:22,14
DA:24,14
DA:30,1
DA:31,1
DA:32,1
DA:33,1
DA:35,1
DA:37,1
DA:39,1
DA:41,1
DA:43,1
DA:45,1
DA:47,1
DA:49,1
DA:50,1
DA:51,1
DA:58,1
DA:59,1
DA:60,1
DA:62,1
DA:64,1
DA:67,1
DA:68,1
DA:72,1
DA:73,1
DA:74,1
DA:75,1
DA:77,1
DA:79,1
DA:84,1
DA:85,1
DA:87,1
DA:90,1
DA:91,1
DA:95,1
DA:96,1
DA:97,1
DA:98,1
DA:100,1
DA:102,1
DA:107,1
DA:108,1
DA:110,1
DA:113,1
DA:114,1
DA:118,1
DA:119,1
DA:120,1
DA:121,1
DA:123,1
DA:125,1
DA:130,1
DA:133,1
DA:134,1
DA:138,1
DA:140,1
DA:141,1
DA:142,1
DA:144,1
DA:145,1
DA:146,1
DA:147,1
DA:148,1
DA:151,1
DA:153,1
DA:155,1
DA:156,1
DA:157,1
DA:159,1
DA:160,1
DA:161,1
DA:162,1
DA:163,1
DA:166,1
DA:168,1
DA:169,1
DA:170,1
DA:172,1
DA:173,1
DA:174,1
DA:175,1
DA:176,1
DA:179,1
DA:181,1
DA:182,1
DA:183,1
DA:185,1
DA:186,1
DA:187,1
DA:188,1
DA:189,1
DA:192,1
LF:107
LH:107
BRF:0
BRH:0
end_of_record
