TN:
SF:logic\authenticateUser.js
FN:4,authenticateUser
FN:9,(anonymous_1)
FN:18,(anonymous_2)
FNF:3
FNH:3
FNDA:3,authenticateUser
FNDA:3,(anonymous_1)
FNDA:3,(anonymous_2)
DA:1,1
DA:2,1
DA:4,1
DA:5,3
DA:6,3
DA:7,3
DA:9,3
DA:10,3
DA:11,0
DA:13,0
DA:16,3
DA:18,3
DA:20,3
DA:21,1
DA:23,1
DA:26,2
DA:27,1
DA:29,1
DA:32,1
LF:19
LH:17
BRDA:10,0,0,0
BRDA:10,0,1,3
BRDA:20,1,0,1
BRDA:20,1,1,2
BRDA:26,2,0,1
BRDA:26,2,1,1
BRF:6
BRH:5
end_of_record
TN:
SF:logic\authenticateUser.spec.js
FN:6,(anonymous_0)
FN:15,(anonymous_1)
FN:15,(anonymous_2)
FN:17,(anonymous_3)
FN:18,(anonymous_4)
FN:21,(anonymous_5)
FN:24,(anonymous_6)
FN:34,(anonymous_7)
FN:37,(anonymous_8)
FN:45,(anonymous_9)
FN:47,(anonymous_10)
FN:55,(anonymous_11)
FN:55,(anonymous_12)
FNF:13
FNH:13
FNDA:1,(anonymous_0)
FNDA:3,(anonymous_1)
FNDA:3,(anonymous_2)
FNDA:1,(anonymous_3)
FNDA:1,(anonymous_4)
FNDA:1,(anonymous_5)
FNDA:1,(anonymous_6)
FNDA:1,(anonymous_7)
FNDA:1,(anonymous_8)
FNDA:1,(anonymous_9)
FNDA:1,(anonymous_10)
FNDA:1,(anonymous_11)
FNDA:1,(anonymous_12)
DA:1,1
DA:2,1
DA:3,1
DA:4,1
DA:6,1
DA:7,1
DA:8,1
DA:9,1
DA:10,1
DA:12,1
DA:13,1
DA:15,3
DA:17,1
DA:18,1
DA:19,1
DA:21,1
DA:22,1
DA:23,1
DA:24,1
DA:26,1
DA:27,1
DA:29,1
DA:34,1
DA:35,1
DA:37,1
DA:38,1
DA:39,1
DA:41,1
DA:45,1
DA:46,1
DA:47,1
DA:48,1
DA:49,1
DA:51,1
DA:55,1
LF:35
LH:35
BRF:0
BRH:0
end_of_record
TN:
SF:logic\registerUser.js
FN:4,registerUser
FN:10,(anonymous_1)
FN:19,(anonymous_2)
FN:54,(anonymous_3)
FNF:4
FNH:4
FNDA:4,registerUser
FNDA:4,(anonymous_1)
FNDA:1,(anonymous_2)
FNDA:1,(anonymous_3)
DA:1,1
DA:2,1
DA:4,1
DA:5,4
DA:6,4
DA:7,4
DA:8,4
DA:10,4
DA:11,4
DA:12,0
DA:14,0
DA:17,4
DA:19,4
DA:21,4
DA:22,1
DA:24,1
DA:27,3
DA:29,3
DA:30,3
DA:32,3
DA:33,1
DA:34,1
DA:36,2
DA:37,1
DA:38,1
DA:41,1
DA:50,1
DA:52,1
DA:54,1
DA:55,1
DA:56,0
DA:58,0
DA:61,1
LF:33
LH:29
BRDA:11,0,0,0
BRDA:11,0,1,4
BRDA:21,1,0,1
BRDA:21,1,1,3
BRDA:30,2,0,0
BRDA:30,2,1,3
BRDA:32,3,0,1
BRDA:32,3,1,2
BRDA:36,4,0,1
BRDA:36,4,1,1
BRDA:55,5,0,0
BRDA:55,5,1,1
BRF:12
BRH:9
end_of_record
TN:
SF:logic\registerUser.spec.js
FN:5,(anonymous_0)
FN:6,(anonymous_1)
FN:6,(anonymous_2)
FN:8,(anonymous_3)
FN:14,(anonymous_4)
FN:17,(anonymous_5)
FN:21,(anonymous_6)
FN:36,(anonymous_7)
FN:45,(anonymous_8)
FN:48,(anonymous_9)
FN:57,(anonymous_10)
FN:63,(anonymous_11)
FN:71,(anonymous_12)
FN:77,(anonymous_13)
FN:85,(anonymous_14)
FN:85,(anonymous_15)
FNF:16
FNH:16
FNDA:1,(anonymous_0)
FNDA:4,(anonymous_1)
FNDA:4,(anonymous_2)
FNDA:1,(anonymous_3)
FNDA:1,(anonymous_4)
FNDA:1,(anonymous_5)
FNDA:1,(anonymous_6)
FNDA:1,(anonymous_7)
FNDA:1,(anonymous_8)
FNDA:1,(anonymous_9)
FNDA:1,(anonymous_10)
FNDA:1,(anonymous_11)
FNDA:1,(anonymous_12)
FNDA:1,(anonymous_13)
FNDA:1,(anonymous_14)
FNDA:1,(anonymous_15)
DA:1,1
DA:2,1
DA:3,1
DA:5,1
DA:6,4
DA:8,1
DA:9,1
DA:10,1
DA:11,1
DA:12,1
DA:14,1
DA:15,1
DA:17,1
DA:18,1
DA:20,1
DA:21,1
DA:23,1
DA:24,1
DA:25,1
DA:26,1
DA:27,1
DA:28,1
DA:29,1
DA:31,1
DA:36,1
DA:37,1
DA:38,1
DA:39,1
DA:40,1
DA:42,1
DA:43,1
DA:45,1
DA:46,1
DA:48,1
DA:49,1
DA:50,1
DA:52,1
DA:57,1
DA:58,1
DA:59,1
DA:60,1
DA:61,1
DA:63,1
DA:64,1
DA:65,1
DA:67,1
DA:71,1
DA:72,1
DA:73,1
DA:74,1
DA:75,1
DA:77,1
DA:78,1
DA:79,1
DA:81,1
DA:85,1
LF:56
LH:56
BRF:0
BRH:0
end_of_record
TN:
SF:logic\retrieveUser.js
FN:4,retrieveUser
FN:8,(anonymous_1)
FN:17,(anonymous_2)
FNF:3
FNH:3
FNDA:2,retrieveUser
FNDA:2,(anonymous_1)
FNDA:2,(anonymous_2)
DA:1,1
DA:2,1
DA:4,1
DA:5,2
DA:6,2
DA:8,2
DA:9,2
DA:10,0
DA:12,0
DA:15,2
DA:17,2
DA:19,2
DA:20,1
DA:22,1
DA:25,1
DA:31,1
LF:16
LH:14
BRDA:9,0,0,0
BRDA:9,0,1,2
BRDA:19,1,0,1
BRDA:19,1,1,1
BRF:4
BRH:3
end_of_record
TN:
SF:logic\retrieveUser.spec.js
FN:5,(anonymous_0)
FN:14,(anonymous_1)
FN:14,(anonymous_2)
FN:16,(anonymous_3)
FN:17,(anonymous_4)
FN:28,(anonymous_5)
FN:29,(anonymous_6)
FNF:7
FNH:7
FNDA:1,(anonymous_0)
FNDA:2,(anonymous_1)
FNDA:2,(anonymous_2)
FNDA:1,(anonymous_3)
FNDA:1,(anonymous_4)
FNDA:1,(anonymous_5)
FNDA:1,(anonymous_6)
DA:1,1
DA:2,1
DA:3,1
DA:5,1
DA:6,1
DA:7,1
DA:8,1
DA:9,1
DA:11,1
DA:12,1
DA:14,2
DA:16,1
DA:17,1
DA:18,1
DA:20,1
DA:21,1
DA:22,1
DA:24,1
DA:28,1
DA:29,1
DA:30,1
DA:31,1
DA:33,1
LF:23
LH:23
BRF:0
BRH:0
end_of_record
TN:
SF:logic\updateUserAvatar.js
FN:4,updateUserAvatar
FN:10,(anonymous_1)
FN:19,(anonymous_2)
FN:40,(anonymous_3)
FN:46,(anonymous_4)
FNF:5
FNH:5
FNDA:4,updateUserAvatar
FNDA:4,(anonymous_1)
FNDA:4,(anonymous_2)
FNDA:1,(anonymous_3)
FNDA:1,(anonymous_4)
DA:1,1
DA:2,1
DA:4,1
DA:5,4
DA:6,4
DA:7,4
DA:8,4
DA:10,4
DA:11,4
DA:12,0
DA:14,0
DA:17,4
DA:19,4
DA:21,4
DA:22,1
DA:24,1
DA:27,3
DA:28,1
DA:30,1
DA:33,2
DA:34,1
DA:36,1
DA:39,1
DA:40,1
DA:42,1
DA:44,1
DA:46,1
DA:47,1
DA:48,0
DA:50,0
DA:53,1
LF:31
LH:27
BRDA:11,0,0,0
BRDA:11,0,1,4
BRDA:21,1,0,1
BRDA:21,1,1,3
BRDA:27,2,0,1
BRDA:27,2,1,2
BRDA:33,3,0,1
BRDA:33,3,1,1
BRDA:47,4,0,0
BRDA:47,4,1,1
BRF:10
BRH:8
end_of_record
TN:
SF:logic\updateUserAvatar.spec.js
FN:5,(anonymous_0)
FN:14,(anonymous_1)
FN:14,(anonymous_2)
FN:16,(anonymous_3)
FN:17,(anonymous_4)
FN:20,(anonymous_5)
FN:24,(anonymous_6)
FN:33,(anonymous_7)
FN:34,(anonymous_8)
FN:42,(anonymous_9)
FN:43,(anonymous_10)
FN:51,(anonymous_11)
FN:52,(anonymous_12)
FN:60,(anonymous_13)
FN:60,(anonymous_14)
FNF:15
FNH:15
FNDA:1,(anonymous_0)
FNDA:4,(anonymous_1)
FNDA:4,(anonymous_2)
FNDA:1,(anonymous_3)
FNDA:1,(anonymous_4)
FNDA:1,(anonymous_5)
FNDA:1,(anonymous_6)
FNDA:1,(anonymous_7)
FNDA:1,(anonymous_8)
FNDA:1,(anonymous_9)
FNDA:1,(anonymous_10)
FNDA:1,(anonymous_11)
FNDA:1,(anonymous_12)
FNDA:1,(anonymous_13)
FNDA:1,(anonymous_14)
DA:1,1
DA:2,1
DA:3,1
DA:5,1
DA:6,1
DA:7,1
DA:8,1
DA:9,1
DA:11,1
DA:12,1
DA:14,4
DA:16,1
DA:17,1
DA:18,1
DA:20,1
DA:21,1
DA:23,1
DA:24,1
DA:26,1
DA:30,1
DA:33,1
DA:34,1
DA:35,1
DA:36,1
DA:39,1
DA:42,1
DA:43,1
DA:44,1
DA:45,1
DA:48,1
DA:51,1
DA:52,1
DA:53,1
DA:54,1
DA:57,1
DA:60,1
LF:36
LH:36
BRF:0
BRH:0
end_of_record
TN:
SF:logic\updateUserPassword.js
FN:4,updateUserAvatar
FN:11,(anonymous_1)
FN:20,(anonymous_2)
FN:54,(anonymous_3)
FN:60,(anonymous_4)
FNF:5
FNH:5
FNDA:6,updateUserAvatar
FNDA:6,(anonymous_1)
FNDA:6,(anonymous_2)
FNDA:1,(anonymous_3)
FNDA:1,(anonymous_4)
DA:1,1
DA:2,1
DA:4,1
DA:5,6
DA:6,6
DA:7,6
DA:8,6
DA:9,6
DA:11,6
DA:12,6
DA:13,0
DA:15,0
DA:18,6
DA:20,6
DA:22,6
DA:23,1
DA:25,1
DA:28,5
DA:29,1
DA:31,1
DA:34,4
DA:35,1
DA:37,1
DA:40,3
DA:41,1
DA:43,1
DA:46,2
DA:47,1
DA:49,1
DA:52,1
DA:54,1
DA:56,1
DA:58,1
DA:60,1
DA:61,1
DA:62,0
DA:64,0
DA:67,1
LF:38
LH:34
BRDA:12,0,0,0
BRDA:12,0,1,6
BRDA:22,1,0,1
BRDA:22,1,1,5
BRDA:28,2,0,1
BRDA:28,2,1,4
BRDA:34,3,0,1
BRDA:34,3,1,3
BRDA:40,4,0,1
BRDA:40,4,1,2
BRDA:46,5,0,1
BRDA:46,5,1,1
BRDA:61,6,0,0
BRDA:61,6,1,1
BRF:14
BRH:12
end_of_record
TN:
SF:logic\updateUserPassword.spec.js
FN:5,(anonymous_0)
FN:13,(anonymous_1)
FN:13,(anonymous_2)
FN:15,(anonymous_3)
FN:16,(anonymous_4)
FN:19,(anonymous_5)
FN:23,(anonymous_6)
FN:32,(anonymous_7)
FN:33,(anonymous_8)
FN:41,(anonymous_9)
FN:42,(anonymous_10)
FN:50,(anonymous_11)
FN:51,(anonymous_12)
FN:59,(anonymous_13)
FN:60,(anonymous_14)
FN:68,(anonymous_15)
FN:69,(anonymous_16)
FN:77,(anonymous_17)
FN:77,(anonymous_18)
FNF:19
FNH:19
FNDA:1,(anonymous_0)
FNDA:6,(anonymous_1)
FNDA:6,(anonymous_2)
FNDA:1,(anonymous_3)
FNDA:1,(anonymous_4)
FNDA:1,(anonymous_5)
FNDA:1,(anonymous_6)
FNDA:1,(anonymous_7)
FNDA:1,(anonymous_8)
FNDA:1,(anonymous_9)
FNDA:1,(anonymous_10)
FNDA:1,(anonymous_11)
FNDA:1,(anonymous_12)
FNDA:1,(anonymous_13)
FNDA:1,(anonymous_14)
FNDA:1,(anonymous_15)
FNDA:1,(anonymous_16)
FNDA:1,(anonymous_17)
FNDA:1,(anonymous_18)
DA:1,1
DA:2,1
DA:3,1
DA:5,1
DA:6,1
DA:7,1
DA:8,1
DA:10,1
DA:11,1
DA:13,6
DA:15,1
DA:16,1
DA:17,1
DA:19,1
DA:20,1
DA:22,1
DA:23,1
DA:25,1
DA:27,1
DA:32,1
DA:33,1
DA:34,1
DA:35,1
DA:37,1
DA:41,1
DA:42,1
DA:43,1
DA:44,1
DA:46,1
DA:50,1
DA:51,1
DA:52,1
DA:53,1
DA:55,1
DA:59,1
DA:60,1
DA:61,1
DA:62,1
DA:64,1
DA:68,1
DA:69,1
DA:70,1
DA:71,1
DA:73,1
DA:77,1
LF:45
LH:45
BRF:0
BRH:0
end_of_record
